[0.414s] DEBUG:colcon:Command line arguments: ['/usr/bin/colcon', 'build', '--packages-select', 'comp_topic_rclcpp']
[0.415s] DEBUG:colcon:Parsed command line arguments: Namespace(log_base=None, log_level=None, verb_name='build', build_base='build', install_base='install', merge_install=False, symlink_install=False, test_result_base=None, continue_on_error=False, executor='parallel', parallel_workers=2, event_handlers=None, ignore_user_meta=False, metas=['./colcon.meta'], base_paths=['.'], packages_ignore=None, packages_ignore_regex=None, paths=None, packages_up_to=None, packages_up_to_regex=None, packages_above=None, packages_above_and_dependencies=None, packages_above_depth=None, packages_select_by_dep=None, packages_skip_by_dep=None, packages_skip_up_to=None, packages_select_build_failed=False, packages_skip_build_finished=False, packages_select_test_failures=False, packages_skip_test_passed=False, packages_select=['comp_topic_rclcpp'], packages_skip=None, packages_select_regex=None, packages_skip_regex=None, packages_start=None, packages_end=None, allow_overriding=[], cmake_args=None, cmake_target=None, cmake_target_skip_unavailable=False, cmake_clean_cache=False, cmake_clean_first=False, cmake_force_configure=False, ament_cmake_args=None, catkin_cmake_args=None, catkin_skip_building_tests=False, mixin_files=None, mixin=None, verb_parser=<colcon_mixin.mixin.mixin_argument.MixinArgumentDecorator object at 0x73dc4cfad330>, verb_extension=<colcon_core.verb.build.BuildVerb object at 0x73dc4cfac910>, main=<bound method BuildVerb.main of <colcon_core.verb.build.BuildVerb object at 0x73dc4cfac910>>, mixin_verb=('build',))
[1.660s] Level 1:colcon.colcon_core.package_discovery:discover_packages(colcon_meta) check parameters
[1.660s] Level 1:colcon.colcon_core.package_discovery:discover_packages(recursive) check parameters
[1.661s] Level 1:colcon.colcon_core.package_discovery:discover_packages(ignore) check parameters
[1.661s] Level 1:colcon.colcon_core.package_discovery:discover_packages(path) check parameters
[1.663s] Level 1:colcon.colcon_core.package_discovery:discover_packages(colcon_meta) discover
[1.663s] Level 1:colcon.colcon_core.package_discovery:discover_packages(recursive) discover
[1.664s] INFO:colcon.colcon_core.package_discovery:Crawling recursively for packages in '/home/ros/ros2proj/ComP_demo/ComP_demo_ws'
[1.664s] Level 1:colcon.colcon_core.package_identification:_identify(.) by extensions ['ignore', 'ignore_ament_install']
[1.664s] Level 1:colcon.colcon_core.package_identification:_identify(.) by extension 'ignore'
[1.665s] Level 1:colcon.colcon_core.package_identification:_identify(.) by extension 'ignore_ament_install'
[1.665s] Level 1:colcon.colcon_core.package_identification:_identify(.) by extensions ['colcon_pkg']
[1.665s] Level 1:colcon.colcon_core.package_identification:_identify(.) by extension 'colcon_pkg'
[1.665s] Level 1:colcon.colcon_core.package_identification:_identify(.) by extensions ['colcon_meta']
[1.665s] Level 1:colcon.colcon_core.package_identification:_identify(.) by extension 'colcon_meta'
[1.665s] Level 1:colcon.colcon_core.package_identification:_identify(.) by extensions ['ros']
[1.666s] Level 1:colcon.colcon_core.package_identification:_identify(.) by extension 'ros'
[1.730s] Level 1:colcon.colcon_core.package_identification:_identify(.) by extensions ['cmake', 'python']
[1.730s] Level 1:colcon.colcon_core.package_identification:_identify(.) by extension 'cmake'
[1.731s] Level 1:colcon.colcon_core.package_identification:_identify(.) by extension 'python'
[1.731s] Level 1:colcon.colcon_core.package_identification:_identify(.) by extensions ['python_setup_py']
[1.731s] Level 1:colcon.colcon_core.package_identification:_identify(.) by extension 'python_setup_py'
[1.731s] Level 1:colcon.colcon_core.package_identification:_identify(build) by extensions ['ignore', 'ignore_ament_install']
[1.732s] Level 1:colcon.colcon_core.package_identification:_identify(build) by extension 'ignore'
[1.732s] Level 1:colcon.colcon_core.package_identification:_identify(build) ignored
[1.732s] Level 1:colcon.colcon_core.package_identification:_identify(install) by extensions ['ignore', 'ignore_ament_install']
[1.734s] Level 1:colcon.colcon_core.package_identification:_identify(install) by extension 'ignore'
[1.734s] Level 1:colcon.colcon_core.package_identification:_identify(install) ignored
[1.735s] Level 1:colcon.colcon_core.package_identification:_identify(log) by extensions ['ignore', 'ignore_ament_install']
[1.735s] Level 1:colcon.colcon_core.package_identification:_identify(log) by extension 'ignore'
[1.735s] Level 1:colcon.colcon_core.package_identification:_identify(log) ignored
[1.735s] Level 1:colcon.colcon_core.package_identification:_identify(src) by extensions ['ignore', 'ignore_ament_install']
[1.736s] Level 1:colcon.colcon_core.package_identification:_identify(src) by extension 'ignore'
[1.736s] Level 1:colcon.colcon_core.package_identification:_identify(src) by extension 'ignore_ament_install'
[1.736s] Level 1:colcon.colcon_core.package_identification:_identify(src) by extensions ['colcon_pkg']
[1.736s] Level 1:colcon.colcon_core.package_identification:_identify(src) by extension 'colcon_pkg'
[1.736s] Level 1:colcon.colcon_core.package_identification:_identify(src) by extensions ['colcon_meta']
[1.737s] Level 1:colcon.colcon_core.package_identification:_identify(src) by extension 'colcon_meta'
[1.737s] Level 1:colcon.colcon_core.package_identification:_identify(src) by extensions ['ros']
[1.738s] Level 1:colcon.colcon_core.package_identification:_identify(src) by extension 'ros'
[1.738s] Level 1:colcon.colcon_core.package_identification:_identify(src) by extensions ['cmake', 'python']
[1.738s] Level 1:colcon.colcon_core.package_identification:_identify(src) by extension 'cmake'
[1.738s] Level 1:colcon.colcon_core.package_identification:_identify(src) by extension 'python'
[1.738s] Level 1:colcon.colcon_core.package_identification:_identify(src) by extensions ['python_setup_py']
[1.739s] Level 1:colcon.colcon_core.package_identification:_identify(src) by extension 'python_setup_py'
[1.739s] Level 1:colcon.colcon_core.package_identification:_identify(src/comp_topic_rclcpp) by extensions ['ignore', 'ignore_ament_install']
[1.739s] Level 1:colcon.colcon_core.package_identification:_identify(src/comp_topic_rclcpp) by extension 'ignore'
[1.739s] Level 1:colcon.colcon_core.package_identification:_identify(src/comp_topic_rclcpp) by extension 'ignore_ament_install'
[1.740s] Level 1:colcon.colcon_core.package_identification:_identify(src/comp_topic_rclcpp) by extensions ['colcon_pkg']
[1.740s] Level 1:colcon.colcon_core.package_identification:_identify(src/comp_topic_rclcpp) by extension 'colcon_pkg'
[1.740s] Level 1:colcon.colcon_core.package_identification:_identify(src/comp_topic_rclcpp) by extensions ['colcon_meta']
[1.741s] Level 1:colcon.colcon_core.package_identification:_identify(src/comp_topic_rclcpp) by extension 'colcon_meta'
[1.741s] Level 1:colcon.colcon_core.package_identification:_identify(src/comp_topic_rclcpp) by extensions ['ros']
[1.742s] Level 1:colcon.colcon_core.package_identification:_identify(src/comp_topic_rclcpp) by extension 'ros'
[1.759s] DEBUG:colcon.colcon_core.package_identification:Package 'src/comp_topic_rclcpp' with type 'ros.ament_cmake' and name 'comp_topic_rclcpp'
[1.760s] Level 1:colcon.colcon_core.package_discovery:discover_packages(recursive) using defaults
[1.760s] Level 1:colcon.colcon_core.package_discovery:discover_packages(ignore) discover
[1.760s] Level 1:colcon.colcon_core.package_discovery:discover_packages(ignore) using defaults
[1.760s] Level 1:colcon.colcon_core.package_discovery:discover_packages(path) discover
[1.760s] Level 1:colcon.colcon_core.package_discovery:discover_packages(path) using defaults
[1.895s] Level 1:colcon.colcon_core.package_discovery:discover_packages(prefix_path) check parameters
[1.896s] Level 1:colcon.colcon_core.package_discovery:discover_packages(prefix_path) discover
[1.920s] DEBUG:colcon.colcon_installed_package_information.package_discovery:Found 270 installed packages in /opt/ros/humble
[1.929s] Level 1:colcon.colcon_core.package_discovery:discover_packages(prefix_path) using defaults
[2.315s] Level 5:colcon.colcon_core.verb:set package 'comp_topic_rclcpp' build argument 'cmake_args' from command line to 'None'
[2.316s] Level 5:colcon.colcon_core.verb:set package 'comp_topic_rclcpp' build argument 'cmake_target' from command line to 'None'
[2.316s] Level 5:colcon.colcon_core.verb:set package 'comp_topic_rclcpp' build argument 'cmake_target_skip_unavailable' from command line to 'False'
[2.316s] Level 5:colcon.colcon_core.verb:set package 'comp_topic_rclcpp' build argument 'cmake_clean_cache' from command line to 'False'
[2.316s] Level 5:colcon.colcon_core.verb:set package 'comp_topic_rclcpp' build argument 'cmake_clean_first' from command line to 'False'
[2.316s] Level 5:colcon.colcon_core.verb:set package 'comp_topic_rclcpp' build argument 'cmake_force_configure' from command line to 'False'
[2.316s] Level 5:colcon.colcon_core.verb:set package 'comp_topic_rclcpp' build argument 'ament_cmake_args' from command line to 'None'
[2.316s] Level 5:colcon.colcon_core.verb:set package 'comp_topic_rclcpp' build argument 'catkin_cmake_args' from command line to 'None'
[2.316s] Level 5:colcon.colcon_core.verb:set package 'comp_topic_rclcpp' build argument 'catkin_skip_building_tests' from command line to 'False'
[2.316s] DEBUG:colcon.colcon_core.verb:Building package 'comp_topic_rclcpp' with the following arguments: {'ament_cmake_args': None, 'build_base': '/home/ros/ros2proj/ComP_demo/ComP_demo_ws/build/comp_topic_rclcpp', 'catkin_cmake_args': None, 'catkin_skip_building_tests': False, 'cmake_args': None, 'cmake_clean_cache': False, 'cmake_clean_first': False, 'cmake_force_configure': False, 'cmake_target': None, 'cmake_target_skip_unavailable': False, 'install_base': '/home/ros/ros2proj/ComP_demo/ComP_demo_ws/install/comp_topic_rclcpp', 'merge_install': False, 'path': '/home/ros/ros2proj/ComP_demo/ComP_demo_ws/src/comp_topic_rclcpp', 'symlink_install': False, 'test_result_base': None}
[2.317s] INFO:colcon.colcon_core.executor:Executing jobs using 'parallel' executor
[2.320s] DEBUG:colcon.colcon_parallel_executor.executor.parallel:run_until_complete
[2.321s] INFO:colcon.colcon_ros.task.ament_cmake.build:Building ROS package in '/home/ros/ros2proj/ComP_demo/ComP_demo_ws/src/comp_topic_rclcpp' with build type 'ament_cmake'
[2.321s] INFO:colcon.colcon_cmake.task.cmake.build:Building CMake package in '/home/ros/ros2proj/ComP_demo/ComP_demo_ws/src/comp_topic_rclcpp'
[2.340s] INFO:colcon.colcon_core.plugin_system:Skipping extension 'colcon_core.shell.bat': Not used on non-Windows systems
[2.341s] INFO:colcon.colcon_core.shell:Skip shell extension 'powershell' for command environment: Not usable outside of PowerShell
[2.341s] DEBUG:colcon.colcon_core.shell:Skip shell extension 'dsv' for command environment
[2.394s] DEBUG:colcon.colcon_core.event_handler.log_command:Invoking command in '/home/ros/ros2proj/ComP_demo/ComP_demo_ws/build/comp_topic_rclcpp': CMAKE_PREFIX_PATH=/opt/ros/humble /usr/bin/cmake --build /home/ros/ros2proj/ComP_demo/ComP_demo_ws/build/comp_topic_rclcpp -- -j2 -l2
[75.127s] DEBUG:colcon.colcon_core.event_handler.log_command:Invoked command in '/home/ros/ros2proj/ComP_demo/ComP_demo_ws/build/comp_topic_rclcpp' returned '0': CMAKE_PREFIX_PATH=/opt/ros/humble /usr/bin/cmake --build /home/ros/ros2proj/ComP_demo/ComP_demo_ws/build/comp_topic_rclcpp -- -j2 -l2
[75.810s] DEBUG:colcon.colcon_core.event_handler.log_command:Invoking command in '/home/ros/ros2proj/ComP_demo/ComP_demo_ws/build/comp_topic_rclcpp': CMAKE_PREFIX_PATH=/opt/ros/humble /usr/bin/cmake --install /home/ros/ros2proj/ComP_demo/ComP_demo_ws/build/comp_topic_rclcpp
[76.508s] Level 1:colcon.colcon_core.environment:create_environment_scripts_only(comp_topic_rclcpp)
[76.509s] DEBUG:colcon.colcon_core.event_handler.log_command:Invoked command in '/home/ros/ros2proj/ComP_demo/ComP_demo_ws/build/comp_topic_rclcpp' returned '0': CMAKE_PREFIX_PATH=/opt/ros/humble /usr/bin/cmake --install /home/ros/ros2proj/ComP_demo/ComP_demo_ws/build/comp_topic_rclcpp
[76.556s] Level 1:colcon.colcon_core.environment:checking '/home/ros/ros2proj/ComP_demo/ComP_demo_ws/install/comp_topic_rclcpp' for CMake module files
[76.558s] Level 1:colcon.colcon_core.environment:checking '/home/ros/ros2proj/ComP_demo/ComP_demo_ws/install/comp_topic_rclcpp' for CMake config files
[76.563s] Level 1:colcon.colcon_core.shell:create_environment_hook('comp_topic_rclcpp', 'cmake_prefix_path')
[76.564s] INFO:colcon.colcon_core.shell:Creating environment hook '/home/ros/ros2proj/ComP_demo/ComP_demo_ws/install/comp_topic_rclcpp/share/comp_topic_rclcpp/hook/cmake_prefix_path.ps1'
[76.577s] INFO:colcon.colcon_core.shell:Creating environment descriptor '/home/ros/ros2proj/ComP_demo/ComP_demo_ws/install/comp_topic_rclcpp/share/comp_topic_rclcpp/hook/cmake_prefix_path.dsv'
[76.584s] INFO:colcon.colcon_core.shell:Creating environment hook '/home/ros/ros2proj/ComP_demo/ComP_demo_ws/install/comp_topic_rclcpp/share/comp_topic_rclcpp/hook/cmake_prefix_path.sh'
[76.591s] Level 1:colcon.colcon_core.environment:checking '/home/ros/ros2proj/ComP_demo/ComP_demo_ws/install/comp_topic_rclcpp/lib'
[76.591s] Level 1:colcon.colcon_core.shell:create_environment_hook('comp_topic_rclcpp', 'ld_library_path_lib')
[76.592s] INFO:colcon.colcon_core.shell:Creating environment hook '/home/ros/ros2proj/ComP_demo/ComP_demo_ws/install/comp_topic_rclcpp/share/comp_topic_rclcpp/hook/ld_library_path_lib.ps1'
[76.596s] INFO:colcon.colcon_core.shell:Creating environment descriptor '/home/ros/ros2proj/ComP_demo/ComP_demo_ws/install/comp_topic_rclcpp/share/comp_topic_rclcpp/hook/ld_library_path_lib.dsv'
[76.597s] INFO:colcon.colcon_core.shell:Creating environment hook '/home/ros/ros2proj/ComP_demo/ComP_demo_ws/install/comp_topic_rclcpp/share/comp_topic_rclcpp/hook/ld_library_path_lib.sh'
[76.600s] Level 1:colcon.colcon_core.environment:checking '/home/ros/ros2proj/ComP_demo/ComP_demo_ws/install/comp_topic_rclcpp/bin'
[76.600s] Level 1:colcon.colcon_core.environment:checking '/home/ros/ros2proj/ComP_demo/ComP_demo_ws/install/comp_topic_rclcpp/lib/pkgconfig/comp_topic_rclcpp.pc'
[76.601s] Level 1:colcon.colcon_core.environment:checking '/home/ros/ros2proj/ComP_demo/ComP_demo_ws/install/comp_topic_rclcpp/lib/python3.10/site-packages'
[76.603s] Level 1:colcon.colcon_core.environment:checking '/home/ros/ros2proj/ComP_demo/ComP_demo_ws/install/comp_topic_rclcpp/bin'
[76.604s] INFO:colcon.colcon_core.shell:Creating package script '/home/ros/ros2proj/ComP_demo/ComP_demo_ws/install/comp_topic_rclcpp/share/comp_topic_rclcpp/package.ps1'
[76.609s] INFO:colcon.colcon_core.shell:Creating package descriptor '/home/ros/ros2proj/ComP_demo/ComP_demo_ws/install/comp_topic_rclcpp/share/comp_topic_rclcpp/package.dsv'
[76.614s] INFO:colcon.colcon_core.shell:Creating package script '/home/ros/ros2proj/ComP_demo/ComP_demo_ws/install/comp_topic_rclcpp/share/comp_topic_rclcpp/package.sh'
[76.617s] INFO:colcon.colcon_core.shell:Creating package script '/home/ros/ros2proj/ComP_demo/ComP_demo_ws/install/comp_topic_rclcpp/share/comp_topic_rclcpp/package.bash'
[76.622s] INFO:colcon.colcon_core.shell:Creating package script '/home/ros/ros2proj/ComP_demo/ComP_demo_ws/install/comp_topic_rclcpp/share/comp_topic_rclcpp/package.zsh'
[76.635s] Level 1:colcon.colcon_core.environment:create_file_with_runtime_dependencies(/home/ros/ros2proj/ComP_demo/ComP_demo_ws/install/comp_topic_rclcpp/share/colcon-core/packages/comp_topic_rclcpp)
[77.171s] Level 1:colcon.colcon_core.environment:create_environment_scripts_only(comp_topic_rclcpp)
[77.172s] Level 1:colcon.colcon_core.environment:checking '/home/ros/ros2proj/ComP_demo/ComP_demo_ws/install/comp_topic_rclcpp' for CMake module files
[77.175s] Level 1:colcon.colcon_core.environment:checking '/home/ros/ros2proj/ComP_demo/ComP_demo_ws/install/comp_topic_rclcpp' for CMake config files
[77.177s] Level 1:colcon.colcon_core.shell:create_environment_hook('comp_topic_rclcpp', 'cmake_prefix_path')
[77.178s] INFO:colcon.colcon_core.shell:Creating environment hook '/home/ros/ros2proj/ComP_demo/ComP_demo_ws/install/comp_topic_rclcpp/share/comp_topic_rclcpp/hook/cmake_prefix_path.ps1'
[77.180s] INFO:colcon.colcon_core.shell:Creating environment descriptor '/home/ros/ros2proj/ComP_demo/ComP_demo_ws/install/comp_topic_rclcpp/share/comp_topic_rclcpp/hook/cmake_prefix_path.dsv'
[77.182s] INFO:colcon.colcon_core.shell:Creating environment hook '/home/ros/ros2proj/ComP_demo/ComP_demo_ws/install/comp_topic_rclcpp/share/comp_topic_rclcpp/hook/cmake_prefix_path.sh'
[77.184s] Level 1:colcon.colcon_core.environment:checking '/home/ros/ros2proj/ComP_demo/ComP_demo_ws/install/comp_topic_rclcpp/lib'
[77.184s] Level 1:colcon.colcon_core.shell:create_environment_hook('comp_topic_rclcpp', 'ld_library_path_lib')
[77.185s] INFO:colcon.colcon_core.shell:Creating environment hook '/home/ros/ros2proj/ComP_demo/ComP_demo_ws/install/comp_topic_rclcpp/share/comp_topic_rclcpp/hook/ld_library_path_lib.ps1'
[77.188s] INFO:colcon.colcon_core.shell:Creating environment descriptor '/home/ros/ros2proj/ComP_demo/ComP_demo_ws/install/comp_topic_rclcpp/share/comp_topic_rclcpp/hook/ld_library_path_lib.dsv'
[77.192s] INFO:colcon.colcon_core.shell:Creating environment hook '/home/ros/ros2proj/ComP_demo/ComP_demo_ws/install/comp_topic_rclcpp/share/comp_topic_rclcpp/hook/ld_library_path_lib.sh'
[77.196s] Level 1:colcon.colcon_core.environment:checking '/home/ros/ros2proj/ComP_demo/ComP_demo_ws/install/comp_topic_rclcpp/bin'
[77.196s] Level 1:colcon.colcon_core.environment:checking '/home/ros/ros2proj/ComP_demo/ComP_demo_ws/install/comp_topic_rclcpp/lib/pkgconfig/comp_topic_rclcpp.pc'
[77.197s] Level 1:colcon.colcon_core.environment:checking '/home/ros/ros2proj/ComP_demo/ComP_demo_ws/install/comp_topic_rclcpp/lib/python3.10/site-packages'
[77.197s] Level 1:colcon.colcon_core.environment:checking '/home/ros/ros2proj/ComP_demo/ComP_demo_ws/install/comp_topic_rclcpp/bin'
[77.199s] INFO:colcon.colcon_core.shell:Creating package script '/home/ros/ros2proj/ComP_demo/ComP_demo_ws/install/comp_topic_rclcpp/share/comp_topic_rclcpp/package.ps1'
[77.202s] INFO:colcon.colcon_core.shell:Creating package descriptor '/home/ros/ros2proj/ComP_demo/ComP_demo_ws/install/comp_topic_rclcpp/share/comp_topic_rclcpp/package.dsv'
[77.206s] INFO:colcon.colcon_core.shell:Creating package script '/home/ros/ros2proj/ComP_demo/ComP_demo_ws/install/comp_topic_rclcpp/share/comp_topic_rclcpp/package.sh'
[77.210s] INFO:colcon.colcon_core.shell:Creating package script '/home/ros/ros2proj/ComP_demo/ComP_demo_ws/install/comp_topic_rclcpp/share/comp_topic_rclcpp/package.bash'
[77.212s] INFO:colcon.colcon_core.shell:Creating package script '/home/ros/ros2proj/ComP_demo/ComP_demo_ws/install/comp_topic_rclcpp/share/comp_topic_rclcpp/package.zsh'
[77.214s] Level 1:colcon.colcon_core.environment:create_file_with_runtime_dependencies(/home/ros/ros2proj/ComP_demo/ComP_demo_ws/install/comp_topic_rclcpp/share/colcon-core/packages/comp_topic_rclcpp)
[77.219s] DEBUG:colcon.colcon_parallel_executor.executor.parallel:closing loop
[77.219s] DEBUG:colcon.colcon_parallel_executor.executor.parallel:loop closed
[77.219s] DEBUG:colcon.colcon_parallel_executor.executor.parallel:run_until_complete finished with '0'
[77.219s] DEBUG:colcon.colcon_core.event_reactor:joining thread
[77.260s] INFO:colcon.colcon_core.plugin_system:Skipping extension 'colcon_notification.desktop_notification.terminal_notifier': Not used on non-Darwin systems
[77.261s] INFO:colcon.colcon_core.plugin_system:Skipping extension 'colcon_notification.desktop_notification.win32': Not used on non-Windows systems
[77.261s] INFO:colcon.colcon_notification.desktop_notification:Sending desktop notification using 'notify2'
[77.564s] DEBUG:colcon.colcon_core.event_reactor:joined thread
[77.565s] INFO:colcon.colcon_core.shell:Creating prefix script '/home/ros/ros2proj/ComP_demo/ComP_demo_ws/install/local_setup.ps1'
[77.574s] INFO:colcon.colcon_core.shell:Creating prefix util module '/home/ros/ros2proj/ComP_demo/ComP_demo_ws/install/_local_setup_util_ps1.py'
[77.576s] INFO:colcon.colcon_core.shell:Creating prefix chain script '/home/ros/ros2proj/ComP_demo/ComP_demo_ws/install/setup.ps1'
[77.579s] INFO:colcon.colcon_core.shell:Creating prefix script '/home/ros/ros2proj/ComP_demo/ComP_demo_ws/install/local_setup.sh'
[77.583s] INFO:colcon.colcon_core.shell:Creating prefix util module '/home/ros/ros2proj/ComP_demo/ComP_demo_ws/install/_local_setup_util_sh.py'
[77.587s] INFO:colcon.colcon_core.shell:Creating prefix chain script '/home/ros/ros2proj/ComP_demo/ComP_demo_ws/install/setup.sh'
[77.593s] INFO:colcon.colcon_core.shell:Creating prefix script '/home/ros/ros2proj/ComP_demo/ComP_demo_ws/install/local_setup.bash'
[77.596s] INFO:colcon.colcon_core.shell:Creating prefix chain script '/home/ros/ros2proj/ComP_demo/ComP_demo_ws/install/setup.bash'
[77.604s] INFO:colcon.colcon_core.shell:Creating prefix script '/home/ros/ros2proj/ComP_demo/ComP_demo_ws/install/local_setup.zsh'
[77.609s] INFO:colcon.colcon_core.shell:Creating prefix chain script '/home/ros/ros2proj/ComP_demo/ComP_demo_ws/install/setup.zsh'
