[  1%] Built target comp_topic_rclcpp__cpp
[ 10%] Built target comp_topic_rclcpp__rosidl_generator_c
[ 10%] Built target ament_cmake_python_copy_comp_topic_rclcpp
[ 13%] Built target CameraTimer
[ 22%] Built target comp_topic_rclcpp__rosidl_typesupport_cpp
[ 32%] Built target comp_topic_rclcpp__rosidl_typesupport_fastrtps_c
[ 41%] Built target comp_topic_rclcpp__rosidl_typesupport_fastrtps_cpp
[ 51%] Built target comp_topic_rclcpp__rosidl_typesupport_introspection_c
[ 60%] Built target comp_topic_rclcpp__rosidl_typesupport_c
[ 70%] Built target comp_topic_rclcpp__rosidl_typesupport_introspection_cpp
running egg_info
writing comp_topic_rclcpp.egg-info/PKG-INFO
writing dependency_links to comp_topic_rclcpp.egg-info/dependency_links.txt
writing top-level names to comp_topic_rclcpp.egg-info/top_level.txt
reading manifest file 'comp_topic_rclcpp.egg-info/SOURCES.txt'
writing manifest file 'comp_topic_rclcpp.egg-info/SOURCES.txt'
[ 70%] Built target ament_cmake_python_build_comp_topic_rclcpp_egg
[35m[1mConsolidate compiler generated dependencies of target Final[0m
[ 71%] [32mBuilding CXX object CMakeFiles/Final.dir/src/Final.cpp.o[0m
[ 72%] [32m[1mLinking CXX executable Final[0m
[ 72%] Built target Final
[35m[1mConsolidate compiler generated dependencies of target Tracker[0m
[ 75%] Built target Tracker
[35m[1mConsolidate compiler generated dependencies of target Lane[0m
[ 79%] Built target Lane
[35m[1mConsolidate compiler generated dependencies of target Yolo[0m
[ 82%] Built target Yolo
[ 82%] Built target comp_topic_rclcpp
[ 83%] Built target comp_topic_rclcpp__py
[35m[1mConsolidate compiler generated dependencies of target comp_topic_rclcpp__rosidl_generator_py[0m
[ 91%] Built target comp_topic_rclcpp__rosidl_generator_py
[35m[1mConsolidate compiler generated dependencies of target comp_topic_rclcpp__rosidl_typesupport_fastrtps_c__pyext[0m
[ 94%] Built target comp_topic_rclcpp__rosidl_typesupport_fastrtps_c__pyext
[35m[1mConsolidate compiler generated dependencies of target comp_topic_rclcpp__rosidl_typesupport_introspection_c__pyext[0m
[ 97%] Built target comp_topic_rclcpp__rosidl_typesupport_introspection_c__pyext
[35m[1mConsolidate compiler generated dependencies of target comp_topic_rclcpp__rosidl_typesupport_c__pyext[0m
[100%] Built target comp_topic_rclcpp__rosidl_typesupport_c__pyext
-- Install configuration: ""
-- Up-to-date: /home/ros/ros2proj/ComP_demo/ComP_demo_ws/install/comp_topic_rclcpp/share/ament_index/resource_index/rosidl_interfaces/comp_topic_rclcpp
-- Up-to-date: /home/ros/ros2proj/ComP_demo/ComP_demo_ws/install/comp_topic_rclcpp/include/comp_topic_rclcpp/comp_topic_rclcpp
-- Up-to-date: /home/ros/ros2proj/ComP_demo/ComP_demo_ws/install/comp_topic_rclcpp/include/comp_topic_rclcpp/comp_topic_rclcpp/msg
-- Up-to-date: /home/ros/ros2proj/ComP_demo/ComP_demo_ws/install/comp_topic_rclcpp/include/comp_topic_rclcpp/comp_topic_rclcpp/msg/point_detect.h
-- Up-to-date: /home/ros/ros2proj/ComP_demo/ComP_demo_ws/install/comp_topic_rclcpp/include/comp_topic_rclcpp/comp_topic_rclcpp/msg/rosidl_generator_c__visibility_control.h
-- Up-to-date: /home/ros/ros2proj/ComP_demo/ComP_demo_ws/install/comp_topic_rclcpp/include/comp_topic_rclcpp/comp_topic_rclcpp/msg/detail
-- Up-to-date: /home/ros/ros2proj/ComP_demo/ComP_demo_ws/install/comp_topic_rclcpp/include/comp_topic_rclcpp/comp_topic_rclcpp/msg/detail/lines_result__struct.h
-- Up-to-date: /home/ros/ros2proj/ComP_demo/ComP_demo_ws/install/comp_topic_rclcpp/include/comp_topic_rclcpp/comp_topic_rclcpp/msg/detail/yolo_piece__functions.c
-- Up-to-date: /home/ros/ros2proj/ComP_demo/ComP_demo_ws/install/comp_topic_rclcpp/include/comp_topic_rclcpp/comp_topic_rclcpp/msg/detail/point_detect__functions.h
-- Up-to-date: /home/ros/ros2proj/ComP_demo/ComP_demo_ws/install/comp_topic_rclcpp/include/comp_topic_rclcpp/comp_topic_rclcpp/msg/detail/lines_result__type_support.h
-- Up-to-date: /home/ros/ros2proj/ComP_demo/ComP_demo_ws/install/comp_topic_rclcpp/include/comp_topic_rclcpp/comp_topic_rclcpp/msg/detail/yolo_piece__struct.h
-- Up-to-date: /home/ros/ros2proj/ComP_demo/ComP_demo_ws/install/comp_topic_rclcpp/include/comp_topic_rclcpp/comp_topic_rclcpp/msg/detail/lines_result__functions.c
-- Up-to-date: /home/ros/ros2proj/ComP_demo/ComP_demo_ws/install/comp_topic_rclcpp/include/comp_topic_rclcpp/comp_topic_rclcpp/msg/detail/yolo_piece__type_support.h
-- Up-to-date: /home/ros/ros2proj/ComP_demo/ComP_demo_ws/install/comp_topic_rclcpp/include/comp_topic_rclcpp/comp_topic_rclcpp/msg/detail/lane_result__functions.h
-- Up-to-date: /home/ros/ros2proj/ComP_demo/ComP_demo_ws/install/comp_topic_rclcpp/include/comp_topic_rclcpp/comp_topic_rclcpp/msg/detail/lines_result__functions.h
-- Up-to-date: /home/ros/ros2proj/ComP_demo/ComP_demo_ws/install/comp_topic_rclcpp/include/comp_topic_rclcpp/comp_topic_rclcpp/msg/detail/point_detect__struct.h
-- Up-to-date: /home/ros/ros2proj/ComP_demo/ComP_demo_ws/install/comp_topic_rclcpp/include/comp_topic_rclcpp/comp_topic_rclcpp/msg/detail/yolo_result__functions.h
-- Up-to-date: /home/ros/ros2proj/ComP_demo/ComP_demo_ws/install/comp_topic_rclcpp/include/comp_topic_rclcpp/comp_topic_rclcpp/msg/detail/yolo_result__functions.c
-- Up-to-date: /home/ros/ros2proj/ComP_demo/ComP_demo_ws/install/comp_topic_rclcpp/include/comp_topic_rclcpp/comp_topic_rclcpp/msg/detail/tracker_result__type_support.h
-- Up-to-date: /home/ros/ros2proj/ComP_demo/ComP_demo_ws/install/comp_topic_rclcpp/include/comp_topic_rclcpp/comp_topic_rclcpp/msg/detail/lane_result__type_support.h
-- Up-to-date: /home/ros/ros2proj/ComP_demo/ComP_demo_ws/install/comp_topic_rclcpp/include/comp_topic_rclcpp/comp_topic_rclcpp/msg/detail/yolo_result__type_support.h
-- Up-to-date: /home/ros/ros2proj/ComP_demo/ComP_demo_ws/install/comp_topic_rclcpp/include/comp_topic_rclcpp/comp_topic_rclcpp/msg/detail/lane_result__functions.c
-- Up-to-date: /home/ros/ros2proj/ComP_demo/ComP_demo_ws/install/comp_topic_rclcpp/include/comp_topic_rclcpp/comp_topic_rclcpp/msg/detail/tracker_result__struct.h
-- Up-to-date: /home/ros/ros2proj/ComP_demo/ComP_demo_ws/install/comp_topic_rclcpp/include/comp_topic_rclcpp/comp_topic_rclcpp/msg/detail/tracker_result__functions.c
-- Up-to-date: /home/ros/ros2proj/ComP_demo/ComP_demo_ws/install/comp_topic_rclcpp/include/comp_topic_rclcpp/comp_topic_rclcpp/msg/detail/tracker_result__functions.h
-- Up-to-date: /home/ros/ros2proj/ComP_demo/ComP_demo_ws/install/comp_topic_rclcpp/include/comp_topic_rclcpp/comp_topic_rclcpp/msg/detail/yolo_piece__functions.h
-- Up-to-date: /home/ros/ros2proj/ComP_demo/ComP_demo_ws/install/comp_topic_rclcpp/include/comp_topic_rclcpp/comp_topic_rclcpp/msg/detail/lane_result__struct.h
-- Up-to-date: /home/ros/ros2proj/ComP_demo/ComP_demo_ws/install/comp_topic_rclcpp/include/comp_topic_rclcpp/comp_topic_rclcpp/msg/detail/point_detect__type_support.h
-- Up-to-date: /home/ros/ros2proj/ComP_demo/ComP_demo_ws/install/comp_topic_rclcpp/include/comp_topic_rclcpp/comp_topic_rclcpp/msg/detail/yolo_result__struct.h
-- Up-to-date: /home/ros/ros2proj/ComP_demo/ComP_demo_ws/install/comp_topic_rclcpp/include/comp_topic_rclcpp/comp_topic_rclcpp/msg/detail/point_detect__functions.c
-- Up-to-date: /home/ros/ros2proj/ComP_demo/ComP_demo_ws/install/comp_topic_rclcpp/include/comp_topic_rclcpp/comp_topic_rclcpp/msg/yolo_result.h
-- Up-to-date: /home/ros/ros2proj/ComP_demo/ComP_demo_ws/install/comp_topic_rclcpp/include/comp_topic_rclcpp/comp_topic_rclcpp/msg/lane_result.h
-- Up-to-date: /home/ros/ros2proj/ComP_demo/ComP_demo_ws/install/comp_topic_rclcpp/include/comp_topic_rclcpp/comp_topic_rclcpp/msg/lines_result.h
-- Up-to-date: /home/ros/ros2proj/ComP_demo/ComP_demo_ws/install/comp_topic_rclcpp/include/comp_topic_rclcpp/comp_topic_rclcpp/msg/yolo_piece.h
-- Up-to-date: /home/ros/ros2proj/ComP_demo/ComP_demo_ws/install/comp_topic_rclcpp/include/comp_topic_rclcpp/comp_topic_rclcpp/msg/tracker_result.h
-- Up-to-date: /home/ros/ros2proj/ComP_demo/ComP_demo_ws/install/comp_topic_rclcpp/share/comp_topic_rclcpp/environment/library_path.sh
-- Up-to-date: /home/ros/ros2proj/ComP_demo/ComP_demo_ws/install/comp_topic_rclcpp/share/comp_topic_rclcpp/environment/library_path.dsv
-- Up-to-date: /home/ros/ros2proj/ComP_demo/ComP_demo_ws/install/comp_topic_rclcpp/lib/libcomp_topic_rclcpp__rosidl_generator_c.so
-- Up-to-date: /home/ros/ros2proj/ComP_demo/ComP_demo_ws/install/comp_topic_rclcpp/include/comp_topic_rclcpp/comp_topic_rclcpp
-- Up-to-date: /home/ros/ros2proj/ComP_demo/ComP_demo_ws/install/comp_topic_rclcpp/include/comp_topic_rclcpp/comp_topic_rclcpp/msg
-- Up-to-date: /home/ros/ros2proj/ComP_demo/ComP_demo_ws/install/comp_topic_rclcpp/include/comp_topic_rclcpp/comp_topic_rclcpp/msg/detail
-- Up-to-date: /home/ros/ros2proj/ComP_demo/ComP_demo_ws/install/comp_topic_rclcpp/include/comp_topic_rclcpp/comp_topic_rclcpp/msg/detail/lane_result__rosidl_typesupport_fastrtps_c.h
-- Up-to-date: /home/ros/ros2proj/ComP_demo/ComP_demo_ws/install/comp_topic_rclcpp/include/comp_topic_rclcpp/comp_topic_rclcpp/msg/detail/lines_result__rosidl_typesupport_fastrtps_c.h
-- Up-to-date: /home/ros/ros2proj/ComP_demo/ComP_demo_ws/install/comp_topic_rclcpp/include/comp_topic_rclcpp/comp_topic_rclcpp/msg/detail/point_detect__rosidl_typesupport_fastrtps_c.h
-- Up-to-date: /home/ros/ros2proj/ComP_demo/ComP_demo_ws/install/comp_topic_rclcpp/include/comp_topic_rclcpp/comp_topic_rclcpp/msg/detail/yolo_result__rosidl_typesupport_fastrtps_c.h
-- Up-to-date: /home/ros/ros2proj/ComP_demo/ComP_demo_ws/install/comp_topic_rclcpp/include/comp_topic_rclcpp/comp_topic_rclcpp/msg/detail/yolo_piece__rosidl_typesupport_fastrtps_c.h
-- Up-to-date: /home/ros/ros2proj/ComP_demo/ComP_demo_ws/install/comp_topic_rclcpp/include/comp_topic_rclcpp/comp_topic_rclcpp/msg/detail/tracker_result__rosidl_typesupport_fastrtps_c.h
-- Up-to-date: /home/ros/ros2proj/ComP_demo/ComP_demo_ws/install/comp_topic_rclcpp/include/comp_topic_rclcpp/comp_topic_rclcpp/msg/rosidl_typesupport_fastrtps_c__visibility_control.h
-- Up-to-date: /home/ros/ros2proj/ComP_demo/ComP_demo_ws/install/comp_topic_rclcpp/lib/libcomp_topic_rclcpp__rosidl_typesupport_fastrtps_c.so
-- Up-to-date: /home/ros/ros2proj/ComP_demo/ComP_demo_ws/install/comp_topic_rclcpp/include/comp_topic_rclcpp/comp_topic_rclcpp
-- Up-to-date: /home/ros/ros2proj/ComP_demo/ComP_demo_ws/install/comp_topic_rclcpp/include/comp_topic_rclcpp/comp_topic_rclcpp/msg
-- Up-to-date: /home/ros/ros2proj/ComP_demo/ComP_demo_ws/install/comp_topic_rclcpp/include/comp_topic_rclcpp/comp_topic_rclcpp/msg/tracker_result.hpp
-- Up-to-date: /home/ros/ros2proj/ComP_demo/ComP_demo_ws/install/comp_topic_rclcpp/include/comp_topic_rclcpp/comp_topic_rclcpp/msg/detail
-- Up-to-date: /home/ros/ros2proj/ComP_demo/ComP_demo_ws/install/comp_topic_rclcpp/include/comp_topic_rclcpp/comp_topic_rclcpp/msg/detail/tracker_result__builder.hpp
-- Up-to-date: /home/ros/ros2proj/ComP_demo/ComP_demo_ws/install/comp_topic_rclcpp/include/comp_topic_rclcpp/comp_topic_rclcpp/msg/detail/yolo_result__struct.hpp
-- Up-to-date: /home/ros/ros2proj/ComP_demo/ComP_demo_ws/install/comp_topic_rclcpp/include/comp_topic_rclcpp/comp_topic_rclcpp/msg/detail/lane_result__traits.hpp
-- Up-to-date: /home/ros/ros2proj/ComP_demo/ComP_demo_ws/install/comp_topic_rclcpp/include/comp_topic_rclcpp/comp_topic_rclcpp/msg/detail/tracker_result__struct.hpp
-- Up-to-date: /home/ros/ros2proj/ComP_demo/ComP_demo_ws/install/comp_topic_rclcpp/include/comp_topic_rclcpp/comp_topic_rclcpp/msg/detail/yolo_result__traits.hpp
-- Up-to-date: /home/ros/ros2proj/ComP_demo/ComP_demo_ws/install/comp_topic_rclcpp/include/comp_topic_rclcpp/comp_topic_rclcpp/msg/detail/point_detect__builder.hpp
-- Up-to-date: /home/ros/ros2proj/ComP_demo/ComP_demo_ws/install/comp_topic_rclcpp/include/comp_topic_rclcpp/comp_topic_rclcpp/msg/detail/point_detect__struct.hpp
-- Up-to-date: /home/ros/ros2proj/ComP_demo/ComP_demo_ws/install/comp_topic_rclcpp/include/comp_topic_rclcpp/comp_topic_rclcpp/msg/detail/lines_result__struct.hpp
-- Up-to-date: /home/ros/ros2proj/ComP_demo/ComP_demo_ws/install/comp_topic_rclcpp/include/comp_topic_rclcpp/comp_topic_rclcpp/msg/detail/tracker_result__traits.hpp
-- Up-to-date: /home/ros/ros2proj/ComP_demo/ComP_demo_ws/install/comp_topic_rclcpp/include/comp_topic_rclcpp/comp_topic_rclcpp/msg/detail/point_detect__traits.hpp
-- Up-to-date: /home/ros/ros2proj/ComP_demo/ComP_demo_ws/install/comp_topic_rclcpp/include/comp_topic_rclcpp/comp_topic_rclcpp/msg/detail/yolo_piece__builder.hpp
-- Up-to-date: /home/ros/ros2proj/ComP_demo/ComP_demo_ws/install/comp_topic_rclcpp/include/comp_topic_rclcpp/comp_topic_rclcpp/msg/detail/lines_result__traits.hpp
-- Up-to-date: /home/ros/ros2proj/ComP_demo/ComP_demo_ws/install/comp_topic_rclcpp/include/comp_topic_rclcpp/comp_topic_rclcpp/msg/detail/yolo_result__builder.hpp
-- Up-to-date: /home/ros/ros2proj/ComP_demo/ComP_demo_ws/install/comp_topic_rclcpp/include/comp_topic_rclcpp/comp_topic_rclcpp/msg/detail/lane_result__struct.hpp
-- Up-to-date: /home/ros/ros2proj/ComP_demo/ComP_demo_ws/install/comp_topic_rclcpp/include/comp_topic_rclcpp/comp_topic_rclcpp/msg/detail/yolo_piece__struct.hpp
-- Up-to-date: /home/ros/ros2proj/ComP_demo/ComP_demo_ws/install/comp_topic_rclcpp/include/comp_topic_rclcpp/comp_topic_rclcpp/msg/detail/lines_result__builder.hpp
-- Up-to-date: /home/ros/ros2proj/ComP_demo/ComP_demo_ws/install/comp_topic_rclcpp/include/comp_topic_rclcpp/comp_topic_rclcpp/msg/detail/yolo_piece__traits.hpp
-- Up-to-date: /home/ros/ros2proj/ComP_demo/ComP_demo_ws/install/comp_topic_rclcpp/include/comp_topic_rclcpp/comp_topic_rclcpp/msg/detail/lane_result__builder.hpp
-- Up-to-date: /home/ros/ros2proj/ComP_demo/ComP_demo_ws/install/comp_topic_rclcpp/include/comp_topic_rclcpp/comp_topic_rclcpp/msg/lines_result.hpp
-- Up-to-date: /home/ros/ros2proj/ComP_demo/ComP_demo_ws/install/comp_topic_rclcpp/include/comp_topic_rclcpp/comp_topic_rclcpp/msg/yolo_result.hpp
-- Up-to-date: /home/ros/ros2proj/ComP_demo/ComP_demo_ws/install/comp_topic_rclcpp/include/comp_topic_rclcpp/comp_topic_rclcpp/msg/yolo_piece.hpp
-- Up-to-date: /home/ros/ros2proj/ComP_demo/ComP_demo_ws/install/comp_topic_rclcpp/include/comp_topic_rclcpp/comp_topic_rclcpp/msg/lane_result.hpp
-- Up-to-date: /home/ros/ros2proj/ComP_demo/ComP_demo_ws/install/comp_topic_rclcpp/include/comp_topic_rclcpp/comp_topic_rclcpp/msg/point_detect.hpp
-- Up-to-date: /home/ros/ros2proj/ComP_demo/ComP_demo_ws/install/comp_topic_rclcpp/include/comp_topic_rclcpp/comp_topic_rclcpp
-- Up-to-date: /home/ros/ros2proj/ComP_demo/ComP_demo_ws/install/comp_topic_rclcpp/include/comp_topic_rclcpp/comp_topic_rclcpp/msg
-- Up-to-date: /home/ros/ros2proj/ComP_demo/ComP_demo_ws/install/comp_topic_rclcpp/include/comp_topic_rclcpp/comp_topic_rclcpp/msg/detail
-- Up-to-date: /home/ros/ros2proj/ComP_demo/ComP_demo_ws/install/comp_topic_rclcpp/include/comp_topic_rclcpp/comp_topic_rclcpp/msg/detail/lines_result__rosidl_typesupport_fastrtps_cpp.hpp
-- Up-to-date: /home/ros/ros2proj/ComP_demo/ComP_demo_ws/install/comp_topic_rclcpp/include/comp_topic_rclcpp/comp_topic_rclcpp/msg/detail/tracker_result__rosidl_typesupport_fastrtps_cpp.hpp
-- Up-to-date: /home/ros/ros2proj/ComP_demo/ComP_demo_ws/install/comp_topic_rclcpp/include/comp_topic_rclcpp/comp_topic_rclcpp/msg/detail/dds_fastrtps
-- Up-to-date: /home/ros/ros2proj/ComP_demo/ComP_demo_ws/install/comp_topic_rclcpp/include/comp_topic_rclcpp/comp_topic_rclcpp/msg/detail/point_detect__rosidl_typesupport_fastrtps_cpp.hpp
-- Up-to-date: /home/ros/ros2proj/ComP_demo/ComP_demo_ws/install/comp_topic_rclcpp/include/comp_topic_rclcpp/comp_topic_rclcpp/msg/detail/yolo_piece__rosidl_typesupport_fastrtps_cpp.hpp
-- Up-to-date: /home/ros/ros2proj/ComP_demo/ComP_demo_ws/install/comp_topic_rclcpp/include/comp_topic_rclcpp/comp_topic_rclcpp/msg/detail/lane_result__rosidl_typesupport_fastrtps_cpp.hpp
-- Up-to-date: /home/ros/ros2proj/ComP_demo/ComP_demo_ws/install/comp_topic_rclcpp/include/comp_topic_rclcpp/comp_topic_rclcpp/msg/detail/yolo_result__rosidl_typesupport_fastrtps_cpp.hpp
-- Up-to-date: /home/ros/ros2proj/ComP_demo/ComP_demo_ws/install/comp_topic_rclcpp/include/comp_topic_rclcpp/comp_topic_rclcpp/msg/rosidl_typesupport_fastrtps_cpp__visibility_control.h
-- Up-to-date: /home/ros/ros2proj/ComP_demo/ComP_demo_ws/install/comp_topic_rclcpp/lib/libcomp_topic_rclcpp__rosidl_typesupport_fastrtps_cpp.so
-- Up-to-date: /home/ros/ros2proj/ComP_demo/ComP_demo_ws/install/comp_topic_rclcpp/include/comp_topic_rclcpp/comp_topic_rclcpp
-- Up-to-date: /home/ros/ros2proj/ComP_demo/ComP_demo_ws/install/comp_topic_rclcpp/include/comp_topic_rclcpp/comp_topic_rclcpp/msg
-- Up-to-date: /home/ros/ros2proj/ComP_demo/ComP_demo_ws/install/comp_topic_rclcpp/include/comp_topic_rclcpp/comp_topic_rclcpp/msg/detail
-- Up-to-date: /home/ros/ros2proj/ComP_demo/ComP_demo_ws/install/comp_topic_rclcpp/include/comp_topic_rclcpp/comp_topic_rclcpp/msg/detail/yolo_piece__type_support.c
-- Up-to-date: /home/ros/ros2proj/ComP_demo/ComP_demo_ws/install/comp_topic_rclcpp/include/comp_topic_rclcpp/comp_topic_rclcpp/msg/detail/lines_result__rosidl_typesupport_introspection_c.h
-- Up-to-date: /home/ros/ros2proj/ComP_demo/ComP_demo_ws/install/comp_topic_rclcpp/include/comp_topic_rclcpp/comp_topic_rclcpp/msg/detail/yolo_piece__rosidl_typesupport_introspection_c.h
-- Up-to-date: /home/ros/ros2proj/ComP_demo/ComP_demo_ws/install/comp_topic_rclcpp/include/comp_topic_rclcpp/comp_topic_rclcpp/msg/detail/tracker_result__rosidl_typesupport_introspection_c.h
-- Up-to-date: /home/ros/ros2proj/ComP_demo/ComP_demo_ws/install/comp_topic_rclcpp/include/comp_topic_rclcpp/comp_topic_rclcpp/msg/detail/point_detect__type_support.c
-- Up-to-date: /home/ros/ros2proj/ComP_demo/ComP_demo_ws/install/comp_topic_rclcpp/include/comp_topic_rclcpp/comp_topic_rclcpp/msg/detail/lane_result__type_support.c
-- Up-to-date: /home/ros/ros2proj/ComP_demo/ComP_demo_ws/install/comp_topic_rclcpp/include/comp_topic_rclcpp/comp_topic_rclcpp/msg/detail/tracker_result__type_support.c
-- Up-to-date: /home/ros/ros2proj/ComP_demo/ComP_demo_ws/install/comp_topic_rclcpp/include/comp_topic_rclcpp/comp_topic_rclcpp/msg/detail/lines_result__type_support.c
-- Up-to-date: /home/ros/ros2proj/ComP_demo/ComP_demo_ws/install/comp_topic_rclcpp/include/comp_topic_rclcpp/comp_topic_rclcpp/msg/detail/point_detect__rosidl_typesupport_introspection_c.h
-- Up-to-date: /home/ros/ros2proj/ComP_demo/ComP_demo_ws/install/comp_topic_rclcpp/include/comp_topic_rclcpp/comp_topic_rclcpp/msg/detail/yolo_result__type_support.c
-- Up-to-date: /home/ros/ros2proj/ComP_demo/ComP_demo_ws/install/comp_topic_rclcpp/include/comp_topic_rclcpp/comp_topic_rclcpp/msg/detail/yolo_result__rosidl_typesupport_introspection_c.h
-- Up-to-date: /home/ros/ros2proj/ComP_demo/ComP_demo_ws/install/comp_topic_rclcpp/include/comp_topic_rclcpp/comp_topic_rclcpp/msg/detail/lane_result__rosidl_typesupport_introspection_c.h
-- Up-to-date: /home/ros/ros2proj/ComP_demo/ComP_demo_ws/install/comp_topic_rclcpp/include/comp_topic_rclcpp/comp_topic_rclcpp/msg/rosidl_typesupport_introspection_c__visibility_control.h
-- Up-to-date: /home/ros/ros2proj/ComP_demo/ComP_demo_ws/install/comp_topic_rclcpp/lib/libcomp_topic_rclcpp__rosidl_typesupport_introspection_c.so
-- Up-to-date: /home/ros/ros2proj/ComP_demo/ComP_demo_ws/install/comp_topic_rclcpp/lib/libcomp_topic_rclcpp__rosidl_typesupport_c.so
-- Up-to-date: /home/ros/ros2proj/ComP_demo/ComP_demo_ws/install/comp_topic_rclcpp/include/comp_topic_rclcpp/comp_topic_rclcpp
-- Up-to-date: /home/ros/ros2proj/ComP_demo/ComP_demo_ws/install/comp_topic_rclcpp/include/comp_topic_rclcpp/comp_topic_rclcpp/msg
-- Up-to-date: /home/ros/ros2proj/ComP_demo/ComP_demo_ws/install/comp_topic_rclcpp/include/comp_topic_rclcpp/comp_topic_rclcpp/msg/detail
-- Up-to-date: /home/ros/ros2proj/ComP_demo/ComP_demo_ws/install/comp_topic_rclcpp/include/comp_topic_rclcpp/comp_topic_rclcpp/msg/detail/lane_result__rosidl_typesupport_introspection_cpp.hpp
-- Up-to-date: /home/ros/ros2proj/ComP_demo/ComP_demo_ws/install/comp_topic_rclcpp/include/comp_topic_rclcpp/comp_topic_rclcpp/msg/detail/yolo_result__type_support.cpp
-- Up-to-date: /home/ros/ros2proj/ComP_demo/ComP_demo_ws/install/comp_topic_rclcpp/include/comp_topic_rclcpp/comp_topic_rclcpp/msg/detail/yolo_result__rosidl_typesupport_introspection_cpp.hpp
-- Up-to-date: /home/ros/ros2proj/ComP_demo/ComP_demo_ws/install/comp_topic_rclcpp/include/comp_topic_rclcpp/comp_topic_rclcpp/msg/detail/yolo_piece__type_support.cpp
-- Up-to-date: /home/ros/ros2proj/ComP_demo/ComP_demo_ws/install/comp_topic_rclcpp/include/comp_topic_rclcpp/comp_topic_rclcpp/msg/detail/point_detect__rosidl_typesupport_introspection_cpp.hpp
-- Up-to-date: /home/ros/ros2proj/ComP_demo/ComP_demo_ws/install/comp_topic_rclcpp/include/comp_topic_rclcpp/comp_topic_rclcpp/msg/detail/yolo_piece__rosidl_typesupport_introspection_cpp.hpp
-- Up-to-date: /home/ros/ros2proj/ComP_demo/ComP_demo_ws/install/comp_topic_rclcpp/include/comp_topic_rclcpp/comp_topic_rclcpp/msg/detail/lines_result__rosidl_typesupport_introspection_cpp.hpp
-- Up-to-date: /home/ros/ros2proj/ComP_demo/ComP_demo_ws/install/comp_topic_rclcpp/include/comp_topic_rclcpp/comp_topic_rclcpp/msg/detail/lane_result__type_support.cpp
-- Up-to-date: /home/ros/ros2proj/ComP_demo/ComP_demo_ws/install/comp_topic_rclcpp/include/comp_topic_rclcpp/comp_topic_rclcpp/msg/detail/tracker_result__rosidl_typesupport_introspection_cpp.hpp
-- Up-to-date: /home/ros/ros2proj/ComP_demo/ComP_demo_ws/install/comp_topic_rclcpp/include/comp_topic_rclcpp/comp_topic_rclcpp/msg/detail/lines_result__type_support.cpp
-- Up-to-date: /home/ros/ros2proj/ComP_demo/ComP_demo_ws/install/comp_topic_rclcpp/include/comp_topic_rclcpp/comp_topic_rclcpp/msg/detail/point_detect__type_support.cpp
-- Up-to-date: /home/ros/ros2proj/ComP_demo/ComP_demo_ws/install/comp_topic_rclcpp/include/comp_topic_rclcpp/comp_topic_rclcpp/msg/detail/tracker_result__type_support.cpp
-- Up-to-date: /home/ros/ros2proj/ComP_demo/ComP_demo_ws/install/comp_topic_rclcpp/lib/libcomp_topic_rclcpp__rosidl_typesupport_introspection_cpp.so
-- Up-to-date: /home/ros/ros2proj/ComP_demo/ComP_demo_ws/install/comp_topic_rclcpp/lib/libcomp_topic_rclcpp__rosidl_typesupport_cpp.so
-- Up-to-date: /home/ros/ros2proj/ComP_demo/ComP_demo_ws/install/comp_topic_rclcpp/share/comp_topic_rclcpp/environment/pythonpath.sh
-- Up-to-date: /home/ros/ros2proj/ComP_demo/ComP_demo_ws/install/comp_topic_rclcpp/share/comp_topic_rclcpp/environment/pythonpath.dsv
-- Up-to-date: /home/ros/ros2proj/ComP_demo/ComP_demo_ws/install/comp_topic_rclcpp/local/lib/python3.10/dist-packages/comp_topic_rclcpp-0.0.0-py3.10.egg-info
-- Installing: /home/ros/ros2proj/ComP_demo/ComP_demo_ws/install/comp_topic_rclcpp/local/lib/python3.10/dist-packages/comp_topic_rclcpp-0.0.0-py3.10.egg-info/PKG-INFO
-- Installing: /home/ros/ros2proj/ComP_demo/ComP_demo_ws/install/comp_topic_rclcpp/local/lib/python3.10/dist-packages/comp_topic_rclcpp-0.0.0-py3.10.egg-info/SOURCES.txt
-- Installing: /home/ros/ros2proj/ComP_demo/ComP_demo_ws/install/comp_topic_rclcpp/local/lib/python3.10/dist-packages/comp_topic_rclcpp-0.0.0-py3.10.egg-info/dependency_links.txt
-- Installing: /home/ros/ros2proj/ComP_demo/ComP_demo_ws/install/comp_topic_rclcpp/local/lib/python3.10/dist-packages/comp_topic_rclcpp-0.0.0-py3.10.egg-info/top_level.txt
-- Up-to-date: /home/ros/ros2proj/ComP_demo/ComP_demo_ws/install/comp_topic_rclcpp/local/lib/python3.10/dist-packages/comp_topic_rclcpp
-- Up-to-date: /home/ros/ros2proj/ComP_demo/ComP_demo_ws/install/comp_topic_rclcpp/local/lib/python3.10/dist-packages/comp_topic_rclcpp/_comp_topic_rclcpp_s.ep.rosidl_typesupport_fastrtps_c.c
-- Up-to-date: /home/ros/ros2proj/ComP_demo/ComP_demo_ws/install/comp_topic_rclcpp/local/lib/python3.10/dist-packages/comp_topic_rclcpp/libcomp_topic_rclcpp__rosidl_generator_py.so
-- Up-to-date: /home/ros/ros2proj/ComP_demo/ComP_demo_ws/install/comp_topic_rclcpp/local/lib/python3.10/dist-packages/comp_topic_rclcpp/comp_topic_rclcpp_s__rosidl_typesupport_c.cpython-310-x86_64-linux-gnu.so
-- Up-to-date: /home/ros/ros2proj/ComP_demo/ComP_demo_ws/install/comp_topic_rclcpp/local/lib/python3.10/dist-packages/comp_topic_rclcpp/__init__.py
-- Up-to-date: /home/ros/ros2proj/ComP_demo/ComP_demo_ws/install/comp_topic_rclcpp/local/lib/python3.10/dist-packages/comp_topic_rclcpp/comp_topic_rclcpp_s__rosidl_typesupport_fastrtps_c.cpython-310-x86_64-linux-gnu.so
-- Up-to-date: /home/ros/ros2proj/ComP_demo/ComP_demo_ws/install/comp_topic_rclcpp/local/lib/python3.10/dist-packages/comp_topic_rclcpp/_comp_topic_rclcpp_s.ep.rosidl_typesupport_c.c
-- Up-to-date: /home/ros/ros2proj/ComP_demo/ComP_demo_ws/install/comp_topic_rclcpp/local/lib/python3.10/dist-packages/comp_topic_rclcpp/msg
-- Up-to-date: /home/ros/ros2proj/ComP_demo/ComP_demo_ws/install/comp_topic_rclcpp/local/lib/python3.10/dist-packages/comp_topic_rclcpp/msg/_yolo_piece_s.c
-- Up-to-date: /home/ros/ros2proj/ComP_demo/ComP_demo_ws/install/comp_topic_rclcpp/local/lib/python3.10/dist-packages/comp_topic_rclcpp/msg/_lines_result_s.c
-- Up-to-date: /home/ros/ros2proj/ComP_demo/ComP_demo_ws/install/comp_topic_rclcpp/local/lib/python3.10/dist-packages/comp_topic_rclcpp/msg/_lines_result.py
-- Up-to-date: /home/ros/ros2proj/ComP_demo/ComP_demo_ws/install/comp_topic_rclcpp/local/lib/python3.10/dist-packages/comp_topic_rclcpp/msg/__init__.py
-- Up-to-date: /home/ros/ros2proj/ComP_demo/ComP_demo_ws/install/comp_topic_rclcpp/local/lib/python3.10/dist-packages/comp_topic_rclcpp/msg/_tracker_result.py
-- Up-to-date: /home/ros/ros2proj/ComP_demo/ComP_demo_ws/install/comp_topic_rclcpp/local/lib/python3.10/dist-packages/comp_topic_rclcpp/msg/_lane_result_s.c
-- Up-to-date: /home/ros/ros2proj/ComP_demo/ComP_demo_ws/install/comp_topic_rclcpp/local/lib/python3.10/dist-packages/comp_topic_rclcpp/msg/_point_detect_s.c
-- Up-to-date: /home/ros/ros2proj/ComP_demo/ComP_demo_ws/install/comp_topic_rclcpp/local/lib/python3.10/dist-packages/comp_topic_rclcpp/msg/_point_detect.py
-- Up-to-date: /home/ros/ros2proj/ComP_demo/ComP_demo_ws/install/comp_topic_rclcpp/local/lib/python3.10/dist-packages/comp_topic_rclcpp/msg/_yolo_piece.py
-- Up-to-date: /home/ros/ros2proj/ComP_demo/ComP_demo_ws/install/comp_topic_rclcpp/local/lib/python3.10/dist-packages/comp_topic_rclcpp/msg/_lane_result.py
-- Up-to-date: /home/ros/ros2proj/ComP_demo/ComP_demo_ws/install/comp_topic_rclcpp/local/lib/python3.10/dist-packages/comp_topic_rclcpp/msg/_tracker_result_s.c
-- Up-to-date: /home/ros/ros2proj/ComP_demo/ComP_demo_ws/install/comp_topic_rclcpp/local/lib/python3.10/dist-packages/comp_topic_rclcpp/msg/_yolo_result_s.c
-- Up-to-date: /home/ros/ros2proj/ComP_demo/ComP_demo_ws/install/comp_topic_rclcpp/local/lib/python3.10/dist-packages/comp_topic_rclcpp/msg/_yolo_result.py
-- Up-to-date: /home/ros/ros2proj/ComP_demo/ComP_demo_ws/install/comp_topic_rclcpp/local/lib/python3.10/dist-packages/comp_topic_rclcpp/_comp_topic_rclcpp_s.ep.rosidl_typesupport_introspection_c.c
-- Up-to-date: /home/ros/ros2proj/ComP_demo/ComP_demo_ws/install/comp_topic_rclcpp/local/lib/python3.10/dist-packages/comp_topic_rclcpp/comp_topic_rclcpp_s__rosidl_typesupport_introspection_c.cpython-310-x86_64-linux-gnu.so
Listing '/home/ros/ros2proj/ComP_demo/ComP_demo_ws/install/comp_topic_rclcpp/local/lib/python3.10/dist-packages/comp_topic_rclcpp'...
Listing '/home/ros/ros2proj/ComP_demo/ComP_demo_ws/install/comp_topic_rclcpp/local/lib/python3.10/dist-packages/comp_topic_rclcpp/msg'...
-- Up-to-date: /home/ros/ros2proj/ComP_demo/ComP_demo_ws/install/comp_topic_rclcpp/local/lib/python3.10/dist-packages/comp_topic_rclcpp/comp_topic_rclcpp_s__rosidl_typesupport_fastrtps_c.cpython-310-x86_64-linux-gnu.so
-- Up-to-date: /home/ros/ros2proj/ComP_demo/ComP_demo_ws/install/comp_topic_rclcpp/local/lib/python3.10/dist-packages/comp_topic_rclcpp/comp_topic_rclcpp_s__rosidl_typesupport_introspection_c.cpython-310-x86_64-linux-gnu.so
-- Up-to-date: /home/ros/ros2proj/ComP_demo/ComP_demo_ws/install/comp_topic_rclcpp/local/lib/python3.10/dist-packages/comp_topic_rclcpp/comp_topic_rclcpp_s__rosidl_typesupport_c.cpython-310-x86_64-linux-gnu.so
-- Up-to-date: /home/ros/ros2proj/ComP_demo/ComP_demo_ws/install/comp_topic_rclcpp/lib/libcomp_topic_rclcpp__rosidl_generator_py.so
-- Up-to-date: /home/ros/ros2proj/ComP_demo/ComP_demo_ws/install/comp_topic_rclcpp/share/comp_topic_rclcpp/msg/YoloPiece.idl
-- Up-to-date: /home/ros/ros2proj/ComP_demo/ComP_demo_ws/install/comp_topic_rclcpp/share/comp_topic_rclcpp/msg/YoloResult.idl
-- Up-to-date: /home/ros/ros2proj/ComP_demo/ComP_demo_ws/install/comp_topic_rclcpp/share/comp_topic_rclcpp/msg/TrackerResult.idl
-- Up-to-date: /home/ros/ros2proj/ComP_demo/ComP_demo_ws/install/comp_topic_rclcpp/share/comp_topic_rclcpp/msg/LaneResult.idl
-- Up-to-date: /home/ros/ros2proj/ComP_demo/ComP_demo_ws/install/comp_topic_rclcpp/share/comp_topic_rclcpp/msg/PointDetect.idl
-- Up-to-date: /home/ros/ros2proj/ComP_demo/ComP_demo_ws/install/comp_topic_rclcpp/share/comp_topic_rclcpp/msg/YoloPiece.msg
-- Up-to-date: /home/ros/ros2proj/ComP_demo/ComP_demo_ws/install/comp_topic_rclcpp/share/comp_topic_rclcpp/msg/YoloResult.msg
-- Up-to-date: /home/ros/ros2proj/ComP_demo/ComP_demo_ws/install/comp_topic_rclcpp/share/comp_topic_rclcpp/msg/TrackerResult.msg
-- Up-to-date: /home/ros/ros2proj/ComP_demo/ComP_demo_ws/install/comp_topic_rclcpp/share/comp_topic_rclcpp/msg/LaneResult.msg
-- Up-to-date: /home/ros/ros2proj/ComP_demo/ComP_demo_ws/install/comp_topic_rclcpp/share/comp_topic_rclcpp/msg/PointDetect.msg
-- Up-to-date: /home/ros/ros2proj/ComP_demo/ComP_demo_ws/install/comp_topic_rclcpp/lib/comp_topic_rclcpp/CameraTimer
-- Installing: /home/ros/ros2proj/ComP_demo/ComP_demo_ws/install/comp_topic_rclcpp/lib/comp_topic_rclcpp/Final
-- Set runtime path of "/home/ros/ros2proj/ComP_demo/ComP_demo_ws/install/comp_topic_rclcpp/lib/comp_topic_rclcpp/Final" to ""
-- Up-to-date: /home/ros/ros2proj/ComP_demo/ComP_demo_ws/install/comp_topic_rclcpp/lib/comp_topic_rclcpp/Tracker
-- Up-to-date: /home/ros/ros2proj/ComP_demo/ComP_demo_ws/install/comp_topic_rclcpp/lib/comp_topic_rclcpp/Lane
-- Up-to-date: /home/ros/ros2proj/ComP_demo/ComP_demo_ws/install/comp_topic_rclcpp/lib/comp_topic_rclcpp/Yolo
-- Up-to-date: /home/ros/ros2proj/ComP_demo/ComP_demo_ws/install/comp_topic_rclcpp/share/ament_index/resource_index/package_run_dependencies/comp_topic_rclcpp
-- Up-to-date: /home/ros/ros2proj/ComP_demo/ComP_demo_ws/install/comp_topic_rclcpp/share/ament_index/resource_index/parent_prefix_path/comp_topic_rclcpp
-- Up-to-date: /home/ros/ros2proj/ComP_demo/ComP_demo_ws/install/comp_topic_rclcpp/share/comp_topic_rclcpp/environment/ament_prefix_path.sh
-- Up-to-date: /home/ros/ros2proj/ComP_demo/ComP_demo_ws/install/comp_topic_rclcpp/share/comp_topic_rclcpp/environment/ament_prefix_path.dsv
-- Up-to-date: /home/ros/ros2proj/ComP_demo/ComP_demo_ws/install/comp_topic_rclcpp/share/comp_topic_rclcpp/environment/path.sh
-- Up-to-date: /home/ros/ros2proj/ComP_demo/ComP_demo_ws/install/comp_topic_rclcpp/share/comp_topic_rclcpp/environment/path.dsv
-- Up-to-date: /home/ros/ros2proj/ComP_demo/ComP_demo_ws/install/comp_topic_rclcpp/share/comp_topic_rclcpp/local_setup.bash
-- Up-to-date: /home/ros/ros2proj/ComP_demo/ComP_demo_ws/install/comp_topic_rclcpp/share/comp_topic_rclcpp/local_setup.sh
-- Up-to-date: /home/ros/ros2proj/ComP_demo/ComP_demo_ws/install/comp_topic_rclcpp/share/comp_topic_rclcpp/local_setup.zsh
-- Up-to-date: /home/ros/ros2proj/ComP_demo/ComP_demo_ws/install/comp_topic_rclcpp/share/comp_topic_rclcpp/local_setup.dsv
-- Installing: /home/ros/ros2proj/ComP_demo/ComP_demo_ws/install/comp_topic_rclcpp/share/comp_topic_rclcpp/package.dsv
-- Up-to-date: /home/ros/ros2proj/ComP_demo/ComP_demo_ws/install/comp_topic_rclcpp/share/ament_index/resource_index/packages/comp_topic_rclcpp
-- Up-to-date: /home/ros/ros2proj/ComP_demo/ComP_demo_ws/install/comp_topic_rclcpp/share/comp_topic_rclcpp/cmake/export_comp_topic_rclcpp__rosidl_generator_cExport.cmake
-- Up-to-date: /home/ros/ros2proj/ComP_demo/ComP_demo_ws/install/comp_topic_rclcpp/share/comp_topic_rclcpp/cmake/export_comp_topic_rclcpp__rosidl_generator_cExport-noconfig.cmake
-- Up-to-date: /home/ros/ros2proj/ComP_demo/ComP_demo_ws/install/comp_topic_rclcpp/share/comp_topic_rclcpp/cmake/export_comp_topic_rclcpp__rosidl_typesupport_fastrtps_cExport.cmake
-- Up-to-date: /home/ros/ros2proj/ComP_demo/ComP_demo_ws/install/comp_topic_rclcpp/share/comp_topic_rclcpp/cmake/export_comp_topic_rclcpp__rosidl_typesupport_fastrtps_cExport-noconfig.cmake
-- Up-to-date: /home/ros/ros2proj/ComP_demo/ComP_demo_ws/install/comp_topic_rclcpp/share/comp_topic_rclcpp/cmake/export_comp_topic_rclcpp__rosidl_generator_cppExport.cmake
-- Up-to-date: /home/ros/ros2proj/ComP_demo/ComP_demo_ws/install/comp_topic_rclcpp/share/comp_topic_rclcpp/cmake/export_comp_topic_rclcpp__rosidl_typesupport_fastrtps_cppExport.cmake
-- Up-to-date: /home/ros/ros2proj/ComP_demo/ComP_demo_ws/install/comp_topic_rclcpp/share/comp_topic_rclcpp/cmake/export_comp_topic_rclcpp__rosidl_typesupport_fastrtps_cppExport-noconfig.cmake
-- Up-to-date: /home/ros/ros2proj/ComP_demo/ComP_demo_ws/install/comp_topic_rclcpp/share/comp_topic_rclcpp/cmake/comp_topic_rclcpp__rosidl_typesupport_introspection_cExport.cmake
-- Up-to-date: /home/ros/ros2proj/ComP_demo/ComP_demo_ws/install/comp_topic_rclcpp/share/comp_topic_rclcpp/cmake/comp_topic_rclcpp__rosidl_typesupport_introspection_cExport-noconfig.cmake
-- Up-to-date: /home/ros/ros2proj/ComP_demo/ComP_demo_ws/install/comp_topic_rclcpp/share/comp_topic_rclcpp/cmake/comp_topic_rclcpp__rosidl_typesupport_cExport.cmake
-- Up-to-date: /home/ros/ros2proj/ComP_demo/ComP_demo_ws/install/comp_topic_rclcpp/share/comp_topic_rclcpp/cmake/comp_topic_rclcpp__rosidl_typesupport_cExport-noconfig.cmake
-- Up-to-date: /home/ros/ros2proj/ComP_demo/ComP_demo_ws/install/comp_topic_rclcpp/share/comp_topic_rclcpp/cmake/comp_topic_rclcpp__rosidl_typesupport_introspection_cppExport.cmake
-- Up-to-date: /home/ros/ros2proj/ComP_demo/ComP_demo_ws/install/comp_topic_rclcpp/share/comp_topic_rclcpp/cmake/comp_topic_rclcpp__rosidl_typesupport_introspection_cppExport-noconfig.cmake
-- Up-to-date: /home/ros/ros2proj/ComP_demo/ComP_demo_ws/install/comp_topic_rclcpp/share/comp_topic_rclcpp/cmake/comp_topic_rclcpp__rosidl_typesupport_cppExport.cmake
-- Up-to-date: /home/ros/ros2proj/ComP_demo/ComP_demo_ws/install/comp_topic_rclcpp/share/comp_topic_rclcpp/cmake/comp_topic_rclcpp__rosidl_typesupport_cppExport-noconfig.cmake
-- Up-to-date: /home/ros/ros2proj/ComP_demo/ComP_demo_ws/install/comp_topic_rclcpp/share/comp_topic_rclcpp/cmake/export_comp_topic_rclcpp__rosidl_generator_pyExport.cmake
-- Up-to-date: /home/ros/ros2proj/ComP_demo/ComP_demo_ws/install/comp_topic_rclcpp/share/comp_topic_rclcpp/cmake/export_comp_topic_rclcpp__rosidl_generator_pyExport-noconfig.cmake
-- Up-to-date: /home/ros/ros2proj/ComP_demo/ComP_demo_ws/install/comp_topic_rclcpp/share/comp_topic_rclcpp/cmake/rosidl_cmake-extras.cmake
-- Up-to-date: /home/ros/ros2proj/ComP_demo/ComP_demo_ws/install/comp_topic_rclcpp/share/comp_topic_rclcpp/cmake/ament_cmake_export_dependencies-extras.cmake
-- Up-to-date: /home/ros/ros2proj/ComP_demo/ComP_demo_ws/install/comp_topic_rclcpp/share/comp_topic_rclcpp/cmake/ament_cmake_export_include_directories-extras.cmake
-- Up-to-date: /home/ros/ros2proj/ComP_demo/ComP_demo_ws/install/comp_topic_rclcpp/share/comp_topic_rclcpp/cmake/ament_cmake_export_libraries-extras.cmake
-- Up-to-date: /home/ros/ros2proj/ComP_demo/ComP_demo_ws/install/comp_topic_rclcpp/share/comp_topic_rclcpp/cmake/ament_cmake_export_targets-extras.cmake
-- Up-to-date: /home/ros/ros2proj/ComP_demo/ComP_demo_ws/install/comp_topic_rclcpp/share/comp_topic_rclcpp/cmake/rosidl_cmake_export_typesupport_targets-extras.cmake
-- Up-to-date: /home/ros/ros2proj/ComP_demo/ComP_demo_ws/install/comp_topic_rclcpp/share/comp_topic_rclcpp/cmake/rosidl_cmake_export_typesupport_libraries-extras.cmake
-- Up-to-date: /home/ros/ros2proj/ComP_demo/ComP_demo_ws/install/comp_topic_rclcpp/share/comp_topic_rclcpp/cmake/comp_topic_rclcppConfig.cmake
-- Up-to-date: /home/ros/ros2proj/ComP_demo/ComP_demo_ws/install/comp_topic_rclcpp/share/comp_topic_rclcpp/cmake/comp_topic_rclcppConfig-version.cmake
-- Up-to-date: /home/ros/ros2proj/ComP_demo/ComP_demo_ws/install/comp_topic_rclcpp/share/comp_topic_rclcpp/package.xml
