[  1%] Built target comp_topic_rclcpp__cpp
[35m[1mConsolidate compiler generated dependencies of target comp_topic_rclcpp__rosidl_generator_c[0m
[ 10%] Built target comp_topic_rclcpp__rosidl_generator_c
[ 10%] Built target ament_cmake_python_copy_comp_topic_rclcpp
[ 13%] Built target CameraTimer
[ 17%] Built target Final
[ 22%] Built target Lane
[35m[1mConsolidate compiler generated dependencies of target comp_topic_rclcpp__rosidl_typesupport_cpp[0m
[ 31%] Built target comp_topic_rclcpp__rosidl_typesupport_cpp
[35m[1mConsolidate compiler generated dependencies of target comp_topic_rclcpp__rosidl_typesupport_fastrtps_c[0m
[ 39%] Built target comp_topic_rclcpp__rosidl_typesupport_fastrtps_c
[35m[1mConsolidate compiler generated dependencies of target comp_topic_rclcpp__rosidl_typesupport_fastrtps_cpp[0m
[ 48%] Built target comp_topic_rclcpp__rosidl_typesupport_fastrtps_cpp
[35m[1mConsolidate compiler generated dependencies of target comp_topic_rclcpp__rosidl_typesupport_introspection_c[0m
[ 56%] Built target comp_topic_rclcpp__rosidl_typesupport_introspection_c
[35m[1mConsolidate compiler generated dependencies of target comp_topic_rclcpp__rosidl_typesupport_c[0m
[ 65%] Built target comp_topic_rclcpp__rosidl_typesupport_c
[35m[1mConsolidate compiler generated dependencies of target comp_topic_rclcpp__rosidl_typesupport_introspection_cpp[0m
[ 74%] Built target comp_topic_rclcpp__rosidl_typesupport_introspection_cpp
running egg_info
writing comp_topic_rclcpp.egg-info/PKG-INFO
writing dependency_links to comp_topic_rclcpp.egg-info/dependency_links.txt
writing top-level names to comp_topic_rclcpp.egg-info/top_level.txt
reading manifest file 'comp_topic_rclcpp.egg-info/SOURCES.txt'
writing manifest file 'comp_topic_rclcpp.egg-info/SOURCES.txt'
[ 74%] Built target ament_cmake_python_build_comp_topic_rclcpp_egg
[ 74%] Built target comp_topic_rclcpp
[ 75%] Built target comp_topic_rclcpp__py
[35m[1mConsolidate compiler generated dependencies of target Tracker[0m
[ 77%] [32mBuilding CXX object CMakeFiles/Tracker.dir/src/Tracker.cpp.o[0m
gmake[2]: *** [CMakeFiles/Tracker.dir/build.make:76: CMakeFiles/Tracker.dir/src/Tracker.cpp.o] Interrupt
gmake[1]: *** wait: No child processes.  Stop.
gmake[1]: *** Waiting for unfinished jobs....
gmake[1]: *** wait: No child processes.  Stop.
gmake: *** [Makefile:146: all] Error 2
