[0.373s] DEBUG:colcon:Command line arguments: ['/usr/bin/colcon', 'build', '--packages-select', 'comp_topic_rclcpp']
[0.373s] DEBUG:colcon:Parsed command line arguments: Namespace(log_base=None, log_level=None, verb_name='build', build_base='build', install_base='install', merge_install=False, symlink_install=False, test_result_base=None, continue_on_error=False, executor='parallel', parallel_workers=2, event_handlers=None, ignore_user_meta=False, metas=['./colcon.meta'], base_paths=['.'], packages_ignore=None, packages_ignore_regex=None, paths=None, packages_up_to=None, packages_up_to_regex=None, packages_above=None, packages_above_and_dependencies=None, packages_above_depth=None, packages_select_by_dep=None, packages_skip_by_dep=None, packages_skip_up_to=None, packages_select_build_failed=False, packages_skip_build_finished=False, packages_select_test_failures=False, packages_skip_test_passed=False, packages_select=['comp_topic_rclcpp'], packages_skip=None, packages_select_regex=None, packages_skip_regex=None, packages_start=None, packages_end=None, allow_overriding=[], cmake_args=None, cmake_target=None, cmake_target_skip_unavailable=False, cmake_clean_cache=False, cmake_clean_first=False, cmake_force_configure=False, ament_cmake_args=None, catkin_cmake_args=None, catkin_skip_building_tests=False, mixin_files=None, mixin=None, verb_parser=<colcon_mixin.mixin.mixin_argument.MixinArgumentDecorator object at 0x7f8bf5d3d4b0>, verb_extension=<colcon_core.verb.build.BuildVerb object at 0x7f8bf5d3ca90>, main=<bound method BuildVerb.main of <colcon_core.verb.build.BuildVerb object at 0x7f8bf5d3ca90>>, mixin_verb=('build',))
[0.903s] Level 1:colcon.colcon_core.package_discovery:discover_packages(colcon_meta) check parameters
[0.903s] Level 1:colcon.colcon_core.package_discovery:discover_packages(recursive) check parameters
[0.903s] Level 1:colcon.colcon_core.package_discovery:discover_packages(ignore) check parameters
[0.904s] Level 1:colcon.colcon_core.package_discovery:discover_packages(path) check parameters
[0.904s] Level 1:colcon.colcon_core.package_discovery:discover_packages(colcon_meta) discover
[0.904s] Level 1:colcon.colcon_core.package_discovery:discover_packages(recursive) discover
[0.904s] INFO:colcon.colcon_core.package_discovery:Crawling recursively for packages in '/home/ros/ros2proj/ComP_demo'
[0.904s] Level 1:colcon.colcon_core.package_identification:_identify(.) by extensions ['ignore', 'ignore_ament_install']
[0.905s] Level 1:colcon.colcon_core.package_identification:_identify(.) by extension 'ignore'
[0.906s] Level 1:colcon.colcon_core.package_identification:_identify(.) by extension 'ignore_ament_install'
[0.906s] Level 1:colcon.colcon_core.package_identification:_identify(.) by extensions ['colcon_pkg']
[0.906s] Level 1:colcon.colcon_core.package_identification:_identify(.) by extension 'colcon_pkg'
[0.906s] Level 1:colcon.colcon_core.package_identification:_identify(.) by extensions ['colcon_meta']
[0.906s] Level 1:colcon.colcon_core.package_identification:_identify(.) by extension 'colcon_meta'
[0.906s] Level 1:colcon.colcon_core.package_identification:_identify(.) by extensions ['ros']
[0.906s] Level 1:colcon.colcon_core.package_identification:_identify(.) by extension 'ros'
[0.949s] Level 1:colcon.colcon_core.package_identification:_identify(.) by extensions ['cmake', 'python']
[0.949s] Level 1:colcon.colcon_core.package_identification:_identify(.) by extension 'cmake'
[0.949s] Level 1:colcon.colcon_core.package_identification:_identify(.) by extension 'python'
[0.950s] Level 1:colcon.colcon_core.package_identification:_identify(.) by extensions ['python_setup_py']
[0.950s] Level 1:colcon.colcon_core.package_identification:_identify(.) by extension 'python_setup_py'
[0.951s] Level 1:colcon.colcon_core.package_identification:_identify(ComP_demo_ws) by extensions ['ignore', 'ignore_ament_install']
[0.951s] Level 1:colcon.colcon_core.package_identification:_identify(ComP_demo_ws) by extension 'ignore'
[0.951s] Level 1:colcon.colcon_core.package_identification:_identify(ComP_demo_ws) by extension 'ignore_ament_install'
[0.951s] Level 1:colcon.colcon_core.package_identification:_identify(ComP_demo_ws) by extensions ['colcon_pkg']
[0.951s] Level 1:colcon.colcon_core.package_identification:_identify(ComP_demo_ws) by extension 'colcon_pkg'
[0.952s] Level 1:colcon.colcon_core.package_identification:_identify(ComP_demo_ws) by extensions ['colcon_meta']
[0.952s] Level 1:colcon.colcon_core.package_identification:_identify(ComP_demo_ws) by extension 'colcon_meta'
[0.952s] Level 1:colcon.colcon_core.package_identification:_identify(ComP_demo_ws) by extensions ['ros']
[0.952s] Level 1:colcon.colcon_core.package_identification:_identify(ComP_demo_ws) by extension 'ros'
[0.952s] Level 1:colcon.colcon_core.package_identification:_identify(ComP_demo_ws) by extensions ['cmake', 'python']
[0.952s] Level 1:colcon.colcon_core.package_identification:_identify(ComP_demo_ws) by extension 'cmake'
[0.953s] Level 1:colcon.colcon_core.package_identification:_identify(ComP_demo_ws) by extension 'python'
[0.953s] Level 1:colcon.colcon_core.package_identification:_identify(ComP_demo_ws) by extensions ['python_setup_py']
[0.953s] Level 1:colcon.colcon_core.package_identification:_identify(ComP_demo_ws) by extension 'python_setup_py'
[0.953s] Level 1:colcon.colcon_core.package_identification:_identify(ComP_demo_ws/build) by extensions ['ignore', 'ignore_ament_install']
[0.954s] Level 1:colcon.colcon_core.package_identification:_identify(ComP_demo_ws/build) by extension 'ignore'
[0.954s] Level 1:colcon.colcon_core.package_identification:_identify(ComP_demo_ws/build) ignored
[0.954s] Level 1:colcon.colcon_core.package_identification:_identify(ComP_demo_ws/install) by extensions ['ignore', 'ignore_ament_install']
[0.954s] Level 1:colcon.colcon_core.package_identification:_identify(ComP_demo_ws/install) by extension 'ignore'
[0.956s] Level 1:colcon.colcon_core.package_identification:_identify(ComP_demo_ws/install) ignored
[0.956s] Level 1:colcon.colcon_core.package_identification:_identify(ComP_demo_ws/log) by extensions ['ignore', 'ignore_ament_install']
[0.957s] Level 1:colcon.colcon_core.package_identification:_identify(ComP_demo_ws/log) by extension 'ignore'
[0.957s] Level 1:colcon.colcon_core.package_identification:_identify(ComP_demo_ws/log) ignored
[0.957s] Level 1:colcon.colcon_core.package_identification:_identify(ComP_demo_ws/src) by extensions ['ignore', 'ignore_ament_install']
[0.958s] Level 1:colcon.colcon_core.package_identification:_identify(ComP_demo_ws/src) by extension 'ignore'
[0.958s] Level 1:colcon.colcon_core.package_identification:_identify(ComP_demo_ws/src) by extension 'ignore_ament_install'
[0.958s] Level 1:colcon.colcon_core.package_identification:_identify(ComP_demo_ws/src) by extensions ['colcon_pkg']
[0.958s] Level 1:colcon.colcon_core.package_identification:_identify(ComP_demo_ws/src) by extension 'colcon_pkg'
[0.958s] Level 1:colcon.colcon_core.package_identification:_identify(ComP_demo_ws/src) by extensions ['colcon_meta']
[0.958s] Level 1:colcon.colcon_core.package_identification:_identify(ComP_demo_ws/src) by extension 'colcon_meta'
[0.959s] Level 1:colcon.colcon_core.package_identification:_identify(ComP_demo_ws/src) by extensions ['ros']
[0.959s] Level 1:colcon.colcon_core.package_identification:_identify(ComP_demo_ws/src) by extension 'ros'
[0.959s] Level 1:colcon.colcon_core.package_identification:_identify(ComP_demo_ws/src) by extensions ['cmake', 'python']
[0.959s] Level 1:colcon.colcon_core.package_identification:_identify(ComP_demo_ws/src) by extension 'cmake'
[0.959s] Level 1:colcon.colcon_core.package_identification:_identify(ComP_demo_ws/src) by extension 'python'
[0.959s] Level 1:colcon.colcon_core.package_identification:_identify(ComP_demo_ws/src) by extensions ['python_setup_py']
[0.959s] Level 1:colcon.colcon_core.package_identification:_identify(ComP_demo_ws/src) by extension 'python_setup_py'
[0.960s] Level 1:colcon.colcon_core.package_identification:_identify(ComP_demo_ws/src/comp_topic_rclcpp) by extensions ['ignore', 'ignore_ament_install']
[0.960s] Level 1:colcon.colcon_core.package_identification:_identify(ComP_demo_ws/src/comp_topic_rclcpp) by extension 'ignore'
[0.960s] Level 1:colcon.colcon_core.package_identification:_identify(ComP_demo_ws/src/comp_topic_rclcpp) by extension 'ignore_ament_install'
[0.960s] Level 1:colcon.colcon_core.package_identification:_identify(ComP_demo_ws/src/comp_topic_rclcpp) by extensions ['colcon_pkg']
[0.960s] Level 1:colcon.colcon_core.package_identification:_identify(ComP_demo_ws/src/comp_topic_rclcpp) by extension 'colcon_pkg'
[0.960s] Level 1:colcon.colcon_core.package_identification:_identify(ComP_demo_ws/src/comp_topic_rclcpp) by extensions ['colcon_meta']
[0.960s] Level 1:colcon.colcon_core.package_identification:_identify(ComP_demo_ws/src/comp_topic_rclcpp) by extension 'colcon_meta'
[0.961s] Level 1:colcon.colcon_core.package_identification:_identify(ComP_demo_ws/src/comp_topic_rclcpp) by extensions ['ros']
[0.961s] Level 1:colcon.colcon_core.package_identification:_identify(ComP_demo_ws/src/comp_topic_rclcpp) by extension 'ros'
[0.970s] DEBUG:colcon.colcon_core.package_identification:Package 'ComP_demo_ws/src/comp_topic_rclcpp' with type 'ros.ament_cmake' and name 'comp_topic_rclcpp'
[0.971s] Level 1:colcon.colcon_core.package_identification:_identify(build) by extensions ['ignore', 'ignore_ament_install']
[0.972s] Level 1:colcon.colcon_core.package_identification:_identify(build) by extension 'ignore'
[0.972s] Level 1:colcon.colcon_core.package_identification:_identify(build) ignored
[0.972s] Level 1:colcon.colcon_core.package_identification:_identify(install) by extensions ['ignore', 'ignore_ament_install']
[0.972s] Level 1:colcon.colcon_core.package_identification:_identify(install) by extension 'ignore'
[0.973s] Level 1:colcon.colcon_core.package_identification:_identify(install) ignored
[0.973s] Level 1:colcon.colcon_core.package_identification:_identify(log) by extensions ['ignore', 'ignore_ament_install']
[0.973s] Level 1:colcon.colcon_core.package_identification:_identify(log) by extension 'ignore'
[0.973s] Level 1:colcon.colcon_core.package_identification:_identify(log) ignored
[0.974s] Level 1:colcon.colcon_core.package_discovery:discover_packages(recursive) using defaults
[0.974s] Level 1:colcon.colcon_core.package_discovery:discover_packages(ignore) discover
[0.974s] Level 1:colcon.colcon_core.package_discovery:discover_packages(ignore) using defaults
[0.975s] Level 1:colcon.colcon_core.package_discovery:discover_packages(path) discover
[0.975s] Level 1:colcon.colcon_core.package_discovery:discover_packages(path) using defaults
[1.027s] Level 1:colcon.colcon_core.package_discovery:discover_packages(prefix_path) check parameters
[1.028s] Level 1:colcon.colcon_core.package_discovery:discover_packages(prefix_path) discover
[1.034s] DEBUG:colcon.colcon_installed_package_information.package_discovery:Found 270 installed packages in /opt/ros/humble
[1.039s] Level 1:colcon.colcon_core.package_discovery:discover_packages(prefix_path) using defaults
[1.201s] Level 5:colcon.colcon_core.verb:set package 'comp_topic_rclcpp' build argument 'cmake_args' from command line to 'None'
[1.201s] Level 5:colcon.colcon_core.verb:set package 'comp_topic_rclcpp' build argument 'cmake_target' from command line to 'None'
[1.202s] Level 5:colcon.colcon_core.verb:set package 'comp_topic_rclcpp' build argument 'cmake_target_skip_unavailable' from command line to 'False'
[1.202s] Level 5:colcon.colcon_core.verb:set package 'comp_topic_rclcpp' build argument 'cmake_clean_cache' from command line to 'False'
[1.202s] Level 5:colcon.colcon_core.verb:set package 'comp_topic_rclcpp' build argument 'cmake_clean_first' from command line to 'False'
[1.202s] Level 5:colcon.colcon_core.verb:set package 'comp_topic_rclcpp' build argument 'cmake_force_configure' from command line to 'False'
[1.202s] Level 5:colcon.colcon_core.verb:set package 'comp_topic_rclcpp' build argument 'ament_cmake_args' from command line to 'None'
[1.202s] Level 5:colcon.colcon_core.verb:set package 'comp_topic_rclcpp' build argument 'catkin_cmake_args' from command line to 'None'
[1.202s] Level 5:colcon.colcon_core.verb:set package 'comp_topic_rclcpp' build argument 'catkin_skip_building_tests' from command line to 'False'
[1.202s] DEBUG:colcon.colcon_core.verb:Building package 'comp_topic_rclcpp' with the following arguments: {'ament_cmake_args': None, 'build_base': '/home/ros/ros2proj/ComP_demo/build/comp_topic_rclcpp', 'catkin_cmake_args': None, 'catkin_skip_building_tests': False, 'cmake_args': None, 'cmake_clean_cache': False, 'cmake_clean_first': False, 'cmake_force_configure': False, 'cmake_target': None, 'cmake_target_skip_unavailable': False, 'install_base': '/home/ros/ros2proj/ComP_demo/install/comp_topic_rclcpp', 'merge_install': False, 'path': '/home/ros/ros2proj/ComP_demo/ComP_demo_ws/src/comp_topic_rclcpp', 'symlink_install': False, 'test_result_base': None}
[1.202s] INFO:colcon.colcon_core.executor:Executing jobs using 'parallel' executor
[1.206s] DEBUG:colcon.colcon_parallel_executor.executor.parallel:run_until_complete
[1.207s] INFO:colcon.colcon_ros.task.ament_cmake.build:Building ROS package in '/home/ros/ros2proj/ComP_demo/ComP_demo_ws/src/comp_topic_rclcpp' with build type 'ament_cmake'
[1.209s] INFO:colcon.colcon_cmake.task.cmake.build:Building CMake package in '/home/ros/ros2proj/ComP_demo/ComP_demo_ws/src/comp_topic_rclcpp'
[1.216s] INFO:colcon.colcon_core.plugin_system:Skipping extension 'colcon_core.shell.bat': Not used on non-Windows systems
[1.218s] INFO:colcon.colcon_core.shell:Skip shell extension 'powershell' for command environment: Not usable outside of PowerShell
[1.218s] DEBUG:colcon.colcon_core.shell:Skip shell extension 'dsv' for command environment
[1.241s] DEBUG:colcon.colcon_core.event_handler.log_command:Invoking command in '/home/ros/ros2proj/ComP_demo/build/comp_topic_rclcpp': CMAKE_PREFIX_PATH=/opt/ros/humble CONDA_PROMPT_MODIFIER=(ros2) /usr/bin/cmake /home/ros/ros2proj/ComP_demo/ComP_demo_ws/src/comp_topic_rclcpp -DCMAKE_INSTALL_PREFIX=/home/ros/ros2proj/ComP_demo/install/comp_topic_rclcpp
[4.478s] DEBUG:colcon.colcon_core.event_handler.log_command:Invoked command in '/home/ros/ros2proj/ComP_demo/build/comp_topic_rclcpp' returned '1': CMAKE_PREFIX_PATH=/opt/ros/humble CONDA_PROMPT_MODIFIER=(ros2) /usr/bin/cmake /home/ros/ros2proj/ComP_demo/ComP_demo_ws/src/comp_topic_rclcpp -DCMAKE_INSTALL_PREFIX=/home/ros/ros2proj/ComP_demo/install/comp_topic_rclcpp
[4.517s] Level 1:colcon.colcon_core.environment:create_environment_scripts_only(comp_topic_rclcpp)
[4.524s] Level 1:colcon.colcon_core.environment:checking '/home/ros/ros2proj/ComP_demo/install/comp_topic_rclcpp' for CMake module files
[4.526s] Level 1:colcon.colcon_core.environment:checking '/home/ros/ros2proj/ComP_demo/install/comp_topic_rclcpp' for CMake config files
[4.528s] Level 1:colcon.colcon_core.environment:checking '/home/ros/ros2proj/ComP_demo/install/comp_topic_rclcpp/bin'
[4.528s] Level 1:colcon.colcon_core.environment:checking '/home/ros/ros2proj/ComP_demo/install/comp_topic_rclcpp/lib/pkgconfig/comp_topic_rclcpp.pc'
[4.529s] Level 1:colcon.colcon_core.environment:checking '/home/ros/ros2proj/ComP_demo/install/comp_topic_rclcpp/lib/python3.10/site-packages'
[4.530s] Level 1:colcon.colcon_core.environment:checking '/home/ros/ros2proj/ComP_demo/install/comp_topic_rclcpp/bin'
[4.530s] INFO:colcon.colcon_core.shell:Creating package script '/home/ros/ros2proj/ComP_demo/install/comp_topic_rclcpp/share/comp_topic_rclcpp/package.ps1'
[4.533s] INFO:colcon.colcon_core.shell:Creating package descriptor '/home/ros/ros2proj/ComP_demo/install/comp_topic_rclcpp/share/comp_topic_rclcpp/package.dsv'
[4.534s] INFO:colcon.colcon_core.shell:Creating package script '/home/ros/ros2proj/ComP_demo/install/comp_topic_rclcpp/share/comp_topic_rclcpp/package.sh'
[4.543s] INFO:colcon.colcon_core.shell:Creating package script '/home/ros/ros2proj/ComP_demo/install/comp_topic_rclcpp/share/comp_topic_rclcpp/package.bash'
[4.546s] INFO:colcon.colcon_core.shell:Creating package script '/home/ros/ros2proj/ComP_demo/install/comp_topic_rclcpp/share/comp_topic_rclcpp/package.zsh'
[4.550s] Level 1:colcon.colcon_core.environment:create_file_with_runtime_dependencies(/home/ros/ros2proj/ComP_demo/install/comp_topic_rclcpp/share/colcon-core/packages/comp_topic_rclcpp)
[4.567s] DEBUG:colcon.colcon_parallel_executor.executor.parallel:closing loop
[4.567s] DEBUG:colcon.colcon_parallel_executor.executor.parallel:loop closed
[4.567s] DEBUG:colcon.colcon_parallel_executor.executor.parallel:run_until_complete finished with '1'
[4.571s] DEBUG:colcon.colcon_core.event_reactor:joining thread
[4.587s] INFO:colcon.colcon_core.plugin_system:Skipping extension 'colcon_notification.desktop_notification.terminal_notifier': Not used on non-Darwin systems
[4.588s] INFO:colcon.colcon_core.plugin_system:Skipping extension 'colcon_notification.desktop_notification.win32': Not used on non-Windows systems
[4.588s] INFO:colcon.colcon_notification.desktop_notification:Sending desktop notification using 'notify2'
[4.619s] DEBUG:colcon.colcon_core.event_reactor:joined thread
[4.621s] INFO:colcon.colcon_core.shell:Creating prefix script '/home/ros/ros2proj/ComP_demo/install/local_setup.ps1'
[4.623s] INFO:colcon.colcon_core.shell:Creating prefix util module '/home/ros/ros2proj/ComP_demo/install/_local_setup_util_ps1.py'
[4.626s] INFO:colcon.colcon_core.shell:Creating prefix chain script '/home/ros/ros2proj/ComP_demo/install/setup.ps1'
[4.630s] INFO:colcon.colcon_core.shell:Creating prefix script '/home/ros/ros2proj/ComP_demo/install/local_setup.sh'
[4.631s] INFO:colcon.colcon_core.shell:Creating prefix util module '/home/ros/ros2proj/ComP_demo/install/_local_setup_util_sh.py'
[4.634s] INFO:colcon.colcon_core.shell:Creating prefix chain script '/home/ros/ros2proj/ComP_demo/install/setup.sh'
[4.638s] INFO:colcon.colcon_core.shell:Creating prefix script '/home/ros/ros2proj/ComP_demo/install/local_setup.bash'
[4.640s] INFO:colcon.colcon_core.shell:Creating prefix chain script '/home/ros/ros2proj/ComP_demo/install/setup.bash'
[4.647s] INFO:colcon.colcon_core.shell:Creating prefix script '/home/ros/ros2proj/ComP_demo/install/local_setup.zsh'
[4.650s] INFO:colcon.colcon_core.shell:Creating prefix chain script '/home/ros/ros2proj/ComP_demo/install/setup.zsh'
