[0.764s] DEBUG:colcon:Command line arguments: ['/usr/bin/colcon', 'build', '--packages-select', 'comp_topic_rclcpp']
[0.764s] DEBUG:colcon:Parsed command line arguments: Namespace(log_base=None, log_level=None, verb_name='build', build_base='build', install_base='install', merge_install=False, symlink_install=False, test_result_base=None, continue_on_error=False, executor='parallel', parallel_workers=2, event_handlers=None, ignore_user_meta=False, metas=['./colcon.meta'], base_paths=['.'], packages_ignore=None, packages_ignore_regex=None, paths=None, packages_up_to=None, packages_up_to_regex=None, packages_above=None, packages_above_and_dependencies=None, packages_above_depth=None, packages_select_by_dep=None, packages_skip_by_dep=None, packages_skip_up_to=None, packages_select_build_failed=False, packages_skip_build_finished=False, packages_select_test_failures=False, packages_skip_test_passed=False, packages_select=['comp_topic_rclcpp'], packages_skip=None, packages_select_regex=None, packages_skip_regex=None, packages_start=None, packages_end=None, allow_overriding=[], cmake_args=None, cmake_target=None, cmake_target_skip_unavailable=False, cmake_clean_cache=False, cmake_clean_first=False, cmake_force_configure=False, ament_cmake_args=None, catkin_cmake_args=None, catkin_skip_building_tests=False, mixin_files=None, mixin=None, verb_parser=<colcon_mixin.mixin.mixin_argument.MixinArgumentDecorator object at 0x78cae743d330>, verb_extension=<colcon_core.verb.build.BuildVerb object at 0x78cae743c910>, main=<bound method BuildVerb.main of <colcon_core.verb.build.BuildVerb object at 0x78cae743c910>>, mixin_verb=('build',))
[1.654s] Level 1:colcon.colcon_core.package_discovery:discover_packages(colcon_meta) check parameters
[1.656s] Level 1:colcon.colcon_core.package_discovery:discover_packages(recursive) check parameters
[1.658s] Level 1:colcon.colcon_core.package_discovery:discover_packages(ignore) check parameters
[1.659s] Level 1:colcon.colcon_core.package_discovery:discover_packages(path) check parameters
[1.659s] Level 1:colcon.colcon_core.package_discovery:discover_packages(colcon_meta) discover
[1.659s] Level 1:colcon.colcon_core.package_discovery:discover_packages(recursive) discover
[1.659s] INFO:colcon.colcon_core.package_discovery:Crawling recursively for packages in '/home/ros/ros2proj/ComP_demo/ComP_demo_ws'
[1.659s] Level 1:colcon.colcon_core.package_identification:_identify(.) by extensions ['ignore', 'ignore_ament_install']
[1.660s] Level 1:colcon.colcon_core.package_identification:_identify(.) by extension 'ignore'
[1.660s] Level 1:colcon.colcon_core.package_identification:_identify(.) by extension 'ignore_ament_install'
[1.660s] Level 1:colcon.colcon_core.package_identification:_identify(.) by extensions ['colcon_pkg']
[1.660s] Level 1:colcon.colcon_core.package_identification:_identify(.) by extension 'colcon_pkg'
[1.660s] Level 1:colcon.colcon_core.package_identification:_identify(.) by extensions ['colcon_meta']
[1.660s] Level 1:colcon.colcon_core.package_identification:_identify(.) by extension 'colcon_meta'
[1.661s] Level 1:colcon.colcon_core.package_identification:_identify(.) by extensions ['ros']
[1.661s] Level 1:colcon.colcon_core.package_identification:_identify(.) by extension 'ros'
[1.763s] Level 1:colcon.colcon_core.package_identification:_identify(.) by extensions ['cmake', 'python']
[1.763s] Level 1:colcon.colcon_core.package_identification:_identify(.) by extension 'cmake'
[1.763s] Level 1:colcon.colcon_core.package_identification:_identify(.) by extension 'python'
[1.764s] Level 1:colcon.colcon_core.package_identification:_identify(.) by extensions ['python_setup_py']
[1.764s] Level 1:colcon.colcon_core.package_identification:_identify(.) by extension 'python_setup_py'
[1.764s] Level 1:colcon.colcon_core.package_identification:_identify(build) by extensions ['ignore', 'ignore_ament_install']
[1.770s] Level 1:colcon.colcon_core.package_identification:_identify(build) by extension 'ignore'
[1.777s] Level 1:colcon.colcon_core.package_identification:_identify(build) ignored
[1.778s] Level 1:colcon.colcon_core.package_identification:_identify(install) by extensions ['ignore', 'ignore_ament_install']
[1.778s] Level 1:colcon.colcon_core.package_identification:_identify(install) by extension 'ignore'
[1.779s] Level 1:colcon.colcon_core.package_identification:_identify(install) ignored
[1.780s] Level 1:colcon.colcon_core.package_identification:_identify(log) by extensions ['ignore', 'ignore_ament_install']
[1.780s] Level 1:colcon.colcon_core.package_identification:_identify(log) by extension 'ignore'
[1.781s] Level 1:colcon.colcon_core.package_identification:_identify(log) ignored
[1.781s] Level 1:colcon.colcon_core.package_identification:_identify(src) by extensions ['ignore', 'ignore_ament_install']
[1.781s] Level 1:colcon.colcon_core.package_identification:_identify(src) by extension 'ignore'
[1.781s] Level 1:colcon.colcon_core.package_identification:_identify(src) by extension 'ignore_ament_install'
[1.782s] Level 1:colcon.colcon_core.package_identification:_identify(src) by extensions ['colcon_pkg']
[1.782s] Level 1:colcon.colcon_core.package_identification:_identify(src) by extension 'colcon_pkg'
[1.782s] Level 1:colcon.colcon_core.package_identification:_identify(src) by extensions ['colcon_meta']
[1.782s] Level 1:colcon.colcon_core.package_identification:_identify(src) by extension 'colcon_meta'
[1.782s] Level 1:colcon.colcon_core.package_identification:_identify(src) by extensions ['ros']
[1.782s] Level 1:colcon.colcon_core.package_identification:_identify(src) by extension 'ros'
[1.786s] Level 1:colcon.colcon_core.package_identification:_identify(src) by extensions ['cmake', 'python']
[1.789s] Level 1:colcon.colcon_core.package_identification:_identify(src) by extension 'cmake'
[1.789s] Level 1:colcon.colcon_core.package_identification:_identify(src) by extension 'python'
[1.789s] Level 1:colcon.colcon_core.package_identification:_identify(src) by extensions ['python_setup_py']
[1.789s] Level 1:colcon.colcon_core.package_identification:_identify(src) by extension 'python_setup_py'
[1.790s] Level 1:colcon.colcon_core.package_identification:_identify(src/comp_topic_rclcpp) by extensions ['ignore', 'ignore_ament_install']
[1.790s] Level 1:colcon.colcon_core.package_identification:_identify(src/comp_topic_rclcpp) by extension 'ignore'
[1.790s] Level 1:colcon.colcon_core.package_identification:_identify(src/comp_topic_rclcpp) by extension 'ignore_ament_install'
[1.791s] Level 1:colcon.colcon_core.package_identification:_identify(src/comp_topic_rclcpp) by extensions ['colcon_pkg']
[1.793s] Level 1:colcon.colcon_core.package_identification:_identify(src/comp_topic_rclcpp) by extension 'colcon_pkg'
[1.793s] Level 1:colcon.colcon_core.package_identification:_identify(src/comp_topic_rclcpp) by extensions ['colcon_meta']
[1.794s] Level 1:colcon.colcon_core.package_identification:_identify(src/comp_topic_rclcpp) by extension 'colcon_meta'
[1.794s] Level 1:colcon.colcon_core.package_identification:_identify(src/comp_topic_rclcpp) by extensions ['ros']
[1.794s] Level 1:colcon.colcon_core.package_identification:_identify(src/comp_topic_rclcpp) by extension 'ros'
