[0.498s] DEBUG:colcon:Command line arguments: ['/usr/bin/colcon', 'build', '--packages-select', 'comp_topic_rclcpp']
[0.502s] DEBUG:colcon:Parsed command line arguments: Namespace(log_base=None, log_level=None, verb_name='build', build_base='build', install_base='install', merge_install=False, symlink_install=False, test_result_base=None, continue_on_error=False, executor='parallel', parallel_workers=2, event_handlers=None, ignore_user_meta=False, metas=['./colcon.meta'], base_paths=['.'], packages_ignore=None, packages_ignore_regex=None, paths=None, packages_up_to=None, packages_up_to_regex=None, packages_above=None, packages_above_and_dependencies=None, packages_above_depth=None, packages_select_by_dep=None, packages_skip_by_dep=None, packages_skip_up_to=None, packages_select_build_failed=False, packages_skip_build_finished=False, packages_select_test_failures=False, packages_skip_test_passed=False, packages_select=['comp_topic_rclcpp'], packages_skip=None, packages_select_regex=None, packages_skip_regex=None, packages_start=None, packages_end=None, allow_overriding=[], cmake_args=None, cmake_target=None, cmake_target_skip_unavailable=False, cmake_clean_cache=False, cmake_clean_first=False, cmake_force_configure=False, ament_cmake_args=None, catkin_cmake_args=None, catkin_skip_building_tests=False, mixin_files=None, mixin=None, verb_parser=<colcon_mixin.mixin.mixin_argument.MixinArgumentDecorator object at 0x7134144b5570>, verb_extension=<colcon_core.verb.build.BuildVerb object at 0x7134144b4b50>, main=<bound method BuildVerb.main of <colcon_core.verb.build.BuildVerb object at 0x7134144b4b50>>, mixin_verb=('build',))
[1.086s] Level 1:colcon.colcon_core.package_discovery:discover_packages(colcon_meta) check parameters
[1.087s] Level 1:colcon.colcon_core.package_discovery:discover_packages(recursive) check parameters
[1.087s] Level 1:colcon.colcon_core.package_discovery:discover_packages(ignore) check parameters
[1.087s] Level 1:colcon.colcon_core.package_discovery:discover_packages(path) check parameters
[1.087s] Level 1:colcon.colcon_core.package_discovery:discover_packages(colcon_meta) discover
[1.088s] Level 1:colcon.colcon_core.package_discovery:discover_packages(recursive) discover
[1.088s] INFO:colcon.colcon_core.package_discovery:Crawling recursively for packages in '/home/ros/ros2proj/ComP_demo'
[1.088s] Level 1:colcon.colcon_core.package_identification:_identify(.) by extensions ['ignore', 'ignore_ament_install']
[1.088s] Level 1:colcon.colcon_core.package_identification:_identify(.) by extension 'ignore'
[1.089s] Level 1:colcon.colcon_core.package_identification:_identify(.) by extension 'ignore_ament_install'
[1.089s] Level 1:colcon.colcon_core.package_identification:_identify(.) by extensions ['colcon_pkg']
[1.089s] Level 1:colcon.colcon_core.package_identification:_identify(.) by extension 'colcon_pkg'
[1.090s] Level 1:colcon.colcon_core.package_identification:_identify(.) by extensions ['colcon_meta']
[1.090s] Level 1:colcon.colcon_core.package_identification:_identify(.) by extension 'colcon_meta'
[1.090s] Level 1:colcon.colcon_core.package_identification:_identify(.) by extensions ['ros']
[1.090s] Level 1:colcon.colcon_core.package_identification:_identify(.) by extension 'ros'
[1.131s] Level 1:colcon.colcon_core.package_identification:_identify(.) by extensions ['cmake', 'python']
[1.132s] Level 1:colcon.colcon_core.package_identification:_identify(.) by extension 'cmake'
[1.132s] Level 1:colcon.colcon_core.package_identification:_identify(.) by extension 'python'
[1.132s] Level 1:colcon.colcon_core.package_identification:_identify(.) by extensions ['python_setup_py']
[1.132s] Level 1:colcon.colcon_core.package_identification:_identify(.) by extension 'python_setup_py'
[1.133s] Level 1:colcon.colcon_core.package_identification:_identify(ComP_demo_ws) by extensions ['ignore', 'ignore_ament_install']
[1.133s] Level 1:colcon.colcon_core.package_identification:_identify(ComP_demo_ws) by extension 'ignore'
[1.133s] Level 1:colcon.colcon_core.package_identification:_identify(ComP_demo_ws) by extension 'ignore_ament_install'
[1.133s] Level 1:colcon.colcon_core.package_identification:_identify(ComP_demo_ws) by extensions ['colcon_pkg']
[1.134s] Level 1:colcon.colcon_core.package_identification:_identify(ComP_demo_ws) by extension 'colcon_pkg'
[1.134s] Level 1:colcon.colcon_core.package_identification:_identify(ComP_demo_ws) by extensions ['colcon_meta']
[1.134s] Level 1:colcon.colcon_core.package_identification:_identify(ComP_demo_ws) by extension 'colcon_meta'
[1.134s] Level 1:colcon.colcon_core.package_identification:_identify(ComP_demo_ws) by extensions ['ros']
[1.134s] Level 1:colcon.colcon_core.package_identification:_identify(ComP_demo_ws) by extension 'ros'
[1.134s] Level 1:colcon.colcon_core.package_identification:_identify(ComP_demo_ws) by extensions ['cmake', 'python']
[1.134s] Level 1:colcon.colcon_core.package_identification:_identify(ComP_demo_ws) by extension 'cmake'
[1.134s] Level 1:colcon.colcon_core.package_identification:_identify(ComP_demo_ws) by extension 'python'
[1.134s] Level 1:colcon.colcon_core.package_identification:_identify(ComP_demo_ws) by extensions ['python_setup_py']
[1.134s] Level 1:colcon.colcon_core.package_identification:_identify(ComP_demo_ws) by extension 'python_setup_py'
[1.135s] Level 1:colcon.colcon_core.package_identification:_identify(ComP_demo_ws/build) by extensions ['ignore', 'ignore_ament_install']
[1.135s] Level 1:colcon.colcon_core.package_identification:_identify(ComP_demo_ws/build) by extension 'ignore'
[1.135s] Level 1:colcon.colcon_core.package_identification:_identify(ComP_demo_ws/build) ignored
[1.135s] Level 1:colcon.colcon_core.package_identification:_identify(ComP_demo_ws/install) by extensions ['ignore', 'ignore_ament_install']
[1.136s] Level 1:colcon.colcon_core.package_identification:_identify(ComP_demo_ws/install) by extension 'ignore'
[1.136s] Level 1:colcon.colcon_core.package_identification:_identify(ComP_demo_ws/install) ignored
[1.136s] Level 1:colcon.colcon_core.package_identification:_identify(ComP_demo_ws/log) by extensions ['ignore', 'ignore_ament_install']
[1.138s] Level 1:colcon.colcon_core.package_identification:_identify(ComP_demo_ws/log) by extension 'ignore'
[1.138s] Level 1:colcon.colcon_core.package_identification:_identify(ComP_demo_ws/log) ignored
[1.138s] Level 1:colcon.colcon_core.package_identification:_identify(ComP_demo_ws/src) by extensions ['ignore', 'ignore_ament_install']
[1.141s] Level 1:colcon.colcon_core.package_identification:_identify(ComP_demo_ws/src) by extension 'ignore'
[1.141s] Level 1:colcon.colcon_core.package_identification:_identify(ComP_demo_ws/src) by extension 'ignore_ament_install'
[1.142s] Level 1:colcon.colcon_core.package_identification:_identify(ComP_demo_ws/src) by extensions ['colcon_pkg']
[1.142s] Level 1:colcon.colcon_core.package_identification:_identify(ComP_demo_ws/src) by extension 'colcon_pkg'
[1.142s] Level 1:colcon.colcon_core.package_identification:_identify(ComP_demo_ws/src) by extensions ['colcon_meta']
[1.142s] Level 1:colcon.colcon_core.package_identification:_identify(ComP_demo_ws/src) by extension 'colcon_meta'
[1.142s] Level 1:colcon.colcon_core.package_identification:_identify(ComP_demo_ws/src) by extensions ['ros']
[1.142s] Level 1:colcon.colcon_core.package_identification:_identify(ComP_demo_ws/src) by extension 'ros'
[1.142s] Level 1:colcon.colcon_core.package_identification:_identify(ComP_demo_ws/src) by extensions ['cmake', 'python']
[1.142s] Level 1:colcon.colcon_core.package_identification:_identify(ComP_demo_ws/src) by extension 'cmake'
[1.142s] Level 1:colcon.colcon_core.package_identification:_identify(ComP_demo_ws/src) by extension 'python'
[1.143s] Level 1:colcon.colcon_core.package_identification:_identify(ComP_demo_ws/src) by extensions ['python_setup_py']
[1.143s] Level 1:colcon.colcon_core.package_identification:_identify(ComP_demo_ws/src) by extension 'python_setup_py'
[1.143s] Level 1:colcon.colcon_core.package_identification:_identify(ComP_demo_ws/src/comp_topic_rclcpp) by extensions ['ignore', 'ignore_ament_install']
[1.144s] Level 1:colcon.colcon_core.package_identification:_identify(ComP_demo_ws/src/comp_topic_rclcpp) by extension 'ignore'
[1.146s] Level 1:colcon.colcon_core.package_identification:_identify(ComP_demo_ws/src/comp_topic_rclcpp) by extension 'ignore_ament_install'
[1.146s] Level 1:colcon.colcon_core.package_identification:_identify(ComP_demo_ws/src/comp_topic_rclcpp) by extensions ['colcon_pkg']
[1.146s] Level 1:colcon.colcon_core.package_identification:_identify(ComP_demo_ws/src/comp_topic_rclcpp) by extension 'colcon_pkg'
[1.146s] Level 1:colcon.colcon_core.package_identification:_identify(ComP_demo_ws/src/comp_topic_rclcpp) by extensions ['colcon_meta']
[1.146s] Level 1:colcon.colcon_core.package_identification:_identify(ComP_demo_ws/src/comp_topic_rclcpp) by extension 'colcon_meta'
[1.147s] Level 1:colcon.colcon_core.package_identification:_identify(ComP_demo_ws/src/comp_topic_rclcpp) by extensions ['ros']
[1.147s] Level 1:colcon.colcon_core.package_identification:_identify(ComP_demo_ws/src/comp_topic_rclcpp) by extension 'ros'
[1.155s] DEBUG:colcon.colcon_core.package_identification:Package 'ComP_demo_ws/src/comp_topic_rclcpp' with type 'ros.ament_cmake' and name 'comp_topic_rclcpp'
[1.156s] Level 1:colcon.colcon_core.package_identification:_identify(build) by extensions ['ignore', 'ignore_ament_install']
[1.157s] Level 1:colcon.colcon_core.package_identification:_identify(build) by extension 'ignore'
[1.157s] Level 1:colcon.colcon_core.package_identification:_identify(build) ignored
[1.158s] Level 1:colcon.colcon_core.package_identification:_identify(install) by extensions ['ignore', 'ignore_ament_install']
[1.158s] Level 1:colcon.colcon_core.package_identification:_identify(install) by extension 'ignore'
[1.158s] Level 1:colcon.colcon_core.package_identification:_identify(install) ignored
[1.158s] Level 1:colcon.colcon_core.package_identification:_identify(log) by extensions ['ignore', 'ignore_ament_install']
[1.159s] Level 1:colcon.colcon_core.package_identification:_identify(log) by extension 'ignore'
[1.159s] Level 1:colcon.colcon_core.package_identification:_identify(log) ignored
[1.159s] Level 1:colcon.colcon_core.package_discovery:discover_packages(recursive) using defaults
[1.160s] Level 1:colcon.colcon_core.package_discovery:discover_packages(ignore) discover
[1.160s] Level 1:colcon.colcon_core.package_discovery:discover_packages(ignore) using defaults
[1.160s] Level 1:colcon.colcon_core.package_discovery:discover_packages(path) discover
[1.160s] Level 1:colcon.colcon_core.package_discovery:discover_packages(path) using defaults
[1.233s] Level 1:colcon.colcon_core.package_discovery:discover_packages(prefix_path) check parameters
[1.233s] Level 1:colcon.colcon_core.package_discovery:discover_packages(prefix_path) discover
[1.242s] DEBUG:colcon.colcon_installed_package_information.package_discovery:Found 270 installed packages in /opt/ros/humble
[1.248s] Level 1:colcon.colcon_core.package_discovery:discover_packages(prefix_path) using defaults
[1.434s] Level 5:colcon.colcon_core.verb:set package 'comp_topic_rclcpp' build argument 'cmake_args' from command line to 'None'
[1.436s] Level 5:colcon.colcon_core.verb:set package 'comp_topic_rclcpp' build argument 'cmake_target' from command line to 'None'
[1.436s] Level 5:colcon.colcon_core.verb:set package 'comp_topic_rclcpp' build argument 'cmake_target_skip_unavailable' from command line to 'False'
[1.437s] Level 5:colcon.colcon_core.verb:set package 'comp_topic_rclcpp' build argument 'cmake_clean_cache' from command line to 'False'
[1.438s] Level 5:colcon.colcon_core.verb:set package 'comp_topic_rclcpp' build argument 'cmake_clean_first' from command line to 'False'
[1.438s] Level 5:colcon.colcon_core.verb:set package 'comp_topic_rclcpp' build argument 'cmake_force_configure' from command line to 'False'
[1.438s] Level 5:colcon.colcon_core.verb:set package 'comp_topic_rclcpp' build argument 'ament_cmake_args' from command line to 'None'
[1.438s] Level 5:colcon.colcon_core.verb:set package 'comp_topic_rclcpp' build argument 'catkin_cmake_args' from command line to 'None'
[1.438s] Level 5:colcon.colcon_core.verb:set package 'comp_topic_rclcpp' build argument 'catkin_skip_building_tests' from command line to 'False'
[1.439s] DEBUG:colcon.colcon_core.verb:Building package 'comp_topic_rclcpp' with the following arguments: {'ament_cmake_args': None, 'build_base': '/home/ros/ros2proj/ComP_demo/build/comp_topic_rclcpp', 'catkin_cmake_args': None, 'catkin_skip_building_tests': False, 'cmake_args': None, 'cmake_clean_cache': False, 'cmake_clean_first': False, 'cmake_force_configure': False, 'cmake_target': None, 'cmake_target_skip_unavailable': False, 'install_base': '/home/ros/ros2proj/ComP_demo/install/comp_topic_rclcpp', 'merge_install': False, 'path': '/home/ros/ros2proj/ComP_demo/ComP_demo_ws/src/comp_topic_rclcpp', 'symlink_install': False, 'test_result_base': None}
[1.440s] INFO:colcon.colcon_core.executor:Executing jobs using 'parallel' executor
[1.446s] DEBUG:colcon.colcon_parallel_executor.executor.parallel:run_until_complete
[1.447s] INFO:colcon.colcon_ros.task.ament_cmake.build:Building ROS package in '/home/ros/ros2proj/ComP_demo/ComP_demo_ws/src/comp_topic_rclcpp' with build type 'ament_cmake'
[1.447s] INFO:colcon.colcon_cmake.task.cmake.build:Building CMake package in '/home/ros/ros2proj/ComP_demo/ComP_demo_ws/src/comp_topic_rclcpp'
[1.455s] INFO:colcon.colcon_core.plugin_system:Skipping extension 'colcon_core.shell.bat': Not used on non-Windows systems
[1.457s] INFO:colcon.colcon_core.shell:Skip shell extension 'powershell' for command environment: Not usable outside of PowerShell
[1.458s] DEBUG:colcon.colcon_core.shell:Skip shell extension 'dsv' for command environment
[1.482s] DEBUG:colcon.colcon_core.event_handler.log_command:Invoking command in '/home/ros/ros2proj/ComP_demo/build/comp_topic_rclcpp': CMAKE_PREFIX_PATH=/opt/ros/humble CONDA_PROMPT_MODIFIER=(ros2) /usr/bin/cmake /home/ros/ros2proj/ComP_demo/ComP_demo_ws/src/comp_topic_rclcpp -DCMAKE_INSTALL_PREFIX=/home/ros/ros2proj/ComP_demo/install/comp_topic_rclcpp
[4.327s] DEBUG:colcon.colcon_core.event_handler.log_command:Invoked command in '/home/ros/ros2proj/ComP_demo/build/comp_topic_rclcpp' returned '1': CMAKE_PREFIX_PATH=/opt/ros/humble CONDA_PROMPT_MODIFIER=(ros2) /usr/bin/cmake /home/ros/ros2proj/ComP_demo/ComP_demo_ws/src/comp_topic_rclcpp -DCMAKE_INSTALL_PREFIX=/home/ros/ros2proj/ComP_demo/install/comp_topic_rclcpp
[4.366s] Level 1:colcon.colcon_core.environment:create_environment_scripts_only(comp_topic_rclcpp)
[4.378s] Level 1:colcon.colcon_core.environment:checking '/home/ros/ros2proj/ComP_demo/install/comp_topic_rclcpp' for CMake module files
[4.380s] Level 1:colcon.colcon_core.environment:checking '/home/ros/ros2proj/ComP_demo/install/comp_topic_rclcpp' for CMake config files
[4.381s] Level 1:colcon.colcon_core.environment:checking '/home/ros/ros2proj/ComP_demo/install/comp_topic_rclcpp/bin'
[4.383s] Level 1:colcon.colcon_core.environment:checking '/home/ros/ros2proj/ComP_demo/install/comp_topic_rclcpp/lib/pkgconfig/comp_topic_rclcpp.pc'
[4.384s] Level 1:colcon.colcon_core.environment:checking '/home/ros/ros2proj/ComP_demo/install/comp_topic_rclcpp/lib/python3.10/site-packages'
[4.385s] Level 1:colcon.colcon_core.environment:checking '/home/ros/ros2proj/ComP_demo/install/comp_topic_rclcpp/bin'
[4.385s] INFO:colcon.colcon_core.shell:Creating package script '/home/ros/ros2proj/ComP_demo/install/comp_topic_rclcpp/share/comp_topic_rclcpp/package.ps1'
[4.390s] INFO:colcon.colcon_core.shell:Creating package descriptor '/home/ros/ros2proj/ComP_demo/install/comp_topic_rclcpp/share/comp_topic_rclcpp/package.dsv'
[4.391s] INFO:colcon.colcon_core.shell:Creating package script '/home/ros/ros2proj/ComP_demo/install/comp_topic_rclcpp/share/comp_topic_rclcpp/package.sh'
[4.393s] INFO:colcon.colcon_core.shell:Creating package script '/home/ros/ros2proj/ComP_demo/install/comp_topic_rclcpp/share/comp_topic_rclcpp/package.bash'
[4.395s] INFO:colcon.colcon_core.shell:Creating package script '/home/ros/ros2proj/ComP_demo/install/comp_topic_rclcpp/share/comp_topic_rclcpp/package.zsh'
[4.397s] Level 1:colcon.colcon_core.environment:create_file_with_runtime_dependencies(/home/ros/ros2proj/ComP_demo/install/comp_topic_rclcpp/share/colcon-core/packages/comp_topic_rclcpp)
[4.409s] DEBUG:colcon.colcon_parallel_executor.executor.parallel:closing loop
[4.410s] DEBUG:colcon.colcon_parallel_executor.executor.parallel:loop closed
[4.410s] DEBUG:colcon.colcon_parallel_executor.executor.parallel:run_until_complete finished with '1'
[4.410s] DEBUG:colcon.colcon_core.event_reactor:joining thread
[4.430s] INFO:colcon.colcon_core.plugin_system:Skipping extension 'colcon_notification.desktop_notification.terminal_notifier': Not used on non-Darwin systems
[4.431s] INFO:colcon.colcon_core.plugin_system:Skipping extension 'colcon_notification.desktop_notification.win32': Not used on non-Windows systems
[4.431s] INFO:colcon.colcon_notification.desktop_notification:Sending desktop notification using 'notify2'
[4.486s] DEBUG:colcon.colcon_core.event_reactor:joined thread
[4.488s] INFO:colcon.colcon_core.shell:Creating prefix script '/home/ros/ros2proj/ComP_demo/install/local_setup.ps1'
[4.492s] INFO:colcon.colcon_core.shell:Creating prefix util module '/home/ros/ros2proj/ComP_demo/install/_local_setup_util_ps1.py'
[4.495s] INFO:colcon.colcon_core.shell:Creating prefix chain script '/home/ros/ros2proj/ComP_demo/install/setup.ps1'
[4.498s] INFO:colcon.colcon_core.shell:Creating prefix script '/home/ros/ros2proj/ComP_demo/install/local_setup.sh'
[4.501s] INFO:colcon.colcon_core.shell:Creating prefix util module '/home/ros/ros2proj/ComP_demo/install/_local_setup_util_sh.py'
[4.504s] INFO:colcon.colcon_core.shell:Creating prefix chain script '/home/ros/ros2proj/ComP_demo/install/setup.sh'
[4.508s] INFO:colcon.colcon_core.shell:Creating prefix script '/home/ros/ros2proj/ComP_demo/install/local_setup.bash'
[4.511s] INFO:colcon.colcon_core.shell:Creating prefix chain script '/home/ros/ros2proj/ComP_demo/install/setup.bash'
[4.516s] INFO:colcon.colcon_core.shell:Creating prefix script '/home/ros/ros2proj/ComP_demo/install/local_setup.zsh'
[4.520s] INFO:colcon.colcon_core.shell:Creating prefix chain script '/home/ros/ros2proj/ComP_demo/install/setup.zsh'
