[0.055s] Invoking command in '/home/ros/ros2proj/ComP_demo/ComP_demo_ws/build/comp_topic_rclcpp': CMAKE_PREFIX_PATH=/opt/ros/humble /usr/bin/cmake --build /home/ros/ros2proj/ComP_demo/ComP_demo_ws/build/comp_topic_rclcpp -- -j2 -l2
[0.246s] [  1%] Built target comp_topic_rclcpp__cpp
[0.318s] [ 10%] Built target comp_topic_rclcpp__rosidl_generator_c
[0.429s] [ 10%] Built target ament_cmake_python_copy_comp_topic_rclcpp
[0.547s] [ 13%] Built target CameraTimer
[0.646s] [ 22%] Built target comp_topic_rclcpp__rosidl_typesupport_cpp
[0.739s] [ 32%] Built target comp_topic_rclcpp__rosidl_typesupport_fastrtps_c
[0.845s] [ 41%] Built target comp_topic_rclcpp__rosidl_typesupport_fastrtps_cpp
[0.942s] [ 51%] Built target comp_topic_rclcpp__rosidl_typesupport_introspection_c
[1.008s] [ 60%] Built target comp_topic_rclcpp__rosidl_typesupport_c
[1.092s] [ 70%] Built target comp_topic_rclcpp__rosidl_typesupport_introspection_cpp
[1.953s] running egg_info
[1.961s] writing comp_topic_rclcpp.egg-info/PKG-INFO
[1.964s] writing dependency_links to comp_topic_rclcpp.egg-info/dependency_links.txt
[1.971s] writing top-level names to comp_topic_rclcpp.egg-info/top_level.txt
[1.981s] reading manifest file 'comp_topic_rclcpp.egg-info/SOURCES.txt'
[1.983s] writing manifest file 'comp_topic_rclcpp.egg-info/SOURCES.txt'
[2.059s] [ 70%] Built target ament_cmake_python_build_comp_topic_rclcpp_egg
[2.150s] [ 71%] [32mBuilding CXX object CMakeFiles/Final.dir/src/Final.cpp.o[0m
[57.948s] [ 72%] [32m[1mLinking CXX executable Final[0m
[60.522s] [ 72%] Built target Final
[60.614s] [ 75%] Built target Tracker
[60.716s] [ 79%] Built target Lane
[60.807s] [ 82%] Built target Yolo
[60.869s] [ 82%] Built target comp_topic_rclcpp
[60.974s] [ 83%] Built target comp_topic_rclcpp__py
[61.067s] [ 91%] Built target comp_topic_rclcpp__rosidl_generator_py
[61.135s] [ 94%] Built target comp_topic_rclcpp__rosidl_typesupport_fastrtps_c__pyext
[61.209s] [ 97%] Built target comp_topic_rclcpp__rosidl_typesupport_introspection_c__pyext
[61.280s] [100%] Built target comp_topic_rclcpp__rosidl_typesupport_c__pyext
[61.335s] Invoked command in '/home/ros/ros2proj/ComP_demo/ComP_demo_ws/build/comp_topic_rclcpp' returned '0': CMAKE_PREFIX_PATH=/opt/ros/humble /usr/bin/cmake --build /home/ros/ros2proj/ComP_demo/ComP_demo_ws/build/comp_topic_rclcpp -- -j2 -l2
[62.014s] Invoking command in '/home/ros/ros2proj/ComP_demo/ComP_demo_ws/build/comp_topic_rclcpp': CMAKE_PREFIX_PATH=/opt/ros/humble /usr/bin/cmake --install /home/ros/ros2proj/ComP_demo/ComP_demo_ws/build/comp_topic_rclcpp
[62.080s] -- Install configuration: ""
[62.081s] -- Up-to-date: /home/ros/ros2proj/ComP_demo/ComP_demo_ws/install/comp_topic_rclcpp/share/ament_index/resource_index/rosidl_interfaces/comp_topic_rclcpp
[62.094s] -- Up-to-date: /home/ros/ros2proj/ComP_demo/ComP_demo_ws/install/comp_topic_rclcpp/include/comp_topic_rclcpp/comp_topic_rclcpp
[62.094s] -- Up-to-date: /home/ros/ros2proj/ComP_demo/ComP_demo_ws/install/comp_topic_rclcpp/include/comp_topic_rclcpp/comp_topic_rclcpp/msg
[62.094s] -- Up-to-date: /home/ros/ros2proj/ComP_demo/ComP_demo_ws/install/comp_topic_rclcpp/include/comp_topic_rclcpp/comp_topic_rclcpp/msg/point_detect.h
[62.095s] -- Up-to-date: /home/ros/ros2proj/ComP_demo/ComP_demo_ws/install/comp_topic_rclcpp/include/comp_topic_rclcpp/comp_topic_rclcpp/msg/rosidl_generator_c__visibility_control.h
[62.095s] -- Up-to-date: /home/ros/ros2proj/ComP_demo/ComP_demo_ws/install/comp_topic_rclcpp/include/comp_topic_rclcpp/comp_topic_rclcpp/msg/detail
[62.095s] -- Up-to-date: /home/ros/ros2proj/ComP_demo/ComP_demo_ws/install/comp_topic_rclcpp/include/comp_topic_rclcpp/comp_topic_rclcpp/msg/detail/lines_result__struct.h
[62.095s] -- Up-to-date: /home/ros/ros2proj/ComP_demo/ComP_demo_ws/install/comp_topic_rclcpp/include/comp_topic_rclcpp/comp_topic_rclcpp/msg/detail/yolo_piece__functions.c
[62.095s] -- Up-to-date: /home/ros/ros2proj/ComP_demo/ComP_demo_ws/install/comp_topic_rclcpp/include/comp_topic_rclcpp/comp_topic_rclcpp/msg/detail/point_detect__functions.h
[62.096s] -- Up-to-date: /home/ros/ros2proj/ComP_demo/ComP_demo_ws/install/comp_topic_rclcpp/include/comp_topic_rclcpp/comp_topic_rclcpp/msg/detail/lines_result__type_support.h
[62.096s] -- Up-to-date: /home/ros/ros2proj/ComP_demo/ComP_demo_ws/install/comp_topic_rclcpp/include/comp_topic_rclcpp/comp_topic_rclcpp/msg/detail/yolo_piece__struct.h
[62.096s] -- Up-to-date: /home/ros/ros2proj/ComP_demo/ComP_demo_ws/install/comp_topic_rclcpp/include/comp_topic_rclcpp/comp_topic_rclcpp/msg/detail/lines_result__functions.c
[62.096s] -- Up-to-date: /home/ros/ros2proj/ComP_demo/ComP_demo_ws/install/comp_topic_rclcpp/include/comp_topic_rclcpp/comp_topic_rclcpp/msg/detail/yolo_piece__type_support.h
[62.096s] -- Up-to-date: /home/ros/ros2proj/ComP_demo/ComP_demo_ws/install/comp_topic_rclcpp/include/comp_topic_rclcpp/comp_topic_rclcpp/msg/detail/lane_result__functions.h
[62.097s] -- Up-to-date: /home/ros/ros2proj/ComP_demo/ComP_demo_ws/install/comp_topic_rclcpp/include/comp_topic_rclcpp/comp_topic_rclcpp/msg/detail/lines_result__functions.h
[62.097s] -- Up-to-date: /home/ros/ros2proj/ComP_demo/ComP_demo_ws/install/comp_topic_rclcpp/include/comp_topic_rclcpp/comp_topic_rclcpp/msg/detail/point_detect__struct.h
[62.097s] -- Up-to-date: /home/ros/ros2proj/ComP_demo/ComP_demo_ws/install/comp_topic_rclcpp/include/comp_topic_rclcpp/comp_topic_rclcpp/msg/detail/yolo_result__functions.h
[62.097s] -- Up-to-date: /home/ros/ros2proj/ComP_demo/ComP_demo_ws/install/comp_topic_rclcpp/include/comp_topic_rclcpp/comp_topic_rclcpp/msg/detail/yolo_result__functions.c
[62.097s] -- Up-to-date: /home/ros/ros2proj/ComP_demo/ComP_demo_ws/install/comp_topic_rclcpp/include/comp_topic_rclcpp/comp_topic_rclcpp/msg/detail/tracker_result__type_support.h
[62.098s] -- Up-to-date: /home/ros/ros2proj/ComP_demo/ComP_demo_ws/install/comp_topic_rclcpp/include/comp_topic_rclcpp/comp_topic_rclcpp/msg/detail/lane_result__type_support.h
[62.098s] -- Up-to-date: /home/ros/ros2proj/ComP_demo/ComP_demo_ws/install/comp_topic_rclcpp/include/comp_topic_rclcpp/comp_topic_rclcpp/msg/detail/yolo_result__type_support.h
[62.098s] -- Up-to-date: /home/ros/ros2proj/ComP_demo/ComP_demo_ws/install/comp_topic_rclcpp/include/comp_topic_rclcpp/comp_topic_rclcpp/msg/detail/lane_result__functions.c
[62.098s] -- Up-to-date: /home/ros/ros2proj/ComP_demo/ComP_demo_ws/install/comp_topic_rclcpp/include/comp_topic_rclcpp/comp_topic_rclcpp/msg/detail/tracker_result__struct.h
[62.098s] -- Up-to-date: /home/ros/ros2proj/ComP_demo/ComP_demo_ws/install/comp_topic_rclcpp/include/comp_topic_rclcpp/comp_topic_rclcpp/msg/detail/tracker_result__functions.c
[62.098s] -- Up-to-date: /home/ros/ros2proj/ComP_demo/ComP_demo_ws/install/comp_topic_rclcpp/include/comp_topic_rclcpp/comp_topic_rclcpp/msg/detail/tracker_result__functions.h
[62.099s] -- Up-to-date: /home/ros/ros2proj/ComP_demo/ComP_demo_ws/install/comp_topic_rclcpp/include/comp_topic_rclcpp/comp_topic_rclcpp/msg/detail/yolo_piece__functions.h
[62.099s] -- Up-to-date: /home/ros/ros2proj/ComP_demo/ComP_demo_ws/install/comp_topic_rclcpp/include/comp_topic_rclcpp/comp_topic_rclcpp/msg/detail/lane_result__struct.h
[62.099s] -- Up-to-date: /home/ros/ros2proj/ComP_demo/ComP_demo_ws/install/comp_topic_rclcpp/include/comp_topic_rclcpp/comp_topic_rclcpp/msg/detail/point_detect__type_support.h
[62.099s] -- Up-to-date: /home/ros/ros2proj/ComP_demo/ComP_demo_ws/install/comp_topic_rclcpp/include/comp_topic_rclcpp/comp_topic_rclcpp/msg/detail/yolo_result__struct.h
[62.106s] -- Up-to-date: /home/ros/ros2proj/ComP_demo/ComP_demo_ws/install/comp_topic_rclcpp/include/comp_topic_rclcpp/comp_topic_rclcpp/msg/detail/point_detect__functions.c
[62.106s] -- Up-to-date: /home/ros/ros2proj/ComP_demo/ComP_demo_ws/install/comp_topic_rclcpp/include/comp_topic_rclcpp/comp_topic_rclcpp/msg/yolo_result.h
[62.109s] -- Up-to-date: /home/ros/ros2proj/ComP_demo/ComP_demo_ws/install/comp_topic_rclcpp/include/comp_topic_rclcpp/comp_topic_rclcpp/msg/lane_result.h
[62.109s] -- Up-to-date: /home/ros/ros2proj/ComP_demo/ComP_demo_ws/install/comp_topic_rclcpp/include/comp_topic_rclcpp/comp_topic_rclcpp/msg/lines_result.h
[62.112s] -- Up-to-date: /home/ros/ros2proj/ComP_demo/ComP_demo_ws/install/comp_topic_rclcpp/include/comp_topic_rclcpp/comp_topic_rclcpp/msg/yolo_piece.h
[62.115s] -- Up-to-date: /home/ros/ros2proj/ComP_demo/ComP_demo_ws/install/comp_topic_rclcpp/include/comp_topic_rclcpp/comp_topic_rclcpp/msg/tracker_result.h
[62.115s] -- Up-to-date: /home/ros/ros2proj/ComP_demo/ComP_demo_ws/install/comp_topic_rclcpp/share/comp_topic_rclcpp/environment/library_path.sh
[62.116s] -- Up-to-date: /home/ros/ros2proj/ComP_demo/ComP_demo_ws/install/comp_topic_rclcpp/share/comp_topic_rclcpp/environment/library_path.dsv
[62.116s] -- Up-to-date: /home/ros/ros2proj/ComP_demo/ComP_demo_ws/install/comp_topic_rclcpp/lib/libcomp_topic_rclcpp__rosidl_generator_c.so
[62.116s] -- Up-to-date: /home/ros/ros2proj/ComP_demo/ComP_demo_ws/install/comp_topic_rclcpp/include/comp_topic_rclcpp/comp_topic_rclcpp
[62.116s] -- Up-to-date: /home/ros/ros2proj/ComP_demo/ComP_demo_ws/install/comp_topic_rclcpp/include/comp_topic_rclcpp/comp_topic_rclcpp/msg
[62.116s] -- Up-to-date: /home/ros/ros2proj/ComP_demo/ComP_demo_ws/install/comp_topic_rclcpp/include/comp_topic_rclcpp/comp_topic_rclcpp/msg/detail
[62.116s] -- Up-to-date: /home/ros/ros2proj/ComP_demo/ComP_demo_ws/install/comp_topic_rclcpp/include/comp_topic_rclcpp/comp_topic_rclcpp/msg/detail/lane_result__rosidl_typesupport_fastrtps_c.h
[62.117s] -- Up-to-date: /home/ros/ros2proj/ComP_demo/ComP_demo_ws/install/comp_topic_rclcpp/include/comp_topic_rclcpp/comp_topic_rclcpp/msg/detail/lines_result__rosidl_typesupport_fastrtps_c.h
[62.117s] -- Up-to-date: /home/ros/ros2proj/ComP_demo/ComP_demo_ws/install/comp_topic_rclcpp/include/comp_topic_rclcpp/comp_topic_rclcpp/msg/detail/point_detect__rosidl_typesupport_fastrtps_c.h
[62.117s] -- Up-to-date: /home/ros/ros2proj/ComP_demo/ComP_demo_ws/install/comp_topic_rclcpp/include/comp_topic_rclcpp/comp_topic_rclcpp/msg/detail/yolo_result__rosidl_typesupport_fastrtps_c.h
[62.117s] -- Up-to-date: /home/ros/ros2proj/ComP_demo/ComP_demo_ws/install/comp_topic_rclcpp/include/comp_topic_rclcpp/comp_topic_rclcpp/msg/detail/yolo_piece__rosidl_typesupport_fastrtps_c.h
[62.122s] -- Up-to-date: /home/ros/ros2proj/ComP_demo/ComP_demo_ws/install/comp_topic_rclcpp/include/comp_topic_rclcpp/comp_topic_rclcpp/msg/detail/tracker_result__rosidl_typesupport_fastrtps_c.h
[62.123s] -- Up-to-date: /home/ros/ros2proj/ComP_demo/ComP_demo_ws/install/comp_topic_rclcpp/include/comp_topic_rclcpp/comp_topic_rclcpp/msg/rosidl_typesupport_fastrtps_c__visibility_control.h
[62.123s] -- Up-to-date: /home/ros/ros2proj/ComP_demo/ComP_demo_ws/install/comp_topic_rclcpp/lib/libcomp_topic_rclcpp__rosidl_typesupport_fastrtps_c.so
[62.127s] -- Up-to-date: /home/ros/ros2proj/ComP_demo/ComP_demo_ws/install/comp_topic_rclcpp/include/comp_topic_rclcpp/comp_topic_rclcpp
[62.128s] -- Up-to-date: /home/ros/ros2proj/ComP_demo/ComP_demo_ws/install/comp_topic_rclcpp/include/comp_topic_rclcpp/comp_topic_rclcpp/msg
[62.128s] -- Up-to-date: /home/ros/ros2proj/ComP_demo/ComP_demo_ws/install/comp_topic_rclcpp/include/comp_topic_rclcpp/comp_topic_rclcpp/msg/tracker_result.hpp
[62.128s] -- Up-to-date: /home/ros/ros2proj/ComP_demo/ComP_demo_ws/install/comp_topic_rclcpp/include/comp_topic_rclcpp/comp_topic_rclcpp/msg/detail
[62.128s] -- Up-to-date: /home/ros/ros2proj/ComP_demo/ComP_demo_ws/install/comp_topic_rclcpp/include/comp_topic_rclcpp/comp_topic_rclcpp/msg/detail/tracker_result__builder.hpp
[62.129s] -- Up-to-date: /home/ros/ros2proj/ComP_demo/ComP_demo_ws/install/comp_topic_rclcpp/include/comp_topic_rclcpp/comp_topic_rclcpp/msg/detail/yolo_result__struct.hpp
[62.129s] -- Up-to-date: /home/ros/ros2proj/ComP_demo/ComP_demo_ws/install/comp_topic_rclcpp/include/comp_topic_rclcpp/comp_topic_rclcpp/msg/detail/lane_result__traits.hpp
[62.129s] -- Up-to-date: /home/ros/ros2proj/ComP_demo/ComP_demo_ws/install/comp_topic_rclcpp/include/comp_topic_rclcpp/comp_topic_rclcpp/msg/detail/tracker_result__struct.hpp
[62.138s] -- Up-to-date: /home/ros/ros2proj/ComP_demo/ComP_demo_ws/install/comp_topic_rclcpp/include/comp_topic_rclcpp/comp_topic_rclcpp/msg/detail/yolo_result__traits.hpp
[62.138s] -- Up-to-date: /home/ros/ros2proj/ComP_demo/ComP_demo_ws/install/comp_topic_rclcpp/include/comp_topic_rclcpp/comp_topic_rclcpp/msg/detail/point_detect__builder.hpp
[62.138s] -- Up-to-date: /home/ros/ros2proj/ComP_demo/ComP_demo_ws/install/comp_topic_rclcpp/include/comp_topic_rclcpp/comp_topic_rclcpp/msg/detail/point_detect__struct.hpp
[62.138s] -- Up-to-date: /home/ros/ros2proj/ComP_demo/ComP_demo_ws/install/comp_topic_rclcpp/include/comp_topic_rclcpp/comp_topic_rclcpp/msg/detail/lines_result__struct.hpp
[62.139s] -- Up-to-date: /home/ros/ros2proj/ComP_demo/ComP_demo_ws/install/comp_topic_rclcpp/include/comp_topic_rclcpp/comp_topic_rclcpp/msg/detail/tracker_result__traits.hpp
[62.139s] -- Up-to-date: /home/ros/ros2proj/ComP_demo/ComP_demo_ws/install/comp_topic_rclcpp/include/comp_topic_rclcpp/comp_topic_rclcpp/msg/detail/point_detect__traits.hpp
[62.139s] -- Up-to-date: /home/ros/ros2proj/ComP_demo/ComP_demo_ws/install/comp_topic_rclcpp/include/comp_topic_rclcpp/comp_topic_rclcpp/msg/detail/yolo_piece__builder.hpp
[62.139s] -- Up-to-date: /home/ros/ros2proj/ComP_demo/ComP_demo_ws/install/comp_topic_rclcpp/include/comp_topic_rclcpp/comp_topic_rclcpp/msg/detail/lines_result__traits.hpp
[62.139s] -- Up-to-date: /home/ros/ros2proj/ComP_demo/ComP_demo_ws/install/comp_topic_rclcpp/include/comp_topic_rclcpp/comp_topic_rclcpp/msg/detail/yolo_result__builder.hpp
[62.140s] -- Up-to-date: /home/ros/ros2proj/ComP_demo/ComP_demo_ws/install/comp_topic_rclcpp/include/comp_topic_rclcpp/comp_topic_rclcpp/msg/detail/lane_result__struct.hpp
[62.140s] -- Up-to-date: /home/ros/ros2proj/ComP_demo/ComP_demo_ws/install/comp_topic_rclcpp/include/comp_topic_rclcpp/comp_topic_rclcpp/msg/detail/yolo_piece__struct.hpp
[62.140s] -- Up-to-date: /home/ros/ros2proj/ComP_demo/ComP_demo_ws/install/comp_topic_rclcpp/include/comp_topic_rclcpp/comp_topic_rclcpp/msg/detail/lines_result__builder.hpp
[62.140s] -- Up-to-date: /home/ros/ros2proj/ComP_demo/ComP_demo_ws/install/comp_topic_rclcpp/include/comp_topic_rclcpp/comp_topic_rclcpp/msg/detail/yolo_piece__traits.hpp
[62.148s] -- Up-to-date: /home/ros/ros2proj/ComP_demo/ComP_demo_ws/install/comp_topic_rclcpp/include/comp_topic_rclcpp/comp_topic_rclcpp/msg/detail/lane_result__builder.hpp
[62.148s] -- Up-to-date: /home/ros/ros2proj/ComP_demo/ComP_demo_ws/install/comp_topic_rclcpp/include/comp_topic_rclcpp/comp_topic_rclcpp/msg/lines_result.hpp
[62.149s] -- Up-to-date: /home/ros/ros2proj/ComP_demo/ComP_demo_ws/install/comp_topic_rclcpp/include/comp_topic_rclcpp/comp_topic_rclcpp/msg/yolo_result.hpp
[62.149s] -- Up-to-date: /home/ros/ros2proj/ComP_demo/ComP_demo_ws/install/comp_topic_rclcpp/include/comp_topic_rclcpp/comp_topic_rclcpp/msg/yolo_piece.hpp
[62.149s] -- Up-to-date: /home/ros/ros2proj/ComP_demo/ComP_demo_ws/install/comp_topic_rclcpp/include/comp_topic_rclcpp/comp_topic_rclcpp/msg/lane_result.hpp
[62.149s] -- Up-to-date: /home/ros/ros2proj/ComP_demo/ComP_demo_ws/install/comp_topic_rclcpp/include/comp_topic_rclcpp/comp_topic_rclcpp/msg/point_detect.hpp
[62.149s] -- Up-to-date: /home/ros/ros2proj/ComP_demo/ComP_demo_ws/install/comp_topic_rclcpp/include/comp_topic_rclcpp/comp_topic_rclcpp
[62.154s] -- Up-to-date: /home/ros/ros2proj/ComP_demo/ComP_demo_ws/install/comp_topic_rclcpp/include/comp_topic_rclcpp/comp_topic_rclcpp/msg
[62.155s] -- Up-to-date: /home/ros/ros2proj/ComP_demo/ComP_demo_ws/install/comp_topic_rclcpp/include/comp_topic_rclcpp/comp_topic_rclcpp/msg/detail
[62.155s] -- Up-to-date: /home/ros/ros2proj/ComP_demo/ComP_demo_ws/install/comp_topic_rclcpp/include/comp_topic_rclcpp/comp_topic_rclcpp/msg/detail/lines_result__rosidl_typesupport_fastrtps_cpp.hpp
[62.155s] -- Up-to-date: /home/ros/ros2proj/ComP_demo/ComP_demo_ws/install/comp_topic_rclcpp/include/comp_topic_rclcpp/comp_topic_rclcpp/msg/detail/tracker_result__rosidl_typesupport_fastrtps_cpp.hpp
[62.155s] -- Up-to-date: /home/ros/ros2proj/ComP_demo/ComP_demo_ws/install/comp_topic_rclcpp/include/comp_topic_rclcpp/comp_topic_rclcpp/msg/detail/dds_fastrtps
[62.156s] -- Up-to-date: /home/ros/ros2proj/ComP_demo/ComP_demo_ws/install/comp_topic_rclcpp/include/comp_topic_rclcpp/comp_topic_rclcpp/msg/detail/point_detect__rosidl_typesupport_fastrtps_cpp.hpp
[62.156s] -- Up-to-date: /home/ros/ros2proj/ComP_demo/ComP_demo_ws/install/comp_topic_rclcpp/include/comp_topic_rclcpp/comp_topic_rclcpp/msg/detail/yolo_piece__rosidl_typesupport_fastrtps_cpp.hpp
[62.156s] -- Up-to-date: /home/ros/ros2proj/ComP_demo/ComP_demo_ws/install/comp_topic_rclcpp/include/comp_topic_rclcpp/comp_topic_rclcpp/msg/detail/lane_result__rosidl_typesupport_fastrtps_cpp.hpp
[62.156s] -- Up-to-date: /home/ros/ros2proj/ComP_demo/ComP_demo_ws/install/comp_topic_rclcpp/include/comp_topic_rclcpp/comp_topic_rclcpp/msg/detail/yolo_result__rosidl_typesupport_fastrtps_cpp.hpp
[62.156s] -- Up-to-date: /home/ros/ros2proj/ComP_demo/ComP_demo_ws/install/comp_topic_rclcpp/include/comp_topic_rclcpp/comp_topic_rclcpp/msg/rosidl_typesupport_fastrtps_cpp__visibility_control.h
[62.157s] -- Up-to-date: /home/ros/ros2proj/ComP_demo/ComP_demo_ws/install/comp_topic_rclcpp/lib/libcomp_topic_rclcpp__rosidl_typesupport_fastrtps_cpp.so
[62.157s] -- Up-to-date: /home/ros/ros2proj/ComP_demo/ComP_demo_ws/install/comp_topic_rclcpp/include/comp_topic_rclcpp/comp_topic_rclcpp
[62.157s] -- Up-to-date: /home/ros/ros2proj/ComP_demo/ComP_demo_ws/install/comp_topic_rclcpp/include/comp_topic_rclcpp/comp_topic_rclcpp/msg
[62.157s] -- Up-to-date: /home/ros/ros2proj/ComP_demo/ComP_demo_ws/install/comp_topic_rclcpp/include/comp_topic_rclcpp/comp_topic_rclcpp/msg/detail
[62.157s] -- Up-to-date: /home/ros/ros2proj/ComP_demo/ComP_demo_ws/install/comp_topic_rclcpp/include/comp_topic_rclcpp/comp_topic_rclcpp/msg/detail/yolo_piece__type_support.c
[62.158s] -- Up-to-date: /home/ros/ros2proj/ComP_demo/ComP_demo_ws/install/comp_topic_rclcpp/include/comp_topic_rclcpp/comp_topic_rclcpp/msg/detail/lines_result__rosidl_typesupport_introspection_c.h
[62.158s] -- Up-to-date: /home/ros/ros2proj/ComP_demo/ComP_demo_ws/install/comp_topic_rclcpp/include/comp_topic_rclcpp/comp_topic_rclcpp/msg/detail/yolo_piece__rosidl_typesupport_introspection_c.h
[62.170s] -- Up-to-date: /home/ros/ros2proj/ComP_demo/ComP_demo_ws/install/comp_topic_rclcpp/include/comp_topic_rclcpp/comp_topic_rclcpp/msg/detail/tracker_result__rosidl_typesupport_introspection_c.h
[62.170s] -- Up-to-date: /home/ros/ros2proj/ComP_demo/ComP_demo_ws/install/comp_topic_rclcpp/include/comp_topic_rclcpp/comp_topic_rclcpp/msg/detail/point_detect__type_support.c
[62.171s] -- Up-to-date: /home/ros/ros2proj/ComP_demo/ComP_demo_ws/install/comp_topic_rclcpp/include/comp_topic_rclcpp/comp_topic_rclcpp/msg/detail/lane_result__type_support.c
[62.171s] -- Up-to-date: /home/ros/ros2proj/ComP_demo/ComP_demo_ws/install/comp_topic_rclcpp/include/comp_topic_rclcpp/comp_topic_rclcpp/msg/detail/tracker_result__type_support.c
[62.174s] -- Up-to-date: /home/ros/ros2proj/ComP_demo/ComP_demo_ws/install/comp_topic_rclcpp/include/comp_topic_rclcpp/comp_topic_rclcpp/msg/detail/lines_result__type_support.c
[62.174s] -- Up-to-date: /home/ros/ros2proj/ComP_demo/ComP_demo_ws/install/comp_topic_rclcpp/include/comp_topic_rclcpp/comp_topic_rclcpp/msg/detail/point_detect__rosidl_typesupport_introspection_c.h
[62.175s] -- Up-to-date: /home/ros/ros2proj/ComP_demo/ComP_demo_ws/install/comp_topic_rclcpp/include/comp_topic_rclcpp/comp_topic_rclcpp/msg/detail/yolo_result__type_support.c
[62.175s] -- Up-to-date: /home/ros/ros2proj/ComP_demo/ComP_demo_ws/install/comp_topic_rclcpp/include/comp_topic_rclcpp/comp_topic_rclcpp/msg/detail/yolo_result__rosidl_typesupport_introspection_c.h
[62.175s] -- Up-to-date: /home/ros/ros2proj/ComP_demo/ComP_demo_ws/install/comp_topic_rclcpp/include/comp_topic_rclcpp/comp_topic_rclcpp/msg/detail/lane_result__rosidl_typesupport_introspection_c.h
[62.175s] -- Up-to-date: /home/ros/ros2proj/ComP_demo/ComP_demo_ws/install/comp_topic_rclcpp/include/comp_topic_rclcpp/comp_topic_rclcpp/msg/rosidl_typesupport_introspection_c__visibility_control.h
[62.176s] -- Up-to-date: /home/ros/ros2proj/ComP_demo/ComP_demo_ws/install/comp_topic_rclcpp/lib/libcomp_topic_rclcpp__rosidl_typesupport_introspection_c.so
[62.176s] -- Up-to-date: /home/ros/ros2proj/ComP_demo/ComP_demo_ws/install/comp_topic_rclcpp/lib/libcomp_topic_rclcpp__rosidl_typesupport_c.so
[62.176s] -- Up-to-date: /home/ros/ros2proj/ComP_demo/ComP_demo_ws/install/comp_topic_rclcpp/include/comp_topic_rclcpp/comp_topic_rclcpp
[62.176s] -- Up-to-date: /home/ros/ros2proj/ComP_demo/ComP_demo_ws/install/comp_topic_rclcpp/include/comp_topic_rclcpp/comp_topic_rclcpp/msg
[62.176s] -- Up-to-date: /home/ros/ros2proj/ComP_demo/ComP_demo_ws/install/comp_topic_rclcpp/include/comp_topic_rclcpp/comp_topic_rclcpp/msg/detail
[62.177s] -- Up-to-date: /home/ros/ros2proj/ComP_demo/ComP_demo_ws/install/comp_topic_rclcpp/include/comp_topic_rclcpp/comp_topic_rclcpp/msg/detail/lane_result__rosidl_typesupport_introspection_cpp.hpp
[62.177s] -- Up-to-date: /home/ros/ros2proj/ComP_demo/ComP_demo_ws/install/comp_topic_rclcpp/include/comp_topic_rclcpp/comp_topic_rclcpp/msg/detail/yolo_result__type_support.cpp
[62.177s] -- Up-to-date: /home/ros/ros2proj/ComP_demo/ComP_demo_ws/install/comp_topic_rclcpp/include/comp_topic_rclcpp/comp_topic_rclcpp/msg/detail/yolo_result__rosidl_typesupport_introspection_cpp.hpp
[62.183s] -- Up-to-date: /home/ros/ros2proj/ComP_demo/ComP_demo_ws/install/comp_topic_rclcpp/include/comp_topic_rclcpp/comp_topic_rclcpp/msg/detail/yolo_piece__type_support.cpp
[62.183s] -- Up-to-date: /home/ros/ros2proj/ComP_demo/ComP_demo_ws/install/comp_topic_rclcpp/include/comp_topic_rclcpp/comp_topic_rclcpp/msg/detail/point_detect__rosidl_typesupport_introspection_cpp.hpp
[62.184s] -- Up-to-date: /home/ros/ros2proj/ComP_demo/ComP_demo_ws/install/comp_topic_rclcpp/include/comp_topic_rclcpp/comp_topic_rclcpp/msg/detail/yolo_piece__rosidl_typesupport_introspection_cpp.hpp
[62.184s] -- Up-to-date: /home/ros/ros2proj/ComP_demo/ComP_demo_ws/install/comp_topic_rclcpp/include/comp_topic_rclcpp/comp_topic_rclcpp/msg/detail/lines_result__rosidl_typesupport_introspection_cpp.hpp
[62.184s] -- Up-to-date: /home/ros/ros2proj/ComP_demo/ComP_demo_ws/install/comp_topic_rclcpp/include/comp_topic_rclcpp/comp_topic_rclcpp/msg/detail/lane_result__type_support.cpp
[62.184s] -- Up-to-date: /home/ros/ros2proj/ComP_demo/ComP_demo_ws/install/comp_topic_rclcpp/include/comp_topic_rclcpp/comp_topic_rclcpp/msg/detail/tracker_result__rosidl_typesupport_introspection_cpp.hpp
[62.188s] -- Up-to-date: /home/ros/ros2proj/ComP_demo/ComP_demo_ws/install/comp_topic_rclcpp/include/comp_topic_rclcpp/comp_topic_rclcpp/msg/detail/lines_result__type_support.cpp
[62.189s] -- Up-to-date: /home/ros/ros2proj/ComP_demo/ComP_demo_ws/install/comp_topic_rclcpp/include/comp_topic_rclcpp/comp_topic_rclcpp/msg/detail/point_detect__type_support.cpp
[62.189s] -- Up-to-date: /home/ros/ros2proj/ComP_demo/ComP_demo_ws/install/comp_topic_rclcpp/include/comp_topic_rclcpp/comp_topic_rclcpp/msg/detail/tracker_result__type_support.cpp
[62.189s] -- Up-to-date: /home/ros/ros2proj/ComP_demo/ComP_demo_ws/install/comp_topic_rclcpp/lib/libcomp_topic_rclcpp__rosidl_typesupport_introspection_cpp.so
[62.190s] -- Up-to-date: /home/ros/ros2proj/ComP_demo/ComP_demo_ws/install/comp_topic_rclcpp/lib/libcomp_topic_rclcpp__rosidl_typesupport_cpp.so
[62.190s] -- Up-to-date: /home/ros/ros2proj/ComP_demo/ComP_demo_ws/install/comp_topic_rclcpp/share/comp_topic_rclcpp/environment/pythonpath.sh
[62.190s] -- Up-to-date: /home/ros/ros2proj/ComP_demo/ComP_demo_ws/install/comp_topic_rclcpp/share/comp_topic_rclcpp/environment/pythonpath.dsv
[62.190s] -- Up-to-date: /home/ros/ros2proj/ComP_demo/ComP_demo_ws/install/comp_topic_rclcpp/local/lib/python3.10/dist-packages/comp_topic_rclcpp-0.0.0-py3.10.egg-info
[62.194s] -- Installing: /home/ros/ros2proj/ComP_demo/ComP_demo_ws/install/comp_topic_rclcpp/local/lib/python3.10/dist-packages/comp_topic_rclcpp-0.0.0-py3.10.egg-info/PKG-INFO
[62.195s] -- Installing: /home/ros/ros2proj/ComP_demo/ComP_demo_ws/install/comp_topic_rclcpp/local/lib/python3.10/dist-packages/comp_topic_rclcpp-0.0.0-py3.10.egg-info/SOURCES.txt
[62.195s] -- Installing: /home/ros/ros2proj/ComP_demo/ComP_demo_ws/install/comp_topic_rclcpp/local/lib/python3.10/dist-packages/comp_topic_rclcpp-0.0.0-py3.10.egg-info/dependency_links.txt
[62.195s] -- Installing: /home/ros/ros2proj/ComP_demo/ComP_demo_ws/install/comp_topic_rclcpp/local/lib/python3.10/dist-packages/comp_topic_rclcpp-0.0.0-py3.10.egg-info/top_level.txt
[62.195s] -- Up-to-date: /home/ros/ros2proj/ComP_demo/ComP_demo_ws/install/comp_topic_rclcpp/local/lib/python3.10/dist-packages/comp_topic_rclcpp
[62.198s] -- Up-to-date: /home/ros/ros2proj/ComP_demo/ComP_demo_ws/install/comp_topic_rclcpp/local/lib/python3.10/dist-packages/comp_topic_rclcpp/_comp_topic_rclcpp_s.ep.rosidl_typesupport_fastrtps_c.c
[62.198s] -- Up-to-date: /home/ros/ros2proj/ComP_demo/ComP_demo_ws/install/comp_topic_rclcpp/local/lib/python3.10/dist-packages/comp_topic_rclcpp/libcomp_topic_rclcpp__rosidl_generator_py.so
[62.198s] -- Up-to-date: /home/ros/ros2proj/ComP_demo/ComP_demo_ws/install/comp_topic_rclcpp/local/lib/python3.10/dist-packages/comp_topic_rclcpp/comp_topic_rclcpp_s__rosidl_typesupport_c.cpython-310-x86_64-linux-gnu.so
[62.199s] -- Up-to-date: /home/ros/ros2proj/ComP_demo/ComP_demo_ws/install/comp_topic_rclcpp/local/lib/python3.10/dist-packages/comp_topic_rclcpp/__init__.py
[62.199s] -- Up-to-date: /home/ros/ros2proj/ComP_demo/ComP_demo_ws/install/comp_topic_rclcpp/local/lib/python3.10/dist-packages/comp_topic_rclcpp/comp_topic_rclcpp_s__rosidl_typesupport_fastrtps_c.cpython-310-x86_64-linux-gnu.so
[62.199s] -- Up-to-date: /home/ros/ros2proj/ComP_demo/ComP_demo_ws/install/comp_topic_rclcpp/local/lib/python3.10/dist-packages/comp_topic_rclcpp/_comp_topic_rclcpp_s.ep.rosidl_typesupport_c.c
[62.199s] -- Up-to-date: /home/ros/ros2proj/ComP_demo/ComP_demo_ws/install/comp_topic_rclcpp/local/lib/python3.10/dist-packages/comp_topic_rclcpp/msg
[62.199s] -- Up-to-date: /home/ros/ros2proj/ComP_demo/ComP_demo_ws/install/comp_topic_rclcpp/local/lib/python3.10/dist-packages/comp_topic_rclcpp/msg/_yolo_piece_s.c
[62.200s] -- Up-to-date: /home/ros/ros2proj/ComP_demo/ComP_demo_ws/install/comp_topic_rclcpp/local/lib/python3.10/dist-packages/comp_topic_rclcpp/msg/_lines_result_s.c
[62.204s] -- Up-to-date: /home/ros/ros2proj/ComP_demo/ComP_demo_ws/install/comp_topic_rclcpp/local/lib/python3.10/dist-packages/comp_topic_rclcpp/msg/_lines_result.py
[62.205s] -- Up-to-date: /home/ros/ros2proj/ComP_demo/ComP_demo_ws/install/comp_topic_rclcpp/local/lib/python3.10/dist-packages/comp_topic_rclcpp/msg/__init__.py
[62.205s] -- Up-to-date: /home/ros/ros2proj/ComP_demo/ComP_demo_ws/install/comp_topic_rclcpp/local/lib/python3.10/dist-packages/comp_topic_rclcpp/msg/_tracker_result.py
[62.205s] -- Up-to-date: /home/ros/ros2proj/ComP_demo/ComP_demo_ws/install/comp_topic_rclcpp/local/lib/python3.10/dist-packages/comp_topic_rclcpp/msg/_lane_result_s.c
[62.205s] -- Up-to-date: /home/ros/ros2proj/ComP_demo/ComP_demo_ws/install/comp_topic_rclcpp/local/lib/python3.10/dist-packages/comp_topic_rclcpp/msg/_point_detect_s.c
[62.205s] -- Up-to-date: /home/ros/ros2proj/ComP_demo/ComP_demo_ws/install/comp_topic_rclcpp/local/lib/python3.10/dist-packages/comp_topic_rclcpp/msg/_point_detect.py
[62.208s] -- Up-to-date: /home/ros/ros2proj/ComP_demo/ComP_demo_ws/install/comp_topic_rclcpp/local/lib/python3.10/dist-packages/comp_topic_rclcpp/msg/_yolo_piece.py
[62.208s] -- Up-to-date: /home/ros/ros2proj/ComP_demo/ComP_demo_ws/install/comp_topic_rclcpp/local/lib/python3.10/dist-packages/comp_topic_rclcpp/msg/_lane_result.py
[62.208s] -- Up-to-date: /home/ros/ros2proj/ComP_demo/ComP_demo_ws/install/comp_topic_rclcpp/local/lib/python3.10/dist-packages/comp_topic_rclcpp/msg/_tracker_result_s.c
[62.209s] -- Up-to-date: /home/ros/ros2proj/ComP_demo/ComP_demo_ws/install/comp_topic_rclcpp/local/lib/python3.10/dist-packages/comp_topic_rclcpp/msg/_yolo_result_s.c
[62.209s] -- Up-to-date: /home/ros/ros2proj/ComP_demo/ComP_demo_ws/install/comp_topic_rclcpp/local/lib/python3.10/dist-packages/comp_topic_rclcpp/msg/_yolo_result.py
[62.209s] -- Up-to-date: /home/ros/ros2proj/ComP_demo/ComP_demo_ws/install/comp_topic_rclcpp/local/lib/python3.10/dist-packages/comp_topic_rclcpp/_comp_topic_rclcpp_s.ep.rosidl_typesupport_introspection_c.c
[62.209s] -- Up-to-date: /home/ros/ros2proj/ComP_demo/ComP_demo_ws/install/comp_topic_rclcpp/local/lib/python3.10/dist-packages/comp_topic_rclcpp/comp_topic_rclcpp_s__rosidl_typesupport_introspection_c.cpython-310-x86_64-linux-gnu.so
[62.283s] Listing '/home/ros/ros2proj/ComP_demo/ComP_demo_ws/install/comp_topic_rclcpp/local/lib/python3.10/dist-packages/comp_topic_rclcpp'...
[62.283s] Listing '/home/ros/ros2proj/ComP_demo/ComP_demo_ws/install/comp_topic_rclcpp/local/lib/python3.10/dist-packages/comp_topic_rclcpp/msg'...
[62.302s] -- Up-to-date: /home/ros/ros2proj/ComP_demo/ComP_demo_ws/install/comp_topic_rclcpp/local/lib/python3.10/dist-packages/comp_topic_rclcpp/comp_topic_rclcpp_s__rosidl_typesupport_fastrtps_c.cpython-310-x86_64-linux-gnu.so
[62.305s] -- Up-to-date: /home/ros/ros2proj/ComP_demo/ComP_demo_ws/install/comp_topic_rclcpp/local/lib/python3.10/dist-packages/comp_topic_rclcpp/comp_topic_rclcpp_s__rosidl_typesupport_introspection_c.cpython-310-x86_64-linux-gnu.so
[62.305s] -- Up-to-date: /home/ros/ros2proj/ComP_demo/ComP_demo_ws/install/comp_topic_rclcpp/local/lib/python3.10/dist-packages/comp_topic_rclcpp/comp_topic_rclcpp_s__rosidl_typesupport_c.cpython-310-x86_64-linux-gnu.so
[62.309s] -- Up-to-date: /home/ros/ros2proj/ComP_demo/ComP_demo_ws/install/comp_topic_rclcpp/lib/libcomp_topic_rclcpp__rosidl_generator_py.so
[62.310s] -- Up-to-date: /home/ros/ros2proj/ComP_demo/ComP_demo_ws/install/comp_topic_rclcpp/share/comp_topic_rclcpp/msg/YoloPiece.idl
[62.310s] -- Up-to-date: /home/ros/ros2proj/ComP_demo/ComP_demo_ws/install/comp_topic_rclcpp/share/comp_topic_rclcpp/msg/YoloResult.idl
[62.311s] -- Up-to-date: /home/ros/ros2proj/ComP_demo/ComP_demo_ws/install/comp_topic_rclcpp/share/comp_topic_rclcpp/msg/TrackerResult.idl
[62.311s] -- Up-to-date: /home/ros/ros2proj/ComP_demo/ComP_demo_ws/install/comp_topic_rclcpp/share/comp_topic_rclcpp/msg/LaneResult.idl
[62.312s] -- Up-to-date: /home/ros/ros2proj/ComP_demo/ComP_demo_ws/install/comp_topic_rclcpp/share/comp_topic_rclcpp/msg/PointDetect.idl
[62.313s] -- Up-to-date: /home/ros/ros2proj/ComP_demo/ComP_demo_ws/install/comp_topic_rclcpp/share/comp_topic_rclcpp/msg/YoloPiece.msg
[62.313s] -- Up-to-date: /home/ros/ros2proj/ComP_demo/ComP_demo_ws/install/comp_topic_rclcpp/share/comp_topic_rclcpp/msg/YoloResult.msg
[62.313s] -- Up-to-date: /home/ros/ros2proj/ComP_demo/ComP_demo_ws/install/comp_topic_rclcpp/share/comp_topic_rclcpp/msg/TrackerResult.msg
[62.314s] -- Up-to-date: /home/ros/ros2proj/ComP_demo/ComP_demo_ws/install/comp_topic_rclcpp/share/comp_topic_rclcpp/msg/LaneResult.msg
[62.314s] -- Up-to-date: /home/ros/ros2proj/ComP_demo/ComP_demo_ws/install/comp_topic_rclcpp/share/comp_topic_rclcpp/msg/PointDetect.msg
[62.318s] -- Up-to-date: /home/ros/ros2proj/ComP_demo/ComP_demo_ws/install/comp_topic_rclcpp/lib/comp_topic_rclcpp/CameraTimer
[62.318s] -- Installing: /home/ros/ros2proj/ComP_demo/ComP_demo_ws/install/comp_topic_rclcpp/lib/comp_topic_rclcpp/Final
[62.357s] -- Set runtime path of "/home/ros/ros2proj/ComP_demo/ComP_demo_ws/install/comp_topic_rclcpp/lib/comp_topic_rclcpp/Final" to ""
[62.357s] -- Up-to-date: /home/ros/ros2proj/ComP_demo/ComP_demo_ws/install/comp_topic_rclcpp/lib/comp_topic_rclcpp/Tracker
[62.365s] -- Up-to-date: /home/ros/ros2proj/ComP_demo/ComP_demo_ws/install/comp_topic_rclcpp/lib/comp_topic_rclcpp/Lane
[62.365s] -- Up-to-date: /home/ros/ros2proj/ComP_demo/ComP_demo_ws/install/comp_topic_rclcpp/lib/comp_topic_rclcpp/Yolo
[62.365s] -- Up-to-date: /home/ros/ros2proj/ComP_demo/ComP_demo_ws/install/comp_topic_rclcpp/share/ament_index/resource_index/package_run_dependencies/comp_topic_rclcpp
[62.366s] -- Up-to-date: /home/ros/ros2proj/ComP_demo/ComP_demo_ws/install/comp_topic_rclcpp/share/ament_index/resource_index/parent_prefix_path/comp_topic_rclcpp
[62.366s] -- Up-to-date: /home/ros/ros2proj/ComP_demo/ComP_demo_ws/install/comp_topic_rclcpp/share/comp_topic_rclcpp/environment/ament_prefix_path.sh
[62.366s] -- Up-to-date: /home/ros/ros2proj/ComP_demo/ComP_demo_ws/install/comp_topic_rclcpp/share/comp_topic_rclcpp/environment/ament_prefix_path.dsv
[62.366s] -- Up-to-date: /home/ros/ros2proj/ComP_demo/ComP_demo_ws/install/comp_topic_rclcpp/share/comp_topic_rclcpp/environment/path.sh
[62.366s] -- Up-to-date: /home/ros/ros2proj/ComP_demo/ComP_demo_ws/install/comp_topic_rclcpp/share/comp_topic_rclcpp/environment/path.dsv
[62.367s] -- Up-to-date: /home/ros/ros2proj/ComP_demo/ComP_demo_ws/install/comp_topic_rclcpp/share/comp_topic_rclcpp/local_setup.bash
[62.367s] -- Up-to-date: /home/ros/ros2proj/ComP_demo/ComP_demo_ws/install/comp_topic_rclcpp/share/comp_topic_rclcpp/local_setup.sh
[62.367s] -- Up-to-date: /home/ros/ros2proj/ComP_demo/ComP_demo_ws/install/comp_topic_rclcpp/share/comp_topic_rclcpp/local_setup.zsh
[62.368s] -- Up-to-date: /home/ros/ros2proj/ComP_demo/ComP_demo_ws/install/comp_topic_rclcpp/share/comp_topic_rclcpp/local_setup.dsv
[62.368s] -- Installing: /home/ros/ros2proj/ComP_demo/ComP_demo_ws/install/comp_topic_rclcpp/share/comp_topic_rclcpp/package.dsv
[62.369s] -- Up-to-date: /home/ros/ros2proj/ComP_demo/ComP_demo_ws/install/comp_topic_rclcpp/share/ament_index/resource_index/packages/comp_topic_rclcpp
[62.369s] -- Up-to-date: /home/ros/ros2proj/ComP_demo/ComP_demo_ws/install/comp_topic_rclcpp/share/comp_topic_rclcpp/cmake/export_comp_topic_rclcpp__rosidl_generator_cExport.cmake
[62.372s] -- Up-to-date: /home/ros/ros2proj/ComP_demo/ComP_demo_ws/install/comp_topic_rclcpp/share/comp_topic_rclcpp/cmake/export_comp_topic_rclcpp__rosidl_generator_cExport-noconfig.cmake
[62.375s] -- Up-to-date: /home/ros/ros2proj/ComP_demo/ComP_demo_ws/install/comp_topic_rclcpp/share/comp_topic_rclcpp/cmake/export_comp_topic_rclcpp__rosidl_typesupport_fastrtps_cExport.cmake
[62.376s] -- Up-to-date: /home/ros/ros2proj/ComP_demo/ComP_demo_ws/install/comp_topic_rclcpp/share/comp_topic_rclcpp/cmake/export_comp_topic_rclcpp__rosidl_typesupport_fastrtps_cExport-noconfig.cmake
[62.376s] -- Up-to-date: /home/ros/ros2proj/ComP_demo/ComP_demo_ws/install/comp_topic_rclcpp/share/comp_topic_rclcpp/cmake/export_comp_topic_rclcpp__rosidl_generator_cppExport.cmake
[62.378s] -- Up-to-date: /home/ros/ros2proj/ComP_demo/ComP_demo_ws/install/comp_topic_rclcpp/share/comp_topic_rclcpp/cmake/export_comp_topic_rclcpp__rosidl_typesupport_fastrtps_cppExport.cmake
[62.378s] -- Up-to-date: /home/ros/ros2proj/ComP_demo/ComP_demo_ws/install/comp_topic_rclcpp/share/comp_topic_rclcpp/cmake/export_comp_topic_rclcpp__rosidl_typesupport_fastrtps_cppExport-noconfig.cmake
[62.380s] -- Up-to-date: /home/ros/ros2proj/ComP_demo/ComP_demo_ws/install/comp_topic_rclcpp/share/comp_topic_rclcpp/cmake/comp_topic_rclcpp__rosidl_typesupport_introspection_cExport.cmake
[62.381s] -- Up-to-date: /home/ros/ros2proj/ComP_demo/ComP_demo_ws/install/comp_topic_rclcpp/share/comp_topic_rclcpp/cmake/comp_topic_rclcpp__rosidl_typesupport_introspection_cExport-noconfig.cmake
[62.381s] -- Up-to-date: /home/ros/ros2proj/ComP_demo/ComP_demo_ws/install/comp_topic_rclcpp/share/comp_topic_rclcpp/cmake/comp_topic_rclcpp__rosidl_typesupport_cExport.cmake
[62.386s] -- Up-to-date: /home/ros/ros2proj/ComP_demo/ComP_demo_ws/install/comp_topic_rclcpp/share/comp_topic_rclcpp/cmake/comp_topic_rclcpp__rosidl_typesupport_cExport-noconfig.cmake
[62.386s] -- Up-to-date: /home/ros/ros2proj/ComP_demo/ComP_demo_ws/install/comp_topic_rclcpp/share/comp_topic_rclcpp/cmake/comp_topic_rclcpp__rosidl_typesupport_introspection_cppExport.cmake
[62.387s] -- Up-to-date: /home/ros/ros2proj/ComP_demo/ComP_demo_ws/install/comp_topic_rclcpp/share/comp_topic_rclcpp/cmake/comp_topic_rclcpp__rosidl_typesupport_introspection_cppExport-noconfig.cmake
[62.387s] -- Up-to-date: /home/ros/ros2proj/ComP_demo/ComP_demo_ws/install/comp_topic_rclcpp/share/comp_topic_rclcpp/cmake/comp_topic_rclcpp__rosidl_typesupport_cppExport.cmake
[62.388s] -- Up-to-date: /home/ros/ros2proj/ComP_demo/ComP_demo_ws/install/comp_topic_rclcpp/share/comp_topic_rclcpp/cmake/comp_topic_rclcpp__rosidl_typesupport_cppExport-noconfig.cmake
[62.388s] -- Up-to-date: /home/ros/ros2proj/ComP_demo/ComP_demo_ws/install/comp_topic_rclcpp/share/comp_topic_rclcpp/cmake/export_comp_topic_rclcpp__rosidl_generator_pyExport.cmake
[62.388s] -- Up-to-date: /home/ros/ros2proj/ComP_demo/ComP_demo_ws/install/comp_topic_rclcpp/share/comp_topic_rclcpp/cmake/export_comp_topic_rclcpp__rosidl_generator_pyExport-noconfig.cmake
[62.392s] -- Up-to-date: /home/ros/ros2proj/ComP_demo/ComP_demo_ws/install/comp_topic_rclcpp/share/comp_topic_rclcpp/cmake/rosidl_cmake-extras.cmake
[62.392s] -- Up-to-date: /home/ros/ros2proj/ComP_demo/ComP_demo_ws/install/comp_topic_rclcpp/share/comp_topic_rclcpp/cmake/ament_cmake_export_dependencies-extras.cmake
[62.393s] -- Up-to-date: /home/ros/ros2proj/ComP_demo/ComP_demo_ws/install/comp_topic_rclcpp/share/comp_topic_rclcpp/cmake/ament_cmake_export_include_directories-extras.cmake
[62.393s] -- Up-to-date: /home/ros/ros2proj/ComP_demo/ComP_demo_ws/install/comp_topic_rclcpp/share/comp_topic_rclcpp/cmake/ament_cmake_export_libraries-extras.cmake
[62.395s] -- Up-to-date: /home/ros/ros2proj/ComP_demo/ComP_demo_ws/install/comp_topic_rclcpp/share/comp_topic_rclcpp/cmake/ament_cmake_export_targets-extras.cmake
[62.395s] -- Up-to-date: /home/ros/ros2proj/ComP_demo/ComP_demo_ws/install/comp_topic_rclcpp/share/comp_topic_rclcpp/cmake/rosidl_cmake_export_typesupport_targets-extras.cmake
[62.396s] -- Up-to-date: /home/ros/ros2proj/ComP_demo/ComP_demo_ws/install/comp_topic_rclcpp/share/comp_topic_rclcpp/cmake/rosidl_cmake_export_typesupport_libraries-extras.cmake
[62.396s] -- Up-to-date: /home/ros/ros2proj/ComP_demo/ComP_demo_ws/install/comp_topic_rclcpp/share/comp_topic_rclcpp/cmake/comp_topic_rclcppConfig.cmake
[62.401s] -- Up-to-date: /home/ros/ros2proj/ComP_demo/ComP_demo_ws/install/comp_topic_rclcpp/share/comp_topic_rclcpp/cmake/comp_topic_rclcppConfig-version.cmake
[62.401s] -- Up-to-date: /home/ros/ros2proj/ComP_demo/ComP_demo_ws/install/comp_topic_rclcpp/share/comp_topic_rclcpp/package.xml
[62.401s] Invoked command in '/home/ros/ros2proj/ComP_demo/ComP_demo_ws/build/comp_topic_rclcpp' returned '0': CMAKE_PREFIX_PATH=/opt/ros/humble /usr/bin/cmake --install /home/ros/ros2proj/ComP_demo/ComP_demo_ws/build/comp_topic_rclcpp
