[0.337s] DEBUG:colcon:Command line arguments: ['/usr/bin/colcon', 'build', '--packages-select', 'comp_topic_rclcpp']
[0.338s] DEBUG:colcon:Parsed command line arguments: Namespace(log_base=None, log_level=None, verb_name='build', build_base='build', install_base='install', merge_install=False, symlink_install=False, test_result_base=None, continue_on_error=False, executor='parallel', parallel_workers=2, event_handlers=None, ignore_user_meta=False, metas=['./colcon.meta'], base_paths=['.'], packages_ignore=None, packages_ignore_regex=None, paths=None, packages_up_to=None, packages_up_to_regex=None, packages_above=None, packages_above_and_dependencies=None, packages_above_depth=None, packages_select_by_dep=None, packages_skip_by_dep=None, packages_skip_up_to=None, packages_select_build_failed=False, packages_skip_build_finished=False, packages_select_test_failures=False, packages_skip_test_passed=False, packages_select=['comp_topic_rclcpp'], packages_skip=None, packages_select_regex=None, packages_skip_regex=None, packages_start=None, packages_end=None, allow_overriding=[], cmake_args=None, cmake_target=None, cmake_target_skip_unavailable=False, cmake_clean_cache=False, cmake_clean_first=False, cmake_force_configure=False, ament_cmake_args=None, catkin_cmake_args=None, catkin_skip_building_tests=False, mixin_files=None, mixin=None, verb_parser=<colcon_mixin.mixin.mixin_argument.MixinArgumentDecorator object at 0x75f0f24f9360>, verb_extension=<colcon_core.verb.build.BuildVerb object at 0x75f0f24f8940>, main=<bound method BuildVerb.main of <colcon_core.verb.build.BuildVerb object at 0x75f0f24f8940>>, mixin_verb=('build',))
[0.920s] Level 1:colcon.colcon_core.package_discovery:discover_packages(colcon_meta) check parameters
[0.920s] Level 1:colcon.colcon_core.package_discovery:discover_packages(recursive) check parameters
[0.921s] Level 1:colcon.colcon_core.package_discovery:discover_packages(ignore) check parameters
[0.921s] Level 1:colcon.colcon_core.package_discovery:discover_packages(path) check parameters
[0.921s] Level 1:colcon.colcon_core.package_discovery:discover_packages(colcon_meta) discover
[0.921s] Level 1:colcon.colcon_core.package_discovery:discover_packages(recursive) discover
[0.922s] INFO:colcon.colcon_core.package_discovery:Crawling recursively for packages in '/home/ros/ros2proj/ComP_demo/ComP_demo_ws'
[0.922s] Level 1:colcon.colcon_core.package_identification:_identify(.) by extensions ['ignore', 'ignore_ament_install']
[0.922s] Level 1:colcon.colcon_core.package_identification:_identify(.) by extension 'ignore'
[0.923s] Level 1:colcon.colcon_core.package_identification:_identify(.) by extension 'ignore_ament_install'
[0.923s] Level 1:colcon.colcon_core.package_identification:_identify(.) by extensions ['colcon_pkg']
[0.923s] Level 1:colcon.colcon_core.package_identification:_identify(.) by extension 'colcon_pkg'
[0.923s] Level 1:colcon.colcon_core.package_identification:_identify(.) by extensions ['colcon_meta']
[0.923s] Level 1:colcon.colcon_core.package_identification:_identify(.) by extension 'colcon_meta'
[0.924s] Level 1:colcon.colcon_core.package_identification:_identify(.) by extensions ['ros']
[0.924s] Level 1:colcon.colcon_core.package_identification:_identify(.) by extension 'ros'
[0.975s] Level 1:colcon.colcon_core.package_identification:_identify(.) by extensions ['cmake', 'python']
[0.976s] Level 1:colcon.colcon_core.package_identification:_identify(.) by extension 'cmake'
[0.976s] Level 1:colcon.colcon_core.package_identification:_identify(.) by extension 'python'
[0.976s] Level 1:colcon.colcon_core.package_identification:_identify(.) by extensions ['python_setup_py']
[0.976s] Level 1:colcon.colcon_core.package_identification:_identify(.) by extension 'python_setup_py'
[0.977s] Level 1:colcon.colcon_core.package_identification:_identify(build) by extensions ['ignore', 'ignore_ament_install']
[0.977s] Level 1:colcon.colcon_core.package_identification:_identify(build) by extension 'ignore'
[0.978s] Level 1:colcon.colcon_core.package_identification:_identify(build) ignored
[0.978s] Level 1:colcon.colcon_core.package_identification:_identify(install) by extensions ['ignore', 'ignore_ament_install']
[0.978s] Level 1:colcon.colcon_core.package_identification:_identify(install) by extension 'ignore'
[0.978s] Level 1:colcon.colcon_core.package_identification:_identify(install) ignored
[0.979s] Level 1:colcon.colcon_core.package_identification:_identify(log) by extensions ['ignore', 'ignore_ament_install']
[0.979s] Level 1:colcon.colcon_core.package_identification:_identify(log) by extension 'ignore'
[0.979s] Level 1:colcon.colcon_core.package_identification:_identify(log) ignored
[0.979s] Level 1:colcon.colcon_core.package_identification:_identify(src) by extensions ['ignore', 'ignore_ament_install']
[0.979s] Level 1:colcon.colcon_core.package_identification:_identify(src) by extension 'ignore'
[0.979s] Level 1:colcon.colcon_core.package_identification:_identify(src) by extension 'ignore_ament_install'
[0.979s] Level 1:colcon.colcon_core.package_identification:_identify(src) by extensions ['colcon_pkg']
[0.979s] Level 1:colcon.colcon_core.package_identification:_identify(src) by extension 'colcon_pkg'
[0.979s] Level 1:colcon.colcon_core.package_identification:_identify(src) by extensions ['colcon_meta']
[0.979s] Level 1:colcon.colcon_core.package_identification:_identify(src) by extension 'colcon_meta'
[0.979s] Level 1:colcon.colcon_core.package_identification:_identify(src) by extensions ['ros']
[0.979s] Level 1:colcon.colcon_core.package_identification:_identify(src) by extension 'ros'
[0.979s] Level 1:colcon.colcon_core.package_identification:_identify(src) by extensions ['cmake', 'python']
[0.979s] Level 1:colcon.colcon_core.package_identification:_identify(src) by extension 'cmake'
[0.979s] Level 1:colcon.colcon_core.package_identification:_identify(src) by extension 'python'
[0.980s] Level 1:colcon.colcon_core.package_identification:_identify(src) by extensions ['python_setup_py']
[0.980s] Level 1:colcon.colcon_core.package_identification:_identify(src) by extension 'python_setup_py'
[0.980s] Level 1:colcon.colcon_core.package_identification:_identify(src/comp_topic_rclcpp) by extensions ['ignore', 'ignore_ament_install']
[0.980s] Level 1:colcon.colcon_core.package_identification:_identify(src/comp_topic_rclcpp) by extension 'ignore'
[0.980s] Level 1:colcon.colcon_core.package_identification:_identify(src/comp_topic_rclcpp) by extension 'ignore_ament_install'
[0.980s] Level 1:colcon.colcon_core.package_identification:_identify(src/comp_topic_rclcpp) by extensions ['colcon_pkg']
[0.980s] Level 1:colcon.colcon_core.package_identification:_identify(src/comp_topic_rclcpp) by extension 'colcon_pkg'
[0.981s] Level 1:colcon.colcon_core.package_identification:_identify(src/comp_topic_rclcpp) by extensions ['colcon_meta']
[0.981s] Level 1:colcon.colcon_core.package_identification:_identify(src/comp_topic_rclcpp) by extension 'colcon_meta'
[0.981s] Level 1:colcon.colcon_core.package_identification:_identify(src/comp_topic_rclcpp) by extensions ['ros']
[0.981s] Level 1:colcon.colcon_core.package_identification:_identify(src/comp_topic_rclcpp) by extension 'ros'
[0.991s] DEBUG:colcon.colcon_core.package_identification:Package 'src/comp_topic_rclcpp' with type 'ros.ament_cmake' and name 'comp_topic_rclcpp'
[0.992s] Level 1:colcon.colcon_core.package_discovery:discover_packages(recursive) using defaults
[0.992s] Level 1:colcon.colcon_core.package_discovery:discover_packages(ignore) discover
[0.992s] Level 1:colcon.colcon_core.package_discovery:discover_packages(ignore) using defaults
[0.992s] Level 1:colcon.colcon_core.package_discovery:discover_packages(path) discover
[0.992s] Level 1:colcon.colcon_core.package_discovery:discover_packages(path) using defaults
[1.098s] Level 1:colcon.colcon_core.package_discovery:discover_packages(prefix_path) check parameters
[1.099s] Level 1:colcon.colcon_core.package_discovery:discover_packages(prefix_path) discover
[1.108s] DEBUG:colcon.colcon_installed_package_information.package_discovery:Found 270 installed packages in /opt/ros/humble
[1.111s] Level 1:colcon.colcon_core.package_discovery:discover_packages(prefix_path) using defaults
[1.266s] Level 5:colcon.colcon_core.verb:set package 'comp_topic_rclcpp' build argument 'cmake_args' from command line to 'None'
[1.266s] Level 5:colcon.colcon_core.verb:set package 'comp_topic_rclcpp' build argument 'cmake_target' from command line to 'None'
[1.266s] Level 5:colcon.colcon_core.verb:set package 'comp_topic_rclcpp' build argument 'cmake_target_skip_unavailable' from command line to 'False'
[1.267s] Level 5:colcon.colcon_core.verb:set package 'comp_topic_rclcpp' build argument 'cmake_clean_cache' from command line to 'False'
[1.267s] Level 5:colcon.colcon_core.verb:set package 'comp_topic_rclcpp' build argument 'cmake_clean_first' from command line to 'False'
[1.267s] Level 5:colcon.colcon_core.verb:set package 'comp_topic_rclcpp' build argument 'cmake_force_configure' from command line to 'False'
[1.267s] Level 5:colcon.colcon_core.verb:set package 'comp_topic_rclcpp' build argument 'ament_cmake_args' from command line to 'None'
[1.267s] Level 5:colcon.colcon_core.verb:set package 'comp_topic_rclcpp' build argument 'catkin_cmake_args' from command line to 'None'
[1.267s] Level 5:colcon.colcon_core.verb:set package 'comp_topic_rclcpp' build argument 'catkin_skip_building_tests' from command line to 'False'
[1.267s] DEBUG:colcon.colcon_core.verb:Building package 'comp_topic_rclcpp' with the following arguments: {'ament_cmake_args': None, 'build_base': '/home/ros/ros2proj/ComP_demo/ComP_demo_ws/build/comp_topic_rclcpp', 'catkin_cmake_args': None, 'catkin_skip_building_tests': False, 'cmake_args': None, 'cmake_clean_cache': False, 'cmake_clean_first': False, 'cmake_force_configure': False, 'cmake_target': None, 'cmake_target_skip_unavailable': False, 'install_base': '/home/ros/ros2proj/ComP_demo/ComP_demo_ws/install/comp_topic_rclcpp', 'merge_install': False, 'path': '/home/ros/ros2proj/ComP_demo/ComP_demo_ws/src/comp_topic_rclcpp', 'symlink_install': False, 'test_result_base': None}
[1.268s] INFO:colcon.colcon_core.executor:Executing jobs using 'parallel' executor
[1.271s] DEBUG:colcon.colcon_parallel_executor.executor.parallel:run_until_complete
[1.272s] INFO:colcon.colcon_ros.task.ament_cmake.build:Building ROS package in '/home/ros/ros2proj/ComP_demo/ComP_demo_ws/src/comp_topic_rclcpp' with build type 'ament_cmake'
[1.273s] INFO:colcon.colcon_cmake.task.cmake.build:Building CMake package in '/home/ros/ros2proj/ComP_demo/ComP_demo_ws/src/comp_topic_rclcpp'
[1.285s] INFO:colcon.colcon_core.plugin_system:Skipping extension 'colcon_core.shell.bat': Not used on non-Windows systems
[1.286s] INFO:colcon.colcon_core.shell:Skip shell extension 'powershell' for command environment: Not usable outside of PowerShell
[1.286s] DEBUG:colcon.colcon_core.shell:Skip shell extension 'dsv' for command environment
[1.314s] DEBUG:colcon.colcon_core.event_handler.log_command:Invoking command in '/home/ros/ros2proj/ComP_demo/ComP_demo_ws/build/comp_topic_rclcpp': CMAKE_PREFIX_PATH=/opt/ros/humble /usr/bin/cmake --build /home/ros/ros2proj/ComP_demo/ComP_demo_ws/build/comp_topic_rclcpp -- -j2 -l2
[2.104s] DEBUG:colcon.colcon_core.event_handler.log_command:Invoked command in '/home/ros/ros2proj/ComP_demo/ComP_demo_ws/build/comp_topic_rclcpp' returned '0': CMAKE_PREFIX_PATH=/opt/ros/humble /usr/bin/cmake --build /home/ros/ros2proj/ComP_demo/ComP_demo_ws/build/comp_topic_rclcpp -- -j2 -l2
[2.400s] DEBUG:colcon.colcon_core.event_handler.log_command:Invoking command in '/home/ros/ros2proj/ComP_demo/ComP_demo_ws/build/comp_topic_rclcpp': CMAKE_PREFIX_PATH=/opt/ros/humble /usr/bin/cmake --install /home/ros/ros2proj/ComP_demo/ComP_demo_ws/build/comp_topic_rclcpp
[2.503s] Level 1:colcon.colcon_core.environment:create_environment_scripts_only(comp_topic_rclcpp)
[2.517s] DEBUG:colcon.colcon_core.event_handler.log_command:Invoked command in '/home/ros/ros2proj/ComP_demo/ComP_demo_ws/build/comp_topic_rclcpp' returned '0': CMAKE_PREFIX_PATH=/opt/ros/humble /usr/bin/cmake --install /home/ros/ros2proj/ComP_demo/ComP_demo_ws/build/comp_topic_rclcpp
[2.521s] Level 1:colcon.colcon_core.environment:checking '/home/ros/ros2proj/ComP_demo/ComP_demo_ws/install/comp_topic_rclcpp' for CMake module files
[2.523s] Level 1:colcon.colcon_core.environment:checking '/home/ros/ros2proj/ComP_demo/ComP_demo_ws/install/comp_topic_rclcpp' for CMake config files
[2.523s] Level 1:colcon.colcon_core.shell:create_environment_hook('comp_topic_rclcpp', 'cmake_prefix_path')
[2.524s] INFO:colcon.colcon_core.shell:Creating environment hook '/home/ros/ros2proj/ComP_demo/ComP_demo_ws/install/comp_topic_rclcpp/share/comp_topic_rclcpp/hook/cmake_prefix_path.ps1'
[2.526s] INFO:colcon.colcon_core.shell:Creating environment descriptor '/home/ros/ros2proj/ComP_demo/ComP_demo_ws/install/comp_topic_rclcpp/share/comp_topic_rclcpp/hook/cmake_prefix_path.dsv'
[2.527s] INFO:colcon.colcon_core.shell:Creating environment hook '/home/ros/ros2proj/ComP_demo/ComP_demo_ws/install/comp_topic_rclcpp/share/comp_topic_rclcpp/hook/cmake_prefix_path.sh'
[2.530s] Level 1:colcon.colcon_core.environment:checking '/home/ros/ros2proj/ComP_demo/ComP_demo_ws/install/comp_topic_rclcpp/lib'
[2.530s] Level 1:colcon.colcon_core.environment:checking '/home/ros/ros2proj/ComP_demo/ComP_demo_ws/install/comp_topic_rclcpp/bin'
[2.530s] Level 1:colcon.colcon_core.environment:checking '/home/ros/ros2proj/ComP_demo/ComP_demo_ws/install/comp_topic_rclcpp/lib/pkgconfig/comp_topic_rclcpp.pc'
[2.531s] Level 1:colcon.colcon_core.environment:checking '/home/ros/ros2proj/ComP_demo/ComP_demo_ws/install/comp_topic_rclcpp/lib/python3.10/site-packages'
[2.532s] Level 1:colcon.colcon_core.environment:checking '/home/ros/ros2proj/ComP_demo/ComP_demo_ws/install/comp_topic_rclcpp/bin'
[2.533s] INFO:colcon.colcon_core.shell:Creating package script '/home/ros/ros2proj/ComP_demo/ComP_demo_ws/install/comp_topic_rclcpp/share/comp_topic_rclcpp/package.ps1'
[2.535s] INFO:colcon.colcon_core.shell:Creating package descriptor '/home/ros/ros2proj/ComP_demo/ComP_demo_ws/install/comp_topic_rclcpp/share/comp_topic_rclcpp/package.dsv'
[2.537s] INFO:colcon.colcon_core.shell:Creating package script '/home/ros/ros2proj/ComP_demo/ComP_demo_ws/install/comp_topic_rclcpp/share/comp_topic_rclcpp/package.sh'
[2.539s] INFO:colcon.colcon_core.shell:Creating package script '/home/ros/ros2proj/ComP_demo/ComP_demo_ws/install/comp_topic_rclcpp/share/comp_topic_rclcpp/package.bash'
[2.542s] INFO:colcon.colcon_core.shell:Creating package script '/home/ros/ros2proj/ComP_demo/ComP_demo_ws/install/comp_topic_rclcpp/share/comp_topic_rclcpp/package.zsh'
[2.545s] Level 1:colcon.colcon_core.environment:create_file_with_runtime_dependencies(/home/ros/ros2proj/ComP_demo/ComP_demo_ws/install/comp_topic_rclcpp/share/colcon-core/packages/comp_topic_rclcpp)
[2.673s] Level 1:colcon.colcon_core.environment:create_environment_scripts_only(comp_topic_rclcpp)
[2.674s] Level 1:colcon.colcon_core.environment:checking '/home/ros/ros2proj/ComP_demo/ComP_demo_ws/install/comp_topic_rclcpp' for CMake module files
[2.676s] Level 1:colcon.colcon_core.environment:checking '/home/ros/ros2proj/ComP_demo/ComP_demo_ws/install/comp_topic_rclcpp' for CMake config files
[2.677s] Level 1:colcon.colcon_core.shell:create_environment_hook('comp_topic_rclcpp', 'cmake_prefix_path')
[2.678s] INFO:colcon.colcon_core.shell:Creating environment hook '/home/ros/ros2proj/ComP_demo/ComP_demo_ws/install/comp_topic_rclcpp/share/comp_topic_rclcpp/hook/cmake_prefix_path.ps1'
[2.680s] INFO:colcon.colcon_core.shell:Creating environment descriptor '/home/ros/ros2proj/ComP_demo/ComP_demo_ws/install/comp_topic_rclcpp/share/comp_topic_rclcpp/hook/cmake_prefix_path.dsv'
[2.682s] INFO:colcon.colcon_core.shell:Creating environment hook '/home/ros/ros2proj/ComP_demo/ComP_demo_ws/install/comp_topic_rclcpp/share/comp_topic_rclcpp/hook/cmake_prefix_path.sh'
[2.685s] Level 1:colcon.colcon_core.environment:checking '/home/ros/ros2proj/ComP_demo/ComP_demo_ws/install/comp_topic_rclcpp/lib'
[2.685s] Level 1:colcon.colcon_core.environment:checking '/home/ros/ros2proj/ComP_demo/ComP_demo_ws/install/comp_topic_rclcpp/bin'
[2.685s] Level 1:colcon.colcon_core.environment:checking '/home/ros/ros2proj/ComP_demo/ComP_demo_ws/install/comp_topic_rclcpp/lib/pkgconfig/comp_topic_rclcpp.pc'
[2.687s] Level 1:colcon.colcon_core.environment:checking '/home/ros/ros2proj/ComP_demo/ComP_demo_ws/install/comp_topic_rclcpp/lib/python3.10/site-packages'
[2.687s] Level 1:colcon.colcon_core.environment:checking '/home/ros/ros2proj/ComP_demo/ComP_demo_ws/install/comp_topic_rclcpp/bin'
[2.688s] INFO:colcon.colcon_core.shell:Creating package script '/home/ros/ros2proj/ComP_demo/ComP_demo_ws/install/comp_topic_rclcpp/share/comp_topic_rclcpp/package.ps1'
[2.691s] INFO:colcon.colcon_core.shell:Creating package descriptor '/home/ros/ros2proj/ComP_demo/ComP_demo_ws/install/comp_topic_rclcpp/share/comp_topic_rclcpp/package.dsv'
[2.693s] INFO:colcon.colcon_core.shell:Creating package script '/home/ros/ros2proj/ComP_demo/ComP_demo_ws/install/comp_topic_rclcpp/share/comp_topic_rclcpp/package.sh'
[2.694s] INFO:colcon.colcon_core.shell:Creating package script '/home/ros/ros2proj/ComP_demo/ComP_demo_ws/install/comp_topic_rclcpp/share/comp_topic_rclcpp/package.bash'
[2.696s] INFO:colcon.colcon_core.shell:Creating package script '/home/ros/ros2proj/ComP_demo/ComP_demo_ws/install/comp_topic_rclcpp/share/comp_topic_rclcpp/package.zsh'
[2.697s] Level 1:colcon.colcon_core.environment:create_file_with_runtime_dependencies(/home/ros/ros2proj/ComP_demo/ComP_demo_ws/install/comp_topic_rclcpp/share/colcon-core/packages/comp_topic_rclcpp)
[2.697s] DEBUG:colcon.colcon_parallel_executor.executor.parallel:closing loop
[2.697s] DEBUG:colcon.colcon_parallel_executor.executor.parallel:loop closed
[2.697s] DEBUG:colcon.colcon_parallel_executor.executor.parallel:run_until_complete finished with '0'
[2.698s] DEBUG:colcon.colcon_core.event_reactor:joining thread
[2.712s] INFO:colcon.colcon_core.plugin_system:Skipping extension 'colcon_notification.desktop_notification.terminal_notifier': Not used on non-Darwin systems
[2.712s] INFO:colcon.colcon_core.plugin_system:Skipping extension 'colcon_notification.desktop_notification.win32': Not used on non-Windows systems
[2.712s] INFO:colcon.colcon_notification.desktop_notification:Sending desktop notification using 'notify2'
[2.752s] DEBUG:colcon.colcon_core.event_reactor:joined thread
[2.754s] INFO:colcon.colcon_core.shell:Creating prefix script '/home/ros/ros2proj/ComP_demo/ComP_demo_ws/install/local_setup.ps1'
[2.756s] INFO:colcon.colcon_core.shell:Creating prefix util module '/home/ros/ros2proj/ComP_demo/ComP_demo_ws/install/_local_setup_util_ps1.py'
[2.760s] INFO:colcon.colcon_core.shell:Creating prefix chain script '/home/ros/ros2proj/ComP_demo/ComP_demo_ws/install/setup.ps1'
[2.763s] INFO:colcon.colcon_core.shell:Creating prefix script '/home/ros/ros2proj/ComP_demo/ComP_demo_ws/install/local_setup.sh'
[2.764s] INFO:colcon.colcon_core.shell:Creating prefix util module '/home/ros/ros2proj/ComP_demo/ComP_demo_ws/install/_local_setup_util_sh.py'
[2.766s] INFO:colcon.colcon_core.shell:Creating prefix chain script '/home/ros/ros2proj/ComP_demo/ComP_demo_ws/install/setup.sh'
[2.769s] INFO:colcon.colcon_core.shell:Creating prefix script '/home/ros/ros2proj/ComP_demo/ComP_demo_ws/install/local_setup.bash'
[2.770s] INFO:colcon.colcon_core.shell:Creating prefix chain script '/home/ros/ros2proj/ComP_demo/ComP_demo_ws/install/setup.bash'
[2.773s] INFO:colcon.colcon_core.shell:Creating prefix script '/home/ros/ros2proj/ComP_demo/ComP_demo_ws/install/local_setup.zsh'
[2.775s] INFO:colcon.colcon_core.shell:Creating prefix chain script '/home/ros/ros2proj/ComP_demo/ComP_demo_ws/install/setup.zsh'
