[01m[K/home/ros/ros2proj/ComP_demo/ComP_demo_ws/src/comp_topic_rclcpp/src/CameraTimer.cpp:[m[K In constructor ‘[01m[KCameraTimer::CameraTimer(std::string)[m[K’:
[01m[K/home/ros/ros2proj/ComP_demo/ComP_demo_ws/src/comp_topic_rclcpp/src/CameraTimer.cpp:22:13:[m[K [01;31m[Kerror: [m[K‘[01m[Klog_path_env[m[K’ was not declared in this scope; did you mean ‘[01m[Kdata_path_env[m[K’?
   22 |         if ([01;31m[Klog_path_env[m[K == nullptr)
      |             [01;31m[K^~~~~~~~~~~~[m[K
      |             [32m[Kdata_path_env[m[K
In file included from [01m[K/opt/ros/humble/include/rclcpp/rclcpp/logging.hpp:24[m[K,
                 from [01m[K/opt/ros/humble/include/rclcpp/rclcpp/client.hpp:40[m[K,
                 from [01m[K/opt/ros/humble/include/rclcpp/rclcpp/callback_group.hpp:24[m[K,
                 from [01m[K/opt/ros/humble/include/rclcpp/rclcpp/any_executable.hpp:20[m[K,
                 from [01m[K/opt/ros/humble/include/rclcpp/rclcpp/memory_strategy.hpp:25[m[K,
                 from [01m[K/opt/ros/humble/include/rclcpp/rclcpp/memory_strategies.hpp:18[m[K,
                 from [01m[K/opt/ros/humble/include/rclcpp/rclcpp/executor_options.hpp:20[m[K,
                 from [01m[K/opt/ros/humble/include/rclcpp/rclcpp/executor.hpp:37[m[K,
                 from [01m[K/opt/ros/humble/include/rclcpp/rclcpp/executors/multi_threaded_executor.hpp:25[m[K,
                 from [01m[K/opt/ros/humble/include/rclcpp/rclcpp/executors.hpp:21[m[K,
                 from [01m[K/opt/ros/humble/include/rclcpp/rclcpp/rclcpp.hpp:155[m[K,
                 from [01m[K/home/ros/ros2proj/ComP_demo/ComP_demo_ws/src/comp_topic_rclcpp/src/CameraTimer.cpp:1[m[K:
[01m[K/home/ros/ros2proj/ComP_demo/ComP_demo_ws/src/comp_topic_rclcpp/src/CameraTimer.cpp:32:65:[m[K [01;31m[Kerror: [m[Kcannot convert ‘[01m[Kstd::__cxx11::basic_string<char>[m[K’ to ‘[01m[Kconst char*[m[K’
   32 |             RCLCPP_ERROR(this->get_logger(), [01;31m[K"无法加载图像文件" + data_path[m[K);
      |                                              [01;31m[K~~~~~~~~~~~~~~~~~~~^~~~~~~~~~~[m[K
      |                                                                 [01;31m[K|[m[K
      |                                                                 [01;31m[Kstd::__cxx11::basic_string<char>[m[K
In file included from [01m[K/opt/ros/humble/include/rmw/rmw/types.h:28[m[K,
                 from [01m[K/opt/ros/humble/include/rcl/rcl/types.h:20[m[K,
                 from [01m[K/opt/ros/humble/include/rcl/rcl/log_level.h:22[m[K,
                 from [01m[K/opt/ros/humble/include/rcl/rcl/arguments.h:21[m[K,
                 from [01m[K/opt/ros/humble/include/rcl/rcl/context.h:28[m[K,
                 from [01m[K/opt/ros/humble/include/rcl/rcl/guard_condition.h:26[m[K,
                 from [01m[K/opt/ros/humble/include/rclcpp/rclcpp/executor.hpp:30[m[K,
                 from [01m[K/opt/ros/humble/include/rclcpp/rclcpp/executors/multi_threaded_executor.hpp:25[m[K,
                 from [01m[K/opt/ros/humble/include/rclcpp/rclcpp/executors.hpp:21[m[K,
                 from [01m[K/opt/ros/humble/include/rclcpp/rclcpp/rclcpp.hpp:155[m[K,
                 from [01m[K/home/ros/ros2proj/ComP_demo/ComP_demo_ws/src/comp_topic_rclcpp/src/CameraTimer.cpp:1[m[K:
[01m[K/opt/ros/humble/include/rcutils/rcutils/logging.h:479:16:[m[K [01;36m[Knote: [m[K  initializing argument 4 of ‘[01m[Kvoid rcutils_log(const rcutils_log_location_t*, int, const char*, const char*, ...)[m[K’
  479 |   [01;36m[Kconst char * format[m[K,
      |   [01;36m[K~~~~~~~~~~~~~^~~~~~[m[K
gmake[2]: *** [CMakeFiles/CameraTimer.dir/build.make:76: CMakeFiles/CameraTimer.dir/src/CameraTimer.cpp.o] Error 1
gmake[1]: *** [CMakeFiles/Makefile2:600: CMakeFiles/CameraTimer.dir/all] Error 2
gmake[1]: *** Waiting for unfinished jobs....
gmake: *** [Makefile:146: all] Error 2
