[  1%] Built target comp_topic_rclcpp__cpp
[ 10%] Built target comp_topic_rclcpp__rosidl_generator_c
[35m[1mConsolidate compiler generated dependencies of target CameraTimer[0m
[ 10%] Built target ament_cmake_python_copy_comp_topic_rclcpp
[ 12%] [32mBuilding CXX object CMakeFiles/CameraTimer.dir/src/CameraTimer.cpp.o[0m
[ 21%] Built target comp_topic_rclcpp__rosidl_typesupport_cpp
[ 31%] Built target comp_topic_rclcpp__rosidl_typesupport_fastrtps_c
[ 40%] Built target comp_topic_rclcpp__rosidl_typesupport_fastrtps_cpp
[ 50%] Built target comp_topic_rclcpp__rosidl_typesupport_introspection_c
[ 59%] Built target comp_topic_rclcpp__rosidl_typesupport_c
[ 68%] Built target comp_topic_rclcpp__rosidl_typesupport_introspection_cpp
running egg_info
writing comp_topic_rclcpp.egg-info/PKG-INFO
writing dependency_links to comp_topic_rclcpp.egg-info/dependency_links.txt
writing top-level names to comp_topic_rclcpp.egg-info/top_level.txt
reading manifest file 'comp_topic_rclcpp.egg-info/SOURCES.txt'
writing manifest file 'comp_topic_rclcpp.egg-info/SOURCES.txt'
[ 68%] Built target ament_cmake_python_build_comp_topic_rclcpp_egg
[ 70%] [32mBuilding CXX object CMakeFiles/Final.dir/src/Final.cpp.o[0m
[ 71%] [32m[1mLinking CXX executable Final[0m
[ 71%] Built target Final
