[0.608s] DEBUG:colcon:Command line arguments: ['/usr/bin/colcon', 'build', '--packages-select', 'comp_topic_rclcpp']
[0.609s] DEBUG:colcon:Parsed command line arguments: Namespace(log_base=None, log_level=None, verb_name='build', build_base='build', install_base='install', merge_install=False, symlink_install=False, test_result_base=None, continue_on_error=False, executor='parallel', parallel_workers=2, event_handlers=None, ignore_user_meta=False, metas=['./colcon.meta'], base_paths=['.'], packages_ignore=None, packages_ignore_regex=None, paths=None, packages_up_to=None, packages_up_to_regex=None, packages_above=None, packages_above_and_dependencies=None, packages_above_depth=None, packages_select_by_dep=None, packages_skip_by_dep=None, packages_skip_up_to=None, packages_select_build_failed=False, packages_skip_build_finished=False, packages_select_test_failures=False, packages_skip_test_passed=False, packages_select=['comp_topic_rclcpp'], packages_skip=None, packages_select_regex=None, packages_skip_regex=None, packages_start=None, packages_end=None, allow_overriding=[], cmake_args=None, cmake_target=None, cmake_target_skip_unavailable=False, cmake_clean_cache=False, cmake_clean_first=False, cmake_force_configure=False, ament_cmake_args=None, catkin_cmake_args=None, catkin_skip_building_tests=False, mixin_files=None, mixin=None, verb_parser=<colcon_mixin.mixin.mixin_argument.MixinArgumentDecorator object at 0x758117f41570>, verb_extension=<colcon_core.verb.build.BuildVerb object at 0x758117f40b50>, main=<bound method BuildVerb.main of <colcon_core.verb.build.BuildVerb object at 0x758117f40b50>>, mixin_verb=('build',))
[1.284s] Level 1:colcon.colcon_core.package_discovery:discover_packages(colcon_meta) check parameters
[1.289s] Level 1:colcon.colcon_core.package_discovery:discover_packages(recursive) check parameters
[1.289s] Level 1:colcon.colcon_core.package_discovery:discover_packages(ignore) check parameters
[1.289s] Level 1:colcon.colcon_core.package_discovery:discover_packages(path) check parameters
[1.289s] Level 1:colcon.colcon_core.package_discovery:discover_packages(colcon_meta) discover
[1.290s] Level 1:colcon.colcon_core.package_discovery:discover_packages(recursive) discover
[1.290s] INFO:colcon.colcon_core.package_discovery:Crawling recursively for packages in '/home/ros/ros2proj/ComP_demo/ComP_demo_ws'
[1.290s] Level 1:colcon.colcon_core.package_identification:_identify(.) by extensions ['ignore', 'ignore_ament_install']
[1.290s] Level 1:colcon.colcon_core.package_identification:_identify(.) by extension 'ignore'
[1.290s] Level 1:colcon.colcon_core.package_identification:_identify(.) by extension 'ignore_ament_install'
[1.291s] Level 1:colcon.colcon_core.package_identification:_identify(.) by extensions ['colcon_pkg']
[1.291s] Level 1:colcon.colcon_core.package_identification:_identify(.) by extension 'colcon_pkg'
[1.291s] Level 1:colcon.colcon_core.package_identification:_identify(.) by extensions ['colcon_meta']
[1.291s] Level 1:colcon.colcon_core.package_identification:_identify(.) by extension 'colcon_meta'
[1.291s] Level 1:colcon.colcon_core.package_identification:_identify(.) by extensions ['ros']
[1.291s] Level 1:colcon.colcon_core.package_identification:_identify(.) by extension 'ros'
[1.360s] Level 1:colcon.colcon_core.package_identification:_identify(.) by extensions ['cmake', 'python']
[1.360s] Level 1:colcon.colcon_core.package_identification:_identify(.) by extension 'cmake'
[1.360s] Level 1:colcon.colcon_core.package_identification:_identify(.) by extension 'python'
[1.360s] Level 1:colcon.colcon_core.package_identification:_identify(.) by extensions ['python_setup_py']
[1.360s] Level 1:colcon.colcon_core.package_identification:_identify(.) by extension 'python_setup_py'
[1.361s] Level 1:colcon.colcon_core.package_identification:_identify(build) by extensions ['ignore', 'ignore_ament_install']
[1.361s] Level 1:colcon.colcon_core.package_identification:_identify(build) by extension 'ignore'
[1.361s] Level 1:colcon.colcon_core.package_identification:_identify(build) ignored
[1.362s] Level 1:colcon.colcon_core.package_identification:_identify(install) by extensions ['ignore', 'ignore_ament_install']
[1.362s] Level 1:colcon.colcon_core.package_identification:_identify(install) by extension 'ignore'
[1.362s] Level 1:colcon.colcon_core.package_identification:_identify(install) ignored
[1.362s] Level 1:colcon.colcon_core.package_identification:_identify(log) by extensions ['ignore', 'ignore_ament_install']
[1.363s] Level 1:colcon.colcon_core.package_identification:_identify(log) by extension 'ignore'
[1.364s] Level 1:colcon.colcon_core.package_identification:_identify(log) ignored
[1.365s] Level 1:colcon.colcon_core.package_identification:_identify(src) by extensions ['ignore', 'ignore_ament_install']
[1.365s] Level 1:colcon.colcon_core.package_identification:_identify(src) by extension 'ignore'
[1.365s] Level 1:colcon.colcon_core.package_identification:_identify(src) by extension 'ignore_ament_install'
[1.365s] Level 1:colcon.colcon_core.package_identification:_identify(src) by extensions ['colcon_pkg']
[1.365s] Level 1:colcon.colcon_core.package_identification:_identify(src) by extension 'colcon_pkg'
[1.366s] Level 1:colcon.colcon_core.package_identification:_identify(src) by extensions ['colcon_meta']
[1.366s] Level 1:colcon.colcon_core.package_identification:_identify(src) by extension 'colcon_meta'
[1.366s] Level 1:colcon.colcon_core.package_identification:_identify(src) by extensions ['ros']
[1.366s] Level 1:colcon.colcon_core.package_identification:_identify(src) by extension 'ros'
[1.368s] Level 1:colcon.colcon_core.package_identification:_identify(src) by extensions ['cmake', 'python']
[1.368s] Level 1:colcon.colcon_core.package_identification:_identify(src) by extension 'cmake'
[1.369s] Level 1:colcon.colcon_core.package_identification:_identify(src) by extension 'python'
[1.369s] Level 1:colcon.colcon_core.package_identification:_identify(src) by extensions ['python_setup_py']
[1.369s] Level 1:colcon.colcon_core.package_identification:_identify(src) by extension 'python_setup_py'
[1.369s] Level 1:colcon.colcon_core.package_identification:_identify(src/comp_topic_rclcpp) by extensions ['ignore', 'ignore_ament_install']
[1.369s] Level 1:colcon.colcon_core.package_identification:_identify(src/comp_topic_rclcpp) by extension 'ignore'
[1.370s] Level 1:colcon.colcon_core.package_identification:_identify(src/comp_topic_rclcpp) by extension 'ignore_ament_install'
[1.370s] Level 1:colcon.colcon_core.package_identification:_identify(src/comp_topic_rclcpp) by extensions ['colcon_pkg']
[1.370s] Level 1:colcon.colcon_core.package_identification:_identify(src/comp_topic_rclcpp) by extension 'colcon_pkg'
[1.370s] Level 1:colcon.colcon_core.package_identification:_identify(src/comp_topic_rclcpp) by extensions ['colcon_meta']
[1.370s] Level 1:colcon.colcon_core.package_identification:_identify(src/comp_topic_rclcpp) by extension 'colcon_meta'
[1.370s] Level 1:colcon.colcon_core.package_identification:_identify(src/comp_topic_rclcpp) by extensions ['ros']
[1.370s] Level 1:colcon.colcon_core.package_identification:_identify(src/comp_topic_rclcpp) by extension 'ros'
[1.387s] DEBUG:colcon.colcon_core.package_identification:Package 'src/comp_topic_rclcpp' with type 'ros.ament_cmake' and name 'comp_topic_rclcpp'
[1.387s] Level 1:colcon.colcon_core.package_discovery:discover_packages(recursive) using defaults
[1.387s] Level 1:colcon.colcon_core.package_discovery:discover_packages(ignore) discover
[1.389s] Level 1:colcon.colcon_core.package_discovery:discover_packages(ignore) using defaults
[1.389s] Level 1:colcon.colcon_core.package_discovery:discover_packages(path) discover
[1.389s] Level 1:colcon.colcon_core.package_discovery:discover_packages(path) using defaults
[1.492s] Level 1:colcon.colcon_core.package_discovery:discover_packages(prefix_path) check parameters
[1.493s] Level 1:colcon.colcon_core.package_discovery:discover_packages(prefix_path) discover
[1.505s] DEBUG:colcon.colcon_installed_package_information.package_discovery:Found 270 installed packages in /opt/ros/humble
[1.511s] Level 1:colcon.colcon_core.package_discovery:discover_packages(prefix_path) using defaults
[1.669s] Level 5:colcon.colcon_core.verb:set package 'comp_topic_rclcpp' build argument 'cmake_args' from command line to 'None'
[1.670s] Level 5:colcon.colcon_core.verb:set package 'comp_topic_rclcpp' build argument 'cmake_target' from command line to 'None'
[1.670s] Level 5:colcon.colcon_core.verb:set package 'comp_topic_rclcpp' build argument 'cmake_target_skip_unavailable' from command line to 'False'
[1.671s] Level 5:colcon.colcon_core.verb:set package 'comp_topic_rclcpp' build argument 'cmake_clean_cache' from command line to 'False'
[1.671s] Level 5:colcon.colcon_core.verb:set package 'comp_topic_rclcpp' build argument 'cmake_clean_first' from command line to 'False'
[1.671s] Level 5:colcon.colcon_core.verb:set package 'comp_topic_rclcpp' build argument 'cmake_force_configure' from command line to 'False'
[1.671s] Level 5:colcon.colcon_core.verb:set package 'comp_topic_rclcpp' build argument 'ament_cmake_args' from command line to 'None'
[1.671s] Level 5:colcon.colcon_core.verb:set package 'comp_topic_rclcpp' build argument 'catkin_cmake_args' from command line to 'None'
[1.671s] Level 5:colcon.colcon_core.verb:set package 'comp_topic_rclcpp' build argument 'catkin_skip_building_tests' from command line to 'False'
[1.671s] DEBUG:colcon.colcon_core.verb:Building package 'comp_topic_rclcpp' with the following arguments: {'ament_cmake_args': None, 'build_base': '/home/ros/ros2proj/ComP_demo/ComP_demo_ws/build/comp_topic_rclcpp', 'catkin_cmake_args': None, 'catkin_skip_building_tests': False, 'cmake_args': None, 'cmake_clean_cache': False, 'cmake_clean_first': False, 'cmake_force_configure': False, 'cmake_target': None, 'cmake_target_skip_unavailable': False, 'install_base': '/home/ros/ros2proj/ComP_demo/ComP_demo_ws/install/comp_topic_rclcpp', 'merge_install': False, 'path': '/home/ros/ros2proj/ComP_demo/ComP_demo_ws/src/comp_topic_rclcpp', 'symlink_install': False, 'test_result_base': None}
[1.671s] INFO:colcon.colcon_core.executor:Executing jobs using 'parallel' executor
[1.677s] DEBUG:colcon.colcon_parallel_executor.executor.parallel:run_until_complete
[1.678s] INFO:colcon.colcon_ros.task.ament_cmake.build:Building ROS package in '/home/ros/ros2proj/ComP_demo/ComP_demo_ws/src/comp_topic_rclcpp' with build type 'ament_cmake'
[1.680s] INFO:colcon.colcon_cmake.task.cmake.build:Building CMake package in '/home/ros/ros2proj/ComP_demo/ComP_demo_ws/src/comp_topic_rclcpp'
[1.695s] INFO:colcon.colcon_core.plugin_system:Skipping extension 'colcon_core.shell.bat': Not used on non-Windows systems
[1.696s] INFO:colcon.colcon_core.shell:Skip shell extension 'powershell' for command environment: Not usable outside of PowerShell
[1.696s] DEBUG:colcon.colcon_core.shell:Skip shell extension 'dsv' for command environment
[1.724s] DEBUG:colcon.colcon_core.event_handler.log_command:Invoking command in '/home/ros/ros2proj/ComP_demo/ComP_demo_ws/build/comp_topic_rclcpp': CMAKE_PREFIX_PATH=/opt/ros/humble CONDA_PROMPT_MODIFIER=(ros2) /usr/bin/cmake --build /home/ros/ros2proj/ComP_demo/ComP_demo_ws/build/comp_topic_rclcpp -- -j2 -l2
[42.285s] DEBUG:colcon.colcon_core.event_handler.log_command:Invoked command in '/home/ros/ros2proj/ComP_demo/ComP_demo_ws/build/comp_topic_rclcpp' returned '2': CMAKE_PREFIX_PATH=/opt/ros/humble CONDA_PROMPT_MODIFIER=(ros2) /usr/bin/cmake --build /home/ros/ros2proj/ComP_demo/ComP_demo_ws/build/comp_topic_rclcpp -- -j2 -l2
[42.992s] Level 1:colcon.colcon_core.environment:create_environment_scripts_only(comp_topic_rclcpp)
[43.019s] Level 1:colcon.colcon_core.environment:checking '/home/ros/ros2proj/ComP_demo/ComP_demo_ws/install/comp_topic_rclcpp' for CMake module files
[43.021s] Level 1:colcon.colcon_core.environment:checking '/home/ros/ros2proj/ComP_demo/ComP_demo_ws/install/comp_topic_rclcpp' for CMake config files
[43.032s] Level 1:colcon.colcon_core.shell:create_environment_hook('comp_topic_rclcpp', 'cmake_prefix_path')
[43.033s] INFO:colcon.colcon_core.shell:Creating environment hook '/home/ros/ros2proj/ComP_demo/ComP_demo_ws/install/comp_topic_rclcpp/share/comp_topic_rclcpp/hook/cmake_prefix_path.ps1'
[43.035s] INFO:colcon.colcon_core.shell:Creating environment descriptor '/home/ros/ros2proj/ComP_demo/ComP_demo_ws/install/comp_topic_rclcpp/share/comp_topic_rclcpp/hook/cmake_prefix_path.dsv'
[43.038s] INFO:colcon.colcon_core.shell:Creating environment hook '/home/ros/ros2proj/ComP_demo/ComP_demo_ws/install/comp_topic_rclcpp/share/comp_topic_rclcpp/hook/cmake_prefix_path.sh'
[43.045s] Level 1:colcon.colcon_core.environment:checking '/home/ros/ros2proj/ComP_demo/ComP_demo_ws/install/comp_topic_rclcpp/lib'
[43.046s] Level 1:colcon.colcon_core.shell:create_environment_hook('comp_topic_rclcpp', 'ld_library_path_lib')
[43.046s] INFO:colcon.colcon_core.shell:Creating environment hook '/home/ros/ros2proj/ComP_demo/ComP_demo_ws/install/comp_topic_rclcpp/share/comp_topic_rclcpp/hook/ld_library_path_lib.ps1'
[43.050s] INFO:colcon.colcon_core.shell:Creating environment descriptor '/home/ros/ros2proj/ComP_demo/ComP_demo_ws/install/comp_topic_rclcpp/share/comp_topic_rclcpp/hook/ld_library_path_lib.dsv'
[43.056s] INFO:colcon.colcon_core.shell:Creating environment hook '/home/ros/ros2proj/ComP_demo/ComP_demo_ws/install/comp_topic_rclcpp/share/comp_topic_rclcpp/hook/ld_library_path_lib.sh'
[43.058s] Level 1:colcon.colcon_core.environment:checking '/home/ros/ros2proj/ComP_demo/ComP_demo_ws/install/comp_topic_rclcpp/bin'
[43.058s] Level 1:colcon.colcon_core.environment:checking '/home/ros/ros2proj/ComP_demo/ComP_demo_ws/install/comp_topic_rclcpp/lib/pkgconfig/comp_topic_rclcpp.pc'
[43.059s] Level 1:colcon.colcon_core.environment:checking '/home/ros/ros2proj/ComP_demo/ComP_demo_ws/install/comp_topic_rclcpp/lib/python3.10/site-packages'
[43.060s] Level 1:colcon.colcon_core.environment:checking '/home/ros/ros2proj/ComP_demo/ComP_demo_ws/install/comp_topic_rclcpp/bin'
[43.061s] INFO:colcon.colcon_core.shell:Creating package script '/home/ros/ros2proj/ComP_demo/ComP_demo_ws/install/comp_topic_rclcpp/share/comp_topic_rclcpp/package.ps1'
[43.065s] INFO:colcon.colcon_core.shell:Creating package descriptor '/home/ros/ros2proj/ComP_demo/ComP_demo_ws/install/comp_topic_rclcpp/share/comp_topic_rclcpp/package.dsv'
[43.069s] INFO:colcon.colcon_core.shell:Creating package script '/home/ros/ros2proj/ComP_demo/ComP_demo_ws/install/comp_topic_rclcpp/share/comp_topic_rclcpp/package.sh'
[43.073s] INFO:colcon.colcon_core.shell:Creating package script '/home/ros/ros2proj/ComP_demo/ComP_demo_ws/install/comp_topic_rclcpp/share/comp_topic_rclcpp/package.bash'
[43.076s] INFO:colcon.colcon_core.shell:Creating package script '/home/ros/ros2proj/ComP_demo/ComP_demo_ws/install/comp_topic_rclcpp/share/comp_topic_rclcpp/package.zsh'
[43.080s] Level 1:colcon.colcon_core.environment:create_file_with_runtime_dependencies(/home/ros/ros2proj/ComP_demo/ComP_demo_ws/install/comp_topic_rclcpp/share/colcon-core/packages/comp_topic_rclcpp)
[43.082s] DEBUG:colcon.colcon_parallel_executor.executor.parallel:closing loop
[43.083s] DEBUG:colcon.colcon_parallel_executor.executor.parallel:loop closed
[43.083s] DEBUG:colcon.colcon_parallel_executor.executor.parallel:run_until_complete finished with '2'
[43.084s] DEBUG:colcon.colcon_core.event_reactor:joining thread
[43.115s] INFO:colcon.colcon_core.plugin_system:Skipping extension 'colcon_notification.desktop_notification.terminal_notifier': Not used on non-Darwin systems
[43.116s] INFO:colcon.colcon_core.plugin_system:Skipping extension 'colcon_notification.desktop_notification.win32': Not used on non-Windows systems
[43.116s] INFO:colcon.colcon_notification.desktop_notification:Sending desktop notification using 'notify2'
[43.226s] DEBUG:colcon.colcon_core.event_reactor:joined thread
[43.227s] INFO:colcon.colcon_core.shell:Creating prefix script '/home/ros/ros2proj/ComP_demo/ComP_demo_ws/install/local_setup.ps1'
[43.232s] INFO:colcon.colcon_core.shell:Creating prefix util module '/home/ros/ros2proj/ComP_demo/ComP_demo_ws/install/_local_setup_util_ps1.py'
[43.246s] INFO:colcon.colcon_core.shell:Creating prefix chain script '/home/ros/ros2proj/ComP_demo/ComP_demo_ws/install/setup.ps1'
[43.255s] INFO:colcon.colcon_core.shell:Creating prefix script '/home/ros/ros2proj/ComP_demo/ComP_demo_ws/install/local_setup.sh'
[43.258s] INFO:colcon.colcon_core.shell:Creating prefix util module '/home/ros/ros2proj/ComP_demo/ComP_demo_ws/install/_local_setup_util_sh.py'
[43.261s] INFO:colcon.colcon_core.shell:Creating prefix chain script '/home/ros/ros2proj/ComP_demo/ComP_demo_ws/install/setup.sh'
[43.267s] INFO:colcon.colcon_core.shell:Creating prefix script '/home/ros/ros2proj/ComP_demo/ComP_demo_ws/install/local_setup.bash'
[43.272s] INFO:colcon.colcon_core.shell:Creating prefix chain script '/home/ros/ros2proj/ComP_demo/ComP_demo_ws/install/setup.bash'
[43.278s] INFO:colcon.colcon_core.shell:Creating prefix script '/home/ros/ros2proj/ComP_demo/ComP_demo_ws/install/local_setup.zsh'
[43.282s] INFO:colcon.colcon_core.shell:Creating prefix chain script '/home/ros/ros2proj/ComP_demo/ComP_demo_ws/install/setup.zsh'
