[0.095s] Invoking command in '/home/ros/ros2proj/ComP_demo/ComP_demo_ws/build/comp_topic_rclcpp': CMAKE_PREFIX_PATH=/opt/ros/humble /usr/bin/cmake --build /home/ros/ros2proj/ComP_demo/ComP_demo_ws/build/comp_topic_rclcpp -- -j2 -l2
[0.592s] -- Found ament_cmake: 1.3.9 (/opt/ros/humble/share/ament_cmake/cmake)
[1.745s] -- Found rclcpp: 16.0.9 (/opt/ros/humble/share/rclcpp/cmake)
[2.162s] -- Found rosidl_generator_c: 3.1.5 (/opt/ros/humble/share/rosidl_generator_c/cmake)
[2.266s] -- Found rosidl_adapter: 3.1.5 (/opt/ros/humble/share/rosidl_adapter/cmake)
[2.444s] -- Found rosidl_generator_cpp: 3.1.5 (/opt/ros/humble/share/rosidl_generator_cpp/cmake)
[2.650s] -- Using all available rosidl_typesupport_c: rosidl_typesupport_fastrtps_c;rosidl_typesupport_introspection_c
[2.821s] -- Using all available rosidl_typesupport_cpp: rosidl_typesupport_fastrtps_cpp;rosidl_typesupport_introspection_cpp
[3.547s] -- Found rmw_implementation_cmake: 6.1.2 (/opt/ros/humble/share/rmw_implementation_cmake/cmake)
[3.561s] -- Found rmw_fastrtps_cpp: 6.2.6 (/opt/ros/humble/share/rmw_fastrtps_cpp/cmake)
[4.689s] -- Using RMW implementation 'rmw_fastrtps_cpp' as default
[6.255s] -- Found sensor_msgs: 4.2.4 (/opt/ros/humble/share/sensor_msgs/cmake)
[7.190s] -- Found rosidl_default_generators: 1.2.0 (/opt/ros/humble/share/rosidl_default_generators/cmake)
[9.657s] -- Found ament_cmake_ros: 0.10.0 (/opt/ros/humble/share/ament_cmake_ros/cmake)
[12.671s] -- Using all available rosidl_typesupport_c: rosidl_typesupport_fastrtps_c;rosidl_typesupport_introspection_c
[13.960s] -- Using all available rosidl_typesupport_cpp: rosidl_typesupport_fastrtps_cpp;rosidl_typesupport_introspection_cpp
[14.256s] -- Found python_cmake_module: 0.10.0 (/opt/ros/humble/share/python_cmake_module/cmake)
[14.506s] -- Using PYTHON_EXECUTABLE: /usr/bin/python3
[14.507s] -- Using PYTHON_INCLUDE_DIRS: /usr/include/python3.10
[14.507s] -- Using PYTHON_LIBRARIES: /usr/lib/x86_64-linux-gnu/libpython3.10.so
[14.806s] -- Found ament_lint_auto: 0.12.11 (/opt/ros/humble/share/ament_lint_auto/cmake)
[14.984s] -- Added test 'cppcheck' to perform static code analysis on C / C++ code
[14.999s] -- Configured cppcheck include dirs: /home/ros/ros2proj/ComP_demo/ComP_demo_ws/src/comp_topic_rclcpp/include
[15.005s] -- Configured cppcheck exclude dirs and/or files: 
[15.016s] -- Added test 'lint_cmake' to check CMake code style
[15.032s] -- Added test 'uncrustify' to check C / C++ code style
[15.038s] -- Configured uncrustify additional arguments: 
[15.043s] -- Added test 'xmllint' to check XML markup files
[15.082s] -- Configuring done
[15.884s] -- Generating done
[15.906s] -- Build files have been written to: /home/ros/ros2proj/ComP_demo/ComP_demo_ws/build/comp_topic_rclcpp
[16.168s] [  1%] Built target comp_topic_rclcpp__cpp
[16.211s] [35m[1mConsolidate compiler generated dependencies of target comp_topic_rclcpp__rosidl_generator_c[0m
[16.312s] [ 10%] Built target comp_topic_rclcpp__rosidl_generator_c
[16.609s] [ 10%] Built target ament_cmake_python_copy_comp_topic_rclcpp
[16.686s] [35m[1mConsolidate compiler generated dependencies of target CameraTimer[0m
[16.814s] [ 13%] Built target CameraTimer
[16.891s] [ 14%] [34m[1mGenerating C++ type support dispatch for ROS interfaces[0m
[19.422s] [35m[1mConsolidate compiler generated dependencies of target comp_topic_rclcpp__rosidl_typesupport_cpp[0m
[19.560s] [ 16%] [32mBuilding CXX object CMakeFiles/comp_topic_rclcpp__rosidl_typesupport_cpp.dir/rosidl_typesupport_cpp/comp_topic_rclcpp/msg/yolo_piece__type_support.cpp.o[0m
[22.812s] [ 17%] [32mBuilding CXX object CMakeFiles/comp_topic_rclcpp__rosidl_typesupport_cpp.dir/rosidl_typesupport_cpp/comp_topic_rclcpp/msg/yolo_result__type_support.cpp.o[0m
[25.151s] [ 18%] [32mBuilding CXX object CMakeFiles/comp_topic_rclcpp__rosidl_typesupport_cpp.dir/rosidl_typesupport_cpp/comp_topic_rclcpp/msg/tracker_result__type_support.cpp.o[0m
[27.662s] [ 20%] [32mBuilding CXX object CMakeFiles/comp_topic_rclcpp__rosidl_typesupport_cpp.dir/rosidl_typesupport_cpp/comp_topic_rclcpp/msg/lane_result__type_support.cpp.o[0m
[29.724s] [ 21%] [32mBuilding CXX object CMakeFiles/comp_topic_rclcpp__rosidl_typesupport_cpp.dir/rosidl_typesupport_cpp/comp_topic_rclcpp/msg/point_detect__type_support.cpp.o[0m
[32.154s] [ 22%] [32m[1mLinking CXX shared library libcomp_topic_rclcpp__rosidl_typesupport_cpp.so[0m
[32.682s] [ 22%] Built target comp_topic_rclcpp__rosidl_typesupport_cpp
[32.798s] [ 24%] [34m[1mGenerating C type support for eProsima Fast-RTPS[0m
[36.548s] [35m[1mConsolidate compiler generated dependencies of target comp_topic_rclcpp__rosidl_typesupport_fastrtps_c[0m
[36.684s] [ 25%] [32mBuilding CXX object CMakeFiles/comp_topic_rclcpp__rosidl_typesupport_fastrtps_c.dir/rosidl_typesupport_fastrtps_c/comp_topic_rclcpp/msg/detail/yolo_piece__type_support_c.cpp.o[0m
[39.772s] [ 27%] [32mBuilding CXX object CMakeFiles/comp_topic_rclcpp__rosidl_typesupport_fastrtps_c.dir/rosidl_typesupport_fastrtps_c/comp_topic_rclcpp/msg/detail/yolo_result__type_support_c.cpp.o[0m
[43.337s] [ 28%] [32mBuilding CXX object CMakeFiles/comp_topic_rclcpp__rosidl_typesupport_fastrtps_c.dir/rosidl_typesupport_fastrtps_c/comp_topic_rclcpp/msg/detail/tracker_result__type_support_c.cpp.o[0m
[46.038s] [ 29%] [32mBuilding CXX object CMakeFiles/comp_topic_rclcpp__rosidl_typesupport_fastrtps_c.dir/rosidl_typesupport_fastrtps_c/comp_topic_rclcpp/msg/detail/lane_result__type_support_c.cpp.o[0m
[49.009s] [ 31%] [32mBuilding CXX object CMakeFiles/comp_topic_rclcpp__rosidl_typesupport_fastrtps_c.dir/rosidl_typesupport_fastrtps_c/comp_topic_rclcpp/msg/detail/point_detect__type_support_c.cpp.o[0m
[51.914s] [ 32%] [32m[1mLinking CXX shared library libcomp_topic_rclcpp__rosidl_typesupport_fastrtps_c.so[0m
[52.664s] [ 32%] Built target comp_topic_rclcpp__rosidl_typesupport_fastrtps_c
[52.845s] [ 33%] [34m[1mGenerating C++ type support for eProsima Fast-RTPS[0m
[56.137s] [35m[1mConsolidate compiler generated dependencies of target comp_topic_rclcpp__rosidl_typesupport_fastrtps_cpp[0m
[56.298s] [ 35%] [32mBuilding CXX object CMakeFiles/comp_topic_rclcpp__rosidl_typesupport_fastrtps_cpp.dir/rosidl_typesupport_fastrtps_cpp/comp_topic_rclcpp/msg/detail/dds_fastrtps/yolo_piece__type_support.cpp.o[0m
[59.708s] [ 36%] [32mBuilding CXX object CMakeFiles/comp_topic_rclcpp__rosidl_typesupport_fastrtps_cpp.dir/rosidl_typesupport_fastrtps_cpp/comp_topic_rclcpp/msg/detail/dds_fastrtps/yolo_result__type_support.cpp.o[0m
[63.194s] [ 37%] [32mBuilding CXX object CMakeFiles/comp_topic_rclcpp__rosidl_typesupport_fastrtps_cpp.dir/rosidl_typesupport_fastrtps_cpp/comp_topic_rclcpp/msg/detail/dds_fastrtps/tracker_result__type_support.cpp.o[0m
[66.583s] [ 39%] [32mBuilding CXX object CMakeFiles/comp_topic_rclcpp__rosidl_typesupport_fastrtps_cpp.dir/rosidl_typesupport_fastrtps_cpp/comp_topic_rclcpp/msg/detail/dds_fastrtps/lane_result__type_support.cpp.o[0m
[70.432s] [ 40%] [32mBuilding CXX object CMakeFiles/comp_topic_rclcpp__rosidl_typesupport_fastrtps_cpp.dir/rosidl_typesupport_fastrtps_cpp/comp_topic_rclcpp/msg/detail/dds_fastrtps/point_detect__type_support.cpp.o[0m
[73.740s] [ 41%] [32m[1mLinking CXX shared library libcomp_topic_rclcpp__rosidl_typesupport_fastrtps_cpp.so[0m
[74.410s] [ 41%] Built target comp_topic_rclcpp__rosidl_typesupport_fastrtps_cpp
[74.520s] [ 43%] [34m[1mGenerating C introspection for ROS interfaces[0m
[77.882s] [35m[1mConsolidate compiler generated dependencies of target comp_topic_rclcpp__rosidl_typesupport_introspection_c[0m
[77.961s] [ 44%] [32mBuilding C object CMakeFiles/comp_topic_rclcpp__rosidl_typesupport_introspection_c.dir/rosidl_typesupport_introspection_c/comp_topic_rclcpp/msg/detail/yolo_piece__type_support.c.o[0m
[78.281s] [ 45%] [32mBuilding C object CMakeFiles/comp_topic_rclcpp__rosidl_typesupport_introspection_c.dir/rosidl_typesupport_introspection_c/comp_topic_rclcpp/msg/detail/yolo_result__type_support.c.o[0m
[78.670s] [ 47%] [32mBuilding C object CMakeFiles/comp_topic_rclcpp__rosidl_typesupport_introspection_c.dir/rosidl_typesupport_introspection_c/comp_topic_rclcpp/msg/detail/tracker_result__type_support.c.o[0m
[78.959s] [ 48%] [32mBuilding C object CMakeFiles/comp_topic_rclcpp__rosidl_typesupport_introspection_c.dir/rosidl_typesupport_introspection_c/comp_topic_rclcpp/msg/detail/lane_result__type_support.c.o[0m
[79.275s] [ 50%] [32mBuilding C object CMakeFiles/comp_topic_rclcpp__rosidl_typesupport_introspection_c.dir/rosidl_typesupport_introspection_c/comp_topic_rclcpp/msg/detail/point_detect__type_support.c.o[0m
[79.525s] [ 51%] [32m[1mLinking C shared library libcomp_topic_rclcpp__rosidl_typesupport_introspection_c.so[0m
[79.853s] [ 51%] Built target comp_topic_rclcpp__rosidl_typesupport_introspection_c
[79.926s] [ 52%] [34m[1mGenerating C type support dispatch for ROS interfaces[0m
[82.485s] [35m[1mConsolidate compiler generated dependencies of target comp_topic_rclcpp__rosidl_typesupport_c[0m
[82.582s] [ 54%] [32mBuilding CXX object CMakeFiles/comp_topic_rclcpp__rosidl_typesupport_c.dir/rosidl_typesupport_c/comp_topic_rclcpp/msg/yolo_piece__type_support.cpp.o[0m
[82.876s] [ 55%] [32mBuilding CXX object CMakeFiles/comp_topic_rclcpp__rosidl_typesupport_c.dir/rosidl_typesupport_c/comp_topic_rclcpp/msg/yolo_result__type_support.cpp.o[0m
[83.237s] [ 56%] [32mBuilding CXX object CMakeFiles/comp_topic_rclcpp__rosidl_typesupport_c.dir/rosidl_typesupport_c/comp_topic_rclcpp/msg/tracker_result__type_support.cpp.o[0m
[83.453s] [ 58%] [32mBuilding CXX object CMakeFiles/comp_topic_rclcpp__rosidl_typesupport_c.dir/rosidl_typesupport_c/comp_topic_rclcpp/msg/lane_result__type_support.cpp.o[0m
[83.745s] [ 59%] [32mBuilding CXX object CMakeFiles/comp_topic_rclcpp__rosidl_typesupport_c.dir/rosidl_typesupport_c/comp_topic_rclcpp/msg/point_detect__type_support.cpp.o[0m
[84.084s] [ 60%] [32m[1mLinking CXX shared library libcomp_topic_rclcpp__rosidl_typesupport_c.so[0m
[84.522s] [ 60%] Built target comp_topic_rclcpp__rosidl_typesupport_c
[84.634s] [ 62%] [34m[1mGenerating C++ introspection for ROS interfaces[0m
[87.958s] [35m[1mConsolidate compiler generated dependencies of target comp_topic_rclcpp__rosidl_typesupport_introspection_cpp[0m
[88.038s] [ 63%] [32mBuilding CXX object CMakeFiles/comp_topic_rclcpp__rosidl_typesupport_introspection_cpp.dir/rosidl_typesupport_introspection_cpp/comp_topic_rclcpp/msg/detail/yolo_piece__type_support.cpp.o[0m
[90.987s] [ 64%] [32mBuilding CXX object CMakeFiles/comp_topic_rclcpp__rosidl_typesupport_introspection_cpp.dir/rosidl_typesupport_introspection_cpp/comp_topic_rclcpp/msg/detail/yolo_result__type_support.cpp.o[0m
[94.692s] [ 66%] [32mBuilding CXX object CMakeFiles/comp_topic_rclcpp__rosidl_typesupport_introspection_cpp.dir/rosidl_typesupport_introspection_cpp/comp_topic_rclcpp/msg/detail/tracker_result__type_support.cpp.o[0m
[98.351s] [ 67%] [32mBuilding CXX object CMakeFiles/comp_topic_rclcpp__rosidl_typesupport_introspection_cpp.dir/rosidl_typesupport_introspection_cpp/comp_topic_rclcpp/msg/detail/lane_result__type_support.cpp.o[0m
[102.167s] [ 68%] [32mBuilding CXX object CMakeFiles/comp_topic_rclcpp__rosidl_typesupport_introspection_cpp.dir/rosidl_typesupport_introspection_cpp/comp_topic_rclcpp/msg/detail/point_detect__type_support.cpp.o[0m
[105.422s] [ 70%] [32m[1mLinking CXX shared library libcomp_topic_rclcpp__rosidl_typesupport_introspection_cpp.so[0m
[106.102s] [ 70%] Built target comp_topic_rclcpp__rosidl_typesupport_introspection_cpp
[108.203s] running egg_info
[108.213s] writing comp_topic_rclcpp.egg-info/PKG-INFO
[108.213s] writing dependency_links to comp_topic_rclcpp.egg-info/dependency_links.txt
[108.216s] writing top-level names to comp_topic_rclcpp.egg-info/top_level.txt
[108.246s] reading manifest file 'comp_topic_rclcpp.egg-info/SOURCES.txt'
[108.271s] writing manifest file 'comp_topic_rclcpp.egg-info/SOURCES.txt'
[108.471s] [ 70%] Built target ament_cmake_python_build_comp_topic_rclcpp_egg
[108.636s] [35m[1mConsolidate compiler generated dependencies of target Final[0m
[108.825s] [ 71%] [32mBuilding CXX object CMakeFiles/Final.dir/src/Final.cpp.o[0m
[226.672s] [ 72%] [32m[1mLinking CXX executable Final[0m
[235.320s] [ 72%] Built target Final
[235.432s] [35m[1mConsolidate compiler generated dependencies of target Tracker[0m
[235.666s] [ 74%] [32mBuilding CXX object CMakeFiles/Tracker.dir/src/Tracker.cpp.o[0m
[336.776s] [ 75%] [32m[1mLinking CXX executable Tracker[0m
[342.980s] [ 75%] Built target Tracker
[343.092s] [35m[1mConsolidate compiler generated dependencies of target Lane[0m
[343.285s] [ 77%] [32mBuilding CXX object CMakeFiles/Lane.dir/src/Lane.cpp.o[0m
[369.406s] [01m[K/home/ros/ros2proj/ComP_demo/ComP_demo_ws/src/comp_topic_rclcpp/src/Lane.cpp:[m[K In member function ‘[01m[Kvoid Lane::cameratimer_topic_callback(sensor_msgs::msg::Image_<std::allocator<void> >::SharedPtr)[m[K’:
[369.421s] [01m[K/home/ros/ros2proj/ComP_demo/ComP_demo_ws/src/comp_topic_rclcpp/src/Lane.cpp:34:9:[m[K [01;31m[Kerror: [m[K‘[01m[Klane_process[m[K’ was not declared in this scope
[369.421s]    34 |         [01;31m[Klane_process[m[K(frame, result);
[369.422s]       |         [01;31m[K^~~~~~~~~~~~[m[K
[393.044s] gmake[2]: *** [CMakeFiles/Lane.dir/build.make:76: CMakeFiles/Lane.dir/src/Lane.cpp.o] Error 1
[393.044s] gmake[1]: *** [CMakeFiles/Makefile2:681: CMakeFiles/Lane.dir/all] Error 2
[393.045s] gmake: *** [Makefile:146: all] Error 2
[393.081s] Invoked command in '/home/ros/ros2proj/ComP_demo/ComP_demo_ws/build/comp_topic_rclcpp' returned '2': CMAKE_PREFIX_PATH=/opt/ros/humble /usr/bin/cmake --build /home/ros/ros2proj/ComP_demo/ComP_demo_ws/build/comp_topic_rclcpp -- -j2 -l2
