[0.035s] Invoking command in '/home/ros/ros2proj/ComP_demo/ComP_demo_ws/build/comp_topic_rclcpp': CMAKE_PREFIX_PATH=/opt/ros/humble CONDA_PROMPT_MODIFIER=(ros2) /usr/bin/cmake --build /home/ros/ros2proj/ComP_demo/ComP_demo_ws/build/comp_topic_rclcpp -- -j2 -l2
[0.195s] [  1%] Built target comp_topic_rclcpp__cpp
[0.268s] [ 10%] Built target comp_topic_rclcpp__rosidl_generator_c
[0.349s] [ 10%] Built target ament_cmake_python_copy_comp_topic_rclcpp
[0.412s] [ 13%] Built target CameraTimer
[0.476s] [ 22%] Built target comp_topic_rclcpp__rosidl_typesupport_cpp
[0.536s] [ 32%] Built target comp_topic_rclcpp__rosidl_typesupport_fastrtps_c
[0.596s] [ 41%] Built target comp_topic_rclcpp__rosidl_typesupport_fastrtps_cpp
[0.659s] [ 51%] Built target comp_topic_rclcpp__rosidl_typesupport_introspection_c
[0.713s] [ 60%] Built target comp_topic_rclcpp__rosidl_typesupport_c
[0.792s] [ 70%] Built target comp_topic_rclcpp__rosidl_typesupport_introspection_cpp
[1.418s] running egg_info
[1.419s] writing comp_topic_rclcpp.egg-info/PKG-INFO
[1.419s] writing dependency_links to comp_topic_rclcpp.egg-info/dependency_links.txt
[1.421s] writing top-level names to comp_topic_rclcpp.egg-info/top_level.txt
[1.426s] reading manifest file 'comp_topic_rclcpp.egg-info/SOURCES.txt'
[1.427s] writing manifest file 'comp_topic_rclcpp.egg-info/SOURCES.txt'
[1.502s] [ 70%] Built target ament_cmake_python_build_comp_topic_rclcpp_egg
[1.573s] [ 72%] Built target Final
[1.637s] [ 75%] Built target Tracker
[1.717s] [ 79%] Built target Lane
[1.794s] [ 82%] Built target Yolo
[1.851s] [ 82%] Built target comp_topic_rclcpp
[1.906s] [ 83%] Built target comp_topic_rclcpp__py
[1.973s] [ 91%] Built target comp_topic_rclcpp__rosidl_generator_py
[2.028s] [ 94%] Built target comp_topic_rclcpp__rosidl_typesupport_fastrtps_c__pyext
[2.112s] [ 97%] Built target comp_topic_rclcpp__rosidl_typesupport_introspection_c__pyext
[2.177s] [100%] Built target comp_topic_rclcpp__rosidl_typesupport_c__pyext
[2.222s] Invoked command in '/home/ros/ros2proj/ComP_demo/ComP_demo_ws/build/comp_topic_rclcpp' returned '0': CMAKE_PREFIX_PATH=/opt/ros/humble CONDA_PROMPT_MODIFIER=(ros2) /usr/bin/cmake --build /home/ros/ros2proj/ComP_demo/ComP_demo_ws/build/comp_topic_rclcpp -- -j2 -l2
[2.826s] Invoking command in '/home/ros/ros2proj/ComP_demo/ComP_demo_ws/build/comp_topic_rclcpp': CMAKE_PREFIX_PATH=/opt/ros/humble CONDA_PROMPT_MODIFIER=(ros2) /usr/bin/cmake --install /home/ros/ros2proj/ComP_demo/ComP_demo_ws/build/comp_topic_rclcpp
[2.852s] -- Install configuration: ""
[2.854s] -- Up-to-date: /home/ros/ros2proj/ComP_demo/ComP_demo_ws/install/comp_topic_rclcpp/share/ament_index/resource_index/rosidl_interfaces/comp_topic_rclcpp
[2.854s] -- Up-to-date: /home/ros/ros2proj/ComP_demo/ComP_demo_ws/install/comp_topic_rclcpp/include/comp_topic_rclcpp/comp_topic_rclcpp
[2.854s] -- Up-to-date: /home/ros/ros2proj/ComP_demo/ComP_demo_ws/install/comp_topic_rclcpp/include/comp_topic_rclcpp/comp_topic_rclcpp/msg
[2.855s] -- Up-to-date: /home/ros/ros2proj/ComP_demo/ComP_demo_ws/install/comp_topic_rclcpp/include/comp_topic_rclcpp/comp_topic_rclcpp/msg/point_detect.h
[2.855s] -- Up-to-date: /home/ros/ros2proj/ComP_demo/ComP_demo_ws/install/comp_topic_rclcpp/include/comp_topic_rclcpp/comp_topic_rclcpp/msg/rosidl_generator_c__visibility_control.h
[2.855s] -- Up-to-date: /home/ros/ros2proj/ComP_demo/ComP_demo_ws/install/comp_topic_rclcpp/include/comp_topic_rclcpp/comp_topic_rclcpp/msg/detail
[2.855s] -- Up-to-date: /home/ros/ros2proj/ComP_demo/ComP_demo_ws/install/comp_topic_rclcpp/include/comp_topic_rclcpp/comp_topic_rclcpp/msg/detail/lines_result__struct.h
[2.855s] -- Up-to-date: /home/ros/ros2proj/ComP_demo/ComP_demo_ws/install/comp_topic_rclcpp/include/comp_topic_rclcpp/comp_topic_rclcpp/msg/detail/yolo_piece__functions.c
[2.855s] -- Up-to-date: /home/ros/ros2proj/ComP_demo/ComP_demo_ws/install/comp_topic_rclcpp/include/comp_topic_rclcpp/comp_topic_rclcpp/msg/detail/point_detect__functions.h
[2.855s] -- Up-to-date: /home/ros/ros2proj/ComP_demo/ComP_demo_ws/install/comp_topic_rclcpp/include/comp_topic_rclcpp/comp_topic_rclcpp/msg/detail/lines_result__type_support.h
[2.855s] -- Up-to-date: /home/ros/ros2proj/ComP_demo/ComP_demo_ws/install/comp_topic_rclcpp/include/comp_topic_rclcpp/comp_topic_rclcpp/msg/detail/yolo_piece__struct.h
[2.855s] -- Up-to-date: /home/ros/ros2proj/ComP_demo/ComP_demo_ws/install/comp_topic_rclcpp/include/comp_topic_rclcpp/comp_topic_rclcpp/msg/detail/lines_result__functions.c
[2.855s] -- Up-to-date: /home/ros/ros2proj/ComP_demo/ComP_demo_ws/install/comp_topic_rclcpp/include/comp_topic_rclcpp/comp_topic_rclcpp/msg/detail/yolo_piece__type_support.h
[2.855s] -- Up-to-date: /home/ros/ros2proj/ComP_demo/ComP_demo_ws/install/comp_topic_rclcpp/include/comp_topic_rclcpp/comp_topic_rclcpp/msg/detail/lane_result__functions.h
[2.855s] -- Up-to-date: /home/ros/ros2proj/ComP_demo/ComP_demo_ws/install/comp_topic_rclcpp/include/comp_topic_rclcpp/comp_topic_rclcpp/msg/detail/lines_result__functions.h
[2.855s] -- Up-to-date: /home/ros/ros2proj/ComP_demo/ComP_demo_ws/install/comp_topic_rclcpp/include/comp_topic_rclcpp/comp_topic_rclcpp/msg/detail/point_detect__struct.h
[2.856s] -- Up-to-date: /home/ros/ros2proj/ComP_demo/ComP_demo_ws/install/comp_topic_rclcpp/include/comp_topic_rclcpp/comp_topic_rclcpp/msg/detail/yolo_result__functions.h
[2.856s] -- Up-to-date: /home/ros/ros2proj/ComP_demo/ComP_demo_ws/install/comp_topic_rclcpp/include/comp_topic_rclcpp/comp_topic_rclcpp/msg/detail/yolo_result__functions.c
[2.856s] -- Up-to-date: /home/ros/ros2proj/ComP_demo/ComP_demo_ws/install/comp_topic_rclcpp/include/comp_topic_rclcpp/comp_topic_rclcpp/msg/detail/tracker_result__type_support.h
[2.856s] -- Up-to-date: /home/ros/ros2proj/ComP_demo/ComP_demo_ws/install/comp_topic_rclcpp/include/comp_topic_rclcpp/comp_topic_rclcpp/msg/detail/lane_result__type_support.h
[2.856s] -- Up-to-date: /home/ros/ros2proj/ComP_demo/ComP_demo_ws/install/comp_topic_rclcpp/include/comp_topic_rclcpp/comp_topic_rclcpp/msg/detail/yolo_result__type_support.h
[2.856s] -- Up-to-date: /home/ros/ros2proj/ComP_demo/ComP_demo_ws/install/comp_topic_rclcpp/include/comp_topic_rclcpp/comp_topic_rclcpp/msg/detail/lane_result__functions.c
[2.856s] -- Up-to-date: /home/ros/ros2proj/ComP_demo/ComP_demo_ws/install/comp_topic_rclcpp/include/comp_topic_rclcpp/comp_topic_rclcpp/msg/detail/tracker_result__struct.h
[2.856s] -- Up-to-date: /home/ros/ros2proj/ComP_demo/ComP_demo_ws/install/comp_topic_rclcpp/include/comp_topic_rclcpp/comp_topic_rclcpp/msg/detail/tracker_result__functions.c
[2.856s] -- Up-to-date: /home/ros/ros2proj/ComP_demo/ComP_demo_ws/install/comp_topic_rclcpp/include/comp_topic_rclcpp/comp_topic_rclcpp/msg/detail/tracker_result__functions.h
[2.856s] -- Up-to-date: /home/ros/ros2proj/ComP_demo/ComP_demo_ws/install/comp_topic_rclcpp/include/comp_topic_rclcpp/comp_topic_rclcpp/msg/detail/yolo_piece__functions.h
[2.857s] -- Up-to-date: /home/ros/ros2proj/ComP_demo/ComP_demo_ws/install/comp_topic_rclcpp/include/comp_topic_rclcpp/comp_topic_rclcpp/msg/detail/lane_result__struct.h
[2.857s] -- Up-to-date: /home/ros/ros2proj/ComP_demo/ComP_demo_ws/install/comp_topic_rclcpp/include/comp_topic_rclcpp/comp_topic_rclcpp/msg/detail/point_detect__type_support.h
[2.857s] -- Up-to-date: /home/ros/ros2proj/ComP_demo/ComP_demo_ws/install/comp_topic_rclcpp/include/comp_topic_rclcpp/comp_topic_rclcpp/msg/detail/yolo_result__struct.h
[2.857s] -- Up-to-date: /home/ros/ros2proj/ComP_demo/ComP_demo_ws/install/comp_topic_rclcpp/include/comp_topic_rclcpp/comp_topic_rclcpp/msg/detail/point_detect__functions.c
[2.857s] -- Up-to-date: /home/ros/ros2proj/ComP_demo/ComP_demo_ws/install/comp_topic_rclcpp/include/comp_topic_rclcpp/comp_topic_rclcpp/msg/yolo_result.h
[2.857s] -- Up-to-date: /home/ros/ros2proj/ComP_demo/ComP_demo_ws/install/comp_topic_rclcpp/include/comp_topic_rclcpp/comp_topic_rclcpp/msg/lane_result.h
[2.858s] -- Up-to-date: /home/ros/ros2proj/ComP_demo/ComP_demo_ws/install/comp_topic_rclcpp/include/comp_topic_rclcpp/comp_topic_rclcpp/msg/lines_result.h
[2.858s] -- Up-to-date: /home/ros/ros2proj/ComP_demo/ComP_demo_ws/install/comp_topic_rclcpp/include/comp_topic_rclcpp/comp_topic_rclcpp/msg/yolo_piece.h
[2.858s] -- Up-to-date: /home/ros/ros2proj/ComP_demo/ComP_demo_ws/install/comp_topic_rclcpp/include/comp_topic_rclcpp/comp_topic_rclcpp/msg/tracker_result.h
[2.858s] -- Up-to-date: /home/ros/ros2proj/ComP_demo/ComP_demo_ws/install/comp_topic_rclcpp/share/comp_topic_rclcpp/environment/library_path.sh
[2.858s] -- Up-to-date: /home/ros/ros2proj/ComP_demo/ComP_demo_ws/install/comp_topic_rclcpp/share/comp_topic_rclcpp/environment/library_path.dsv
[2.858s] -- Up-to-date: /home/ros/ros2proj/ComP_demo/ComP_demo_ws/install/comp_topic_rclcpp/lib/libcomp_topic_rclcpp__rosidl_generator_c.so
[2.859s] -- Up-to-date: /home/ros/ros2proj/ComP_demo/ComP_demo_ws/install/comp_topic_rclcpp/include/comp_topic_rclcpp/comp_topic_rclcpp
[2.859s] -- Up-to-date: /home/ros/ros2proj/ComP_demo/ComP_demo_ws/install/comp_topic_rclcpp/include/comp_topic_rclcpp/comp_topic_rclcpp/msg
[2.864s] -- Up-to-date: /home/ros/ros2proj/ComP_demo/ComP_demo_ws/install/comp_topic_rclcpp/include/comp_topic_rclcpp/comp_topic_rclcpp/msg/detail
[2.867s] -- Up-to-date: /home/ros/ros2proj/ComP_demo/ComP_demo_ws/install/comp_topic_rclcpp/include/comp_topic_rclcpp/comp_topic_rclcpp/msg/detail/lane_result__rosidl_typesupport_fastrtps_c.h
[2.867s] -- Up-to-date: /home/ros/ros2proj/ComP_demo/ComP_demo_ws/install/comp_topic_rclcpp/include/comp_topic_rclcpp/comp_topic_rclcpp/msg/detail/lines_result__rosidl_typesupport_fastrtps_c.h
[2.868s] -- Up-to-date: /home/ros/ros2proj/ComP_demo/ComP_demo_ws/install/comp_topic_rclcpp/include/comp_topic_rclcpp/comp_topic_rclcpp/msg/detail/point_detect__rosidl_typesupport_fastrtps_c.h
[2.868s] -- Up-to-date: /home/ros/ros2proj/ComP_demo/ComP_demo_ws/install/comp_topic_rclcpp/include/comp_topic_rclcpp/comp_topic_rclcpp/msg/detail/yolo_result__rosidl_typesupport_fastrtps_c.h
[2.868s] -- Up-to-date: /home/ros/ros2proj/ComP_demo/ComP_demo_ws/install/comp_topic_rclcpp/include/comp_topic_rclcpp/comp_topic_rclcpp/msg/detail/yolo_piece__rosidl_typesupport_fastrtps_c.h
[2.868s] -- Up-to-date: /home/ros/ros2proj/ComP_demo/ComP_demo_ws/install/comp_topic_rclcpp/include/comp_topic_rclcpp/comp_topic_rclcpp/msg/detail/tracker_result__rosidl_typesupport_fastrtps_c.h
[2.869s] -- Up-to-date: /home/ros/ros2proj/ComP_demo/ComP_demo_ws/install/comp_topic_rclcpp/include/comp_topic_rclcpp/comp_topic_rclcpp/msg/rosidl_typesupport_fastrtps_c__visibility_control.h
[2.869s] -- Up-to-date: /home/ros/ros2proj/ComP_demo/ComP_demo_ws/install/comp_topic_rclcpp/lib/libcomp_topic_rclcpp__rosidl_typesupport_fastrtps_c.so
[2.869s] -- Up-to-date: /home/ros/ros2proj/ComP_demo/ComP_demo_ws/install/comp_topic_rclcpp/include/comp_topic_rclcpp/comp_topic_rclcpp
[2.869s] -- Up-to-date: /home/ros/ros2proj/ComP_demo/ComP_demo_ws/install/comp_topic_rclcpp/include/comp_topic_rclcpp/comp_topic_rclcpp/msg
[2.869s] -- Up-to-date: /home/ros/ros2proj/ComP_demo/ComP_demo_ws/install/comp_topic_rclcpp/include/comp_topic_rclcpp/comp_topic_rclcpp/msg/tracker_result.hpp
[2.869s] -- Up-to-date: /home/ros/ros2proj/ComP_demo/ComP_demo_ws/install/comp_topic_rclcpp/include/comp_topic_rclcpp/comp_topic_rclcpp/msg/detail
[2.870s] -- Up-to-date: /home/ros/ros2proj/ComP_demo/ComP_demo_ws/install/comp_topic_rclcpp/include/comp_topic_rclcpp/comp_topic_rclcpp/msg/detail/tracker_result__builder.hpp
[2.870s] -- Up-to-date: /home/ros/ros2proj/ComP_demo/ComP_demo_ws/install/comp_topic_rclcpp/include/comp_topic_rclcpp/comp_topic_rclcpp/msg/detail/yolo_result__struct.hpp
[2.870s] -- Up-to-date: /home/ros/ros2proj/ComP_demo/ComP_demo_ws/install/comp_topic_rclcpp/include/comp_topic_rclcpp/comp_topic_rclcpp/msg/detail/lane_result__traits.hpp
[2.870s] -- Up-to-date: /home/ros/ros2proj/ComP_demo/ComP_demo_ws/install/comp_topic_rclcpp/include/comp_topic_rclcpp/comp_topic_rclcpp/msg/detail/tracker_result__struct.hpp
[2.870s] -- Up-to-date: /home/ros/ros2proj/ComP_demo/ComP_demo_ws/install/comp_topic_rclcpp/include/comp_topic_rclcpp/comp_topic_rclcpp/msg/detail/yolo_result__traits.hpp
[2.870s] -- Up-to-date: /home/ros/ros2proj/ComP_demo/ComP_demo_ws/install/comp_topic_rclcpp/include/comp_topic_rclcpp/comp_topic_rclcpp/msg/detail/point_detect__builder.hpp
[2.870s] -- Up-to-date: /home/ros/ros2proj/ComP_demo/ComP_demo_ws/install/comp_topic_rclcpp/include/comp_topic_rclcpp/comp_topic_rclcpp/msg/detail/point_detect__struct.hpp
[2.870s] -- Up-to-date: /home/ros/ros2proj/ComP_demo/ComP_demo_ws/install/comp_topic_rclcpp/include/comp_topic_rclcpp/comp_topic_rclcpp/msg/detail/lines_result__struct.hpp
[2.870s] -- Up-to-date: /home/ros/ros2proj/ComP_demo/ComP_demo_ws/install/comp_topic_rclcpp/include/comp_topic_rclcpp/comp_topic_rclcpp/msg/detail/tracker_result__traits.hpp
[2.871s] -- Up-to-date: /home/ros/ros2proj/ComP_demo/ComP_demo_ws/install/comp_topic_rclcpp/include/comp_topic_rclcpp/comp_topic_rclcpp/msg/detail/point_detect__traits.hpp
[2.871s] -- Up-to-date: /home/ros/ros2proj/ComP_demo/ComP_demo_ws/install/comp_topic_rclcpp/include/comp_topic_rclcpp/comp_topic_rclcpp/msg/detail/yolo_piece__builder.hpp
[2.871s] -- Up-to-date: /home/ros/ros2proj/ComP_demo/ComP_demo_ws/install/comp_topic_rclcpp/include/comp_topic_rclcpp/comp_topic_rclcpp/msg/detail/lines_result__traits.hpp
[2.871s] -- Up-to-date: /home/ros/ros2proj/ComP_demo/ComP_demo_ws/install/comp_topic_rclcpp/include/comp_topic_rclcpp/comp_topic_rclcpp/msg/detail/yolo_result__builder.hpp
[2.871s] -- Up-to-date: /home/ros/ros2proj/ComP_demo/ComP_demo_ws/install/comp_topic_rclcpp/include/comp_topic_rclcpp/comp_topic_rclcpp/msg/detail/lane_result__struct.hpp
[2.871s] -- Up-to-date: /home/ros/ros2proj/ComP_demo/ComP_demo_ws/install/comp_topic_rclcpp/include/comp_topic_rclcpp/comp_topic_rclcpp/msg/detail/yolo_piece__struct.hpp
[2.872s] -- Up-to-date: /home/ros/ros2proj/ComP_demo/ComP_demo_ws/install/comp_topic_rclcpp/include/comp_topic_rclcpp/comp_topic_rclcpp/msg/detail/lines_result__builder.hpp
[2.872s] -- Up-to-date: /home/ros/ros2proj/ComP_demo/ComP_demo_ws/install/comp_topic_rclcpp/include/comp_topic_rclcpp/comp_topic_rclcpp/msg/detail/yolo_piece__traits.hpp
[2.872s] -- Up-to-date: /home/ros/ros2proj/ComP_demo/ComP_demo_ws/install/comp_topic_rclcpp/include/comp_topic_rclcpp/comp_topic_rclcpp/msg/detail/lane_result__builder.hpp
[2.872s] -- Up-to-date: /home/ros/ros2proj/ComP_demo/ComP_demo_ws/install/comp_topic_rclcpp/include/comp_topic_rclcpp/comp_topic_rclcpp/msg/lines_result.hpp
[2.872s] -- Up-to-date: /home/ros/ros2proj/ComP_demo/ComP_demo_ws/install/comp_topic_rclcpp/include/comp_topic_rclcpp/comp_topic_rclcpp/msg/yolo_result.hpp
[2.873s] -- Up-to-date: /home/ros/ros2proj/ComP_demo/ComP_demo_ws/install/comp_topic_rclcpp/include/comp_topic_rclcpp/comp_topic_rclcpp/msg/yolo_piece.hpp
[2.873s] -- Up-to-date: /home/ros/ros2proj/ComP_demo/ComP_demo_ws/install/comp_topic_rclcpp/include/comp_topic_rclcpp/comp_topic_rclcpp/msg/lane_result.hpp
[2.873s] -- Up-to-date: /home/ros/ros2proj/ComP_demo/ComP_demo_ws/install/comp_topic_rclcpp/include/comp_topic_rclcpp/comp_topic_rclcpp/msg/point_detect.hpp
[2.873s] -- Up-to-date: /home/ros/ros2proj/ComP_demo/ComP_demo_ws/install/comp_topic_rclcpp/include/comp_topic_rclcpp/comp_topic_rclcpp
[2.873s] -- Up-to-date: /home/ros/ros2proj/ComP_demo/ComP_demo_ws/install/comp_topic_rclcpp/include/comp_topic_rclcpp/comp_topic_rclcpp/msg
[2.873s] -- Up-to-date: /home/ros/ros2proj/ComP_demo/ComP_demo_ws/install/comp_topic_rclcpp/include/comp_topic_rclcpp/comp_topic_rclcpp/msg/detail
[2.874s] -- Up-to-date: /home/ros/ros2proj/ComP_demo/ComP_demo_ws/install/comp_topic_rclcpp/include/comp_topic_rclcpp/comp_topic_rclcpp/msg/detail/lines_result__rosidl_typesupport_fastrtps_cpp.hpp
[2.874s] -- Up-to-date: /home/ros/ros2proj/ComP_demo/ComP_demo_ws/install/comp_topic_rclcpp/include/comp_topic_rclcpp/comp_topic_rclcpp/msg/detail/tracker_result__rosidl_typesupport_fastrtps_cpp.hpp
[2.874s] -- Up-to-date: /home/ros/ros2proj/ComP_demo/ComP_demo_ws/install/comp_topic_rclcpp/include/comp_topic_rclcpp/comp_topic_rclcpp/msg/detail/dds_fastrtps
[2.874s] -- Up-to-date: /home/ros/ros2proj/ComP_demo/ComP_demo_ws/install/comp_topic_rclcpp/include/comp_topic_rclcpp/comp_topic_rclcpp/msg/detail/point_detect__rosidl_typesupport_fastrtps_cpp.hpp
[2.874s] -- Up-to-date: /home/ros/ros2proj/ComP_demo/ComP_demo_ws/install/comp_topic_rclcpp/include/comp_topic_rclcpp/comp_topic_rclcpp/msg/detail/yolo_piece__rosidl_typesupport_fastrtps_cpp.hpp
[2.875s] -- Up-to-date: /home/ros/ros2proj/ComP_demo/ComP_demo_ws/install/comp_topic_rclcpp/include/comp_topic_rclcpp/comp_topic_rclcpp/msg/detail/lane_result__rosidl_typesupport_fastrtps_cpp.hpp
[2.875s] -- Up-to-date: /home/ros/ros2proj/ComP_demo/ComP_demo_ws/install/comp_topic_rclcpp/include/comp_topic_rclcpp/comp_topic_rclcpp/msg/detail/yolo_result__rosidl_typesupport_fastrtps_cpp.hpp
[2.875s] -- Up-to-date: /home/ros/ros2proj/ComP_demo/ComP_demo_ws/install/comp_topic_rclcpp/include/comp_topic_rclcpp/comp_topic_rclcpp/msg/rosidl_typesupport_fastrtps_cpp__visibility_control.h
[2.875s] -- Up-to-date: /home/ros/ros2proj/ComP_demo/ComP_demo_ws/install/comp_topic_rclcpp/lib/libcomp_topic_rclcpp__rosidl_typesupport_fastrtps_cpp.so
[2.875s] -- Up-to-date: /home/ros/ros2proj/ComP_demo/ComP_demo_ws/install/comp_topic_rclcpp/include/comp_topic_rclcpp/comp_topic_rclcpp
[2.875s] -- Up-to-date: /home/ros/ros2proj/ComP_demo/ComP_demo_ws/install/comp_topic_rclcpp/include/comp_topic_rclcpp/comp_topic_rclcpp/msg
[2.876s] -- Up-to-date: /home/ros/ros2proj/ComP_demo/ComP_demo_ws/install/comp_topic_rclcpp/include/comp_topic_rclcpp/comp_topic_rclcpp/msg/detail
[2.876s] -- Up-to-date: /home/ros/ros2proj/ComP_demo/ComP_demo_ws/install/comp_topic_rclcpp/include/comp_topic_rclcpp/comp_topic_rclcpp/msg/detail/yolo_piece__type_support.c
[2.884s] -- Up-to-date: /home/ros/ros2proj/ComP_demo/ComP_demo_ws/install/comp_topic_rclcpp/include/comp_topic_rclcpp/comp_topic_rclcpp/msg/detail/lines_result__rosidl_typesupport_introspection_c.h
[2.885s] -- Up-to-date: /home/ros/ros2proj/ComP_demo/ComP_demo_ws/install/comp_topic_rclcpp/include/comp_topic_rclcpp/comp_topic_rclcpp/msg/detail/yolo_piece__rosidl_typesupport_introspection_c.h
[2.885s] -- Up-to-date: /home/ros/ros2proj/ComP_demo/ComP_demo_ws/install/comp_topic_rclcpp/include/comp_topic_rclcpp/comp_topic_rclcpp/msg/detail/tracker_result__rosidl_typesupport_introspection_c.h
[2.885s] -- Up-to-date: /home/ros/ros2proj/ComP_demo/ComP_demo_ws/install/comp_topic_rclcpp/include/comp_topic_rclcpp/comp_topic_rclcpp/msg/detail/point_detect__type_support.c
[2.885s] -- Up-to-date: /home/ros/ros2proj/ComP_demo/ComP_demo_ws/install/comp_topic_rclcpp/include/comp_topic_rclcpp/comp_topic_rclcpp/msg/detail/lane_result__type_support.c
[2.885s] -- Up-to-date: /home/ros/ros2proj/ComP_demo/ComP_demo_ws/install/comp_topic_rclcpp/include/comp_topic_rclcpp/comp_topic_rclcpp/msg/detail/tracker_result__type_support.c
[2.885s] -- Up-to-date: /home/ros/ros2proj/ComP_demo/ComP_demo_ws/install/comp_topic_rclcpp/include/comp_topic_rclcpp/comp_topic_rclcpp/msg/detail/lines_result__type_support.c
[2.886s] -- Up-to-date: /home/ros/ros2proj/ComP_demo/ComP_demo_ws/install/comp_topic_rclcpp/include/comp_topic_rclcpp/comp_topic_rclcpp/msg/detail/point_detect__rosidl_typesupport_introspection_c.h
[2.899s] -- Up-to-date: /home/ros/ros2proj/ComP_demo/ComP_demo_ws/install/comp_topic_rclcpp/include/comp_topic_rclcpp/comp_topic_rclcpp/msg/detail/yolo_result__type_support.c
[2.899s] -- Up-to-date: /home/ros/ros2proj/ComP_demo/ComP_demo_ws/install/comp_topic_rclcpp/include/comp_topic_rclcpp/comp_topic_rclcpp/msg/detail/yolo_result__rosidl_typesupport_introspection_c.h
[2.899s] -- Up-to-date: /home/ros/ros2proj/ComP_demo/ComP_demo_ws/install/comp_topic_rclcpp/include/comp_topic_rclcpp/comp_topic_rclcpp/msg/detail/lane_result__rosidl_typesupport_introspection_c.h
[2.899s] -- Up-to-date: /home/ros/ros2proj/ComP_demo/ComP_demo_ws/install/comp_topic_rclcpp/include/comp_topic_rclcpp/comp_topic_rclcpp/msg/rosidl_typesupport_introspection_c__visibility_control.h
[2.900s] -- Up-to-date: /home/ros/ros2proj/ComP_demo/ComP_demo_ws/install/comp_topic_rclcpp/lib/libcomp_topic_rclcpp__rosidl_typesupport_introspection_c.so
[2.900s] -- Up-to-date: /home/ros/ros2proj/ComP_demo/ComP_demo_ws/install/comp_topic_rclcpp/lib/libcomp_topic_rclcpp__rosidl_typesupport_c.so
[2.900s] -- Up-to-date: /home/ros/ros2proj/ComP_demo/ComP_demo_ws/install/comp_topic_rclcpp/include/comp_topic_rclcpp/comp_topic_rclcpp
[2.900s] -- Up-to-date: /home/ros/ros2proj/ComP_demo/ComP_demo_ws/install/comp_topic_rclcpp/include/comp_topic_rclcpp/comp_topic_rclcpp/msg
[2.900s] -- Up-to-date: /home/ros/ros2proj/ComP_demo/ComP_demo_ws/install/comp_topic_rclcpp/include/comp_topic_rclcpp/comp_topic_rclcpp/msg/detail
[2.900s] -- Up-to-date: /home/ros/ros2proj/ComP_demo/ComP_demo_ws/install/comp_topic_rclcpp/include/comp_topic_rclcpp/comp_topic_rclcpp/msg/detail/lane_result__rosidl_typesupport_introspection_cpp.hpp
[2.900s] -- Up-to-date: /home/ros/ros2proj/ComP_demo/ComP_demo_ws/install/comp_topic_rclcpp/include/comp_topic_rclcpp/comp_topic_rclcpp/msg/detail/yolo_result__type_support.cpp
[2.900s] -- Up-to-date: /home/ros/ros2proj/ComP_demo/ComP_demo_ws/install/comp_topic_rclcpp/include/comp_topic_rclcpp/comp_topic_rclcpp/msg/detail/yolo_result__rosidl_typesupport_introspection_cpp.hpp
[2.900s] -- Up-to-date: /home/ros/ros2proj/ComP_demo/ComP_demo_ws/install/comp_topic_rclcpp/include/comp_topic_rclcpp/comp_topic_rclcpp/msg/detail/yolo_piece__type_support.cpp
[2.900s] -- Up-to-date: /home/ros/ros2proj/ComP_demo/ComP_demo_ws/install/comp_topic_rclcpp/include/comp_topic_rclcpp/comp_topic_rclcpp/msg/detail/point_detect__rosidl_typesupport_introspection_cpp.hpp
[2.900s] -- Up-to-date: /home/ros/ros2proj/ComP_demo/ComP_demo_ws/install/comp_topic_rclcpp/include/comp_topic_rclcpp/comp_topic_rclcpp/msg/detail/yolo_piece__rosidl_typesupport_introspection_cpp.hpp
[2.900s] -- Up-to-date: /home/ros/ros2proj/ComP_demo/ComP_demo_ws/install/comp_topic_rclcpp/include/comp_topic_rclcpp/comp_topic_rclcpp/msg/detail/lines_result__rosidl_typesupport_introspection_cpp.hpp
[2.901s] -- Up-to-date: /home/ros/ros2proj/ComP_demo/ComP_demo_ws/install/comp_topic_rclcpp/include/comp_topic_rclcpp/comp_topic_rclcpp/msg/detail/lane_result__type_support.cpp
[2.901s] -- Up-to-date: /home/ros/ros2proj/ComP_demo/ComP_demo_ws/install/comp_topic_rclcpp/include/comp_topic_rclcpp/comp_topic_rclcpp/msg/detail/tracker_result__rosidl_typesupport_introspection_cpp.hpp
[2.901s] -- Up-to-date: /home/ros/ros2proj/ComP_demo/ComP_demo_ws/install/comp_topic_rclcpp/include/comp_topic_rclcpp/comp_topic_rclcpp/msg/detail/lines_result__type_support.cpp
[2.901s] -- Up-to-date: /home/ros/ros2proj/ComP_demo/ComP_demo_ws/install/comp_topic_rclcpp/include/comp_topic_rclcpp/comp_topic_rclcpp/msg/detail/point_detect__type_support.cpp
[2.901s] -- Up-to-date: /home/ros/ros2proj/ComP_demo/ComP_demo_ws/install/comp_topic_rclcpp/include/comp_topic_rclcpp/comp_topic_rclcpp/msg/detail/tracker_result__type_support.cpp
[2.902s] -- Up-to-date: /home/ros/ros2proj/ComP_demo/ComP_demo_ws/install/comp_topic_rclcpp/lib/libcomp_topic_rclcpp__rosidl_typesupport_introspection_cpp.so
[2.902s] -- Up-to-date: /home/ros/ros2proj/ComP_demo/ComP_demo_ws/install/comp_topic_rclcpp/lib/libcomp_topic_rclcpp__rosidl_typesupport_cpp.so
[2.902s] -- Up-to-date: /home/ros/ros2proj/ComP_demo/ComP_demo_ws/install/comp_topic_rclcpp/share/comp_topic_rclcpp/environment/pythonpath.sh
[2.902s] -- Up-to-date: /home/ros/ros2proj/ComP_demo/ComP_demo_ws/install/comp_topic_rclcpp/share/comp_topic_rclcpp/environment/pythonpath.dsv
[2.902s] -- Up-to-date: /home/ros/ros2proj/ComP_demo/ComP_demo_ws/install/comp_topic_rclcpp/local/lib/python3.10/dist-packages/comp_topic_rclcpp-0.0.0-py3.10.egg-info
[2.903s] -- Installing: /home/ros/ros2proj/ComP_demo/ComP_demo_ws/install/comp_topic_rclcpp/local/lib/python3.10/dist-packages/comp_topic_rclcpp-0.0.0-py3.10.egg-info/PKG-INFO
[2.903s] -- Installing: /home/ros/ros2proj/ComP_demo/ComP_demo_ws/install/comp_topic_rclcpp/local/lib/python3.10/dist-packages/comp_topic_rclcpp-0.0.0-py3.10.egg-info/SOURCES.txt
[2.903s] -- Installing: /home/ros/ros2proj/ComP_demo/ComP_demo_ws/install/comp_topic_rclcpp/local/lib/python3.10/dist-packages/comp_topic_rclcpp-0.0.0-py3.10.egg-info/dependency_links.txt
[2.903s] -- Installing: /home/ros/ros2proj/ComP_demo/ComP_demo_ws/install/comp_topic_rclcpp/local/lib/python3.10/dist-packages/comp_topic_rclcpp-0.0.0-py3.10.egg-info/top_level.txt
[2.903s] -- Up-to-date: /home/ros/ros2proj/ComP_demo/ComP_demo_ws/install/comp_topic_rclcpp/local/lib/python3.10/dist-packages/comp_topic_rclcpp
[2.903s] -- Up-to-date: /home/ros/ros2proj/ComP_demo/ComP_demo_ws/install/comp_topic_rclcpp/local/lib/python3.10/dist-packages/comp_topic_rclcpp/_comp_topic_rclcpp_s.ep.rosidl_typesupport_fastrtps_c.c
[2.904s] -- Up-to-date: /home/ros/ros2proj/ComP_demo/ComP_demo_ws/install/comp_topic_rclcpp/local/lib/python3.10/dist-packages/comp_topic_rclcpp/libcomp_topic_rclcpp__rosidl_generator_py.so
[2.904s] -- Up-to-date: /home/ros/ros2proj/ComP_demo/ComP_demo_ws/install/comp_topic_rclcpp/local/lib/python3.10/dist-packages/comp_topic_rclcpp/comp_topic_rclcpp_s__rosidl_typesupport_c.cpython-310-x86_64-linux-gnu.so
[2.904s] -- Up-to-date: /home/ros/ros2proj/ComP_demo/ComP_demo_ws/install/comp_topic_rclcpp/local/lib/python3.10/dist-packages/comp_topic_rclcpp/__init__.py
[2.904s] -- Up-to-date: /home/ros/ros2proj/ComP_demo/ComP_demo_ws/install/comp_topic_rclcpp/local/lib/python3.10/dist-packages/comp_topic_rclcpp/comp_topic_rclcpp_s__rosidl_typesupport_fastrtps_c.cpython-310-x86_64-linux-gnu.so
[2.904s] -- Up-to-date: /home/ros/ros2proj/ComP_demo/ComP_demo_ws/install/comp_topic_rclcpp/local/lib/python3.10/dist-packages/comp_topic_rclcpp/_comp_topic_rclcpp_s.ep.rosidl_typesupport_c.c
[2.904s] -- Up-to-date: /home/ros/ros2proj/ComP_demo/ComP_demo_ws/install/comp_topic_rclcpp/local/lib/python3.10/dist-packages/comp_topic_rclcpp/msg
[2.904s] -- Up-to-date: /home/ros/ros2proj/ComP_demo/ComP_demo_ws/install/comp_topic_rclcpp/local/lib/python3.10/dist-packages/comp_topic_rclcpp/msg/_yolo_piece_s.c
[2.904s] -- Up-to-date: /home/ros/ros2proj/ComP_demo/ComP_demo_ws/install/comp_topic_rclcpp/local/lib/python3.10/dist-packages/comp_topic_rclcpp/msg/_lines_result_s.c
[2.904s] -- Up-to-date: /home/ros/ros2proj/ComP_demo/ComP_demo_ws/install/comp_topic_rclcpp/local/lib/python3.10/dist-packages/comp_topic_rclcpp/msg/_lines_result.py
[2.904s] -- Up-to-date: /home/ros/ros2proj/ComP_demo/ComP_demo_ws/install/comp_topic_rclcpp/local/lib/python3.10/dist-packages/comp_topic_rclcpp/msg/__init__.py
[2.905s] -- Up-to-date: /home/ros/ros2proj/ComP_demo/ComP_demo_ws/install/comp_topic_rclcpp/local/lib/python3.10/dist-packages/comp_topic_rclcpp/msg/_tracker_result.py
[2.905s] -- Up-to-date: /home/ros/ros2proj/ComP_demo/ComP_demo_ws/install/comp_topic_rclcpp/local/lib/python3.10/dist-packages/comp_topic_rclcpp/msg/_lane_result_s.c
[2.905s] -- Up-to-date: /home/ros/ros2proj/ComP_demo/ComP_demo_ws/install/comp_topic_rclcpp/local/lib/python3.10/dist-packages/comp_topic_rclcpp/msg/_point_detect_s.c
[2.905s] -- Up-to-date: /home/ros/ros2proj/ComP_demo/ComP_demo_ws/install/comp_topic_rclcpp/local/lib/python3.10/dist-packages/comp_topic_rclcpp/msg/_point_detect.py
[2.905s] -- Up-to-date: /home/ros/ros2proj/ComP_demo/ComP_demo_ws/install/comp_topic_rclcpp/local/lib/python3.10/dist-packages/comp_topic_rclcpp/msg/_yolo_piece.py
[2.905s] -- Up-to-date: /home/ros/ros2proj/ComP_demo/ComP_demo_ws/install/comp_topic_rclcpp/local/lib/python3.10/dist-packages/comp_topic_rclcpp/msg/_lane_result.py
[2.905s] -- Up-to-date: /home/ros/ros2proj/ComP_demo/ComP_demo_ws/install/comp_topic_rclcpp/local/lib/python3.10/dist-packages/comp_topic_rclcpp/msg/_tracker_result_s.c
[2.905s] -- Up-to-date: /home/ros/ros2proj/ComP_demo/ComP_demo_ws/install/comp_topic_rclcpp/local/lib/python3.10/dist-packages/comp_topic_rclcpp/msg/_yolo_result_s.c
[2.906s] -- Up-to-date: /home/ros/ros2proj/ComP_demo/ComP_demo_ws/install/comp_topic_rclcpp/local/lib/python3.10/dist-packages/comp_topic_rclcpp/msg/_yolo_result.py
[2.906s] -- Up-to-date: /home/ros/ros2proj/ComP_demo/ComP_demo_ws/install/comp_topic_rclcpp/local/lib/python3.10/dist-packages/comp_topic_rclcpp/_comp_topic_rclcpp_s.ep.rosidl_typesupport_introspection_c.c
[2.906s] -- Up-to-date: /home/ros/ros2proj/ComP_demo/ComP_demo_ws/install/comp_topic_rclcpp/local/lib/python3.10/dist-packages/comp_topic_rclcpp/comp_topic_rclcpp_s__rosidl_typesupport_introspection_c.cpython-310-x86_64-linux-gnu.so
[2.972s] Listing '/home/ros/ros2proj/ComP_demo/ComP_demo_ws/install/comp_topic_rclcpp/local/lib/python3.10/dist-packages/comp_topic_rclcpp'...
[2.973s] Listing '/home/ros/ros2proj/ComP_demo/ComP_demo_ws/install/comp_topic_rclcpp/local/lib/python3.10/dist-packages/comp_topic_rclcpp/msg'...
[2.977s] -- Up-to-date: /home/ros/ros2proj/ComP_demo/ComP_demo_ws/install/comp_topic_rclcpp/local/lib/python3.10/dist-packages/comp_topic_rclcpp/comp_topic_rclcpp_s__rosidl_typesupport_fastrtps_c.cpython-310-x86_64-linux-gnu.so
[2.977s] -- Up-to-date: /home/ros/ros2proj/ComP_demo/ComP_demo_ws/install/comp_topic_rclcpp/local/lib/python3.10/dist-packages/comp_topic_rclcpp/comp_topic_rclcpp_s__rosidl_typesupport_introspection_c.cpython-310-x86_64-linux-gnu.so
[2.978s] -- Up-to-date: /home/ros/ros2proj/ComP_demo/ComP_demo_ws/install/comp_topic_rclcpp/local/lib/python3.10/dist-packages/comp_topic_rclcpp/comp_topic_rclcpp_s__rosidl_typesupport_c.cpython-310-x86_64-linux-gnu.so
[2.978s] -- Up-to-date: /home/ros/ros2proj/ComP_demo/ComP_demo_ws/install/comp_topic_rclcpp/lib/libcomp_topic_rclcpp__rosidl_generator_py.so
[2.981s] -- Up-to-date: /home/ros/ros2proj/ComP_demo/ComP_demo_ws/install/comp_topic_rclcpp/share/comp_topic_rclcpp/msg/YoloPiece.idl
[2.981s] -- Up-to-date: /home/ros/ros2proj/ComP_demo/ComP_demo_ws/install/comp_topic_rclcpp/share/comp_topic_rclcpp/msg/YoloResult.idl
[2.982s] -- Up-to-date: /home/ros/ros2proj/ComP_demo/ComP_demo_ws/install/comp_topic_rclcpp/share/comp_topic_rclcpp/msg/TrackerResult.idl
[2.982s] -- Up-to-date: /home/ros/ros2proj/ComP_demo/ComP_demo_ws/install/comp_topic_rclcpp/share/comp_topic_rclcpp/msg/LaneResult.idl
[2.982s] -- Up-to-date: /home/ros/ros2proj/ComP_demo/ComP_demo_ws/install/comp_topic_rclcpp/share/comp_topic_rclcpp/msg/PointDetect.idl
[2.983s] -- Up-to-date: /home/ros/ros2proj/ComP_demo/ComP_demo_ws/install/comp_topic_rclcpp/share/comp_topic_rclcpp/msg/YoloPiece.msg
[2.983s] -- Up-to-date: /home/ros/ros2proj/ComP_demo/ComP_demo_ws/install/comp_topic_rclcpp/share/comp_topic_rclcpp/msg/YoloResult.msg
[2.988s] -- Up-to-date: /home/ros/ros2proj/ComP_demo/ComP_demo_ws/install/comp_topic_rclcpp/share/comp_topic_rclcpp/msg/TrackerResult.msg
[2.989s] -- Up-to-date: /home/ros/ros2proj/ComP_demo/ComP_demo_ws/install/comp_topic_rclcpp/share/comp_topic_rclcpp/msg/LaneResult.msg
[2.989s] -- Up-to-date: /home/ros/ros2proj/ComP_demo/ComP_demo_ws/install/comp_topic_rclcpp/share/comp_topic_rclcpp/msg/PointDetect.msg
[2.990s] -- Up-to-date: /home/ros/ros2proj/ComP_demo/ComP_demo_ws/install/comp_topic_rclcpp/lib/comp_topic_rclcpp/CameraTimer
[2.992s] -- Up-to-date: /home/ros/ros2proj/ComP_demo/ComP_demo_ws/install/comp_topic_rclcpp/lib/comp_topic_rclcpp/Final
[2.993s] -- Up-to-date: /home/ros/ros2proj/ComP_demo/ComP_demo_ws/install/comp_topic_rclcpp/lib/comp_topic_rclcpp/Tracker
[2.994s] -- Up-to-date: /home/ros/ros2proj/ComP_demo/ComP_demo_ws/install/comp_topic_rclcpp/lib/comp_topic_rclcpp/Lane
[2.996s] -- Up-to-date: /home/ros/ros2proj/ComP_demo/ComP_demo_ws/install/comp_topic_rclcpp/lib/comp_topic_rclcpp/Yolo
[2.997s] -- Up-to-date: /home/ros/ros2proj/ComP_demo/ComP_demo_ws/install/comp_topic_rclcpp/share/ament_index/resource_index/package_run_dependencies/comp_topic_rclcpp
[2.998s] -- Up-to-date: /home/ros/ros2proj/ComP_demo/ComP_demo_ws/install/comp_topic_rclcpp/share/ament_index/resource_index/parent_prefix_path/comp_topic_rclcpp
[2.998s] -- Up-to-date: /home/ros/ros2proj/ComP_demo/ComP_demo_ws/install/comp_topic_rclcpp/share/comp_topic_rclcpp/environment/ament_prefix_path.sh
[2.998s] -- Up-to-date: /home/ros/ros2proj/ComP_demo/ComP_demo_ws/install/comp_topic_rclcpp/share/comp_topic_rclcpp/environment/ament_prefix_path.dsv
[3.001s] -- Up-to-date: /home/ros/ros2proj/ComP_demo/ComP_demo_ws/install/comp_topic_rclcpp/share/comp_topic_rclcpp/environment/path.sh
[3.001s] -- Up-to-date: /home/ros/ros2proj/ComP_demo/ComP_demo_ws/install/comp_topic_rclcpp/share/comp_topic_rclcpp/environment/path.dsv
[3.001s] -- Up-to-date: /home/ros/ros2proj/ComP_demo/ComP_demo_ws/install/comp_topic_rclcpp/share/comp_topic_rclcpp/local_setup.bash
[3.002s] -- Up-to-date: /home/ros/ros2proj/ComP_demo/ComP_demo_ws/install/comp_topic_rclcpp/share/comp_topic_rclcpp/local_setup.sh
[3.002s] -- Up-to-date: /home/ros/ros2proj/ComP_demo/ComP_demo_ws/install/comp_topic_rclcpp/share/comp_topic_rclcpp/local_setup.zsh
[3.002s] -- Up-to-date: /home/ros/ros2proj/ComP_demo/ComP_demo_ws/install/comp_topic_rclcpp/share/comp_topic_rclcpp/local_setup.dsv
[3.002s] -- Installing: /home/ros/ros2proj/ComP_demo/ComP_demo_ws/install/comp_topic_rclcpp/share/comp_topic_rclcpp/package.dsv
[3.007s] -- Up-to-date: /home/ros/ros2proj/ComP_demo/ComP_demo_ws/install/comp_topic_rclcpp/share/ament_index/resource_index/packages/comp_topic_rclcpp
[3.008s] -- Up-to-date: /home/ros/ros2proj/ComP_demo/ComP_demo_ws/install/comp_topic_rclcpp/share/comp_topic_rclcpp/cmake/export_comp_topic_rclcpp__rosidl_generator_cExport.cmake
[3.008s] -- Up-to-date: /home/ros/ros2proj/ComP_demo/ComP_demo_ws/install/comp_topic_rclcpp/share/comp_topic_rclcpp/cmake/export_comp_topic_rclcpp__rosidl_generator_cExport-noconfig.cmake
[3.009s] -- Up-to-date: /home/ros/ros2proj/ComP_demo/ComP_demo_ws/install/comp_topic_rclcpp/share/comp_topic_rclcpp/cmake/export_comp_topic_rclcpp__rosidl_typesupport_fastrtps_cExport.cmake
[3.009s] -- Up-to-date: /home/ros/ros2proj/ComP_demo/ComP_demo_ws/install/comp_topic_rclcpp/share/comp_topic_rclcpp/cmake/export_comp_topic_rclcpp__rosidl_typesupport_fastrtps_cExport-noconfig.cmake
[3.009s] -- Up-to-date: /home/ros/ros2proj/ComP_demo/ComP_demo_ws/install/comp_topic_rclcpp/share/comp_topic_rclcpp/cmake/export_comp_topic_rclcpp__rosidl_generator_cppExport.cmake
[3.009s] -- Up-to-date: /home/ros/ros2proj/ComP_demo/ComP_demo_ws/install/comp_topic_rclcpp/share/comp_topic_rclcpp/cmake/export_comp_topic_rclcpp__rosidl_typesupport_fastrtps_cppExport.cmake
[3.009s] -- Up-to-date: /home/ros/ros2proj/ComP_demo/ComP_demo_ws/install/comp_topic_rclcpp/share/comp_topic_rclcpp/cmake/export_comp_topic_rclcpp__rosidl_typesupport_fastrtps_cppExport-noconfig.cmake
[3.012s] -- Up-to-date: /home/ros/ros2proj/ComP_demo/ComP_demo_ws/install/comp_topic_rclcpp/share/comp_topic_rclcpp/cmake/comp_topic_rclcpp__rosidl_typesupport_introspection_cExport.cmake
[3.013s] -- Up-to-date: /home/ros/ros2proj/ComP_demo/ComP_demo_ws/install/comp_topic_rclcpp/share/comp_topic_rclcpp/cmake/comp_topic_rclcpp__rosidl_typesupport_introspection_cExport-noconfig.cmake
[3.013s] -- Up-to-date: /home/ros/ros2proj/ComP_demo/ComP_demo_ws/install/comp_topic_rclcpp/share/comp_topic_rclcpp/cmake/comp_topic_rclcpp__rosidl_typesupport_cExport.cmake
[3.013s] -- Up-to-date: /home/ros/ros2proj/ComP_demo/ComP_demo_ws/install/comp_topic_rclcpp/share/comp_topic_rclcpp/cmake/comp_topic_rclcpp__rosidl_typesupport_cExport-noconfig.cmake
[3.013s] -- Up-to-date: /home/ros/ros2proj/ComP_demo/ComP_demo_ws/install/comp_topic_rclcpp/share/comp_topic_rclcpp/cmake/comp_topic_rclcpp__rosidl_typesupport_introspection_cppExport.cmake
[3.013s] -- Up-to-date: /home/ros/ros2proj/ComP_demo/ComP_demo_ws/install/comp_topic_rclcpp/share/comp_topic_rclcpp/cmake/comp_topic_rclcpp__rosidl_typesupport_introspection_cppExport-noconfig.cmake
[3.014s] -- Up-to-date: /home/ros/ros2proj/ComP_demo/ComP_demo_ws/install/comp_topic_rclcpp/share/comp_topic_rclcpp/cmake/comp_topic_rclcpp__rosidl_typesupport_cppExport.cmake
[3.014s] -- Up-to-date: /home/ros/ros2proj/ComP_demo/ComP_demo_ws/install/comp_topic_rclcpp/share/comp_topic_rclcpp/cmake/comp_topic_rclcpp__rosidl_typesupport_cppExport-noconfig.cmake
[3.015s] -- Up-to-date: /home/ros/ros2proj/ComP_demo/ComP_demo_ws/install/comp_topic_rclcpp/share/comp_topic_rclcpp/cmake/export_comp_topic_rclcpp__rosidl_generator_pyExport.cmake
[3.015s] -- Up-to-date: /home/ros/ros2proj/ComP_demo/ComP_demo_ws/install/comp_topic_rclcpp/share/comp_topic_rclcpp/cmake/export_comp_topic_rclcpp__rosidl_generator_pyExport-noconfig.cmake
[3.015s] -- Up-to-date: /home/ros/ros2proj/ComP_demo/ComP_demo_ws/install/comp_topic_rclcpp/share/comp_topic_rclcpp/cmake/rosidl_cmake-extras.cmake
[3.015s] -- Up-to-date: /home/ros/ros2proj/ComP_demo/ComP_demo_ws/install/comp_topic_rclcpp/share/comp_topic_rclcpp/cmake/ament_cmake_export_dependencies-extras.cmake
[3.017s] -- Up-to-date: /home/ros/ros2proj/ComP_demo/ComP_demo_ws/install/comp_topic_rclcpp/share/comp_topic_rclcpp/cmake/ament_cmake_export_include_directories-extras.cmake
[3.017s] -- Up-to-date: /home/ros/ros2proj/ComP_demo/ComP_demo_ws/install/comp_topic_rclcpp/share/comp_topic_rclcpp/cmake/ament_cmake_export_libraries-extras.cmake
[3.017s] -- Up-to-date: /home/ros/ros2proj/ComP_demo/ComP_demo_ws/install/comp_topic_rclcpp/share/comp_topic_rclcpp/cmake/ament_cmake_export_targets-extras.cmake
[3.017s] -- Up-to-date: /home/ros/ros2proj/ComP_demo/ComP_demo_ws/install/comp_topic_rclcpp/share/comp_topic_rclcpp/cmake/rosidl_cmake_export_typesupport_targets-extras.cmake
[3.017s] -- Up-to-date: /home/ros/ros2proj/ComP_demo/ComP_demo_ws/install/comp_topic_rclcpp/share/comp_topic_rclcpp/cmake/rosidl_cmake_export_typesupport_libraries-extras.cmake
[3.017s] -- Up-to-date: /home/ros/ros2proj/ComP_demo/ComP_demo_ws/install/comp_topic_rclcpp/share/comp_topic_rclcpp/cmake/comp_topic_rclcppConfig.cmake
[3.017s] -- Up-to-date: /home/ros/ros2proj/ComP_demo/ComP_demo_ws/install/comp_topic_rclcpp/share/comp_topic_rclcpp/cmake/comp_topic_rclcppConfig-version.cmake
[3.017s] -- Up-to-date: /home/ros/ros2proj/ComP_demo/ComP_demo_ws/install/comp_topic_rclcpp/share/comp_topic_rclcpp/package.xml
[3.022s] Invoked command in '/home/ros/ros2proj/ComP_demo/ComP_demo_ws/build/comp_topic_rclcpp' returned '0': CMAKE_PREFIX_PATH=/opt/ros/humble CONDA_PROMPT_MODIFIER=(ros2) /usr/bin/cmake --install /home/ros/ros2proj/ComP_demo/ComP_demo_ws/build/comp_topic_rclcpp
