[  1%] Built target comp_topic_rclcpp__cpp
[ 10%] Built target comp_topic_rclcpp__rosidl_generator_c
[ 10%] Built target ament_cmake_python_copy_comp_topic_rclcpp
[ 13%] Built target CameraTimer
[ 18%] Built target Lane
[ 27%] Built target comp_topic_rclcpp__rosidl_typesupport_cpp
[ 36%] Built target comp_topic_rclcpp__rosidl_typesupport_fastrtps_cpp
[ 44%] Built target comp_topic_rclcpp__rosidl_typesupport_fastrtps_c
[ 53%] Built target comp_topic_rclcpp__rosidl_typesupport_c
[ 62%] Built target comp_topic_rclcpp__rosidl_typesupport_introspection_c
[ 70%] Built target comp_topic_rclcpp__rosidl_typesupport_introspection_cpp
[ 74%] Built target Final
[35m[1mConsolidate compiler generated dependencies of target Tracker[0m
[ 75%] [32mBuilding CXX object CMakeFiles/Tracker.dir/src/Tracker.cpp.o[0m
running egg_info
writing comp_topic_rclcpp.egg-info/PKG-INFO
writing dependency_links to comp_topic_rclcpp.egg-info/dependency_links.txt
writing top-level names to comp_topic_rclcpp.egg-info/top_level.txt
reading manifest file 'comp_topic_rclcpp.egg-info/SOURCES.txt'
writing manifest file 'comp_topic_rclcpp.egg-info/SOURCES.txt'
[ 75%] Built target ament_cmake_python_build_comp_topic_rclcpp_egg
[ 77%] [32mBuilding CXX object CMakeFiles/Yolo.dir/src/Yolo.cpp.o[0m
[ 79%] [32m[1mLinking CXX executable Tracker[0m
[ 79%] Built target Tracker
