[0.082s] Invoking command in '/home/ros/ros2proj/ComP_demo/ComP_demo_ws/build/comp_topic_rclcpp': CMAKE_PREFIX_PATH=/opt/ros/humble /usr/bin/cmake /home/ros/ros2proj/ComP_demo/ComP_demo_ws/src/comp_topic_rclcpp -DCMAKE_INSTALL_PREFIX=/home/ros/ros2proj/ComP_demo/ComP_demo_ws/install/comp_topic_rclcpp
[1.163s] -- The C compiler identification is GNU 11.4.0
[1.744s] -- The CXX compiler identification is GNU 11.4.0
[1.884s] -- Detecting C compiler ABI info
[2.238s] -- Detecting C compiler ABI info - done
[2.322s] -- Check for working C compiler: /usr/bin/cc - skipped
[2.323s] -- Detecting C compile features
[2.342s] -- Detecting C compile features - done
[2.355s] -- Detecting CXX compiler ABI info
[3.153s] -- Detecting CXX compiler ABI info - done
[3.206s] -- Check for working CXX compiler: /usr/bin/c++ - skipped
[3.213s] -- Detecting CXX compile features
[3.214s] -- Detecting CXX compile features - done
[3.301s] -- Found ament_cmake: 1.3.9 (/opt/ros/humble/share/ament_cmake/cmake)
[4.417s] -- Found Python3: /usr/bin/python3 (found version "3.10.12") found components: Interpreter 
[5.232s] -- Found rclcpp: 16.0.9 (/opt/ros/humble/share/rclcpp/cmake)
[5.768s] -- Found rosidl_generator_c: 3.1.5 (/opt/ros/humble/share/rosidl_generator_c/cmake)
[5.807s] -- Found rosidl_adapter: 3.1.5 (/opt/ros/humble/share/rosidl_adapter/cmake)
[5.893s] -- Found rosidl_generator_cpp: 3.1.5 (/opt/ros/humble/share/rosidl_generator_cpp/cmake)
[6.018s] -- Using all available rosidl_typesupport_c: rosidl_typesupport_fastrtps_c;rosidl_typesupport_introspection_c
[6.269s] -- Using all available rosidl_typesupport_cpp: rosidl_typesupport_fastrtps_cpp;rosidl_typesupport_introspection_cpp
[6.858s] -- Found rmw_implementation_cmake: 6.1.2 (/opt/ros/humble/share/rmw_implementation_cmake/cmake)
[6.875s] -- Found rmw_fastrtps_cpp: 6.2.6 (/opt/ros/humble/share/rmw_fastrtps_cpp/cmake)
[7.470s] -- Found OpenSSL: /usr/lib/x86_64-linux-gnu/libcrypto.so (found version "3.0.2")  
[7.653s] -- Found FastRTPS: /opt/ros/humble/include  
[7.830s] -- Using RMW implementation 'rmw_fastrtps_cpp' as default
[7.937s] -- Looking for pthread.h
[8.618s] -- Looking for pthread.h - found
[8.622s] -- Performing Test CMAKE_HAVE_LIBC_PTHREAD
[9.318s] -- Performing Test CMAKE_HAVE_LIBC_PTHREAD - Success
[9.344s] -- Found Threads: TRUE  
[10.806s] -- Found OpenCV: /usr (found version "4.5.4") 
[10.826s] -- Found sensor_msgs: 4.2.4 (/opt/ros/humble/share/sensor_msgs/cmake)
[11.835s] -- Found rosidl_default_generators: 1.2.0 (/opt/ros/humble/share/rosidl_default_generators/cmake)
[11.907s] -- Found ament_lint_auto: 0.12.11 (/opt/ros/humble/share/ament_lint_auto/cmake)
[12.562s] -- Added test 'cppcheck' to perform static code analysis on C / C++ code
[12.565s] -- Configured cppcheck include dirs: /home/ros/ros2proj/ComP_demo/ComP_demo_ws/src/comp_topic_rclcpp/include
[12.574s] -- Configured cppcheck exclude dirs and/or files: 
[12.578s] -- Added test 'lint_cmake' to check CMake code style
[12.595s] -- Added test 'uncrustify' to check C / C++ code style
[12.595s] -- Configured uncrustify additional arguments: 
[12.596s] -- Added test 'xmllint' to check XML markup files
[12.652s] -- Configuring done
[12.916s] -- Generating done
[12.942s] -- Build files have been written to: /home/ros/ros2proj/ComP_demo/ComP_demo_ws/build/comp_topic_rclcpp
[13.020s] Invoked command in '/home/ros/ros2proj/ComP_demo/ComP_demo_ws/build/comp_topic_rclcpp' returned '0': CMAKE_PREFIX_PATH=/opt/ros/humble /usr/bin/cmake /home/ros/ros2proj/ComP_demo/ComP_demo_ws/src/comp_topic_rclcpp -DCMAKE_INSTALL_PREFIX=/home/ros/ros2proj/ComP_demo/ComP_demo_ws/install/comp_topic_rclcpp
[13.034s] Invoking command in '/home/ros/ros2proj/ComP_demo/ComP_demo_ws/build/comp_topic_rclcpp': CMAKE_PREFIX_PATH=/opt/ros/humble /usr/bin/cmake --build /home/ros/ros2proj/ComP_demo/ComP_demo_ws/build/comp_topic_rclcpp -- -j2 -l2
[13.637s] [  9%] [32mBuilding CXX object CMakeFiles/CameraTimer.dir/src/CameraTimer.cpp.o[0m
[62.483s] [ 18%] [32m[1mLinking CXX executable CameraTimer[0m
[66.589s] [ 18%] Built target CameraTimer
[66.817s] [ 27%] [32mBuilding CXX object CMakeFiles/Final.dir/src/Final.cpp.o[0m
[125.367s] [ 36%] [32m[1mLinking CXX executable Final[0m
[128.231s] [ 36%] Built target Final
[128.378s] [ 45%] [32mBuilding CXX object CMakeFiles/Tracker.dir/src/Tracker.cpp.o[0m
[190.132s] [ 54%] [32m[1mLinking CXX executable Tracker[0m
[192.081s] [ 54%] Built target Tracker
[192.223s] [ 63%] [32mBuilding CXX object CMakeFiles/Lane.dir/src/Lane.cpp.o[0m
[256.634s] [ 72%] [32mBuilding CXX object CMakeFiles/Lane.dir/src/lane_detect.cpp.o[0m
[269.031s] [ 81%] [32m[1mLinking CXX executable Lane[0m
[273.695s] [ 81%] Built target Lane
[273.891s] [ 90%] [32mBuilding CXX object CMakeFiles/Yolo.dir/src/Yolo.cpp.o[0m
[343.284s] [100%] [32m[1mLinking CXX executable Yolo[0m
[347.747s] [100%] Built target Yolo
[347.816s] Invoked command in '/home/ros/ros2proj/ComP_demo/ComP_demo_ws/build/comp_topic_rclcpp' returned '0': CMAKE_PREFIX_PATH=/opt/ros/humble /usr/bin/cmake --build /home/ros/ros2proj/ComP_demo/ComP_demo_ws/build/comp_topic_rclcpp -- -j2 -l2
[348.257s] Invoking command in '/home/ros/ros2proj/ComP_demo/ComP_demo_ws/build/comp_topic_rclcpp': CMAKE_PREFIX_PATH=/opt/ros/humble /usr/bin/cmake --install /home/ros/ros2proj/ComP_demo/ComP_demo_ws/build/comp_topic_rclcpp
[348.315s] -- Install configuration: ""
[348.322s] -- Installing: /home/ros/ros2proj/ComP_demo/ComP_demo_ws/install/comp_topic_rclcpp/share/ament_index/resource_index/package_run_dependencies/comp_topic_rclcpp
[348.325s] -- Installing: /home/ros/ros2proj/ComP_demo/ComP_demo_ws/install/comp_topic_rclcpp/share/ament_index/resource_index/parent_prefix_path/comp_topic_rclcpp
[348.342s] -- Installing: /home/ros/ros2proj/ComP_demo/ComP_demo_ws/install/comp_topic_rclcpp/share/comp_topic_rclcpp/environment/ament_prefix_path.sh
[348.346s] -- Installing: /home/ros/ros2proj/ComP_demo/ComP_demo_ws/install/comp_topic_rclcpp/share/comp_topic_rclcpp/environment/ament_prefix_path.dsv
[348.349s] -- Installing: /home/ros/ros2proj/ComP_demo/ComP_demo_ws/install/comp_topic_rclcpp/share/comp_topic_rclcpp/environment/path.sh
[348.353s] -- Installing: /home/ros/ros2proj/ComP_demo/ComP_demo_ws/install/comp_topic_rclcpp/share/comp_topic_rclcpp/environment/path.dsv
[348.360s] -- Installing: /home/ros/ros2proj/ComP_demo/ComP_demo_ws/install/comp_topic_rclcpp/share/comp_topic_rclcpp/local_setup.bash
[348.373s] -- Installing: /home/ros/ros2proj/ComP_demo/ComP_demo_ws/install/comp_topic_rclcpp/share/comp_topic_rclcpp/local_setup.sh
[348.373s] -- Installing: /home/ros/ros2proj/ComP_demo/ComP_demo_ws/install/comp_topic_rclcpp/share/comp_topic_rclcpp/local_setup.zsh
[348.374s] -- Installing: /home/ros/ros2proj/ComP_demo/ComP_demo_ws/install/comp_topic_rclcpp/share/comp_topic_rclcpp/local_setup.dsv
[348.379s] -- Installing: /home/ros/ros2proj/ComP_demo/ComP_demo_ws/install/comp_topic_rclcpp/share/comp_topic_rclcpp/package.dsv
[348.381s] -- Installing: /home/ros/ros2proj/ComP_demo/ComP_demo_ws/install/comp_topic_rclcpp/share/ament_index/resource_index/packages/comp_topic_rclcpp
[348.386s] -- Installing: /home/ros/ros2proj/ComP_demo/ComP_demo_ws/install/comp_topic_rclcpp/share/comp_topic_rclcpp/cmake/comp_topic_rclcppConfig.cmake
[348.392s] -- Installing: /home/ros/ros2proj/ComP_demo/ComP_demo_ws/install/comp_topic_rclcpp/share/comp_topic_rclcpp/cmake/comp_topic_rclcppConfig-version.cmake
[348.398s] -- Installing: /home/ros/ros2proj/ComP_demo/ComP_demo_ws/install/comp_topic_rclcpp/share/comp_topic_rclcpp/package.xml
[348.400s] -- Installing: /home/ros/ros2proj/ComP_demo/ComP_demo_ws/install/comp_topic_rclcpp/lib/comp_topic_rclcpp/CameraTimer
[348.418s] -- Set runtime path of "/home/ros/ros2proj/ComP_demo/ComP_demo_ws/install/comp_topic_rclcpp/lib/comp_topic_rclcpp/CameraTimer" to ""
[348.421s] -- Installing: /home/ros/ros2proj/ComP_demo/ComP_demo_ws/install/comp_topic_rclcpp/lib/comp_topic_rclcpp/Final
[348.481s] -- Set runtime path of "/home/ros/ros2proj/ComP_demo/ComP_demo_ws/install/comp_topic_rclcpp/lib/comp_topic_rclcpp/Final" to ""
[348.487s] -- Installing: /home/ros/ros2proj/ComP_demo/ComP_demo_ws/install/comp_topic_rclcpp/lib/comp_topic_rclcpp/Tracker
[348.570s] -- Set runtime path of "/home/ros/ros2proj/ComP_demo/ComP_demo_ws/install/comp_topic_rclcpp/lib/comp_topic_rclcpp/Tracker" to ""
[348.570s] -- Installing: /home/ros/ros2proj/ComP_demo/ComP_demo_ws/install/comp_topic_rclcpp/lib/comp_topic_rclcpp/Lane
[348.642s] -- Set runtime path of "/home/ros/ros2proj/ComP_demo/ComP_demo_ws/install/comp_topic_rclcpp/lib/comp_topic_rclcpp/Lane" to ""
[348.657s] -- Installing: /home/ros/ros2proj/ComP_demo/ComP_demo_ws/install/comp_topic_rclcpp/lib/comp_topic_rclcpp/Yolo
[348.678s] -- Set runtime path of "/home/ros/ros2proj/ComP_demo/ComP_demo_ws/install/comp_topic_rclcpp/lib/comp_topic_rclcpp/Yolo" to ""
[348.694s] Invoked command in '/home/ros/ros2proj/ComP_demo/ComP_demo_ws/build/comp_topic_rclcpp' returned '0': CMAKE_PREFIX_PATH=/opt/ros/humble /usr/bin/cmake --install /home/ros/ros2proj/ComP_demo/ComP_demo_ws/build/comp_topic_rclcpp
