[0.025s] Invoking command in '/home/ros/ros2proj/ComP_demo/ComP_demo_ws/build/comp_topic_rclcpp': CMAKE_PREFIX_PATH=/opt/ros/humble CONDA_PROMPT_MODIFIER=(ros2) /usr/bin/cmake --build /home/ros/ros2proj/ComP_demo/ComP_demo_ws/build/comp_topic_rclcpp -- -j2 -l2
[0.159s] [  1%] Built target comp_topic_rclcpp__cpp
[0.220s] [ 10%] Built target comp_topic_rclcpp__rosidl_generator_c
[0.299s] [ 10%] Built target ament_cmake_python_copy_comp_topic_rclcpp
[0.371s] [ 13%] Built target CameraTimer
[0.424s] [ 22%] Built target comp_topic_rclcpp__rosidl_typesupport_cpp
[0.490s] [ 32%] Built target comp_topic_rclcpp__rosidl_typesupport_fastrtps_c
[0.574s] [ 41%] Built target comp_topic_rclcpp__rosidl_typesupport_fastrtps_cpp
[0.619s] [ 51%] Built target comp_topic_rclcpp__rosidl_typesupport_introspection_c
[0.684s] [ 60%] Built target comp_topic_rclcpp__rosidl_typesupport_c
[0.755s] [ 70%] Built target comp_topic_rclcpp__rosidl_typesupport_introspection_cpp
[1.601s] running egg_info
[1.605s] writing comp_topic_rclcpp.egg-info/PKG-INFO
[1.610s] writing dependency_links to comp_topic_rclcpp.egg-info/dependency_links.txt
[1.610s] writing top-level names to comp_topic_rclcpp.egg-info/top_level.txt
[1.626s] reading manifest file 'comp_topic_rclcpp.egg-info/SOURCES.txt'
[1.627s] writing manifest file 'comp_topic_rclcpp.egg-info/SOURCES.txt'
[1.692s] [ 70%] Built target ament_cmake_python_build_comp_topic_rclcpp_egg
[1.833s] [ 72%] Built target Final
[1.966s] [ 75%] Built target Tracker
[2.128s] [ 79%] Built target Lane
[2.233s] [ 82%] Built target Yolo
[2.309s] [ 82%] Built target comp_topic_rclcpp
[2.399s] [ 83%] Built target comp_topic_rclcpp__py
[2.558s] [ 91%] Built target comp_topic_rclcpp__rosidl_generator_py
[2.700s] [ 94%] Built target comp_topic_rclcpp__rosidl_typesupport_fastrtps_c__pyext
[2.797s] [ 97%] Built target comp_topic_rclcpp__rosidl_typesupport_introspection_c__pyext
[2.906s] [100%] Built target comp_topic_rclcpp__rosidl_typesupport_c__pyext
[2.969s] Invoked command in '/home/ros/ros2proj/ComP_demo/ComP_demo_ws/build/comp_topic_rclcpp' returned '0': CMAKE_PREFIX_PATH=/opt/ros/humble CONDA_PROMPT_MODIFIER=(ros2) /usr/bin/cmake --build /home/ros/ros2proj/ComP_demo/ComP_demo_ws/build/comp_topic_rclcpp -- -j2 -l2
[3.748s] Invoking command in '/home/ros/ros2proj/ComP_demo/ComP_demo_ws/build/comp_topic_rclcpp': CMAKE_PREFIX_PATH=/opt/ros/humble CONDA_PROMPT_MODIFIER=(ros2) /usr/bin/cmake --install /home/ros/ros2proj/ComP_demo/ComP_demo_ws/build/comp_topic_rclcpp
[3.794s] -- Install configuration: ""
[3.795s] -- Up-to-date: /home/ros/ros2proj/ComP_demo/ComP_demo_ws/install/comp_topic_rclcpp/share/ament_index/resource_index/rosidl_interfaces/comp_topic_rclcpp
[3.795s] -- Up-to-date: /home/ros/ros2proj/ComP_demo/ComP_demo_ws/install/comp_topic_rclcpp/include/comp_topic_rclcpp/comp_topic_rclcpp
[3.799s] -- Up-to-date: /home/ros/ros2proj/ComP_demo/ComP_demo_ws/install/comp_topic_rclcpp/include/comp_topic_rclcpp/comp_topic_rclcpp/msg
[3.805s] -- Up-to-date: /home/ros/ros2proj/ComP_demo/ComP_demo_ws/install/comp_topic_rclcpp/include/comp_topic_rclcpp/comp_topic_rclcpp/msg/point_detect.h
[3.807s] -- Up-to-date: /home/ros/ros2proj/ComP_demo/ComP_demo_ws/install/comp_topic_rclcpp/include/comp_topic_rclcpp/comp_topic_rclcpp/msg/rosidl_generator_c__visibility_control.h
[3.813s] -- Up-to-date: /home/ros/ros2proj/ComP_demo/ComP_demo_ws/install/comp_topic_rclcpp/include/comp_topic_rclcpp/comp_topic_rclcpp/msg/detail
[3.814s] -- Up-to-date: /home/ros/ros2proj/ComP_demo/ComP_demo_ws/install/comp_topic_rclcpp/include/comp_topic_rclcpp/comp_topic_rclcpp/msg/detail/lines_result__struct.h
[3.814s] -- Up-to-date: /home/ros/ros2proj/ComP_demo/ComP_demo_ws/install/comp_topic_rclcpp/include/comp_topic_rclcpp/comp_topic_rclcpp/msg/detail/yolo_piece__functions.c
[3.818s] -- Up-to-date: /home/ros/ros2proj/ComP_demo/ComP_demo_ws/install/comp_topic_rclcpp/include/comp_topic_rclcpp/comp_topic_rclcpp/msg/detail/point_detect__functions.h
[3.819s] -- Up-to-date: /home/ros/ros2proj/ComP_demo/ComP_demo_ws/install/comp_topic_rclcpp/include/comp_topic_rclcpp/comp_topic_rclcpp/msg/detail/lines_result__type_support.h
[3.822s] -- Up-to-date: /home/ros/ros2proj/ComP_demo/ComP_demo_ws/install/comp_topic_rclcpp/include/comp_topic_rclcpp/comp_topic_rclcpp/msg/detail/yolo_piece__struct.h
[3.823s] -- Up-to-date: /home/ros/ros2proj/ComP_demo/ComP_demo_ws/install/comp_topic_rclcpp/include/comp_topic_rclcpp/comp_topic_rclcpp/msg/detail/lines_result__functions.c
[3.823s] -- Up-to-date: /home/ros/ros2proj/ComP_demo/ComP_demo_ws/install/comp_topic_rclcpp/include/comp_topic_rclcpp/comp_topic_rclcpp/msg/detail/yolo_piece__type_support.h
[3.823s] -- Up-to-date: /home/ros/ros2proj/ComP_demo/ComP_demo_ws/install/comp_topic_rclcpp/include/comp_topic_rclcpp/comp_topic_rclcpp/msg/detail/lane_result__functions.h
[3.823s] -- Up-to-date: /home/ros/ros2proj/ComP_demo/ComP_demo_ws/install/comp_topic_rclcpp/include/comp_topic_rclcpp/comp_topic_rclcpp/msg/detail/lines_result__functions.h
[3.826s] -- Up-to-date: /home/ros/ros2proj/ComP_demo/ComP_demo_ws/install/comp_topic_rclcpp/include/comp_topic_rclcpp/comp_topic_rclcpp/msg/detail/point_detect__struct.h
[3.826s] -- Up-to-date: /home/ros/ros2proj/ComP_demo/ComP_demo_ws/install/comp_topic_rclcpp/include/comp_topic_rclcpp/comp_topic_rclcpp/msg/detail/yolo_result__functions.h
[3.826s] -- Up-to-date: /home/ros/ros2proj/ComP_demo/ComP_demo_ws/install/comp_topic_rclcpp/include/comp_topic_rclcpp/comp_topic_rclcpp/msg/detail/yolo_result__functions.c
[3.827s] -- Up-to-date: /home/ros/ros2proj/ComP_demo/ComP_demo_ws/install/comp_topic_rclcpp/include/comp_topic_rclcpp/comp_topic_rclcpp/msg/detail/tracker_result__type_support.h
[3.829s] -- Up-to-date: /home/ros/ros2proj/ComP_demo/ComP_demo_ws/install/comp_topic_rclcpp/include/comp_topic_rclcpp/comp_topic_rclcpp/msg/detail/lane_result__type_support.h
[3.830s] -- Up-to-date: /home/ros/ros2proj/ComP_demo/ComP_demo_ws/install/comp_topic_rclcpp/include/comp_topic_rclcpp/comp_topic_rclcpp/msg/detail/yolo_result__type_support.h
[3.830s] -- Up-to-date: /home/ros/ros2proj/ComP_demo/ComP_demo_ws/install/comp_topic_rclcpp/include/comp_topic_rclcpp/comp_topic_rclcpp/msg/detail/lane_result__functions.c
[3.831s] -- Up-to-date: /home/ros/ros2proj/ComP_demo/ComP_demo_ws/install/comp_topic_rclcpp/include/comp_topic_rclcpp/comp_topic_rclcpp/msg/detail/tracker_result__struct.h
[3.831s] -- Up-to-date: /home/ros/ros2proj/ComP_demo/ComP_demo_ws/install/comp_topic_rclcpp/include/comp_topic_rclcpp/comp_topic_rclcpp/msg/detail/tracker_result__functions.c
[3.831s] -- Up-to-date: /home/ros/ros2proj/ComP_demo/ComP_demo_ws/install/comp_topic_rclcpp/include/comp_topic_rclcpp/comp_topic_rclcpp/msg/detail/tracker_result__functions.h
[3.831s] -- Up-to-date: /home/ros/ros2proj/ComP_demo/ComP_demo_ws/install/comp_topic_rclcpp/include/comp_topic_rclcpp/comp_topic_rclcpp/msg/detail/yolo_piece__functions.h
[3.832s] -- Up-to-date: /home/ros/ros2proj/ComP_demo/ComP_demo_ws/install/comp_topic_rclcpp/include/comp_topic_rclcpp/comp_topic_rclcpp/msg/detail/lane_result__struct.h
[3.834s] -- Up-to-date: /home/ros/ros2proj/ComP_demo/ComP_demo_ws/install/comp_topic_rclcpp/include/comp_topic_rclcpp/comp_topic_rclcpp/msg/detail/point_detect__type_support.h
[3.835s] -- Up-to-date: /home/ros/ros2proj/ComP_demo/ComP_demo_ws/install/comp_topic_rclcpp/include/comp_topic_rclcpp/comp_topic_rclcpp/msg/detail/yolo_result__struct.h
[3.835s] -- Up-to-date: /home/ros/ros2proj/ComP_demo/ComP_demo_ws/install/comp_topic_rclcpp/include/comp_topic_rclcpp/comp_topic_rclcpp/msg/detail/point_detect__functions.c
[3.835s] -- Up-to-date: /home/ros/ros2proj/ComP_demo/ComP_demo_ws/install/comp_topic_rclcpp/include/comp_topic_rclcpp/comp_topic_rclcpp/msg/yolo_result.h
[3.835s] -- Up-to-date: /home/ros/ros2proj/ComP_demo/ComP_demo_ws/install/comp_topic_rclcpp/include/comp_topic_rclcpp/comp_topic_rclcpp/msg/lane_result.h
[3.841s] -- Up-to-date: /home/ros/ros2proj/ComP_demo/ComP_demo_ws/install/comp_topic_rclcpp/include/comp_topic_rclcpp/comp_topic_rclcpp/msg/lines_result.h
[3.841s] -- Up-to-date: /home/ros/ros2proj/ComP_demo/ComP_demo_ws/install/comp_topic_rclcpp/include/comp_topic_rclcpp/comp_topic_rclcpp/msg/yolo_piece.h
[3.842s] -- Up-to-date: /home/ros/ros2proj/ComP_demo/ComP_demo_ws/install/comp_topic_rclcpp/include/comp_topic_rclcpp/comp_topic_rclcpp/msg/tracker_result.h
[3.842s] -- Up-to-date: /home/ros/ros2proj/ComP_demo/ComP_demo_ws/install/comp_topic_rclcpp/share/comp_topic_rclcpp/environment/library_path.sh
[3.842s] -- Up-to-date: /home/ros/ros2proj/ComP_demo/ComP_demo_ws/install/comp_topic_rclcpp/share/comp_topic_rclcpp/environment/library_path.dsv
[3.844s] -- Up-to-date: /home/ros/ros2proj/ComP_demo/ComP_demo_ws/install/comp_topic_rclcpp/lib/libcomp_topic_rclcpp__rosidl_generator_c.so
[3.845s] -- Up-to-date: /home/ros/ros2proj/ComP_demo/ComP_demo_ws/install/comp_topic_rclcpp/include/comp_topic_rclcpp/comp_topic_rclcpp
[3.848s] -- Up-to-date: /home/ros/ros2proj/ComP_demo/ComP_demo_ws/install/comp_topic_rclcpp/include/comp_topic_rclcpp/comp_topic_rclcpp/msg
[3.848s] -- Up-to-date: /home/ros/ros2proj/ComP_demo/ComP_demo_ws/install/comp_topic_rclcpp/include/comp_topic_rclcpp/comp_topic_rclcpp/msg/detail
[3.848s] -- Up-to-date: /home/ros/ros2proj/ComP_demo/ComP_demo_ws/install/comp_topic_rclcpp/include/comp_topic_rclcpp/comp_topic_rclcpp/msg/detail/lane_result__rosidl_typesupport_fastrtps_c.h
[3.851s] -- Up-to-date: /home/ros/ros2proj/ComP_demo/ComP_demo_ws/install/comp_topic_rclcpp/include/comp_topic_rclcpp/comp_topic_rclcpp/msg/detail/lines_result__rosidl_typesupport_fastrtps_c.h
[3.851s] -- Up-to-date: /home/ros/ros2proj/ComP_demo/ComP_demo_ws/install/comp_topic_rclcpp/include/comp_topic_rclcpp/comp_topic_rclcpp/msg/detail/point_detect__rosidl_typesupport_fastrtps_c.h
[3.851s] -- Up-to-date: /home/ros/ros2proj/ComP_demo/ComP_demo_ws/install/comp_topic_rclcpp/include/comp_topic_rclcpp/comp_topic_rclcpp/msg/detail/yolo_result__rosidl_typesupport_fastrtps_c.h
[3.851s] -- Up-to-date: /home/ros/ros2proj/ComP_demo/ComP_demo_ws/install/comp_topic_rclcpp/include/comp_topic_rclcpp/comp_topic_rclcpp/msg/detail/yolo_piece__rosidl_typesupport_fastrtps_c.h
[3.851s] -- Up-to-date: /home/ros/ros2proj/ComP_demo/ComP_demo_ws/install/comp_topic_rclcpp/include/comp_topic_rclcpp/comp_topic_rclcpp/msg/detail/tracker_result__rosidl_typesupport_fastrtps_c.h
[3.852s] -- Up-to-date: /home/ros/ros2proj/ComP_demo/ComP_demo_ws/install/comp_topic_rclcpp/include/comp_topic_rclcpp/comp_topic_rclcpp/msg/rosidl_typesupport_fastrtps_c__visibility_control.h
[3.854s] -- Up-to-date: /home/ros/ros2proj/ComP_demo/ComP_demo_ws/install/comp_topic_rclcpp/lib/libcomp_topic_rclcpp__rosidl_typesupport_fastrtps_c.so
[3.854s] -- Up-to-date: /home/ros/ros2proj/ComP_demo/ComP_demo_ws/install/comp_topic_rclcpp/include/comp_topic_rclcpp/comp_topic_rclcpp
[3.855s] -- Up-to-date: /home/ros/ros2proj/ComP_demo/ComP_demo_ws/install/comp_topic_rclcpp/include/comp_topic_rclcpp/comp_topic_rclcpp/msg
[3.855s] -- Up-to-date: /home/ros/ros2proj/ComP_demo/ComP_demo_ws/install/comp_topic_rclcpp/include/comp_topic_rclcpp/comp_topic_rclcpp/msg/tracker_result.hpp
[3.855s] -- Up-to-date: /home/ros/ros2proj/ComP_demo/ComP_demo_ws/install/comp_topic_rclcpp/include/comp_topic_rclcpp/comp_topic_rclcpp/msg/detail
[3.855s] -- Up-to-date: /home/ros/ros2proj/ComP_demo/ComP_demo_ws/install/comp_topic_rclcpp/include/comp_topic_rclcpp/comp_topic_rclcpp/msg/detail/tracker_result__builder.hpp
[3.856s] -- Up-to-date: /home/ros/ros2proj/ComP_demo/ComP_demo_ws/install/comp_topic_rclcpp/include/comp_topic_rclcpp/comp_topic_rclcpp/msg/detail/yolo_result__struct.hpp
[3.856s] -- Up-to-date: /home/ros/ros2proj/ComP_demo/ComP_demo_ws/install/comp_topic_rclcpp/include/comp_topic_rclcpp/comp_topic_rclcpp/msg/detail/lane_result__traits.hpp
[3.860s] -- Up-to-date: /home/ros/ros2proj/ComP_demo/ComP_demo_ws/install/comp_topic_rclcpp/include/comp_topic_rclcpp/comp_topic_rclcpp/msg/detail/tracker_result__struct.hpp
[3.862s] -- Up-to-date: /home/ros/ros2proj/ComP_demo/ComP_demo_ws/install/comp_topic_rclcpp/include/comp_topic_rclcpp/comp_topic_rclcpp/msg/detail/yolo_result__traits.hpp
[3.862s] -- Up-to-date: /home/ros/ros2proj/ComP_demo/ComP_demo_ws/install/comp_topic_rclcpp/include/comp_topic_rclcpp/comp_topic_rclcpp/msg/detail/point_detect__builder.hpp
[3.865s] -- Up-to-date: /home/ros/ros2proj/ComP_demo/ComP_demo_ws/install/comp_topic_rclcpp/include/comp_topic_rclcpp/comp_topic_rclcpp/msg/detail/point_detect__struct.hpp
[3.868s] -- Up-to-date: /home/ros/ros2proj/ComP_demo/ComP_demo_ws/install/comp_topic_rclcpp/include/comp_topic_rclcpp/comp_topic_rclcpp/msg/detail/lines_result__struct.hpp
[3.873s] -- Up-to-date: /home/ros/ros2proj/ComP_demo/ComP_demo_ws/install/comp_topic_rclcpp/include/comp_topic_rclcpp/comp_topic_rclcpp/msg/detail/tracker_result__traits.hpp
[3.875s] -- Up-to-date: /home/ros/ros2proj/ComP_demo/ComP_demo_ws/install/comp_topic_rclcpp/include/comp_topic_rclcpp/comp_topic_rclcpp/msg/detail/point_detect__traits.hpp
[3.875s] -- Up-to-date: /home/ros/ros2proj/ComP_demo/ComP_demo_ws/install/comp_topic_rclcpp/include/comp_topic_rclcpp/comp_topic_rclcpp/msg/detail/yolo_piece__builder.hpp
[3.875s] -- Up-to-date: /home/ros/ros2proj/ComP_demo/ComP_demo_ws/install/comp_topic_rclcpp/include/comp_topic_rclcpp/comp_topic_rclcpp/msg/detail/lines_result__traits.hpp
[3.876s] -- Up-to-date: /home/ros/ros2proj/ComP_demo/ComP_demo_ws/install/comp_topic_rclcpp/include/comp_topic_rclcpp/comp_topic_rclcpp/msg/detail/yolo_result__builder.hpp
[3.876s] -- Up-to-date: /home/ros/ros2proj/ComP_demo/ComP_demo_ws/install/comp_topic_rclcpp/include/comp_topic_rclcpp/comp_topic_rclcpp/msg/detail/lane_result__struct.hpp
[3.877s] -- Up-to-date: /home/ros/ros2proj/ComP_demo/ComP_demo_ws/install/comp_topic_rclcpp/include/comp_topic_rclcpp/comp_topic_rclcpp/msg/detail/yolo_piece__struct.hpp
[3.877s] -- Up-to-date: /home/ros/ros2proj/ComP_demo/ComP_demo_ws/install/comp_topic_rclcpp/include/comp_topic_rclcpp/comp_topic_rclcpp/msg/detail/lines_result__builder.hpp
[3.880s] -- Up-to-date: /home/ros/ros2proj/ComP_demo/ComP_demo_ws/install/comp_topic_rclcpp/include/comp_topic_rclcpp/comp_topic_rclcpp/msg/detail/yolo_piece__traits.hpp
[3.880s] -- Up-to-date: /home/ros/ros2proj/ComP_demo/ComP_demo_ws/install/comp_topic_rclcpp/include/comp_topic_rclcpp/comp_topic_rclcpp/msg/detail/lane_result__builder.hpp
[3.881s] -- Up-to-date: /home/ros/ros2proj/ComP_demo/ComP_demo_ws/install/comp_topic_rclcpp/include/comp_topic_rclcpp/comp_topic_rclcpp/msg/lines_result.hpp
[3.881s] -- Up-to-date: /home/ros/ros2proj/ComP_demo/ComP_demo_ws/install/comp_topic_rclcpp/include/comp_topic_rclcpp/comp_topic_rclcpp/msg/yolo_result.hpp
[3.881s] -- Up-to-date: /home/ros/ros2proj/ComP_demo/ComP_demo_ws/install/comp_topic_rclcpp/include/comp_topic_rclcpp/comp_topic_rclcpp/msg/yolo_piece.hpp
[3.885s] -- Up-to-date: /home/ros/ros2proj/ComP_demo/ComP_demo_ws/install/comp_topic_rclcpp/include/comp_topic_rclcpp/comp_topic_rclcpp/msg/lane_result.hpp
[3.885s] -- Up-to-date: /home/ros/ros2proj/ComP_demo/ComP_demo_ws/install/comp_topic_rclcpp/include/comp_topic_rclcpp/comp_topic_rclcpp/msg/point_detect.hpp
[3.886s] -- Up-to-date: /home/ros/ros2proj/ComP_demo/ComP_demo_ws/install/comp_topic_rclcpp/include/comp_topic_rclcpp/comp_topic_rclcpp
[3.886s] -- Up-to-date: /home/ros/ros2proj/ComP_demo/ComP_demo_ws/install/comp_topic_rclcpp/include/comp_topic_rclcpp/comp_topic_rclcpp/msg
[3.886s] -- Up-to-date: /home/ros/ros2proj/ComP_demo/ComP_demo_ws/install/comp_topic_rclcpp/include/comp_topic_rclcpp/comp_topic_rclcpp/msg/detail
[3.886s] -- Up-to-date: /home/ros/ros2proj/ComP_demo/ComP_demo_ws/install/comp_topic_rclcpp/include/comp_topic_rclcpp/comp_topic_rclcpp/msg/detail/lines_result__rosidl_typesupport_fastrtps_cpp.hpp
[3.886s] -- Up-to-date: /home/ros/ros2proj/ComP_demo/ComP_demo_ws/install/comp_topic_rclcpp/include/comp_topic_rclcpp/comp_topic_rclcpp/msg/detail/tracker_result__rosidl_typesupport_fastrtps_cpp.hpp
[3.887s] -- Up-to-date: /home/ros/ros2proj/ComP_demo/ComP_demo_ws/install/comp_topic_rclcpp/include/comp_topic_rclcpp/comp_topic_rclcpp/msg/detail/dds_fastrtps
[3.891s] -- Up-to-date: /home/ros/ros2proj/ComP_demo/ComP_demo_ws/install/comp_topic_rclcpp/include/comp_topic_rclcpp/comp_topic_rclcpp/msg/detail/point_detect__rosidl_typesupport_fastrtps_cpp.hpp
[3.891s] -- Up-to-date: /home/ros/ros2proj/ComP_demo/ComP_demo_ws/install/comp_topic_rclcpp/include/comp_topic_rclcpp/comp_topic_rclcpp/msg/detail/yolo_piece__rosidl_typesupport_fastrtps_cpp.hpp
[3.893s] -- Up-to-date: /home/ros/ros2proj/ComP_demo/ComP_demo_ws/install/comp_topic_rclcpp/include/comp_topic_rclcpp/comp_topic_rclcpp/msg/detail/lane_result__rosidl_typesupport_fastrtps_cpp.hpp
[3.893s] -- Up-to-date: /home/ros/ros2proj/ComP_demo/ComP_demo_ws/install/comp_topic_rclcpp/include/comp_topic_rclcpp/comp_topic_rclcpp/msg/detail/yolo_result__rosidl_typesupport_fastrtps_cpp.hpp
[3.893s] -- Up-to-date: /home/ros/ros2proj/ComP_demo/ComP_demo_ws/install/comp_topic_rclcpp/include/comp_topic_rclcpp/comp_topic_rclcpp/msg/rosidl_typesupport_fastrtps_cpp__visibility_control.h
[3.893s] -- Up-to-date: /home/ros/ros2proj/ComP_demo/ComP_demo_ws/install/comp_topic_rclcpp/lib/libcomp_topic_rclcpp__rosidl_typesupport_fastrtps_cpp.so
[3.893s] -- Up-to-date: /home/ros/ros2proj/ComP_demo/ComP_demo_ws/install/comp_topic_rclcpp/include/comp_topic_rclcpp/comp_topic_rclcpp
[3.893s] -- Up-to-date: /home/ros/ros2proj/ComP_demo/ComP_demo_ws/install/comp_topic_rclcpp/include/comp_topic_rclcpp/comp_topic_rclcpp/msg
[3.893s] -- Up-to-date: /home/ros/ros2proj/ComP_demo/ComP_demo_ws/install/comp_topic_rclcpp/include/comp_topic_rclcpp/comp_topic_rclcpp/msg/detail
[3.897s] -- Up-to-date: /home/ros/ros2proj/ComP_demo/ComP_demo_ws/install/comp_topic_rclcpp/include/comp_topic_rclcpp/comp_topic_rclcpp/msg/detail/yolo_piece__type_support.c
[3.897s] -- Up-to-date: /home/ros/ros2proj/ComP_demo/ComP_demo_ws/install/comp_topic_rclcpp/include/comp_topic_rclcpp/comp_topic_rclcpp/msg/detail/lines_result__rosidl_typesupport_introspection_c.h
[3.898s] -- Up-to-date: /home/ros/ros2proj/ComP_demo/ComP_demo_ws/install/comp_topic_rclcpp/include/comp_topic_rclcpp/comp_topic_rclcpp/msg/detail/yolo_piece__rosidl_typesupport_introspection_c.h
[3.898s] -- Up-to-date: /home/ros/ros2proj/ComP_demo/ComP_demo_ws/install/comp_topic_rclcpp/include/comp_topic_rclcpp/comp_topic_rclcpp/msg/detail/tracker_result__rosidl_typesupport_introspection_c.h
[3.902s] -- Up-to-date: /home/ros/ros2proj/ComP_demo/ComP_demo_ws/install/comp_topic_rclcpp/include/comp_topic_rclcpp/comp_topic_rclcpp/msg/detail/point_detect__type_support.c
[3.902s] -- Up-to-date: /home/ros/ros2proj/ComP_demo/ComP_demo_ws/install/comp_topic_rclcpp/include/comp_topic_rclcpp/comp_topic_rclcpp/msg/detail/lane_result__type_support.c
[3.903s] -- Up-to-date: /home/ros/ros2proj/ComP_demo/ComP_demo_ws/install/comp_topic_rclcpp/include/comp_topic_rclcpp/comp_topic_rclcpp/msg/detail/tracker_result__type_support.c
[3.903s] -- Up-to-date: /home/ros/ros2proj/ComP_demo/ComP_demo_ws/install/comp_topic_rclcpp/include/comp_topic_rclcpp/comp_topic_rclcpp/msg/detail/lines_result__type_support.c
[3.903s] -- Up-to-date: /home/ros/ros2proj/ComP_demo/ComP_demo_ws/install/comp_topic_rclcpp/include/comp_topic_rclcpp/comp_topic_rclcpp/msg/detail/point_detect__rosidl_typesupport_introspection_c.h
[3.903s] -- Up-to-date: /home/ros/ros2proj/ComP_demo/ComP_demo_ws/install/comp_topic_rclcpp/include/comp_topic_rclcpp/comp_topic_rclcpp/msg/detail/yolo_result__type_support.c
[3.903s] -- Up-to-date: /home/ros/ros2proj/ComP_demo/ComP_demo_ws/install/comp_topic_rclcpp/include/comp_topic_rclcpp/comp_topic_rclcpp/msg/detail/yolo_result__rosidl_typesupport_introspection_c.h
[3.904s] -- Up-to-date: /home/ros/ros2proj/ComP_demo/ComP_demo_ws/install/comp_topic_rclcpp/include/comp_topic_rclcpp/comp_topic_rclcpp/msg/detail/lane_result__rosidl_typesupport_introspection_c.h
[3.904s] -- Up-to-date: /home/ros/ros2proj/ComP_demo/ComP_demo_ws/install/comp_topic_rclcpp/include/comp_topic_rclcpp/comp_topic_rclcpp/msg/rosidl_typesupport_introspection_c__visibility_control.h
[3.904s] -- Up-to-date: /home/ros/ros2proj/ComP_demo/ComP_demo_ws/install/comp_topic_rclcpp/lib/libcomp_topic_rclcpp__rosidl_typesupport_introspection_c.so
[3.904s] -- Up-to-date: /home/ros/ros2proj/ComP_demo/ComP_demo_ws/install/comp_topic_rclcpp/lib/libcomp_topic_rclcpp__rosidl_typesupport_c.so
[3.906s] -- Up-to-date: /home/ros/ros2proj/ComP_demo/ComP_demo_ws/install/comp_topic_rclcpp/include/comp_topic_rclcpp/comp_topic_rclcpp
[3.907s] -- Up-to-date: /home/ros/ros2proj/ComP_demo/ComP_demo_ws/install/comp_topic_rclcpp/include/comp_topic_rclcpp/comp_topic_rclcpp/msg
[3.907s] -- Up-to-date: /home/ros/ros2proj/ComP_demo/ComP_demo_ws/install/comp_topic_rclcpp/include/comp_topic_rclcpp/comp_topic_rclcpp/msg/detail
[3.908s] -- Up-to-date: /home/ros/ros2proj/ComP_demo/ComP_demo_ws/install/comp_topic_rclcpp/include/comp_topic_rclcpp/comp_topic_rclcpp/msg/detail/lane_result__rosidl_typesupport_introspection_cpp.hpp
[3.911s] -- Up-to-date: /home/ros/ros2proj/ComP_demo/ComP_demo_ws/install/comp_topic_rclcpp/include/comp_topic_rclcpp/comp_topic_rclcpp/msg/detail/yolo_result__type_support.cpp
[3.911s] -- Up-to-date: /home/ros/ros2proj/ComP_demo/ComP_demo_ws/install/comp_topic_rclcpp/include/comp_topic_rclcpp/comp_topic_rclcpp/msg/detail/yolo_result__rosidl_typesupport_introspection_cpp.hpp
[3.912s] -- Up-to-date: /home/ros/ros2proj/ComP_demo/ComP_demo_ws/install/comp_topic_rclcpp/include/comp_topic_rclcpp/comp_topic_rclcpp/msg/detail/yolo_piece__type_support.cpp
[3.914s] -- Up-to-date: /home/ros/ros2proj/ComP_demo/ComP_demo_ws/install/comp_topic_rclcpp/include/comp_topic_rclcpp/comp_topic_rclcpp/msg/detail/point_detect__rosidl_typesupport_introspection_cpp.hpp
[3.914s] -- Up-to-date: /home/ros/ros2proj/ComP_demo/ComP_demo_ws/install/comp_topic_rclcpp/include/comp_topic_rclcpp/comp_topic_rclcpp/msg/detail/yolo_piece__rosidl_typesupport_introspection_cpp.hpp
[3.918s] -- Up-to-date: /home/ros/ros2proj/ComP_demo/ComP_demo_ws/install/comp_topic_rclcpp/include/comp_topic_rclcpp/comp_topic_rclcpp/msg/detail/lines_result__rosidl_typesupport_introspection_cpp.hpp
[3.920s] -- Up-to-date: /home/ros/ros2proj/ComP_demo/ComP_demo_ws/install/comp_topic_rclcpp/include/comp_topic_rclcpp/comp_topic_rclcpp/msg/detail/lane_result__type_support.cpp
[3.920s] -- Up-to-date: /home/ros/ros2proj/ComP_demo/ComP_demo_ws/install/comp_topic_rclcpp/include/comp_topic_rclcpp/comp_topic_rclcpp/msg/detail/tracker_result__rosidl_typesupport_introspection_cpp.hpp
[3.920s] -- Up-to-date: /home/ros/ros2proj/ComP_demo/ComP_demo_ws/install/comp_topic_rclcpp/include/comp_topic_rclcpp/comp_topic_rclcpp/msg/detail/lines_result__type_support.cpp
[3.924s] -- Up-to-date: /home/ros/ros2proj/ComP_demo/ComP_demo_ws/install/comp_topic_rclcpp/include/comp_topic_rclcpp/comp_topic_rclcpp/msg/detail/point_detect__type_support.cpp
[3.925s] -- Up-to-date: /home/ros/ros2proj/ComP_demo/ComP_demo_ws/install/comp_topic_rclcpp/include/comp_topic_rclcpp/comp_topic_rclcpp/msg/detail/tracker_result__type_support.cpp
[3.926s] -- Up-to-date: /home/ros/ros2proj/ComP_demo/ComP_demo_ws/install/comp_topic_rclcpp/lib/libcomp_topic_rclcpp__rosidl_typesupport_introspection_cpp.so
[3.926s] -- Up-to-date: /home/ros/ros2proj/ComP_demo/ComP_demo_ws/install/comp_topic_rclcpp/lib/libcomp_topic_rclcpp__rosidl_typesupport_cpp.so
[3.930s] -- Up-to-date: /home/ros/ros2proj/ComP_demo/ComP_demo_ws/install/comp_topic_rclcpp/share/comp_topic_rclcpp/environment/pythonpath.sh
[3.930s] -- Up-to-date: /home/ros/ros2proj/ComP_demo/ComP_demo_ws/install/comp_topic_rclcpp/share/comp_topic_rclcpp/environment/pythonpath.dsv
[3.930s] -- Up-to-date: /home/ros/ros2proj/ComP_demo/ComP_demo_ws/install/comp_topic_rclcpp/local/lib/python3.10/dist-packages/comp_topic_rclcpp-0.0.0-py3.10.egg-info
[3.931s] -- Installing: /home/ros/ros2proj/ComP_demo/ComP_demo_ws/install/comp_topic_rclcpp/local/lib/python3.10/dist-packages/comp_topic_rclcpp-0.0.0-py3.10.egg-info/PKG-INFO
[3.932s] -- Installing: /home/ros/ros2proj/ComP_demo/ComP_demo_ws/install/comp_topic_rclcpp/local/lib/python3.10/dist-packages/comp_topic_rclcpp-0.0.0-py3.10.egg-info/SOURCES.txt
[3.932s] -- Installing: /home/ros/ros2proj/ComP_demo/ComP_demo_ws/install/comp_topic_rclcpp/local/lib/python3.10/dist-packages/comp_topic_rclcpp-0.0.0-py3.10.egg-info/dependency_links.txt
[3.932s] -- Installing: /home/ros/ros2proj/ComP_demo/ComP_demo_ws/install/comp_topic_rclcpp/local/lib/python3.10/dist-packages/comp_topic_rclcpp-0.0.0-py3.10.egg-info/top_level.txt
[3.932s] -- Up-to-date: /home/ros/ros2proj/ComP_demo/ComP_demo_ws/install/comp_topic_rclcpp/local/lib/python3.10/dist-packages/comp_topic_rclcpp
[3.932s] -- Up-to-date: /home/ros/ros2proj/ComP_demo/ComP_demo_ws/install/comp_topic_rclcpp/local/lib/python3.10/dist-packages/comp_topic_rclcpp/_comp_topic_rclcpp_s.ep.rosidl_typesupport_fastrtps_c.c
[3.932s] -- Up-to-date: /home/ros/ros2proj/ComP_demo/ComP_demo_ws/install/comp_topic_rclcpp/local/lib/python3.10/dist-packages/comp_topic_rclcpp/libcomp_topic_rclcpp__rosidl_generator_py.so
[3.933s] -- Up-to-date: /home/ros/ros2proj/ComP_demo/ComP_demo_ws/install/comp_topic_rclcpp/local/lib/python3.10/dist-packages/comp_topic_rclcpp/comp_topic_rclcpp_s__rosidl_typesupport_c.cpython-310-x86_64-linux-gnu.so
[3.933s] -- Up-to-date: /home/ros/ros2proj/ComP_demo/ComP_demo_ws/install/comp_topic_rclcpp/local/lib/python3.10/dist-packages/comp_topic_rclcpp/__init__.py
[3.936s] -- Up-to-date: /home/ros/ros2proj/ComP_demo/ComP_demo_ws/install/comp_topic_rclcpp/local/lib/python3.10/dist-packages/comp_topic_rclcpp/comp_topic_rclcpp_s__rosidl_typesupport_fastrtps_c.cpython-310-x86_64-linux-gnu.so
[3.937s] -- Up-to-date: /home/ros/ros2proj/ComP_demo/ComP_demo_ws/install/comp_topic_rclcpp/local/lib/python3.10/dist-packages/comp_topic_rclcpp/_comp_topic_rclcpp_s.ep.rosidl_typesupport_c.c
[3.937s] -- Up-to-date: /home/ros/ros2proj/ComP_demo/ComP_demo_ws/install/comp_topic_rclcpp/local/lib/python3.10/dist-packages/comp_topic_rclcpp/msg
[3.937s] -- Up-to-date: /home/ros/ros2proj/ComP_demo/ComP_demo_ws/install/comp_topic_rclcpp/local/lib/python3.10/dist-packages/comp_topic_rclcpp/msg/_yolo_piece_s.c
[3.938s] -- Up-to-date: /home/ros/ros2proj/ComP_demo/ComP_demo_ws/install/comp_topic_rclcpp/local/lib/python3.10/dist-packages/comp_topic_rclcpp/msg/_lines_result_s.c
[3.938s] -- Up-to-date: /home/ros/ros2proj/ComP_demo/ComP_demo_ws/install/comp_topic_rclcpp/local/lib/python3.10/dist-packages/comp_topic_rclcpp/msg/_lines_result.py
[3.938s] -- Up-to-date: /home/ros/ros2proj/ComP_demo/ComP_demo_ws/install/comp_topic_rclcpp/local/lib/python3.10/dist-packages/comp_topic_rclcpp/msg/__init__.py
[3.938s] -- Up-to-date: /home/ros/ros2proj/ComP_demo/ComP_demo_ws/install/comp_topic_rclcpp/local/lib/python3.10/dist-packages/comp_topic_rclcpp/msg/_tracker_result.py
[3.938s] -- Up-to-date: /home/ros/ros2proj/ComP_demo/ComP_demo_ws/install/comp_topic_rclcpp/local/lib/python3.10/dist-packages/comp_topic_rclcpp/msg/_lane_result_s.c
[3.941s] -- Up-to-date: /home/ros/ros2proj/ComP_demo/ComP_demo_ws/install/comp_topic_rclcpp/local/lib/python3.10/dist-packages/comp_topic_rclcpp/msg/_point_detect_s.c
[3.942s] -- Up-to-date: /home/ros/ros2proj/ComP_demo/ComP_demo_ws/install/comp_topic_rclcpp/local/lib/python3.10/dist-packages/comp_topic_rclcpp/msg/_point_detect.py
[3.942s] -- Up-to-date: /home/ros/ros2proj/ComP_demo/ComP_demo_ws/install/comp_topic_rclcpp/local/lib/python3.10/dist-packages/comp_topic_rclcpp/msg/_yolo_piece.py
[3.943s] -- Up-to-date: /home/ros/ros2proj/ComP_demo/ComP_demo_ws/install/comp_topic_rclcpp/local/lib/python3.10/dist-packages/comp_topic_rclcpp/msg/_lane_result.py
[3.943s] -- Up-to-date: /home/ros/ros2proj/ComP_demo/ComP_demo_ws/install/comp_topic_rclcpp/local/lib/python3.10/dist-packages/comp_topic_rclcpp/msg/_tracker_result_s.c
[3.943s] -- Up-to-date: /home/ros/ros2proj/ComP_demo/ComP_demo_ws/install/comp_topic_rclcpp/local/lib/python3.10/dist-packages/comp_topic_rclcpp/msg/_yolo_result_s.c
[3.943s] -- Up-to-date: /home/ros/ros2proj/ComP_demo/ComP_demo_ws/install/comp_topic_rclcpp/local/lib/python3.10/dist-packages/comp_topic_rclcpp/msg/_yolo_result.py
[3.943s] -- Up-to-date: /home/ros/ros2proj/ComP_demo/ComP_demo_ws/install/comp_topic_rclcpp/local/lib/python3.10/dist-packages/comp_topic_rclcpp/_comp_topic_rclcpp_s.ep.rosidl_typesupport_introspection_c.c
[3.943s] -- Up-to-date: /home/ros/ros2proj/ComP_demo/ComP_demo_ws/install/comp_topic_rclcpp/local/lib/python3.10/dist-packages/comp_topic_rclcpp/comp_topic_rclcpp_s__rosidl_typesupport_introspection_c.cpython-310-x86_64-linux-gnu.so
[4.050s] Listing '/home/ros/ros2proj/ComP_demo/ComP_demo_ws/install/comp_topic_rclcpp/local/lib/python3.10/dist-packages/comp_topic_rclcpp'...
[4.050s] Listing '/home/ros/ros2proj/ComP_demo/ComP_demo_ws/install/comp_topic_rclcpp/local/lib/python3.10/dist-packages/comp_topic_rclcpp/msg'...
[4.067s] -- Up-to-date: /home/ros/ros2proj/ComP_demo/ComP_demo_ws/install/comp_topic_rclcpp/local/lib/python3.10/dist-packages/comp_topic_rclcpp/comp_topic_rclcpp_s__rosidl_typesupport_fastrtps_c.cpython-310-x86_64-linux-gnu.so
[4.075s] -- Up-to-date: /home/ros/ros2proj/ComP_demo/ComP_demo_ws/install/comp_topic_rclcpp/local/lib/python3.10/dist-packages/comp_topic_rclcpp/comp_topic_rclcpp_s__rosidl_typesupport_introspection_c.cpython-310-x86_64-linux-gnu.so
[4.075s] -- Up-to-date: /home/ros/ros2proj/ComP_demo/ComP_demo_ws/install/comp_topic_rclcpp/local/lib/python3.10/dist-packages/comp_topic_rclcpp/comp_topic_rclcpp_s__rosidl_typesupport_c.cpython-310-x86_64-linux-gnu.so
[4.075s] -- Up-to-date: /home/ros/ros2proj/ComP_demo/ComP_demo_ws/install/comp_topic_rclcpp/lib/libcomp_topic_rclcpp__rosidl_generator_py.so
[4.076s] -- Up-to-date: /home/ros/ros2proj/ComP_demo/ComP_demo_ws/install/comp_topic_rclcpp/share/comp_topic_rclcpp/msg/YoloPiece.idl
[4.076s] -- Up-to-date: /home/ros/ros2proj/ComP_demo/ComP_demo_ws/install/comp_topic_rclcpp/share/comp_topic_rclcpp/msg/YoloResult.idl
[4.084s] -- Up-to-date: /home/ros/ros2proj/ComP_demo/ComP_demo_ws/install/comp_topic_rclcpp/share/comp_topic_rclcpp/msg/TrackerResult.idl
[4.085s] -- Up-to-date: /home/ros/ros2proj/ComP_demo/ComP_demo_ws/install/comp_topic_rclcpp/share/comp_topic_rclcpp/msg/LaneResult.idl
[4.085s] -- Up-to-date: /home/ros/ros2proj/ComP_demo/ComP_demo_ws/install/comp_topic_rclcpp/share/comp_topic_rclcpp/msg/PointDetect.idl
[4.085s] -- Up-to-date: /home/ros/ros2proj/ComP_demo/ComP_demo_ws/install/comp_topic_rclcpp/share/comp_topic_rclcpp/msg/YoloPiece.msg
[4.085s] -- Up-to-date: /home/ros/ros2proj/ComP_demo/ComP_demo_ws/install/comp_topic_rclcpp/share/comp_topic_rclcpp/msg/YoloResult.msg
[4.086s] -- Up-to-date: /home/ros/ros2proj/ComP_demo/ComP_demo_ws/install/comp_topic_rclcpp/share/comp_topic_rclcpp/msg/TrackerResult.msg
[4.086s] -- Up-to-date: /home/ros/ros2proj/ComP_demo/ComP_demo_ws/install/comp_topic_rclcpp/share/comp_topic_rclcpp/msg/LaneResult.msg
[4.087s] -- Up-to-date: /home/ros/ros2proj/ComP_demo/ComP_demo_ws/install/comp_topic_rclcpp/share/comp_topic_rclcpp/msg/PointDetect.msg
[4.087s] -- Up-to-date: /home/ros/ros2proj/ComP_demo/ComP_demo_ws/install/comp_topic_rclcpp/lib/comp_topic_rclcpp/CameraTimer
[4.087s] -- Up-to-date: /home/ros/ros2proj/ComP_demo/ComP_demo_ws/install/comp_topic_rclcpp/lib/comp_topic_rclcpp/Final
[4.088s] -- Up-to-date: /home/ros/ros2proj/ComP_demo/ComP_demo_ws/install/comp_topic_rclcpp/lib/comp_topic_rclcpp/Tracker
[4.093s] -- Up-to-date: /home/ros/ros2proj/ComP_demo/ComP_demo_ws/install/comp_topic_rclcpp/lib/comp_topic_rclcpp/Lane
[4.093s] -- Up-to-date: /home/ros/ros2proj/ComP_demo/ComP_demo_ws/install/comp_topic_rclcpp/lib/comp_topic_rclcpp/Yolo
[4.095s] -- Up-to-date: /home/ros/ros2proj/ComP_demo/ComP_demo_ws/install/comp_topic_rclcpp/share/ament_index/resource_index/package_run_dependencies/comp_topic_rclcpp
[4.097s] -- Up-to-date: /home/ros/ros2proj/ComP_demo/ComP_demo_ws/install/comp_topic_rclcpp/share/ament_index/resource_index/parent_prefix_path/comp_topic_rclcpp
[4.098s] -- Up-to-date: /home/ros/ros2proj/ComP_demo/ComP_demo_ws/install/comp_topic_rclcpp/share/comp_topic_rclcpp/environment/ament_prefix_path.sh
[4.101s] -- Up-to-date: /home/ros/ros2proj/ComP_demo/ComP_demo_ws/install/comp_topic_rclcpp/share/comp_topic_rclcpp/environment/ament_prefix_path.dsv
[4.102s] -- Up-to-date: /home/ros/ros2proj/ComP_demo/ComP_demo_ws/install/comp_topic_rclcpp/share/comp_topic_rclcpp/environment/path.sh
[4.102s] -- Up-to-date: /home/ros/ros2proj/ComP_demo/ComP_demo_ws/install/comp_topic_rclcpp/share/comp_topic_rclcpp/environment/path.dsv
[4.102s] -- Up-to-date: /home/ros/ros2proj/ComP_demo/ComP_demo_ws/install/comp_topic_rclcpp/share/comp_topic_rclcpp/local_setup.bash
[4.108s] -- Up-to-date: /home/ros/ros2proj/ComP_demo/ComP_demo_ws/install/comp_topic_rclcpp/share/comp_topic_rclcpp/local_setup.sh
[4.110s] -- Up-to-date: /home/ros/ros2proj/ComP_demo/ComP_demo_ws/install/comp_topic_rclcpp/share/comp_topic_rclcpp/local_setup.zsh
[4.110s] -- Up-to-date: /home/ros/ros2proj/ComP_demo/ComP_demo_ws/install/comp_topic_rclcpp/share/comp_topic_rclcpp/local_setup.dsv
[4.110s] -- Installing: /home/ros/ros2proj/ComP_demo/ComP_demo_ws/install/comp_topic_rclcpp/share/comp_topic_rclcpp/package.dsv
[4.114s] -- Up-to-date: /home/ros/ros2proj/ComP_demo/ComP_demo_ws/install/comp_topic_rclcpp/share/ament_index/resource_index/packages/comp_topic_rclcpp
[4.118s] -- Up-to-date: /home/ros/ros2proj/ComP_demo/ComP_demo_ws/install/comp_topic_rclcpp/share/comp_topic_rclcpp/cmake/export_comp_topic_rclcpp__rosidl_generator_cExport.cmake
[4.119s] -- Up-to-date: /home/ros/ros2proj/ComP_demo/ComP_demo_ws/install/comp_topic_rclcpp/share/comp_topic_rclcpp/cmake/export_comp_topic_rclcpp__rosidl_generator_cExport-noconfig.cmake
[4.119s] -- Up-to-date: /home/ros/ros2proj/ComP_demo/ComP_demo_ws/install/comp_topic_rclcpp/share/comp_topic_rclcpp/cmake/export_comp_topic_rclcpp__rosidl_typesupport_fastrtps_cExport.cmake
[4.119s] -- Up-to-date: /home/ros/ros2proj/ComP_demo/ComP_demo_ws/install/comp_topic_rclcpp/share/comp_topic_rclcpp/cmake/export_comp_topic_rclcpp__rosidl_typesupport_fastrtps_cExport-noconfig.cmake
[4.123s] -- Up-to-date: /home/ros/ros2proj/ComP_demo/ComP_demo_ws/install/comp_topic_rclcpp/share/comp_topic_rclcpp/cmake/export_comp_topic_rclcpp__rosidl_generator_cppExport.cmake
[4.125s] -- Up-to-date: /home/ros/ros2proj/ComP_demo/ComP_demo_ws/install/comp_topic_rclcpp/share/comp_topic_rclcpp/cmake/export_comp_topic_rclcpp__rosidl_typesupport_fastrtps_cppExport.cmake
[4.128s] -- Up-to-date: /home/ros/ros2proj/ComP_demo/ComP_demo_ws/install/comp_topic_rclcpp/share/comp_topic_rclcpp/cmake/export_comp_topic_rclcpp__rosidl_typesupport_fastrtps_cppExport-noconfig.cmake
[4.130s] -- Up-to-date: /home/ros/ros2proj/ComP_demo/ComP_demo_ws/install/comp_topic_rclcpp/share/comp_topic_rclcpp/cmake/comp_topic_rclcpp__rosidl_typesupport_introspection_cExport.cmake
[4.135s] -- Up-to-date: /home/ros/ros2proj/ComP_demo/ComP_demo_ws/install/comp_topic_rclcpp/share/comp_topic_rclcpp/cmake/comp_topic_rclcpp__rosidl_typesupport_introspection_cExport-noconfig.cmake
[4.135s] -- Up-to-date: /home/ros/ros2proj/ComP_demo/ComP_demo_ws/install/comp_topic_rclcpp/share/comp_topic_rclcpp/cmake/comp_topic_rclcpp__rosidl_typesupport_cExport.cmake
[4.136s] -- Up-to-date: /home/ros/ros2proj/ComP_demo/ComP_demo_ws/install/comp_topic_rclcpp/share/comp_topic_rclcpp/cmake/comp_topic_rclcpp__rosidl_typesupport_cExport-noconfig.cmake
[4.136s] -- Up-to-date: /home/ros/ros2proj/ComP_demo/ComP_demo_ws/install/comp_topic_rclcpp/share/comp_topic_rclcpp/cmake/comp_topic_rclcpp__rosidl_typesupport_introspection_cppExport.cmake
[4.136s] -- Up-to-date: /home/ros/ros2proj/ComP_demo/ComP_demo_ws/install/comp_topic_rclcpp/share/comp_topic_rclcpp/cmake/comp_topic_rclcpp__rosidl_typesupport_introspection_cppExport-noconfig.cmake
[4.136s] -- Up-to-date: /home/ros/ros2proj/ComP_demo/ComP_demo_ws/install/comp_topic_rclcpp/share/comp_topic_rclcpp/cmake/comp_topic_rclcpp__rosidl_typesupport_cppExport.cmake
[4.136s] -- Up-to-date: /home/ros/ros2proj/ComP_demo/ComP_demo_ws/install/comp_topic_rclcpp/share/comp_topic_rclcpp/cmake/comp_topic_rclcpp__rosidl_typesupport_cppExport-noconfig.cmake
[4.136s] -- Up-to-date: /home/ros/ros2proj/ComP_demo/ComP_demo_ws/install/comp_topic_rclcpp/share/comp_topic_rclcpp/cmake/export_comp_topic_rclcpp__rosidl_generator_pyExport.cmake
[4.139s] -- Up-to-date: /home/ros/ros2proj/ComP_demo/ComP_demo_ws/install/comp_topic_rclcpp/share/comp_topic_rclcpp/cmake/export_comp_topic_rclcpp__rosidl_generator_pyExport-noconfig.cmake
[4.140s] -- Up-to-date: /home/ros/ros2proj/ComP_demo/ComP_demo_ws/install/comp_topic_rclcpp/share/comp_topic_rclcpp/cmake/rosidl_cmake-extras.cmake
[4.140s] -- Up-to-date: /home/ros/ros2proj/ComP_demo/ComP_demo_ws/install/comp_topic_rclcpp/share/comp_topic_rclcpp/cmake/ament_cmake_export_dependencies-extras.cmake
[4.140s] -- Up-to-date: /home/ros/ros2proj/ComP_demo/ComP_demo_ws/install/comp_topic_rclcpp/share/comp_topic_rclcpp/cmake/ament_cmake_export_include_directories-extras.cmake
[4.140s] -- Up-to-date: /home/ros/ros2proj/ComP_demo/ComP_demo_ws/install/comp_topic_rclcpp/share/comp_topic_rclcpp/cmake/ament_cmake_export_libraries-extras.cmake
[4.140s] -- Up-to-date: /home/ros/ros2proj/ComP_demo/ComP_demo_ws/install/comp_topic_rclcpp/share/comp_topic_rclcpp/cmake/ament_cmake_export_targets-extras.cmake
[4.143s] -- Up-to-date: /home/ros/ros2proj/ComP_demo/ComP_demo_ws/install/comp_topic_rclcpp/share/comp_topic_rclcpp/cmake/rosidl_cmake_export_typesupport_targets-extras.cmake
[4.143s] -- Up-to-date: /home/ros/ros2proj/ComP_demo/ComP_demo_ws/install/comp_topic_rclcpp/share/comp_topic_rclcpp/cmake/rosidl_cmake_export_typesupport_libraries-extras.cmake
[4.144s] -- Up-to-date: /home/ros/ros2proj/ComP_demo/ComP_demo_ws/install/comp_topic_rclcpp/share/comp_topic_rclcpp/cmake/comp_topic_rclcppConfig.cmake
[4.144s] -- Up-to-date: /home/ros/ros2proj/ComP_demo/ComP_demo_ws/install/comp_topic_rclcpp/share/comp_topic_rclcpp/cmake/comp_topic_rclcppConfig-version.cmake
[4.144s] -- Up-to-date: /home/ros/ros2proj/ComP_demo/ComP_demo_ws/install/comp_topic_rclcpp/share/comp_topic_rclcpp/package.xml
[4.155s] Invoked command in '/home/ros/ros2proj/ComP_demo/ComP_demo_ws/build/comp_topic_rclcpp' returned '0': CMAKE_PREFIX_PATH=/opt/ros/humble CONDA_PROMPT_MODIFIER=(ros2) /usr/bin/cmake --install /home/ros/ros2proj/ComP_demo/ComP_demo_ws/build/comp_topic_rclcpp
