-- Found ament_cmake: 1.3.9 (/opt/ros/humble/share/ament_cmake/cmake)
-- Found rclcpp: 16.0.9 (/opt/ros/humble/share/rclcpp/cmake)
-- Found rosidl_generator_c: 3.1.5 (/opt/ros/humble/share/rosidl_generator_c/cmake)
-- Found rosidl_adapter: 3.1.5 (/opt/ros/humble/share/rosidl_adapter/cmake)
-- Found rosidl_generator_cpp: 3.1.5 (/opt/ros/humble/share/rosidl_generator_cpp/cmake)
-- Using all available rosidl_typesupport_c: rosidl_typesupport_fastrtps_c;rosidl_typesupport_introspection_c
-- Using all available rosidl_typesupport_cpp: rosidl_typesupport_fastrtps_cpp;rosidl_typesupport_introspection_cpp
-- Found rmw_implementation_cmake: 6.1.2 (/opt/ros/humble/share/rmw_implementation_cmake/cmake)
-- Found rmw_fastrtps_cpp: 6.2.6 (/opt/ros/humble/share/rmw_fastrtps_cpp/cmake)
-- Using RMW implementation 'rmw_fastrtps_cpp' as default
-- Found sensor_msgs: 4.2.4 (/opt/ros/humble/share/sensor_msgs/cmake)
-- Found rosidl_default_generators: 1.2.0 (/opt/ros/humble/share/rosidl_default_generators/cmake)
-- Found ament_cmake_ros: 0.10.0 (/opt/ros/humble/share/ament_cmake_ros/cmake)
-- Using all available rosidl_typesupport_c: rosidl_typesupport_fastrtps_c;rosidl_typesupport_introspection_c
-- Using all available rosidl_typesupport_cpp: rosidl_typesupport_fastrtps_cpp;rosidl_typesupport_introspection_cpp
-- Found python_cmake_module: 0.10.0 (/opt/ros/humble/share/python_cmake_module/cmake)
-- Using PYTHON_EXECUTABLE: /usr/bin/python3
-- Using PYTHON_INCLUDE_DIRS: /usr/include/python3.10
-- Using PYTHON_LIBRARIES: /usr/lib/x86_64-linux-gnu/libpython3.10.so
-- Found ament_lint_auto: 0.12.11 (/opt/ros/humble/share/ament_lint_auto/cmake)
-- Added test 'cppcheck' to perform static code analysis on C / C++ code
-- Configured cppcheck include dirs: /home/ros/ros2proj/ComP_demo/ComP_demo_ws/src/comp_topic_rclcpp/include
-- Configured cppcheck exclude dirs and/or files: 
-- Added test 'lint_cmake' to check CMake code style
-- Added test 'uncrustify' to check C / C++ code style
-- Configured uncrustify additional arguments: 
-- Added test 'xmllint' to check XML markup files
-- Configuring done
-- Generating done
-- Build files have been written to: /home/ros/ros2proj/ComP_demo/ComP_demo_ws/build/comp_topic_rclcpp
[  1%] [34m[1mGenerating C code for ROS interfaces[0m
[  2%] [34m[1mGenerating C++ code for ROS interfaces[0m
[  2%] Built target comp_topic_rclcpp__cpp
[  2%] Built target ament_cmake_python_copy_comp_topic_rclcpp
[35m[1mConsolidate compiler generated dependencies of target CameraTimer[0m
[35m[1mConsolidate compiler generated dependencies of target comp_topic_rclcpp__rosidl_generator_c[0m
[  4%] [32mBuilding C object CMakeFiles/comp_topic_rclcpp__rosidl_generator_c.dir/rosidl_generator_c/comp_topic_rclcpp/msg/detail/yolo_piece__functions.c.o[0m
[  6%] Built target CameraTimer
[35m[1mConsolidate compiler generated dependencies of target Lane[0m
[  8%] [32mBuilding CXX object CMakeFiles/Lane.dir/src/Lane.cpp.o[0m
[  9%] [32mBuilding C object CMakeFiles/comp_topic_rclcpp__rosidl_generator_c.dir/rosidl_generator_c/comp_topic_rclcpp/msg/detail/yolo_result__functions.c.o[0m
[ 10%] [32mBuilding C object CMakeFiles/comp_topic_rclcpp__rosidl_generator_c.dir/rosidl_generator_c/comp_topic_rclcpp/msg/detail/tracker_result__functions.c.o[0m
[ 12%] [32mBuilding C object CMakeFiles/comp_topic_rclcpp__rosidl_generator_c.dir/rosidl_generator_c/comp_topic_rclcpp/msg/detail/lane_result__functions.c.o[0m
[ 13%] [32mBuilding C object CMakeFiles/comp_topic_rclcpp__rosidl_generator_c.dir/rosidl_generator_c/comp_topic_rclcpp/msg/detail/point_detect__functions.c.o[0m
[ 14%] [32m[1mLinking C shared library libcomp_topic_rclcpp__rosidl_generator_c.so[0m
[ 14%] Built target comp_topic_rclcpp__rosidl_generator_c
