2004.69
3522.38
2890.56
2093.03
1018.13
2641.18
4068.37
7250.58
4969.48
883.673
763.851
10051.9
3950.76
1885.87
602.335
7750.13
8142.92
7082.34
3201.01
986.271
1464.3
2093.98
2788.11
5945.03
8103.35
4387.13
306.309
3071.84
538.261
17029.9
3900.75
1413.78
2880.47
1356.04
496.439
420.181
704.733
1559.21
1826.06
470.144
2559.88
502.833
1740.43
575.306
4581.27
2827.58
2949.96
2472.49
1670.68
951.641
1163.72
3316.39
3727.62
3877.6
1904.8
2776.33
4462.23
4219.96
8353.66
5104.78
3201.97
1802.3
3831.02
344.498
4137.16
11286.8
1069.01
973.723
981.878
3084.76
1043.35
438.356
711.735
2241.59
334.083
520.516
2238.66
1873.54
17942.2
965.549
481.886
4881.53
3385.79
9394.1
3618.69
2030.35
999.636
2837.3
1371.84
514.431
3858.43
5301.01
2752.56
775.741
4119.62
659.025
3011.81
1495.33
3011.25
1005.84
3421.65
494.93
2291.38
679.8
583.885
5485.17
2709.78
2115.35
5347.22
3336.25
6484.13
3695.6
2827.7
835.065
5845.92
4870.54
8435.01
2148.56
6346.61
2819.51
5280.37
3754.56
6058.84
1004.38
3738.07
2722.33
4223.48
7237.45
3981.27
5063.06
2571.48
556.484
2813.95
5723.64
10106.5
614.665
3606.75
1385.59
3285.87
579.173
903.133
1066.61
2528.75
715.443
2278.34
2301.89
2885.94
3761.21
5340.45
4926.32
1168.24
5241.78
2846.26
1769.35
2145.75
3103.78
4288.78
2025.89
4396.79
3827.27
5149.78
6137.12
685.875
1729.28
5817.77
9157.32
2093.59
1144.99
5333.96
2773.39
4160.85
7283.93
880.794
1258.65
5532.95
1009.86
872.857
5440.35
8340.34
3586.83
3128.32
2474.7
1393.24
2412.73
706.663
