[0.048s] Invoking command in '/home/ros/ros2proj/ComP_demo/ComP_demo_ws/build/comp_topic_rclcpp': CMAKE_PREFIX_PATH=/opt/ros/humble CONDA_PROMPT_MODIFIER=(ros2) /usr/bin/cmake --build /home/ros/ros2proj/ComP_demo/ComP_demo_ws/build/comp_topic_rclcpp -- -j2 -l2
[0.362s] [  1%] Built target comp_topic_rclcpp__cpp
[0.475s] [ 10%] Built target comp_topic_rclcpp__rosidl_generator_c
[0.611s] [ 10%] Built target ament_cmake_python_copy_comp_topic_rclcpp
[0.692s] [35m[1mConsolidate compiler generated dependencies of target CameraTimer[0m
[0.770s] [ 12%] [32mBuilding CXX object CMakeFiles/CameraTimer.dir/src/CameraTimer.cpp.o[0m
[11.646s] In file included from [01m[K/opt/ros/humble/include/rclcpp/rclcpp/logging.hpp:24[m[K,
[11.646s]                  from [01m[K/opt/ros/humble/include/rclcpp/rclcpp/client.hpp:40[m[K,
[11.646s]                  from [01m[K/opt/ros/humble/include/rclcpp/rclcpp/callback_group.hpp:24[m[K,
[11.646s]                  from [01m[K/opt/ros/humble/include/rclcpp/rclcpp/any_executable.hpp:20[m[K,
[11.647s]                  from [01m[K/opt/ros/humble/include/rclcpp/rclcpp/memory_strategy.hpp:25[m[K,
[11.647s]                  from [01m[K/opt/ros/humble/include/rclcpp/rclcpp/memory_strategies.hpp:18[m[K,
[11.647s]                  from [01m[K/opt/ros/humble/include/rclcpp/rclcpp/executor_options.hpp:20[m[K,
[11.647s]                  from [01m[K/opt/ros/humble/include/rclcpp/rclcpp/executor.hpp:37[m[K,
[11.647s]                  from [01m[K/opt/ros/humble/include/rclcpp/rclcpp/executors/multi_threaded_executor.hpp:25[m[K,
[11.647s]                  from [01m[K/opt/ros/humble/include/rclcpp/rclcpp/executors.hpp:21[m[K,
[11.648s]                  from [01m[K/opt/ros/humble/include/rclcpp/rclcpp/rclcpp.hpp:155[m[K,
[11.648s]                  from [01m[K/home/ros/ros2proj/ComP_demo/ComP_demo_ws/src/comp_topic_rclcpp/src/CameraTimer.cpp:1[m[K:
[11.648s] [01m[K/home/ros/ros2proj/ComP_demo/ComP_demo_ws/src/comp_topic_rclcpp/src/CameraTimer.cpp:[m[K In constructor ‘[01m[KCameraTimer::CameraTimer(std::string)[m[K’:
[11.648s] [01m[K/home/ros/ros2proj/ComP_demo/ComP_demo_ws/src/comp_topic_rclcpp/src/CameraTimer.cpp:31:65:[m[K [01;31m[Kerror: [m[Kcannot convert ‘[01m[Kstd::__cxx11::basic_string<char>[m[K’ to ‘[01m[Kconst char*[m[K’
[11.648s]    31 |             RCLCPP_ERROR(this->get_logger(), [01;31m[K"无法加载图像文件" + data_path[m[K);
[11.649s]       |                                              [01;31m[K~~~~~~~~~~~~~~~~~~~^~~~~~~~~~~[m[K
[11.649s]       |                                                                 [01;31m[K|[m[K
[11.655s]       |                                                                 [01;31m[Kstd::__cxx11::basic_string<char>[m[K
[11.655s] In file included from [01m[K/opt/ros/humble/include/rmw/rmw/types.h:28[m[K,
[11.655s]                  from [01m[K/opt/ros/humble/include/rcl/rcl/types.h:20[m[K,
[11.656s]                  from [01m[K/opt/ros/humble/include/rcl/rcl/log_level.h:22[m[K,
[11.656s]                  from [01m[K/opt/ros/humble/include/rcl/rcl/arguments.h:21[m[K,
[11.656s]                  from [01m[K/opt/ros/humble/include/rcl/rcl/context.h:28[m[K,
[11.660s]                  from [01m[K/opt/ros/humble/include/rcl/rcl/guard_condition.h:26[m[K,
[11.661s]                  from [01m[K/opt/ros/humble/include/rclcpp/rclcpp/executor.hpp:30[m[K,
[11.661s]                  from [01m[K/opt/ros/humble/include/rclcpp/rclcpp/executors/multi_threaded_executor.hpp:25[m[K,
[11.661s]                  from [01m[K/opt/ros/humble/include/rclcpp/rclcpp/executors.hpp:21[m[K,
[11.661s]                  from [01m[K/opt/ros/humble/include/rclcpp/rclcpp/rclcpp.hpp:155[m[K,
[11.664s]                  from [01m[K/home/ros/ros2proj/ComP_demo/ComP_demo_ws/src/comp_topic_rclcpp/src/CameraTimer.cpp:1[m[K:
[11.664s] [01m[K/opt/ros/humble/include/rcutils/rcutils/logging.h:479:16:[m[K [01;36m[Knote: [m[K  initializing argument 4 of ‘[01m[Kvoid rcutils_log(const rcutils_log_location_t*, int, const char*, const char*, ...)[m[K’
[11.664s]   479 |   [01;36m[Kconst char * format[m[K,
[11.664s]       |   [01;36m[K~~~~~~~~~~~~~^~~~~~[m[K
[17.045s] gmake[2]: *** [CMakeFiles/CameraTimer.dir/build.make:76: CMakeFiles/CameraTimer.dir/src/CameraTimer.cpp.o] Error 1
[17.047s] gmake[1]: *** [CMakeFiles/Makefile2:600: CMakeFiles/CameraTimer.dir/all] Error 2
[17.049s] gmake: *** [Makefile:146: all] Error 2
[17.059s] Invoked command in '/home/ros/ros2proj/ComP_demo/ComP_demo_ws/build/comp_topic_rclcpp' returned '2': CMAKE_PREFIX_PATH=/opt/ros/humble CONDA_PROMPT_MODIFIER=(ros2) /usr/bin/cmake --build /home/ros/ros2proj/ComP_demo/ComP_demo_ws/build/comp_topic_rclcpp -- -j2 -l2
