[0.032s] Invoking command in '/home/ros/ros2proj/ComP_demo/ComP_demo_ws/build/comp_topic_rclcpp': CMAKE_PREFIX_PATH=/opt/ros/humble /usr/bin/cmake --build /home/ros/ros2proj/ComP_demo/ComP_demo_ws/build/comp_topic_rclcpp -- -j2 -l2
[0.261s] [  1%] Built target comp_topic_rclcpp__cpp
[0.280s] [ 10%] Built target comp_topic_rclcpp__rosidl_generator_c
[0.423s] [ 13%] Built target CameraTimer
[0.492s] [ 13%] Built target ament_cmake_python_copy_comp_topic_rclcpp
[0.593s] [ 22%] Built target comp_topic_rclcpp__rosidl_typesupport_cpp
[0.690s] [ 32%] Built target comp_topic_rclcpp__rosidl_typesupport_fastrtps_c
[0.723s] [ 41%] Built target comp_topic_rclcpp__rosidl_typesupport_fastrtps_cpp
[0.865s] [ 51%] Built target comp_topic_rclcpp__rosidl_typesupport_c
[0.869s] [ 60%] Built target comp_topic_rclcpp__rosidl_typesupport_introspection_c
[1.057s] [ 70%] Built target comp_topic_rclcpp__rosidl_typesupport_introspection_cpp
[1.274s] [ 72%] Built target Final
[1.422s] [ 75%] Built target Tracker
[1.507s] [35m[1mConsolidate compiler generated dependencies of target Lane[0m
[1.638s] [ 79%] Built target Lane
[1.785s] [ 81%] [32mBuilding CXX object CMakeFiles/Yolo.dir/src/Yolo.cpp.o[0m
[2.148s] running egg_info
[2.152s] writing comp_topic_rclcpp.egg-info/PKG-INFO
[2.155s] writing dependency_links to comp_topic_rclcpp.egg-info/dependency_links.txt
[2.156s] writing top-level names to comp_topic_rclcpp.egg-info/top_level.txt
[2.172s] reading manifest file 'comp_topic_rclcpp.egg-info/SOURCES.txt'
[2.175s] writing manifest file 'comp_topic_rclcpp.egg-info/SOURCES.txt'
[2.311s] [ 81%] Built target ament_cmake_python_build_comp_topic_rclcpp_egg
[2.427s] [ 81%] Built target comp_topic_rclcpp
[2.582s] [ 82%] Built target comp_topic_rclcpp__py
[2.720s] [ 90%] Built target comp_topic_rclcpp__rosidl_generator_py
[2.826s] [ 93%] Built target comp_topic_rclcpp__rosidl_typesupport_fastrtps_c__pyext
[2.951s] [ 95%] Built target comp_topic_rclcpp__rosidl_typesupport_introspection_c__pyext
[3.101s] [ 98%] Built target comp_topic_rclcpp__rosidl_typesupport_c__pyext
[40.178s] [100%] [32m[1mLinking CXX executable Yolo[0m
[42.018s] [100%] Built target Yolo
[42.053s] Invoked command in '/home/ros/ros2proj/ComP_demo/ComP_demo_ws/build/comp_topic_rclcpp' returned '0': CMAKE_PREFIX_PATH=/opt/ros/humble /usr/bin/cmake --build /home/ros/ros2proj/ComP_demo/ComP_demo_ws/build/comp_topic_rclcpp -- -j2 -l2
[42.620s] Invoking command in '/home/ros/ros2proj/ComP_demo/ComP_demo_ws/build/comp_topic_rclcpp': CMAKE_PREFIX_PATH=/opt/ros/humble /usr/bin/cmake --install /home/ros/ros2proj/ComP_demo/ComP_demo_ws/build/comp_topic_rclcpp
[42.643s] -- Install configuration: ""
[42.644s] -- Up-to-date: /home/ros/ros2proj/ComP_demo/ComP_demo_ws/install/comp_topic_rclcpp/share/ament_index/resource_index/rosidl_interfaces/comp_topic_rclcpp
[42.644s] -- Up-to-date: /home/ros/ros2proj/ComP_demo/ComP_demo_ws/install/comp_topic_rclcpp/include/comp_topic_rclcpp/comp_topic_rclcpp
[42.647s] -- Up-to-date: /home/ros/ros2proj/ComP_demo/ComP_demo_ws/install/comp_topic_rclcpp/include/comp_topic_rclcpp/comp_topic_rclcpp/msg
[42.648s] -- Up-to-date: /home/ros/ros2proj/ComP_demo/ComP_demo_ws/install/comp_topic_rclcpp/include/comp_topic_rclcpp/comp_topic_rclcpp/msg/point_detect.h
[42.648s] -- Up-to-date: /home/ros/ros2proj/ComP_demo/ComP_demo_ws/install/comp_topic_rclcpp/include/comp_topic_rclcpp/comp_topic_rclcpp/msg/rosidl_generator_c__visibility_control.h
[42.648s] -- Up-to-date: /home/ros/ros2proj/ComP_demo/ComP_demo_ws/install/comp_topic_rclcpp/include/comp_topic_rclcpp/comp_topic_rclcpp/msg/detail
[42.654s] -- Up-to-date: /home/ros/ros2proj/ComP_demo/ComP_demo_ws/install/comp_topic_rclcpp/include/comp_topic_rclcpp/comp_topic_rclcpp/msg/detail/lines_result__struct.h
[42.654s] -- Up-to-date: /home/ros/ros2proj/ComP_demo/ComP_demo_ws/install/comp_topic_rclcpp/include/comp_topic_rclcpp/comp_topic_rclcpp/msg/detail/yolo_piece__functions.c
[42.659s] -- Up-to-date: /home/ros/ros2proj/ComP_demo/ComP_demo_ws/install/comp_topic_rclcpp/include/comp_topic_rclcpp/comp_topic_rclcpp/msg/detail/point_detect__functions.h
[42.660s] -- Up-to-date: /home/ros/ros2proj/ComP_demo/ComP_demo_ws/install/comp_topic_rclcpp/include/comp_topic_rclcpp/comp_topic_rclcpp/msg/detail/lines_result__type_support.h
[42.661s] -- Up-to-date: /home/ros/ros2proj/ComP_demo/ComP_demo_ws/install/comp_topic_rclcpp/include/comp_topic_rclcpp/comp_topic_rclcpp/msg/detail/yolo_piece__struct.h
[42.661s] -- Up-to-date: /home/ros/ros2proj/ComP_demo/ComP_demo_ws/install/comp_topic_rclcpp/include/comp_topic_rclcpp/comp_topic_rclcpp/msg/detail/lines_result__functions.c
[42.661s] -- Up-to-date: /home/ros/ros2proj/ComP_demo/ComP_demo_ws/install/comp_topic_rclcpp/include/comp_topic_rclcpp/comp_topic_rclcpp/msg/detail/yolo_piece__type_support.h
[42.668s] -- Up-to-date: /home/ros/ros2proj/ComP_demo/ComP_demo_ws/install/comp_topic_rclcpp/include/comp_topic_rclcpp/comp_topic_rclcpp/msg/detail/lane_result__functions.h
[42.673s] -- Up-to-date: /home/ros/ros2proj/ComP_demo/ComP_demo_ws/install/comp_topic_rclcpp/include/comp_topic_rclcpp/comp_topic_rclcpp/msg/detail/lines_result__functions.h
[42.675s] -- Up-to-date: /home/ros/ros2proj/ComP_demo/ComP_demo_ws/install/comp_topic_rclcpp/include/comp_topic_rclcpp/comp_topic_rclcpp/msg/detail/point_detect__struct.h
[42.677s] -- Up-to-date: /home/ros/ros2proj/ComP_demo/ComP_demo_ws/install/comp_topic_rclcpp/include/comp_topic_rclcpp/comp_topic_rclcpp/msg/detail/yolo_result__functions.h
[42.678s] -- Up-to-date: /home/ros/ros2proj/ComP_demo/ComP_demo_ws/install/comp_topic_rclcpp/include/comp_topic_rclcpp/comp_topic_rclcpp/msg/detail/yolo_result__functions.c
[42.679s] -- Up-to-date: /home/ros/ros2proj/ComP_demo/ComP_demo_ws/install/comp_topic_rclcpp/include/comp_topic_rclcpp/comp_topic_rclcpp/msg/detail/tracker_result__type_support.h
[42.679s] -- Up-to-date: /home/ros/ros2proj/ComP_demo/ComP_demo_ws/install/comp_topic_rclcpp/include/comp_topic_rclcpp/comp_topic_rclcpp/msg/detail/lane_result__type_support.h
[42.679s] -- Up-to-date: /home/ros/ros2proj/ComP_demo/ComP_demo_ws/install/comp_topic_rclcpp/include/comp_topic_rclcpp/comp_topic_rclcpp/msg/detail/yolo_result__type_support.h
[42.679s] -- Up-to-date: /home/ros/ros2proj/ComP_demo/ComP_demo_ws/install/comp_topic_rclcpp/include/comp_topic_rclcpp/comp_topic_rclcpp/msg/detail/lane_result__functions.c
[42.679s] -- Up-to-date: /home/ros/ros2proj/ComP_demo/ComP_demo_ws/install/comp_topic_rclcpp/include/comp_topic_rclcpp/comp_topic_rclcpp/msg/detail/tracker_result__struct.h
[42.679s] -- Up-to-date: /home/ros/ros2proj/ComP_demo/ComP_demo_ws/install/comp_topic_rclcpp/include/comp_topic_rclcpp/comp_topic_rclcpp/msg/detail/tracker_result__functions.c
[42.679s] -- Up-to-date: /home/ros/ros2proj/ComP_demo/ComP_demo_ws/install/comp_topic_rclcpp/include/comp_topic_rclcpp/comp_topic_rclcpp/msg/detail/tracker_result__functions.h
[42.685s] -- Up-to-date: /home/ros/ros2proj/ComP_demo/ComP_demo_ws/install/comp_topic_rclcpp/include/comp_topic_rclcpp/comp_topic_rclcpp/msg/detail/yolo_piece__functions.h
[42.686s] -- Up-to-date: /home/ros/ros2proj/ComP_demo/ComP_demo_ws/install/comp_topic_rclcpp/include/comp_topic_rclcpp/comp_topic_rclcpp/msg/detail/lane_result__struct.h
[42.686s] -- Up-to-date: /home/ros/ros2proj/ComP_demo/ComP_demo_ws/install/comp_topic_rclcpp/include/comp_topic_rclcpp/comp_topic_rclcpp/msg/detail/point_detect__type_support.h
[42.686s] -- Up-to-date: /home/ros/ros2proj/ComP_demo/ComP_demo_ws/install/comp_topic_rclcpp/include/comp_topic_rclcpp/comp_topic_rclcpp/msg/detail/yolo_result__struct.h
[42.687s] -- Up-to-date: /home/ros/ros2proj/ComP_demo/ComP_demo_ws/install/comp_topic_rclcpp/include/comp_topic_rclcpp/comp_topic_rclcpp/msg/detail/point_detect__functions.c
[42.687s] -- Up-to-date: /home/ros/ros2proj/ComP_demo/ComP_demo_ws/install/comp_topic_rclcpp/include/comp_topic_rclcpp/comp_topic_rclcpp/msg/yolo_result.h
[42.687s] -- Up-to-date: /home/ros/ros2proj/ComP_demo/ComP_demo_ws/install/comp_topic_rclcpp/include/comp_topic_rclcpp/comp_topic_rclcpp/msg/lane_result.h
[42.687s] -- Up-to-date: /home/ros/ros2proj/ComP_demo/ComP_demo_ws/install/comp_topic_rclcpp/include/comp_topic_rclcpp/comp_topic_rclcpp/msg/lines_result.h
[42.687s] -- Up-to-date: /home/ros/ros2proj/ComP_demo/ComP_demo_ws/install/comp_topic_rclcpp/include/comp_topic_rclcpp/comp_topic_rclcpp/msg/yolo_piece.h
[42.688s] -- Up-to-date: /home/ros/ros2proj/ComP_demo/ComP_demo_ws/install/comp_topic_rclcpp/include/comp_topic_rclcpp/comp_topic_rclcpp/msg/tracker_result.h
[42.688s] -- Up-to-date: /home/ros/ros2proj/ComP_demo/ComP_demo_ws/install/comp_topic_rclcpp/share/comp_topic_rclcpp/environment/library_path.sh
[42.697s] -- Up-to-date: /home/ros/ros2proj/ComP_demo/ComP_demo_ws/install/comp_topic_rclcpp/share/comp_topic_rclcpp/environment/library_path.dsv
[42.698s] -- Up-to-date: /home/ros/ros2proj/ComP_demo/ComP_demo_ws/install/comp_topic_rclcpp/lib/libcomp_topic_rclcpp__rosidl_generator_c.so
[42.698s] -- Up-to-date: /home/ros/ros2proj/ComP_demo/ComP_demo_ws/install/comp_topic_rclcpp/include/comp_topic_rclcpp/comp_topic_rclcpp
[42.698s] -- Up-to-date: /home/ros/ros2proj/ComP_demo/ComP_demo_ws/install/comp_topic_rclcpp/include/comp_topic_rclcpp/comp_topic_rclcpp/msg
[42.698s] -- Up-to-date: /home/ros/ros2proj/ComP_demo/ComP_demo_ws/install/comp_topic_rclcpp/include/comp_topic_rclcpp/comp_topic_rclcpp/msg/detail
[42.698s] -- Up-to-date: /home/ros/ros2proj/ComP_demo/ComP_demo_ws/install/comp_topic_rclcpp/include/comp_topic_rclcpp/comp_topic_rclcpp/msg/detail/lane_result__rosidl_typesupport_fastrtps_c.h
[42.699s] -- Up-to-date: /home/ros/ros2proj/ComP_demo/ComP_demo_ws/install/comp_topic_rclcpp/include/comp_topic_rclcpp/comp_topic_rclcpp/msg/detail/lines_result__rosidl_typesupport_fastrtps_c.h
[42.699s] -- Up-to-date: /home/ros/ros2proj/ComP_demo/ComP_demo_ws/install/comp_topic_rclcpp/include/comp_topic_rclcpp/comp_topic_rclcpp/msg/detail/point_detect__rosidl_typesupport_fastrtps_c.h
[42.699s] -- Up-to-date: /home/ros/ros2proj/ComP_demo/ComP_demo_ws/install/comp_topic_rclcpp/include/comp_topic_rclcpp/comp_topic_rclcpp/msg/detail/yolo_result__rosidl_typesupport_fastrtps_c.h
[42.699s] -- Up-to-date: /home/ros/ros2proj/ComP_demo/ComP_demo_ws/install/comp_topic_rclcpp/include/comp_topic_rclcpp/comp_topic_rclcpp/msg/detail/yolo_piece__rosidl_typesupport_fastrtps_c.h
[42.699s] -- Up-to-date: /home/ros/ros2proj/ComP_demo/ComP_demo_ws/install/comp_topic_rclcpp/include/comp_topic_rclcpp/comp_topic_rclcpp/msg/detail/tracker_result__rosidl_typesupport_fastrtps_c.h
[42.699s] -- Up-to-date: /home/ros/ros2proj/ComP_demo/ComP_demo_ws/install/comp_topic_rclcpp/include/comp_topic_rclcpp/comp_topic_rclcpp/msg/rosidl_typesupport_fastrtps_c__visibility_control.h
[42.700s] -- Up-to-date: /home/ros/ros2proj/ComP_demo/ComP_demo_ws/install/comp_topic_rclcpp/lib/libcomp_topic_rclcpp__rosidl_typesupport_fastrtps_c.so
[42.700s] -- Up-to-date: /home/ros/ros2proj/ComP_demo/ComP_demo_ws/install/comp_topic_rclcpp/include/comp_topic_rclcpp/comp_topic_rclcpp
[42.700s] -- Up-to-date: /home/ros/ros2proj/ComP_demo/ComP_demo_ws/install/comp_topic_rclcpp/include/comp_topic_rclcpp/comp_topic_rclcpp/msg
[42.700s] -- Up-to-date: /home/ros/ros2proj/ComP_demo/ComP_demo_ws/install/comp_topic_rclcpp/include/comp_topic_rclcpp/comp_topic_rclcpp/msg/tracker_result.hpp
[42.700s] -- Up-to-date: /home/ros/ros2proj/ComP_demo/ComP_demo_ws/install/comp_topic_rclcpp/include/comp_topic_rclcpp/comp_topic_rclcpp/msg/detail
[42.701s] -- Up-to-date: /home/ros/ros2proj/ComP_demo/ComP_demo_ws/install/comp_topic_rclcpp/include/comp_topic_rclcpp/comp_topic_rclcpp/msg/detail/tracker_result__builder.hpp
[42.701s] -- Up-to-date: /home/ros/ros2proj/ComP_demo/ComP_demo_ws/install/comp_topic_rclcpp/include/comp_topic_rclcpp/comp_topic_rclcpp/msg/detail/yolo_result__struct.hpp
[42.726s] -- Up-to-date: /home/ros/ros2proj/ComP_demo/ComP_demo_ws/install/comp_topic_rclcpp/include/comp_topic_rclcpp/comp_topic_rclcpp/msg/detail/lane_result__traits.hpp
[42.727s] -- Up-to-date: /home/ros/ros2proj/ComP_demo/ComP_demo_ws/install/comp_topic_rclcpp/include/comp_topic_rclcpp/comp_topic_rclcpp/msg/detail/tracker_result__struct.hpp
[42.727s] -- Up-to-date: /home/ros/ros2proj/ComP_demo/ComP_demo_ws/install/comp_topic_rclcpp/include/comp_topic_rclcpp/comp_topic_rclcpp/msg/detail/yolo_result__traits.hpp
[42.727s] -- Up-to-date: /home/ros/ros2proj/ComP_demo/ComP_demo_ws/install/comp_topic_rclcpp/include/comp_topic_rclcpp/comp_topic_rclcpp/msg/detail/point_detect__builder.hpp
[42.728s] -- Up-to-date: /home/ros/ros2proj/ComP_demo/ComP_demo_ws/install/comp_topic_rclcpp/include/comp_topic_rclcpp/comp_topic_rclcpp/msg/detail/point_detect__struct.hpp
[42.728s] -- Up-to-date: /home/ros/ros2proj/ComP_demo/ComP_demo_ws/install/comp_topic_rclcpp/include/comp_topic_rclcpp/comp_topic_rclcpp/msg/detail/lines_result__struct.hpp
[42.728s] -- Up-to-date: /home/ros/ros2proj/ComP_demo/ComP_demo_ws/install/comp_topic_rclcpp/include/comp_topic_rclcpp/comp_topic_rclcpp/msg/detail/tracker_result__traits.hpp
[42.728s] -- Up-to-date: /home/ros/ros2proj/ComP_demo/ComP_demo_ws/install/comp_topic_rclcpp/include/comp_topic_rclcpp/comp_topic_rclcpp/msg/detail/point_detect__traits.hpp
[42.728s] -- Up-to-date: /home/ros/ros2proj/ComP_demo/ComP_demo_ws/install/comp_topic_rclcpp/include/comp_topic_rclcpp/comp_topic_rclcpp/msg/detail/yolo_piece__builder.hpp
[42.729s] -- Up-to-date: /home/ros/ros2proj/ComP_demo/ComP_demo_ws/install/comp_topic_rclcpp/include/comp_topic_rclcpp/comp_topic_rclcpp/msg/detail/lines_result__traits.hpp
[42.729s] -- Up-to-date: /home/ros/ros2proj/ComP_demo/ComP_demo_ws/install/comp_topic_rclcpp/include/comp_topic_rclcpp/comp_topic_rclcpp/msg/detail/yolo_result__builder.hpp
[42.729s] -- Up-to-date: /home/ros/ros2proj/ComP_demo/ComP_demo_ws/install/comp_topic_rclcpp/include/comp_topic_rclcpp/comp_topic_rclcpp/msg/detail/lane_result__struct.hpp
[42.729s] -- Up-to-date: /home/ros/ros2proj/ComP_demo/ComP_demo_ws/install/comp_topic_rclcpp/include/comp_topic_rclcpp/comp_topic_rclcpp/msg/detail/yolo_piece__struct.hpp
[42.729s] -- Up-to-date: /home/ros/ros2proj/ComP_demo/ComP_demo_ws/install/comp_topic_rclcpp/include/comp_topic_rclcpp/comp_topic_rclcpp/msg/detail/lines_result__builder.hpp
[42.730s] -- Up-to-date: /home/ros/ros2proj/ComP_demo/ComP_demo_ws/install/comp_topic_rclcpp/include/comp_topic_rclcpp/comp_topic_rclcpp/msg/detail/yolo_piece__traits.hpp
[42.730s] -- Up-to-date: /home/ros/ros2proj/ComP_demo/ComP_demo_ws/install/comp_topic_rclcpp/include/comp_topic_rclcpp/comp_topic_rclcpp/msg/detail/lane_result__builder.hpp
[42.730s] -- Up-to-date: /home/ros/ros2proj/ComP_demo/ComP_demo_ws/install/comp_topic_rclcpp/include/comp_topic_rclcpp/comp_topic_rclcpp/msg/lines_result.hpp
[42.730s] -- Up-to-date: /home/ros/ros2proj/ComP_demo/ComP_demo_ws/install/comp_topic_rclcpp/include/comp_topic_rclcpp/comp_topic_rclcpp/msg/yolo_result.hpp
[42.730s] -- Up-to-date: /home/ros/ros2proj/ComP_demo/ComP_demo_ws/install/comp_topic_rclcpp/include/comp_topic_rclcpp/comp_topic_rclcpp/msg/yolo_piece.hpp
[42.731s] -- Up-to-date: /home/ros/ros2proj/ComP_demo/ComP_demo_ws/install/comp_topic_rclcpp/include/comp_topic_rclcpp/comp_topic_rclcpp/msg/lane_result.hpp
[42.731s] -- Up-to-date: /home/ros/ros2proj/ComP_demo/ComP_demo_ws/install/comp_topic_rclcpp/include/comp_topic_rclcpp/comp_topic_rclcpp/msg/point_detect.hpp
[42.731s] -- Up-to-date: /home/ros/ros2proj/ComP_demo/ComP_demo_ws/install/comp_topic_rclcpp/include/comp_topic_rclcpp/comp_topic_rclcpp
[42.731s] -- Up-to-date: /home/ros/ros2proj/ComP_demo/ComP_demo_ws/install/comp_topic_rclcpp/include/comp_topic_rclcpp/comp_topic_rclcpp/msg
[42.731s] -- Up-to-date: /home/ros/ros2proj/ComP_demo/ComP_demo_ws/install/comp_topic_rclcpp/include/comp_topic_rclcpp/comp_topic_rclcpp/msg/detail
[42.731s] -- Up-to-date: /home/ros/ros2proj/ComP_demo/ComP_demo_ws/install/comp_topic_rclcpp/include/comp_topic_rclcpp/comp_topic_rclcpp/msg/detail/lines_result__rosidl_typesupport_fastrtps_cpp.hpp
[42.732s] -- Up-to-date: /home/ros/ros2proj/ComP_demo/ComP_demo_ws/install/comp_topic_rclcpp/include/comp_topic_rclcpp/comp_topic_rclcpp/msg/detail/tracker_result__rosidl_typesupport_fastrtps_cpp.hpp
[42.732s] -- Up-to-date: /home/ros/ros2proj/ComP_demo/ComP_demo_ws/install/comp_topic_rclcpp/include/comp_topic_rclcpp/comp_topic_rclcpp/msg/detail/dds_fastrtps
[42.732s] -- Up-to-date: /home/ros/ros2proj/ComP_demo/ComP_demo_ws/install/comp_topic_rclcpp/include/comp_topic_rclcpp/comp_topic_rclcpp/msg/detail/point_detect__rosidl_typesupport_fastrtps_cpp.hpp
[42.732s] -- Up-to-date: /home/ros/ros2proj/ComP_demo/ComP_demo_ws/install/comp_topic_rclcpp/include/comp_topic_rclcpp/comp_topic_rclcpp/msg/detail/yolo_piece__rosidl_typesupport_fastrtps_cpp.hpp
[42.732s] -- Up-to-date: /home/ros/ros2proj/ComP_demo/ComP_demo_ws/install/comp_topic_rclcpp/include/comp_topic_rclcpp/comp_topic_rclcpp/msg/detail/lane_result__rosidl_typesupport_fastrtps_cpp.hpp
[42.733s] -- Up-to-date: /home/ros/ros2proj/ComP_demo/ComP_demo_ws/install/comp_topic_rclcpp/include/comp_topic_rclcpp/comp_topic_rclcpp/msg/detail/yolo_result__rosidl_typesupport_fastrtps_cpp.hpp
[42.733s] -- Up-to-date: /home/ros/ros2proj/ComP_demo/ComP_demo_ws/install/comp_topic_rclcpp/include/comp_topic_rclcpp/comp_topic_rclcpp/msg/rosidl_typesupport_fastrtps_cpp__visibility_control.h
[42.733s] -- Up-to-date: /home/ros/ros2proj/ComP_demo/ComP_demo_ws/install/comp_topic_rclcpp/lib/libcomp_topic_rclcpp__rosidl_typesupport_fastrtps_cpp.so
[42.733s] -- Up-to-date: /home/ros/ros2proj/ComP_demo/ComP_demo_ws/install/comp_topic_rclcpp/include/comp_topic_rclcpp/comp_topic_rclcpp
[42.733s] -- Up-to-date: /home/ros/ros2proj/ComP_demo/ComP_demo_ws/install/comp_topic_rclcpp/include/comp_topic_rclcpp/comp_topic_rclcpp/msg
[42.733s] -- Up-to-date: /home/ros/ros2proj/ComP_demo/ComP_demo_ws/install/comp_topic_rclcpp/include/comp_topic_rclcpp/comp_topic_rclcpp/msg/detail
[42.734s] -- Up-to-date: /home/ros/ros2proj/ComP_demo/ComP_demo_ws/install/comp_topic_rclcpp/include/comp_topic_rclcpp/comp_topic_rclcpp/msg/detail/yolo_piece__type_support.c
[42.734s] -- Up-to-date: /home/ros/ros2proj/ComP_demo/ComP_demo_ws/install/comp_topic_rclcpp/include/comp_topic_rclcpp/comp_topic_rclcpp/msg/detail/lines_result__rosidl_typesupport_introspection_c.h
[42.734s] -- Up-to-date: /home/ros/ros2proj/ComP_demo/ComP_demo_ws/install/comp_topic_rclcpp/include/comp_topic_rclcpp/comp_topic_rclcpp/msg/detail/yolo_piece__rosidl_typesupport_introspection_c.h
[42.734s] -- Up-to-date: /home/ros/ros2proj/ComP_demo/ComP_demo_ws/install/comp_topic_rclcpp/include/comp_topic_rclcpp/comp_topic_rclcpp/msg/detail/tracker_result__rosidl_typesupport_introspection_c.h
[42.734s] -- Up-to-date: /home/ros/ros2proj/ComP_demo/ComP_demo_ws/install/comp_topic_rclcpp/include/comp_topic_rclcpp/comp_topic_rclcpp/msg/detail/point_detect__type_support.c
[42.735s] -- Up-to-date: /home/ros/ros2proj/ComP_demo/ComP_demo_ws/install/comp_topic_rclcpp/include/comp_topic_rclcpp/comp_topic_rclcpp/msg/detail/lane_result__type_support.c
[42.735s] -- Up-to-date: /home/ros/ros2proj/ComP_demo/ComP_demo_ws/install/comp_topic_rclcpp/include/comp_topic_rclcpp/comp_topic_rclcpp/msg/detail/tracker_result__type_support.c
[42.735s] -- Up-to-date: /home/ros/ros2proj/ComP_demo/ComP_demo_ws/install/comp_topic_rclcpp/include/comp_topic_rclcpp/comp_topic_rclcpp/msg/detail/lines_result__type_support.c
[42.735s] -- Up-to-date: /home/ros/ros2proj/ComP_demo/ComP_demo_ws/install/comp_topic_rclcpp/include/comp_topic_rclcpp/comp_topic_rclcpp/msg/detail/point_detect__rosidl_typesupport_introspection_c.h
[42.735s] -- Up-to-date: /home/ros/ros2proj/ComP_demo/ComP_demo_ws/install/comp_topic_rclcpp/include/comp_topic_rclcpp/comp_topic_rclcpp/msg/detail/yolo_result__type_support.c
[42.735s] -- Up-to-date: /home/ros/ros2proj/ComP_demo/ComP_demo_ws/install/comp_topic_rclcpp/include/comp_topic_rclcpp/comp_topic_rclcpp/msg/detail/yolo_result__rosidl_typesupport_introspection_c.h
[42.735s] -- Up-to-date: /home/ros/ros2proj/ComP_demo/ComP_demo_ws/install/comp_topic_rclcpp/include/comp_topic_rclcpp/comp_topic_rclcpp/msg/detail/lane_result__rosidl_typesupport_introspection_c.h
[42.736s] -- Up-to-date: /home/ros/ros2proj/ComP_demo/ComP_demo_ws/install/comp_topic_rclcpp/include/comp_topic_rclcpp/comp_topic_rclcpp/msg/rosidl_typesupport_introspection_c__visibility_control.h
[42.736s] -- Up-to-date: /home/ros/ros2proj/ComP_demo/ComP_demo_ws/install/comp_topic_rclcpp/lib/libcomp_topic_rclcpp__rosidl_typesupport_introspection_c.so
[42.736s] -- Up-to-date: /home/ros/ros2proj/ComP_demo/ComP_demo_ws/install/comp_topic_rclcpp/lib/libcomp_topic_rclcpp__rosidl_typesupport_c.so
[42.736s] -- Up-to-date: /home/ros/ros2proj/ComP_demo/ComP_demo_ws/install/comp_topic_rclcpp/include/comp_topic_rclcpp/comp_topic_rclcpp
[42.736s] -- Up-to-date: /home/ros/ros2proj/ComP_demo/ComP_demo_ws/install/comp_topic_rclcpp/include/comp_topic_rclcpp/comp_topic_rclcpp/msg
[42.737s] -- Up-to-date: /home/ros/ros2proj/ComP_demo/ComP_demo_ws/install/comp_topic_rclcpp/include/comp_topic_rclcpp/comp_topic_rclcpp/msg/detail
[42.741s] -- Up-to-date: /home/ros/ros2proj/ComP_demo/ComP_demo_ws/install/comp_topic_rclcpp/include/comp_topic_rclcpp/comp_topic_rclcpp/msg/detail/lane_result__rosidl_typesupport_introspection_cpp.hpp
[42.742s] -- Up-to-date: /home/ros/ros2proj/ComP_demo/ComP_demo_ws/install/comp_topic_rclcpp/include/comp_topic_rclcpp/comp_topic_rclcpp/msg/detail/yolo_result__type_support.cpp
[42.742s] -- Up-to-date: /home/ros/ros2proj/ComP_demo/ComP_demo_ws/install/comp_topic_rclcpp/include/comp_topic_rclcpp/comp_topic_rclcpp/msg/detail/yolo_result__rosidl_typesupport_introspection_cpp.hpp
[42.742s] -- Up-to-date: /home/ros/ros2proj/ComP_demo/ComP_demo_ws/install/comp_topic_rclcpp/include/comp_topic_rclcpp/comp_topic_rclcpp/msg/detail/yolo_piece__type_support.cpp
[42.743s] -- Up-to-date: /home/ros/ros2proj/ComP_demo/ComP_demo_ws/install/comp_topic_rclcpp/include/comp_topic_rclcpp/comp_topic_rclcpp/msg/detail/point_detect__rosidl_typesupport_introspection_cpp.hpp
[42.743s] -- Up-to-date: /home/ros/ros2proj/ComP_demo/ComP_demo_ws/install/comp_topic_rclcpp/include/comp_topic_rclcpp/comp_topic_rclcpp/msg/detail/yolo_piece__rosidl_typesupport_introspection_cpp.hpp
[42.743s] -- Up-to-date: /home/ros/ros2proj/ComP_demo/ComP_demo_ws/install/comp_topic_rclcpp/include/comp_topic_rclcpp/comp_topic_rclcpp/msg/detail/lines_result__rosidl_typesupport_introspection_cpp.hpp
[42.743s] -- Up-to-date: /home/ros/ros2proj/ComP_demo/ComP_demo_ws/install/comp_topic_rclcpp/include/comp_topic_rclcpp/comp_topic_rclcpp/msg/detail/lane_result__type_support.cpp
[42.743s] -- Up-to-date: /home/ros/ros2proj/ComP_demo/ComP_demo_ws/install/comp_topic_rclcpp/include/comp_topic_rclcpp/comp_topic_rclcpp/msg/detail/tracker_result__rosidl_typesupport_introspection_cpp.hpp
[42.744s] -- Up-to-date: /home/ros/ros2proj/ComP_demo/ComP_demo_ws/install/comp_topic_rclcpp/include/comp_topic_rclcpp/comp_topic_rclcpp/msg/detail/lines_result__type_support.cpp
[42.744s] -- Up-to-date: /home/ros/ros2proj/ComP_demo/ComP_demo_ws/install/comp_topic_rclcpp/include/comp_topic_rclcpp/comp_topic_rclcpp/msg/detail/point_detect__type_support.cpp
[42.744s] -- Up-to-date: /home/ros/ros2proj/ComP_demo/ComP_demo_ws/install/comp_topic_rclcpp/include/comp_topic_rclcpp/comp_topic_rclcpp/msg/detail/tracker_result__type_support.cpp
[42.744s] -- Up-to-date: /home/ros/ros2proj/ComP_demo/ComP_demo_ws/install/comp_topic_rclcpp/lib/libcomp_topic_rclcpp__rosidl_typesupport_introspection_cpp.so
[42.744s] -- Up-to-date: /home/ros/ros2proj/ComP_demo/ComP_demo_ws/install/comp_topic_rclcpp/lib/libcomp_topic_rclcpp__rosidl_typesupport_cpp.so
[42.745s] -- Up-to-date: /home/ros/ros2proj/ComP_demo/ComP_demo_ws/install/comp_topic_rclcpp/share/comp_topic_rclcpp/environment/pythonpath.sh
[42.745s] -- Up-to-date: /home/ros/ros2proj/ComP_demo/ComP_demo_ws/install/comp_topic_rclcpp/share/comp_topic_rclcpp/environment/pythonpath.dsv
[42.745s] -- Up-to-date: /home/ros/ros2proj/ComP_demo/ComP_demo_ws/install/comp_topic_rclcpp/local/lib/python3.10/dist-packages/comp_topic_rclcpp-0.0.0-py3.10.egg-info
[42.745s] -- Installing: /home/ros/ros2proj/ComP_demo/ComP_demo_ws/install/comp_topic_rclcpp/local/lib/python3.10/dist-packages/comp_topic_rclcpp-0.0.0-py3.10.egg-info/PKG-INFO
[42.745s] -- Installing: /home/ros/ros2proj/ComP_demo/ComP_demo_ws/install/comp_topic_rclcpp/local/lib/python3.10/dist-packages/comp_topic_rclcpp-0.0.0-py3.10.egg-info/SOURCES.txt
[42.745s] -- Installing: /home/ros/ros2proj/ComP_demo/ComP_demo_ws/install/comp_topic_rclcpp/local/lib/python3.10/dist-packages/comp_topic_rclcpp-0.0.0-py3.10.egg-info/dependency_links.txt
[42.746s] -- Installing: /home/ros/ros2proj/ComP_demo/ComP_demo_ws/install/comp_topic_rclcpp/local/lib/python3.10/dist-packages/comp_topic_rclcpp-0.0.0-py3.10.egg-info/top_level.txt
[42.746s] -- Up-to-date: /home/ros/ros2proj/ComP_demo/ComP_demo_ws/install/comp_topic_rclcpp/local/lib/python3.10/dist-packages/comp_topic_rclcpp
[42.746s] -- Up-to-date: /home/ros/ros2proj/ComP_demo/ComP_demo_ws/install/comp_topic_rclcpp/local/lib/python3.10/dist-packages/comp_topic_rclcpp/_comp_topic_rclcpp_s.ep.rosidl_typesupport_fastrtps_c.c
[42.751s] -- Up-to-date: /home/ros/ros2proj/ComP_demo/ComP_demo_ws/install/comp_topic_rclcpp/local/lib/python3.10/dist-packages/comp_topic_rclcpp/libcomp_topic_rclcpp__rosidl_generator_py.so
[42.752s] -- Up-to-date: /home/ros/ros2proj/ComP_demo/ComP_demo_ws/install/comp_topic_rclcpp/local/lib/python3.10/dist-packages/comp_topic_rclcpp/comp_topic_rclcpp_s__rosidl_typesupport_c.cpython-310-x86_64-linux-gnu.so
[42.752s] -- Up-to-date: /home/ros/ros2proj/ComP_demo/ComP_demo_ws/install/comp_topic_rclcpp/local/lib/python3.10/dist-packages/comp_topic_rclcpp/__init__.py
[42.752s] -- Up-to-date: /home/ros/ros2proj/ComP_demo/ComP_demo_ws/install/comp_topic_rclcpp/local/lib/python3.10/dist-packages/comp_topic_rclcpp/comp_topic_rclcpp_s__rosidl_typesupport_fastrtps_c.cpython-310-x86_64-linux-gnu.so
[42.753s] -- Up-to-date: /home/ros/ros2proj/ComP_demo/ComP_demo_ws/install/comp_topic_rclcpp/local/lib/python3.10/dist-packages/comp_topic_rclcpp/_comp_topic_rclcpp_s.ep.rosidl_typesupport_c.c
[42.753s] -- Up-to-date: /home/ros/ros2proj/ComP_demo/ComP_demo_ws/install/comp_topic_rclcpp/local/lib/python3.10/dist-packages/comp_topic_rclcpp/msg
[42.753s] -- Up-to-date: /home/ros/ros2proj/ComP_demo/ComP_demo_ws/install/comp_topic_rclcpp/local/lib/python3.10/dist-packages/comp_topic_rclcpp/msg/_yolo_piece_s.c
[42.753s] -- Up-to-date: /home/ros/ros2proj/ComP_demo/ComP_demo_ws/install/comp_topic_rclcpp/local/lib/python3.10/dist-packages/comp_topic_rclcpp/msg/_lines_result_s.c
[42.753s] -- Up-to-date: /home/ros/ros2proj/ComP_demo/ComP_demo_ws/install/comp_topic_rclcpp/local/lib/python3.10/dist-packages/comp_topic_rclcpp/msg/_lines_result.py
[42.754s] -- Up-to-date: /home/ros/ros2proj/ComP_demo/ComP_demo_ws/install/comp_topic_rclcpp/local/lib/python3.10/dist-packages/comp_topic_rclcpp/msg/__init__.py
[42.754s] -- Up-to-date: /home/ros/ros2proj/ComP_demo/ComP_demo_ws/install/comp_topic_rclcpp/local/lib/python3.10/dist-packages/comp_topic_rclcpp/msg/_tracker_result.py
[42.754s] -- Up-to-date: /home/ros/ros2proj/ComP_demo/ComP_demo_ws/install/comp_topic_rclcpp/local/lib/python3.10/dist-packages/comp_topic_rclcpp/msg/_lane_result_s.c
[42.754s] -- Up-to-date: /home/ros/ros2proj/ComP_demo/ComP_demo_ws/install/comp_topic_rclcpp/local/lib/python3.10/dist-packages/comp_topic_rclcpp/msg/_point_detect_s.c
[42.755s] -- Up-to-date: /home/ros/ros2proj/ComP_demo/ComP_demo_ws/install/comp_topic_rclcpp/local/lib/python3.10/dist-packages/comp_topic_rclcpp/msg/_point_detect.py
[42.769s] -- Up-to-date: /home/ros/ros2proj/ComP_demo/ComP_demo_ws/install/comp_topic_rclcpp/local/lib/python3.10/dist-packages/comp_topic_rclcpp/msg/_yolo_piece.py
[42.769s] -- Up-to-date: /home/ros/ros2proj/ComP_demo/ComP_demo_ws/install/comp_topic_rclcpp/local/lib/python3.10/dist-packages/comp_topic_rclcpp/msg/_lane_result.py
[42.769s] -- Up-to-date: /home/ros/ros2proj/ComP_demo/ComP_demo_ws/install/comp_topic_rclcpp/local/lib/python3.10/dist-packages/comp_topic_rclcpp/msg/_tracker_result_s.c
[42.769s] -- Up-to-date: /home/ros/ros2proj/ComP_demo/ComP_demo_ws/install/comp_topic_rclcpp/local/lib/python3.10/dist-packages/comp_topic_rclcpp/msg/_yolo_result_s.c
[42.770s] -- Up-to-date: /home/ros/ros2proj/ComP_demo/ComP_demo_ws/install/comp_topic_rclcpp/local/lib/python3.10/dist-packages/comp_topic_rclcpp/msg/_yolo_result.py
[42.770s] -- Up-to-date: /home/ros/ros2proj/ComP_demo/ComP_demo_ws/install/comp_topic_rclcpp/local/lib/python3.10/dist-packages/comp_topic_rclcpp/_comp_topic_rclcpp_s.ep.rosidl_typesupport_introspection_c.c
[42.770s] -- Up-to-date: /home/ros/ros2proj/ComP_demo/ComP_demo_ws/install/comp_topic_rclcpp/local/lib/python3.10/dist-packages/comp_topic_rclcpp/comp_topic_rclcpp_s__rosidl_typesupport_introspection_c.cpython-310-x86_64-linux-gnu.so
[42.856s] Listing '/home/ros/ros2proj/ComP_demo/ComP_demo_ws/install/comp_topic_rclcpp/local/lib/python3.10/dist-packages/comp_topic_rclcpp'...
[42.856s] Listing '/home/ros/ros2proj/ComP_demo/ComP_demo_ws/install/comp_topic_rclcpp/local/lib/python3.10/dist-packages/comp_topic_rclcpp/msg'...
[42.883s] -- Up-to-date: /home/ros/ros2proj/ComP_demo/ComP_demo_ws/install/comp_topic_rclcpp/local/lib/python3.10/dist-packages/comp_topic_rclcpp/comp_topic_rclcpp_s__rosidl_typesupport_fastrtps_c.cpython-310-x86_64-linux-gnu.so
[42.887s] -- Up-to-date: /home/ros/ros2proj/ComP_demo/ComP_demo_ws/install/comp_topic_rclcpp/local/lib/python3.10/dist-packages/comp_topic_rclcpp/comp_topic_rclcpp_s__rosidl_typesupport_introspection_c.cpython-310-x86_64-linux-gnu.so
[42.893s] -- Up-to-date: /home/ros/ros2proj/ComP_demo/ComP_demo_ws/install/comp_topic_rclcpp/local/lib/python3.10/dist-packages/comp_topic_rclcpp/comp_topic_rclcpp_s__rosidl_typesupport_c.cpython-310-x86_64-linux-gnu.so
[42.893s] -- Up-to-date: /home/ros/ros2proj/ComP_demo/ComP_demo_ws/install/comp_topic_rclcpp/lib/libcomp_topic_rclcpp__rosidl_generator_py.so
[42.894s] -- Up-to-date: /home/ros/ros2proj/ComP_demo/ComP_demo_ws/install/comp_topic_rclcpp/share/comp_topic_rclcpp/msg/YoloPiece.idl
[42.894s] -- Up-to-date: /home/ros/ros2proj/ComP_demo/ComP_demo_ws/install/comp_topic_rclcpp/share/comp_topic_rclcpp/msg/YoloResult.idl
[42.894s] -- Up-to-date: /home/ros/ros2proj/ComP_demo/ComP_demo_ws/install/comp_topic_rclcpp/share/comp_topic_rclcpp/msg/TrackerResult.idl
[42.894s] -- Up-to-date: /home/ros/ros2proj/ComP_demo/ComP_demo_ws/install/comp_topic_rclcpp/share/comp_topic_rclcpp/msg/LaneResult.idl
[42.894s] -- Up-to-date: /home/ros/ros2proj/ComP_demo/ComP_demo_ws/install/comp_topic_rclcpp/share/comp_topic_rclcpp/msg/PointDetect.idl
[42.895s] -- Up-to-date: /home/ros/ros2proj/ComP_demo/ComP_demo_ws/install/comp_topic_rclcpp/share/comp_topic_rclcpp/msg/YoloPiece.msg
[42.895s] -- Up-to-date: /home/ros/ros2proj/ComP_demo/ComP_demo_ws/install/comp_topic_rclcpp/share/comp_topic_rclcpp/msg/YoloResult.msg
[42.895s] -- Up-to-date: /home/ros/ros2proj/ComP_demo/ComP_demo_ws/install/comp_topic_rclcpp/share/comp_topic_rclcpp/msg/TrackerResult.msg
[42.895s] -- Up-to-date: /home/ros/ros2proj/ComP_demo/ComP_demo_ws/install/comp_topic_rclcpp/share/comp_topic_rclcpp/msg/LaneResult.msg
[42.895s] -- Up-to-date: /home/ros/ros2proj/ComP_demo/ComP_demo_ws/install/comp_topic_rclcpp/share/comp_topic_rclcpp/msg/PointDetect.msg
[42.896s] -- Up-to-date: /home/ros/ros2proj/ComP_demo/ComP_demo_ws/install/comp_topic_rclcpp/lib/comp_topic_rclcpp/CameraTimer
[42.896s] -- Up-to-date: /home/ros/ros2proj/ComP_demo/ComP_demo_ws/install/comp_topic_rclcpp/lib/comp_topic_rclcpp/Final
[42.899s] -- Up-to-date: /home/ros/ros2proj/ComP_demo/ComP_demo_ws/install/comp_topic_rclcpp/lib/comp_topic_rclcpp/Tracker
[42.906s] -- Up-to-date: /home/ros/ros2proj/ComP_demo/ComP_demo_ws/install/comp_topic_rclcpp/lib/comp_topic_rclcpp/Lane
[42.910s] -- Installing: /home/ros/ros2proj/ComP_demo/ComP_demo_ws/install/comp_topic_rclcpp/lib/comp_topic_rclcpp/Yolo
[42.924s] -- Set runtime path of "/home/ros/ros2proj/ComP_demo/ComP_demo_ws/install/comp_topic_rclcpp/lib/comp_topic_rclcpp/Yolo" to ""
[42.925s] -- Up-to-date: /home/ros/ros2proj/ComP_demo/ComP_demo_ws/install/comp_topic_rclcpp/share/ament_index/resource_index/package_run_dependencies/comp_topic_rclcpp
[42.925s] -- Up-to-date: /home/ros/ros2proj/ComP_demo/ComP_demo_ws/install/comp_topic_rclcpp/share/ament_index/resource_index/parent_prefix_path/comp_topic_rclcpp
[42.929s] -- Up-to-date: /home/ros/ros2proj/ComP_demo/ComP_demo_ws/install/comp_topic_rclcpp/share/comp_topic_rclcpp/environment/ament_prefix_path.sh
[42.929s] -- Up-to-date: /home/ros/ros2proj/ComP_demo/ComP_demo_ws/install/comp_topic_rclcpp/share/comp_topic_rclcpp/environment/ament_prefix_path.dsv
[42.935s] -- Up-to-date: /home/ros/ros2proj/ComP_demo/ComP_demo_ws/install/comp_topic_rclcpp/share/comp_topic_rclcpp/environment/path.sh
[42.935s] -- Up-to-date: /home/ros/ros2proj/ComP_demo/ComP_demo_ws/install/comp_topic_rclcpp/share/comp_topic_rclcpp/environment/path.dsv
[42.935s] -- Up-to-date: /home/ros/ros2proj/ComP_demo/ComP_demo_ws/install/comp_topic_rclcpp/share/comp_topic_rclcpp/local_setup.bash
[42.935s] -- Up-to-date: /home/ros/ros2proj/ComP_demo/ComP_demo_ws/install/comp_topic_rclcpp/share/comp_topic_rclcpp/local_setup.sh
[42.936s] -- Up-to-date: /home/ros/ros2proj/ComP_demo/ComP_demo_ws/install/comp_topic_rclcpp/share/comp_topic_rclcpp/local_setup.zsh
[42.936s] -- Up-to-date: /home/ros/ros2proj/ComP_demo/ComP_demo_ws/install/comp_topic_rclcpp/share/comp_topic_rclcpp/local_setup.dsv
[42.936s] -- Installing: /home/ros/ros2proj/ComP_demo/ComP_demo_ws/install/comp_topic_rclcpp/share/comp_topic_rclcpp/package.dsv
[42.936s] -- Up-to-date: /home/ros/ros2proj/ComP_demo/ComP_demo_ws/install/comp_topic_rclcpp/share/ament_index/resource_index/packages/comp_topic_rclcpp
[42.936s] -- Up-to-date: /home/ros/ros2proj/ComP_demo/ComP_demo_ws/install/comp_topic_rclcpp/share/comp_topic_rclcpp/cmake/export_comp_topic_rclcpp__rosidl_generator_cExport.cmake
[42.937s] -- Up-to-date: /home/ros/ros2proj/ComP_demo/ComP_demo_ws/install/comp_topic_rclcpp/share/comp_topic_rclcpp/cmake/export_comp_topic_rclcpp__rosidl_generator_cExport-noconfig.cmake
[42.938s] -- Up-to-date: /home/ros/ros2proj/ComP_demo/ComP_demo_ws/install/comp_topic_rclcpp/share/comp_topic_rclcpp/cmake/export_comp_topic_rclcpp__rosidl_typesupport_fastrtps_cExport.cmake
[42.938s] -- Up-to-date: /home/ros/ros2proj/ComP_demo/ComP_demo_ws/install/comp_topic_rclcpp/share/comp_topic_rclcpp/cmake/export_comp_topic_rclcpp__rosidl_typesupport_fastrtps_cExport-noconfig.cmake
[42.938s] -- Up-to-date: /home/ros/ros2proj/ComP_demo/ComP_demo_ws/install/comp_topic_rclcpp/share/comp_topic_rclcpp/cmake/export_comp_topic_rclcpp__rosidl_generator_cppExport.cmake
[42.938s] -- Up-to-date: /home/ros/ros2proj/ComP_demo/ComP_demo_ws/install/comp_topic_rclcpp/share/comp_topic_rclcpp/cmake/export_comp_topic_rclcpp__rosidl_typesupport_fastrtps_cppExport.cmake
[42.938s] -- Up-to-date: /home/ros/ros2proj/ComP_demo/ComP_demo_ws/install/comp_topic_rclcpp/share/comp_topic_rclcpp/cmake/export_comp_topic_rclcpp__rosidl_typesupport_fastrtps_cppExport-noconfig.cmake
[42.943s] -- Up-to-date: /home/ros/ros2proj/ComP_demo/ComP_demo_ws/install/comp_topic_rclcpp/share/comp_topic_rclcpp/cmake/comp_topic_rclcpp__rosidl_typesupport_introspection_cExport.cmake
[42.943s] -- Up-to-date: /home/ros/ros2proj/ComP_demo/ComP_demo_ws/install/comp_topic_rclcpp/share/comp_topic_rclcpp/cmake/comp_topic_rclcpp__rosidl_typesupport_introspection_cExport-noconfig.cmake
[42.943s] -- Up-to-date: /home/ros/ros2proj/ComP_demo/ComP_demo_ws/install/comp_topic_rclcpp/share/comp_topic_rclcpp/cmake/comp_topic_rclcpp__rosidl_typesupport_cExport.cmake
[42.944s] -- Up-to-date: /home/ros/ros2proj/ComP_demo/ComP_demo_ws/install/comp_topic_rclcpp/share/comp_topic_rclcpp/cmake/comp_topic_rclcpp__rosidl_typesupport_cExport-noconfig.cmake
[42.948s] -- Up-to-date: /home/ros/ros2proj/ComP_demo/ComP_demo_ws/install/comp_topic_rclcpp/share/comp_topic_rclcpp/cmake/comp_topic_rclcpp__rosidl_typesupport_introspection_cppExport.cmake
[42.961s] -- Up-to-date: /home/ros/ros2proj/ComP_demo/ComP_demo_ws/install/comp_topic_rclcpp/share/comp_topic_rclcpp/cmake/comp_topic_rclcpp__rosidl_typesupport_introspection_cppExport-noconfig.cmake
[42.962s] -- Up-to-date: /home/ros/ros2proj/ComP_demo/ComP_demo_ws/install/comp_topic_rclcpp/share/comp_topic_rclcpp/cmake/comp_topic_rclcpp__rosidl_typesupport_cppExport.cmake
[42.962s] -- Up-to-date: /home/ros/ros2proj/ComP_demo/ComP_demo_ws/install/comp_topic_rclcpp/share/comp_topic_rclcpp/cmake/comp_topic_rclcpp__rosidl_typesupport_cppExport-noconfig.cmake
[42.962s] -- Up-to-date: /home/ros/ros2proj/ComP_demo/ComP_demo_ws/install/comp_topic_rclcpp/share/comp_topic_rclcpp/cmake/export_comp_topic_rclcpp__rosidl_generator_pyExport.cmake
[42.963s] -- Up-to-date: /home/ros/ros2proj/ComP_demo/ComP_demo_ws/install/comp_topic_rclcpp/share/comp_topic_rclcpp/cmake/export_comp_topic_rclcpp__rosidl_generator_pyExport-noconfig.cmake
[42.963s] -- Up-to-date: /home/ros/ros2proj/ComP_demo/ComP_demo_ws/install/comp_topic_rclcpp/share/comp_topic_rclcpp/cmake/rosidl_cmake-extras.cmake
[42.963s] -- Up-to-date: /home/ros/ros2proj/ComP_demo/ComP_demo_ws/install/comp_topic_rclcpp/share/comp_topic_rclcpp/cmake/ament_cmake_export_dependencies-extras.cmake
[42.963s] -- Up-to-date: /home/ros/ros2proj/ComP_demo/ComP_demo_ws/install/comp_topic_rclcpp/share/comp_topic_rclcpp/cmake/ament_cmake_export_include_directories-extras.cmake
[42.964s] -- Up-to-date: /home/ros/ros2proj/ComP_demo/ComP_demo_ws/install/comp_topic_rclcpp/share/comp_topic_rclcpp/cmake/ament_cmake_export_libraries-extras.cmake
[42.964s] -- Up-to-date: /home/ros/ros2proj/ComP_demo/ComP_demo_ws/install/comp_topic_rclcpp/share/comp_topic_rclcpp/cmake/ament_cmake_export_targets-extras.cmake
[42.964s] -- Up-to-date: /home/ros/ros2proj/ComP_demo/ComP_demo_ws/install/comp_topic_rclcpp/share/comp_topic_rclcpp/cmake/rosidl_cmake_export_typesupport_targets-extras.cmake
[42.964s] -- Up-to-date: /home/ros/ros2proj/ComP_demo/ComP_demo_ws/install/comp_topic_rclcpp/share/comp_topic_rclcpp/cmake/rosidl_cmake_export_typesupport_libraries-extras.cmake
[42.964s] -- Up-to-date: /home/ros/ros2proj/ComP_demo/ComP_demo_ws/install/comp_topic_rclcpp/share/comp_topic_rclcpp/cmake/comp_topic_rclcppConfig.cmake
[42.965s] -- Up-to-date: /home/ros/ros2proj/ComP_demo/ComP_demo_ws/install/comp_topic_rclcpp/share/comp_topic_rclcpp/cmake/comp_topic_rclcppConfig-version.cmake
[42.965s] -- Up-to-date: /home/ros/ros2proj/ComP_demo/ComP_demo_ws/install/comp_topic_rclcpp/share/comp_topic_rclcpp/package.xml
[42.968s] Invoked command in '/home/ros/ros2proj/ComP_demo/ComP_demo_ws/build/comp_topic_rclcpp' returned '0': CMAKE_PREFIX_PATH=/opt/ros/humble /usr/bin/cmake --install /home/ros/ros2proj/ComP_demo/ComP_demo_ws/build/comp_topic_rclcpp
