2.30954e+06
1.92918e+06
2.08413e+06
2.26975e+06
2.31384e+06
2.27344e+06
2.40403e+06
2.18443e+06
2.06202e+06
2.09236e+06
2.12e+06
2.09205e+06
2.21481e+06
5.82721e+06
2.15747e+06
2.63503e+06
2.70212e+06
2.12864e+06
2.39858e+06
1.9667e+06
2.02402e+06
2.27739e+06
2.03672e+06
2.21696e+06
3.21737e+06
2.54272e+06
2.15717e+06
2.277e+06
2.40699e+06
2.24451e+06
2.18558e+06
2.20454e+06
2.1368e+06
1.71991e+06
2.20079e+06
2.16149e+06
2.10671e+06
2.01574e+06
2.2615e+06
2.26207e+06
1.80316e+06
1.81167e+06
1.41199e+06
1.73493e+06
1.90308e+06
1.70238e+06
1.82591e+06
1.82582e+06
1.83277e+06
1.88307e+06
1.00735e+07
1.83497e+06
1.67593e+06
1.54561e+06
1.34142e+06
1.3357e+06
1.085e+06
974034
1.19242e+06
1.34488e+06
1.3358e+06
1.27452e+06
1.18571e+06
1.30602e+06
1.2812e+06
1.30659e+06
1.30241e+06
1.29765e+06
1.23337e+06
1.15022e+06
1.11045e+06
1.01985e+06
1.14906e+06
1.22503e+06
1.26345e+06
974080
1.13383e+06
1.17179e+06
1.08879e+06
1.21504e+06
1.19721e+06
1.19547e+06
1.22613e+06
1.13862e+06
1.12003e+06
1.1934e+06
1.33277e+06
1.22831e+06
1.36676e+06
1.36771e+06
1.21143e+06
1.26755e+06
1.57621e+06
1.25228e+06
1.32456e+06
1.28681e+06
1.14216e+06
1.17548e+06
1.51751e+06
1.21314e+06
939912
988818
1.03439e+06
1.00315e+06
963288
801653
962620
837215
735516
795992
907576
845648
883863
1.03675e+06
952251
1.14744e+06
5.90186e+06
1.41738e+06
1.40423e+06
1.0672e+06
1.13192e+06
1.32475e+06
1.25599e+06
1.3475e+06
1.45487e+06
1.45664e+06
1.52878e+06
1.47937e+06
1.1023e+06
1.11295e+06
1.15388e+06
1.15166e+06
1.13655e+06
1.20135e+06
1.10986e+06
1.13784e+06
1.12654e+06
1.52414e+06
1.39571e+06
1.48674e+06
1.45144e+06
1.44045e+06
1.31674e+06
1.32163e+06
1.50714e+06
1.49404e+06
1.14409e+06
1.13336e+06
1.16093e+06
1.2482e+06
1.50001e+06
1.28262e+06
1.27733e+06
1.223e+06
1.09889e+06
1.17654e+06
1.45759e+06
1.58631e+06
1.58103e+06
1.49576e+06
1.21413e+06
1.14589e+06
1.53848e+06
1.43659e+06
1.39442e+06
1.41307e+06
1.4052e+06
1.18812e+06
1.14174e+06
1.58633e+06
1.30665e+06
1.44747e+06
1.54112e+06
1.19718e+06
1.16255e+06
8.24547e+06
1.15547e+06
1.13373e+06
1.12948e+06
1.08348e+06
1.13992e+06
1.0764e+06
1.12527e+06
1.34076e+06
1.13385e+06
1.13823e+06
1.13152e+06
1.14711e+06
1.53046e+06
1.60117e+06
1.13367e+06
1.3268e+06
1.51167e+06
1.34914e+06
1.42253e+06
1.14015e+06
1.10331e+06
1.62417e+06
