1.16231e+06
1.50706e+06
1.41817e+06
947247
1.6368e+06
827836
1.24838e+06
901637
1.18631e+06
1.21549e+06
917162
1.27559e+06
706529
1.21056e+06
612356
1.29625e+06
1.31999e+06
981143
1.44435e+06
628746
983933
1.11007e+06
590671
554171
967352
1.42958e+06
623431
1.0079e+06
532156
948194
844303
615288
537906
1.04544e+06
965017
513978
1.01598e+06
981336
660153
575401
1.15906e+06
947167
439154
1.01487e+06
654955
1.14404e+06
933889
517532
1.28703e+06
439594
910584
487459
885203
1.01224e+06
510475
907904
496397
889777
476908
887235
841193
577817
1.01729e+06
518949
1.15441e+06
537151
911708
873747
547006
488601
925564
914838
526869
962484
903776
489043
841152
552607
905925
517121
1.0346e+06
979803
549584
965538
587953
1.10355e+06
462354
915685
815867
449153
399611
868975
814498
526244
1.00494e+06
1.03007e+06
483161
560040
1.01265e+06
914861
540367
920395
455296
737355
764817
489176
837812
383245
816811
421443
