115900
104672
65332.1
106060
151732
78489.4
76298
121397
85584.9
102598
82782.2
75744
123742
57883.4
89865
80299
66356.3
69178.2
47580.9
83712.3
58574.4
71108.8
95371.2
60800.7
82753.2
71367.7
92114.6
95034.2
96712.8
64611
70220.1
89495.8
86546.8
89008.9
82012.9
101220
74759.1
53006.5
120581
79768.1
117416
73892.7
101773
67931.6
68255.2
42237.5
73900.4
112185
109021
72940.8
116109
49254.6
73929.7
68085.6
45791.5
82174.5
64995.5
69184.9
53424
102553
82243.1
97976.3
93537.6
92696.7
32539.9
94415.8
96504.9
113043
64196
69145.2
93750.9
99609.7
83792
96441
102368
80471.6
87136.9
57488
66053
81517.7
110983
84341.4
83298.3
92950.9
84478.8
77435.1
100539
71427.1
92691.7
106495
73130.1
78048.7
118941
101503
72629.4
75536
53103.4
86861.1
93148.5
41649.9
96566.2
97729.4
112528
57223.5
27502.3
106178
144270
68236.5
47697
72618.9
112375
30583.5
125566
97243
51562.5
62838.3
107111
91375.2
146746
73189.4
77557.4
56608.6
63277.8
94334.6
71438.3
78385.8
103438
34290.7
77225.4
65250.4
111576
95404.2
85656.7
86163.4
73850.6
106544
77620.5
81717.8
93413.7
113813
83536.7
97281.7
60102
85465.1
88691.6
56012.6
61410.3
79344.4
78234
95846.9
89883.3
101763
101147
100235
112692
104493
73773.2
109626
94373.2
106548
73843.7
89759.1
109222
84234.6
101411
73122.6
101991
78993.2
83925
76321.2
91521
79800.6
84101.3
101203
101487
93736.8
78203.1
96640.3
97567.5
62318.1
82911.9
54273.8
137123
120653
88854.3
113539
85114.1
68762.8
71034
82155.7
64034
108722
72943.4
118481
137556
104322
110146
