1271.59
3826.26
2203.8
6362.98
3955.78
824.276
1838.59
6935.67
1154.07
588.886
2622.19
2352.26
3692.12
2204.76
7370.12
874.018
2696.31
6175.96
542.028
4535.66
2069.75
643.706
532.263
7187.02
792.354
6377.27
3986.74
9165.93
3665.25
3574.29
2600.78
7462.81
3412.01
7611.15
1741.46
5503.06
9467.66
3736.77
3535.02
2551.93
4317.95
7099.2
1532.85
3347.97
6117.3
3791.72
1125.2
605.215
4705.86
911.36
7053.94
1955.02
2293.39
3246.49
656.224
2228.2
9987.04
7983.17
1129.48
1443.82
14539.4
1411.07
5764.76
1857.13
987.43
7742.67
11985.5
15605.8
6847.04
2215.83
3078.95
3067.94
2638.78
1582.87
4111.62
2074.05
3657.67
2461.82
8209.85
6515.81
2403.2
6056.87
697.929
713.93
8162.26
8309.03
634.142
1546.44
4422.44
966.929
2792.6
4528.14
9754.37
2963.03
2843.21
1904.24
3131.59
2548.64
7796.03
2145.92
5599.97
2594.63
3248.89
6384.4
618.008
5772.9
2254.49
9854.25
4241.93
396.543
6277.72
15631
3422.55
1971.59
5410.35
1538.23
3442.6
2341.88
3314.79
1227.32
9903.02
671.426
13768.6
970.543
2110.41
1614.63
909.644
2549.86
2312.79
6287.05
5453.08
13186.6
4087.58
2244.46
5667.64
3343.78
8248.14
4213.68
3880.26
5147.75
14474.8
16802.5
925.148
13398.5
1521.74
4784.75
7152.47
7232.31
9459.54
3991.25
470.862
1725.1
1585.04
4128.93
3572.68
2032.47
6546.18
3414.48
7177.14
8133.25
18224.9
3544.57
13361.6
15600.4
792.57
4579.75
4169.95
4828.91
1594.7
609.461
3223.76
2943.91
5597.3
7064.36
2847.68
3456.75
507.931
295.34
955.386
2307.07
7680.08
3655.51
8257.91
11945.7
3257.76
2144.72
4359.4
756.714
371.449
2989.1
444.209
2273.14
1125.34
1963.99
782.539
609.011
936.731
9535.82
412.701
2729.75
3253.26
2744.64
4684.26
6786.69
3955.91
4321.16
1771.8
529.923
5575.65
3055.92
3524.8
8278.08
815.38
4684.16
1006.63
5098.73
11713.9
1278.06
2020.04
11049.2
7940.31
7826.32
4149.02
13877.1
977.986
1251.47
3040.33
3374.29
6443.64
4063.86
683.256
11924
638.616
1662.81
3400.93
4423
3652.57
534.355
6266.56
512.759
1756.16
5435.61
1232.4
1026.11
3297.91
6050.98
7192.46
2201.09
1929.29
1967.24
5098.44
4539.74
8110.05
835.168
1979.97
5399.95
831.652
1671.35
2335.63
1267.68
2372.71
4548.38
1125.36
1074.14
6537.54
200.802
788.371
748.542
1204.48
4557.5
1381.98
1902.13
1649.1
2474.99
1752.44
855.677
892.03
1186.01
6236.36
2598.79
649.267
3163.91
3051.64
1161.94
2336.57
1046.69
902.521
917.256
3482.75
720.623
2066.72
1742.23
844.202
2111.83
1015.64
627.743
1640.98
3642.68
1632.77
10559.3
712.273
1053.51
868.591
1086.54
1013.38
4538.67
1075.06
891.869
566.963
1451.92
1010.95
3594.21
688.345
1869.07
1219.77
739.8
803.146
780.679
10343.3
1847.86
3188.39
861.646
1268.07
1437.32
2676.42
666.637
1168.5
426.545
573.487
2340.47
2049.09
322.118
3787.41
712.865
780.659
9090.6
3374.18
8268.2
377.754
852.027
4741.36
2545.02
5049.18
2308.9
6404.62
7100.97
1295.38
915.068
266.627
5200.61
2015.05
618.036
1458.96
762.917
730.437
2246.41
4398.43
2370.72
3432.32
3494.37
1006.48
530.832
8872.58
382.497
4180.92
2526.8
7290.31
747.08
4142.8
6112.35
2772.02
1443.13
1633.77
1693.12
668.717
801.452
379.352
6246.27
806.052
8276.51
714.147
2109.06
1139.09
1458.84
578.592
815.673
2653.45
537.968
3894.4
4285.06
3780.9
544.15
555.789
6480.48
652.183
298.205
734.294
3345.05
1509.97
1798.81
1294.07
1957.33
451.417
1313.11
1826.99
580.951
2235.29
4519.23
820.795
539.399
3579.07
6559.97
1015.83
3519.89
994.771
4511.73
3158.47
4012.98
535.551
820.267
473.332
1865.92
2397.82
683.568
1226.12
782.553
644.948
1610.55
746.833
935.518
3170.98
2386.27
8954.74
670.238
1412.32
2764.65
1254.63
3100.68
578.858
1306.41
2627.24
3609.63
704.29
480.576
4460.77
6636.55
759.081
5026.64
6028.67
849.033
760.398
654.612
1157.26
428.996
1956.37
953.88
2618.03
913.034
1271.54
999.589
646.014
10481.1
2633.45
1182.87
995.973
4656.86
3664.03
3119.03
697.322
2462.97
5043.11
568.233
3097.03
389.249
405.28
1253.75
2614.97
618.27
3490.65
3444.76
1136.19
823.192
3199.67
19379.6
4424.9
6394.93
4779.66
1662.34
3753.78
400.703
2482.08
306.265
2608.53
717.743
877.116
15825.5
8558.76
5054.91
685.874
9344.53
3475.57
861.881
1670.77
4046.77
1540.71
1603.84
1140.91
9114.1
1736.28
577.197
2965
885.409
2770.29
1604.93
692.879
769.71
1617.11
2396.32
309.242
535.359
1015.43
2380.3
3053.55
4628.93
1274.52
1964.57
726.179
1025.07
883.676
1330.22
1028.46
1042.39
389.163
1818.27
6967.36
222.379
522.836
616.577
5936.48
2714.05
866.914
4472.54
635.026
3178.62
536.733
4567.54
1820.5
795.411
2188.27
3023.73
367.263
3568.85
532.389
500.219
2516
335.837
2907.68
1274.39
2133.74
1634.01
3802.91
1031.52
5752.1
7899.18
597.862
688.822
4677.97
3408.05
1422.51
282.251
1124.45
1588.47
4543.98
569.989
807.544
2098.32
2383.82
633.167
3308.2
11448.5
2624.56
6154.3
796.056
1784.81
7887.72
5112.57
988.085
2989.3
4847.94
799.891
2909.94
825.95
796.501
1584.45
818.686
1120.9
1153.57
2339.44
5980.63
2533.32
2592.08
788.862
2473.56
1392.69
5036.3
5076.1
4764.96
592.467
5529.69
2836.3
3390.19
4345.54
2158.15
1555.93
1095.37
3954.24
5281.13
3552.31
4329.36
1002.17
703.54
2757.77
5191.16
2631.61
7023.99
10662.2
318.291
229.357
5724.31
1957.22
1659.89
5497.9
1229
15232.6
11827.7
778.867
1071.37
4381.04
2636.04
655.707
631.576
2757.74
5503.57
872.886
610.861
3864.66
2817.33
10355.9
2754.21
831.812
8961.02
2003.54
2346.03
9537.07
851.135
314.749
1630.15
1506.85
3208.11
1784.15
4257.95
10419.4
1042.22
5574.2
2236.15
3968.77
787.708
797.375
884.526
2963.47
2150.24
343.29
231.737
25131.8
19273.1
365.228
278.265
401.606
2987.79
202.14
1775.38
1898.73
382.851
1022.71
660.243
1583.91
673.521
231.64
264.333
4789.6
784.643
8164.26
898.077
1216.64
282.468
233.229
5466.96
4027.7
7991.11
2114.99
600.46
13160.4
600.208
6466.94
11400.7
2625.68
736.871
11275
8660.83
720.584
507.926
10138.6
310.976
1671.99
7874.57
123.024
557.192
1202.72
1431.18
4008.08
1172.4
1391.35
1095.86
4482.75
1176.08
4377.34
523.183
2730.21
695.294
1226.98
8342.34
632.492
9075.82
1558.98
882.646
2879.37
687.55
2976.74
824.905
3357.55
4084.72
7551.69
6082.11
2803.26
2846.62
4075.63
1125.23
1568.37
1089.53
1507.05
1927.76
797.274
15472.7
4243.09
1980.44
3239.64
5728.14
1991.85
1337.41
5572.06
8108.9
1971.99
5738.48
582.923
664.092
4644.67
3687.66
4428
2876.49
6768.66
3077.87
1714.44
3671.52
1049.96
2508.4
1734.87
3289.75
5778.43
8719.19
475.971
2165
3676.8
1479.11
9412.22
2141.82
716.272
1500.29
3305.27
4336.7
7716.15
5190.8
3394.36
9765.89
13129.3
12877
4087.21
833.936
2794.63
8760.41
5057
13661.6
3479.03
4305.6
4345.6
5145.71
14825.2
2240.14
921.498
3388.09
6312.9
4932.48
3311.76
5991.18
706.666
1908.88
5595.44
990.047
2638.13
5836.95
639.807
3212.8
585.422
3001.36
812.642
1536.07
4229.43
3895.91
1821.86
8349.55
5949.39
3021.78
727.023
1968.37
574.783
3121.71
4113.41
5792.25
279.801
1601.52
5840.63
6004.89
2629.99
365.131
3020.24
10311
2532.85
699.206
7796.53
13712.4
13383.4
6128.47
2256.93
5962.59
1153.68
6623.31
675.374
585.5
533.052
1882.08
3031.97
591.878
741.562
4149.54
12584.5
21655.2
3397.14
9905.66
3607.1
8434.22
564.572
636.627
998.98
1034.53
6686.83
4483.32
572.602
12376.5
6334.76
643.938
1100.93
5501.05
3876.83
21200.4
1998.64
792.305
6659.63
2722.57
256.097
2898.57
2626.06
17596.7
2348.51
1429.66
15030.6
2837.76
927.928
3108.65
1156.19
3964.28
12591.4
776.19
2573.89
5273.65
11666.3
3733.2
4230.92
7766.77
14197.9
11937.7
2213.72
1453.5
21749.3
989.665
844.955
4556.52
3084.04
723.682
2774.15
466.316
452.721
2064.57
12672
3095.33
3068.47
1000.51
615.602
1418.31
4687.33
919.732
915.905
1077.01
9109.42
433.625
623.24
3105.95
752.357
1815.05
3796.4
2835.56
3635.58
3647.59
6142.28
499.267
2259.39
11239.7
886.701
4102.38
1399.78
845.06
1290.87
760.22
1191.61
1811.84
4290.06
2639.17
9235.8
631.468
4049.63
1565.8
1832.24
2531.2
2565.38
3203.67
279.507
3338.9
2225.19
3511.97
12616
564.439
3049.78
11042.7
469.164
682.665
3810.47
16046.7
418.83
334.42
640.166
818.323
5922.66
604.133
3088.63
2829.42
8198.32
4336.53
2888.78
2076.16
549.747
13641
9547.37
8677.58
938.155
15146.2
5961.38
4804.9
883.965
3166.51
6635.19
7195.25
1958.81
884.72
6317.88
2090.22
4939.03
1384.19
649.474
5021.48
2354.28
2800.41
817.665
960.493
6142.8
849.783
1511.19
2067.26
1315.95
3193.31
708.647
625.953
2092.64
3580.42
3671.05
5885.73
859.886
694.106
3070.49
6345.18
14424
2905.96
2986.42
1850.28
2040.2
1629.51
868.029
4130.67
6862.06
696.604
4301.24
877.046
4982.49
2273.94
4545.07
3340.13
19752
550.332
5358.77
4411.63
3567.83
8160.6
349.715
1266.34
532.526
15363
684.753
804.455
10538
745.875
6147
2583.24
1475.83
543.126
3749.34
16269
3253.42
2337.88
5064.44
4870.47
1912.84
5091.67
2564.52
2332.11
1006.12
5613.13
3499.26
4411.19
898.986
684.476
1089.14
1201.44
1570.43
661.576
1360.07
644.165
3724.64
558.975
571.075
3420.46
772.027
6801.17
773.486
805.325
2555.84
577.4
1063.77
452.654
699.035
1193.31
2639.09
914.083
658.353
2217.3
1369.9
9707.01
625.816
617.512
2170.04
3439.16
1701.73
2803.84
3251.87
990.616
1680.48
1450.36
8142.22
3891.45
510.9
705.448
1929.78
4365.92
3495.5
7717.28
748.544
1093.14
4197.92
2346.42
1661.25
1898.02
2000.1
1936.45
3459.45
5746.47
3866.48
2221.76
2283.99
786.124
2884.86
2290.1
797.02
7400.88
842.205
510.415
552.383
526.317
4537.53
2287.49
7590.93
1332.03
3197.32
3798.4
1218.69
6723.46
2254.65
799.043
2902.51
8288.91
2967.83
3208.72
3268.59
2723.84
1323.86
1123.06
966.398
1028.26
3707.76
2557.74
6018.09
875.914
1216.25
3981.27
3773.67
2020.32
22520.6
4820.97
2462.45
4266.06
5709.45
8157.76
629.872
1970.06
783.315
5268.39
754.252
2155.07
7720.35
2081.31
2538.25
1707.29
3857.59
884.284
1598.75
4177.65
2660.28
781.259
1090.43
2579.17
3009.53
8233.38
679.455
3302.24
1958.13
5699.16
3480.02
7257.01
2512.28
993.568
4819.31
1362.73
4252.39
1987.67
1657.44
3322.26
5564.94
6494.02
7393.03
586.583
2315.39
2196.76
831.779
3041.42
2589.98
2958.43
3524.46
2452.7
636.077
937.064
8124.9
5140.17
618.979
2461.93
3792.74
852.985
3990.75
1775.95
2851.07
1527.34
4716.73
3794.47
6642.12
2007.46
1506.27
1705.36
6929.09
2417.09
616.284
3820.38
3017
4442.1
2337.19
911.373
2218.49
784.214
2074.56
789.808
5856.66
597.95
4111.11
626.871
541.053
1435.45
1140.52
795.366
438.254
2083.26
5071.11
5375.61
878.026
1157.63
1892.83
3350.93
1553.79
5461.63
1668.21
7021.09
5747.85
1117.68
589.502
2134.75
6091.57
494.033
1703.41
10445.2
1977.3
2008.89
730.376
307.596
9436.21
641.167
1403.97
1460.23
834.711
4654.18
1738.04
540.939
1846.35
2916.13
15054
2019.01
6477.44
3863.51
1074.63
4243.88
539.823
9670.69
2163.7
3049.27
3541.29
535.943
381.675
10177.3
2123.57
3458.03
8846.62
1402.52
981.928
1952.29
933.429
1080.33
1982.5
1298.59
313.582
814.78
466.068
1829.73
764.38
543.405
3689.66
6359.79
842.193
1795.08
680.129
1913.1
2482.39
744.338
668.072
12104.6
4703.27
6723.1
2236.69
6936.3
1044.35
1524.4
2856.3
634.231
863.094
3689.48
2831.93
1062.37
10141.7
3329.39
1584.44
1848.25
1433.02
2687.88
5522.64
3988.24
387.524
4905.99
4888.21
2489.18
4321.87
4119
4004.89
545.148
10580.4
3304.77
9868.14
8897.51
2523.56
1428.76
960.853
7532.92
607.871
8988.15
1044.89
676.323
612.038
5627.73
3040.05
832.858
5686.99
611.538
1802.08
1915.22
7787.59
3261.11
3347.44
1114.14
9916.22
2544
5553.42
1153.97
4613.06
5492.62
4474.16
4525.11
925.44
2517.29
4334.37
783.797
1067.11
7201.31
594.033
1178.93
2607.06
2251.96
653.281
2238.21
2296.26
1271.16
8843.15
2925.82
2759.68
1191.03
4060.84
11932.1
625.71
2811.95
12612.2
2462.77
507.639
4468.85
9955.85
621.667
6614.68
1279.68
15415.1
1331.14
677.981
838.696
1495.69
690.939
700.645
627.955
6515.7
18809.7
5853.94
580.075
645.108
3507.04
8797.15
5939.63
12091.9
1619.36
10044
3658.91
547.132
1984.56
1642.54
5698.35
1308.65
303.598
626.465
1621.38
721.694
744.162
4441.18
2087.61
3098.23
756.647
2553.51
1717.69
3900.43
639.653
1821.09
1474.83
625.854
1212.83
741.239
3776.09
2505.09
7017.81
1671.15
5874.06
2166.16
758.443
7672.57
662.114
1709.73
576.258
1523.58
5517.2
569.06
737.082
2662.07
1146.19
643.088
585.784
893.163
2605.01
3222.63
2620.64
1384.24
6654.55
516.512
793.837
263.273
1299.3
2686.57
1466.9
6425.86
1013.68
596.539
679.02
855.824
1171.73
1218.78
706.928
1294.05
603.07
1580.89
794.552
6311.03
4920.99
1577.19
13700
6870.04
3139.23
6479.3
1204.24
4521.08
3123.67
3102.42
7138.94
6331.3
3628.23
3252.61
1717.89
1494.01
5775.45
9126.58
512.177
706.603
5039.56
5055.83
9065.64
570.507
3767.39
934.761
590.288
1604.4
1496.75
11428.8
670.165
843.3
5018.58
6667.75
2342.36
8672.85
4729.63
1236.31
1559.57
2898.69
1824.62
631.973
1983.58
4296.17
6055.71
2708.78
2644.62
2153.95
1370.46
3609.01
2158.35
4872.89
2668.98
1612.16
618.187
731.851
3841.69
4214.58
1897.75
764.462
635.805
3872.22
11291.2
462.968
837.343
6042.73
6330.04
2475.83
1583.84
3253.18
3040.14
2274.37
631.223
661.867
1652.76
5706.49
6269.59
3491.88
1619.95
4913.6
1490.77
1221.33
2175.69
4345.87
5892.95
869.338
5275.35
352.63
604.741
890.799
