7106.35
3288.16
8242.04
6065.92
951.836
695.661
1668.72
9727.69
10410
2603.74
9081.27
879.345
446.119
1910.48
6155.06
3598.39
11754.3
562.583
3524.21
3739.76
1698.02
12794.4
2770.76
1128.54
2443.66
787.1
1536.84
949.894
6096.24
811.97
906.201
1364.15
1874.19
598.834
1214.68
7417.07
3816.98
1157.02
7823.47
829.304
2619.01
5440.87
1530.91
5941.76
569.634
566.304
4023.2
6102.02
1320.49
4928.39
2155.42
6860.68
1026.35
1277.59
4219.21
6610.02
5955.92
424.213
1618.64
5281.84
2442.05
8783.83
469.461
598.229
6760.36
3771.1
737.594
2379.95
2874.24
4009.34
6355.97
6357.74
1045.31
763.928
840.739
1385.91
518.077
5273.73
