70841
1.9452e+06
3.40199e+06
5.05325e+06
6.86995e+06
8.73261e+06
1.05613e+07
1.2505e+07
1.42407e+07
1.58509e+07
1.75009e+07
1.91612e+07
2.07962e+07
2.25662e+07
2.79326e+07
2.96533e+07
3.18312e+07
3.41016e+07
3.57634e+07
3.77236e+07
3.92338e+07
4.08241e+07
4.26397e+07
4.42285e+07
4.60084e+07
4.87723e+07
5.08687e+07
5.25889e+07
5.44124e+07
5.63622e+07
5.81488e+07
5.99027e+07
6.16655e+07
6.33416e+07
6.46107e+07
6.63683e+07
6.80901e+07
6.97388e+07
7.13074e+07
7.31257e+07
7.49395e+07
7.63033e+07
7.76557e+07
7.86181e+07
7.99043e+07
8.13505e+07
8.26145e+07
8.39798e+07
8.53676e+07
8.67481e+07
8.81777e+07
9.78093e+07
9.91935e+07
1.00428e+08
1.01514e+08
1.024e+08
1.03298e+08
1.03926e+08
1.04449e+08
1.05183e+08
1.06086e+08
1.06979e+08
1.07789e+08
1.08541e+08
1.09387e+08
1.10219e+08
1.11063e+08
1.11891e+08
1.09523e+08
1.10292e+08
1.10998e+08
1.11657e+08
1.12205e+08
1.12921e+08
1.13713e+08
1.14505e+08
1.15027e+08
1.15711e+08
1.16425e+08
1.17072e+08
1.17834e+08
1.185e+08
1.1934e+08
1.20093e+08
1.20793e+08
1.21457e+08
1.22191e+08
1.23079e+08
1.23865e+08
1.24773e+08
1.25675e+08
1.26453e+08
1.27265e+08
1.28394e+08
1.29185e+08
1.30062e+08
1.30899e+08
1.31592e+08
1.32325e+08
1.3338e+08
1.34148e+08
1.34647e+08
1.35181e+08
1.35757e+08
1.36324e+08
1.3681e+08
1.37176e+08
1.37698e+08
1.38075e+08
1.3836e+08
1.38709e+08
1.39156e+08
1.39561e+08
1.40001e+08
1.40581e+08
1.41072e+08
1.41774e+08
1.47231e+08
1.48189e+08
1.49142e+08
1.49785e+08
1.50435e+08
1.51332e+08
1.52133e+08
1.53026e+08
1.54026e+08
1.5503e+08
1.5611e+08
1.57151e+08
1.57794e+08
1.58463e+08
1.59166e+08
1.59877e+08
1.60571e+08
1.61307e+08
1.61968e+08
1.6265e+08
1.63336e+08
1.64407e+08
1.65357e+08
1.66391e+08
1.67398e+08
1.68374e+08
1.69246e+08
1.70107e+08
1.71172e+08
1.72224e+08
1.72911e+08
1.73597e+08
1.74309e+08
1.75106e+08
1.7615e+08
1.76991e+08
1.77824e+08
1.78579e+08
1.79223e+08
1.79945e+08
1.80988e+08
1.8212e+08
1.83256e+08
1.84298e+08
1.85067e+08
1.85768e+08
1.86843e+08
1.8783e+08
1.88777e+08
1.89755e+08
1.9069e+08
1.91437e+08
1.92123e+08
1.93253e+08
1.94114e+08
1.95126e+08
1.96208e+08
1.96969e+08
1.9768e+08
2.05467e+08
2.06185e+08
2.06855e+08
2.0753e+08
2.08168e+08
2.08851e+08
2.09488e+08
2.10153e+08
2.11059e+08
2.11737e+08
2.12427e+08
2.13111e+08
2.13787e+08
2.14887e+08
2.16019e+08
2.16715e+08
2.17593e+08
2.18656e+08
2.1955e+08
2.20529e+08
2.21209e+08
2.21856e+08
