1930.75
1.95845e+06
2.49849e+06
1.09294e+06
2.32889e+06
1.70464e+06
1.46469e+06
3.61527e+06
1.63803e+06
2.53121e+06
1.92409e+06
1.46982e+06
2.61974e+06
747991
1.63164e+06
2.89376e+06
1.93694e+06
1.7303e+06
3.2399e+06
3.3494e+06
1.59276e+06
1.68921e+06
1.22834e+06
2.98986e+06
1.1819e+06
1.97201e+06
1.71257e+06
1.74775e+06
2.49054e+06
1.97043e+06
3.04579e+06
1.24312e+06
2.54512e+06
2.43848e+06
1.71418e+06
2.46304e+06
1.37256e+06
2.2102e+06
2.19143e+06
2.10736e+06
1.50042e+06
2.45941e+06
995574
2.02171e+06
1.64909e+06
1.54754e+06
1.93157e+06
1.6537e+06
1.43374e+06
1.12624e+06
1.84221e+06
1.69964e+06
1.44284e+06
1.19137e+06
1.89022e+06
1.50524e+06
1.39036e+06
2.16427e+06
1.78207e+06
1.03612e+06
1.35842e+06
2.57228e+06
870456
1.55162e+06
1.48985e+06
1.40978e+06
1.18852e+06
2.16622e+06
718220
1.16876e+06
1.78928e+06
1.52508e+06
1.34477e+06
1.19728e+06
3.50688e+06
1.15125e+06
2.27369e+06
1.20117e+06
1.75197e+06
1.59735e+06
1.22963e+06
2.14898e+06
1.41048e+06
749222
7892.03
1008.19
1375.42
5302.56
1563.86
2389.9
1582
1696.87
1013.25
1156.27
2075.88
768.638
4711.84
2814.07
2586.51
1517.14
942.528
882.143
1736.43
3020.74
3971.67
2838.96
1096.04
5087.84
2227.11
1667.17
3475.31
3669.68
1169.49
700.73
2601.86
2522.93
500.119
2789.99
440.919
1982.27
2655.91
1046.39
2487.69
1855.79
1412.86
2702.18
1562.8
3430.25
2118.18
1633.77
2399.34
2281.84
3987
3296.12
1954.67
1233.38
2090.51
1330.54
2027.72
1137.22
1778.82
1889.41
4031.14
2549.76
2487.16
572.805
522.931
2580.5
2123.45
1365.24
792.754
3040.98
1407.21
2431.53
1692.33
9078.73
1851.78
553.026
2312.56
3517.65
2741.46
3135.3
4103.52
3762.98
1564.18
1305.4
1340.09
2620.48
2017.38
3456.42
2742.39
2812.15
4924.36
2921.9
2631.26
2744.1
1330.25
2225.67
1282.6
1330.36
2050.66
3482.64
774.933
1404.68
3685.73
1104.39
2438.53
2254.48
5029.55
3595.05
6512.96
2996.19
1544.83
2228.33
4818.76
698.519
751.606
