77973.7
79748.6
85708.8
74533.8
82950.6
38504.3
16210.5
170177
1.44922e+06
2.33561e+06
3.30266e+06
3.42369e+06
4.28803e+06
5.18536e+06
5.5194e+06
5.78992e+06
6.86593e+06
7.67139e+06
7.81317e+06
8.84746e+06
9.14235e+06
1.00167e+07
1.03489e+07
1.11485e+07
1.37143e+07
1.40308e+07
1.49187e+07
1.50673e+07
1.5774e+07
1.6752e+07
1.70733e+07
1.78641e+07
1.8213e+07
1.91436e+07
1.94334e+07
2.03214e+07
2.13645e+07
2.17035e+07
2.19381e+07
2.2822e+07
2.38966e+07
2.41856e+07
2.5239e+07
2.63281e+07
2.66571e+07
2.75272e+07
2.77277e+07
2.8587e+07
2.89043e+07
2.86914e+07
3.00437e+07
3.01816e+07
3.2644e+07
3.33786e+07
3.42204e+07
3.44229e+07
3.54081e+07
3.53269e+07
3.6072e+07
3.64084e+07
3.75986e+07
3.85764e+07
3.90353e+07
3.92507e+07
4.01107e+07
4.1214e+07
4.15168e+07
4.23283e+07
4.2871e+07
4.39697e+07
4.44148e+07
4.53782e+07
4.64867e+07
4.68534e+07
4.78793e+07
4.8149e+07
4.92735e+07
5.04553e+07
5.0677e+07
5.12229e+07
5.39209e+07
5.50187e+07
5.54201e+07
5.69677e+07
5.7468e+07
5.83921e+07
5.89609e+07
6.0141e+07
6.09906e+07
6.12791e+07
6.20988e+07
6.22959e+07
6.30049e+07
6.40923e+07
6.45333e+07
6.56595e+07
6.58714e+07
6.65323e+07
6.71831e+07
6.73501e+07
6.8113e+07
6.8265e+07
6.90864e+07
6.98838e+07
7.00713e+07
7.04122e+07
7.12196e+07
7.20499e+07
7.34844e+07
7.43754e+07
7.47312e+07
7.56519e+07
7.60711e+07
7.69207e+07
7.78524e+07
7.80067e+07
7.87442e+07
7.75475e+07
7.82965e+07
7.85567e+07
7.91403e+07
7.92041e+07
7.99505e+07
8.07149e+07
8.09469e+07
8.17308e+07
8.1922e+07
8.26744e+07
8.28304e+07
8.35568e+07
8.37048e+07
8.43798e+07
8.51517e+07
8.52826e+07
8.61051e+07
8.63176e+07
8.70427e+07
8.73131e+07
8.80907e+07
8.87077e+07
9.00362e+07
9.02332e+07
9.07149e+07
9.11015e+07
9.12317e+07
9.20911e+07
9.22549e+07
9.2872e+07
9.40076e+07
9.43335e+07
9.45523e+07
9.50699e+07
9.57191e+07
9.5909e+07
9.67272e+07
9.67528e+07
9.74114e+07
9.76299e+07
9.83122e+07
9.83782e+07
9.90557e+07
9.98198e+07
9.99458e+07
9.9982e+07
1.00592e+08
1.01088e+08
1.01062e+08
1.01655e+08
1.02393e+08
1.0262e+08
1.03214e+08
1.03306e+08
1.04016e+08
1.04127e+08
1.04813e+08
1.049e+08
1.06792e+08
1.07519e+08
1.07811e+08
1.07893e+08
1.08939e+08
1.09697e+08
1.09715e+08
1.10106e+08
1.10146e+08
1.09246e+08
1.10003e+08
1.10181e+08
1.10804e+08
1.10885e+08
1.11475e+08
1.11685e+08
1.12438e+08
1.13124e+08
1.13196e+08
1.13783e+08
1.1375e+08
