86461.1
69504.6
101203
54213.7
99546.7
107240
85659.4
137535
87413.3
72244.8
90547
47277.6
56319.3
125437
89710.5
79565.6
52887.4
37457.2
109519
49262.6
81502.8
71352.2
97874.7
102034
52425.2
21603.3
82422.2
99619.6
63616.2
88029.3
34730
134336
55943.8
54227.3
63111.8
66937.4
60787.3
91838.6
115707
96535.9
64468.7
75244.6
93001.6
80545.9
61305.1
54989.5
104697
41335.6
93690.4
130752
36932.4
64537.6
121496
85676.2
63823
103940
86751.8
66436.9
118412
97937.1
103816
106146
92600.5
75619.3
90240.5
18891.4
79579.1
110068
122537
105182
85035.6
52156.3
74101.5
91643.4
71665.2
95118.8
50907.7
35315.3
78920.9
77914.1
65785
97842
77776.4
91087.4
87524.7
93966.6
74827.9
108568
128515
78736.7
56273.4
25340.5
130847
90359.3
70181.9
68711.1
51078.7
67910.2
83862
61263.6
115019
122202
73116.9
105225
89602.4
75632.8
122260
70251
81892.6
115568
97038.5
83853
59398
84153.7
74604
74064.7
46534.9
93332.3
35510.9
128285
63237.7
117188
107158
51068.5
92739.4
55943.6
78695.1
83066.8
82321.1
87736.8
121195
85938.3
98368.4
61327.3
99876.7
51614.1
87206.5
71065.3
18507.8
69350.9
91230.1
70688.6
122385
49184.8
104879
115557
86760.1
104494
104669
117054
84097.3
110442
121188
30155.1
80879.8
132315
113389
79084
134514
100194
59640.6
89046.6
105922
68410.1
43333.7
112597
96471.2
90125.5
88018.6
85191.6
90915.2
77738.2
70193.2
64799.5
62821.2
85904.2
107994
76364.3
107001
69937.6
38253.8
60608.2
101921
82942.9
62772.9
72605.2
102669
61594.1
46856.5
63404.5
71438.5
88508.4
101422
60091.1
84370.5
43490.9
113000
