11614.8
9972.6
1041.53
1109.17
8567.66
1177.09
2463.93
885.067
729.127
890.3
13306.7
16678
7498.94
1718.25
13976
6349.51
11708.3
932.71
622.836
1463.95
5622.48
7279.23
545.961
1841.23
824.864
2393.86
16206.3
7891.49
3596.58
8559.78
4862.47
656.004
5287.23
2782.59
3231.44
2015.99
5661
5349.81
3934.29
587.225
9526.76
8906.7
4359.65
678.376
644.081
6297.84
1236.7
3891.77
957.185
7910.26
910.687
364.619
2396.23
3585.61
7700.74
683.003
1482.59
2257.47
630.631
1124.87
619.05
1013.95
2918.68
7650.04
10373.4
5171.01
5581.65
1449.77
3627.91
2168.38
4415.92
3017.93
1277.25
14364.1
1013.46
7800.1
10302.9
4451.89
2186.66
10493.5
7416.67
7088.11
1010.79
1144.34
1461.39
1092.47
8373.94
1265.23
15025.3
672.602
872.151
2307.88
879.523
629.848
13595.4
11867.8
617.964
7084.93
1443.91
10470.2
913.41
22094.6
2667.35
955.598
4298.54
1368.2
2827.01
1497.23
1433.36
9767.75
12458
451.193
13785.6
1131.89
2335.46
16643.4
1412.13
612.987
1284.85
8305.46
952.08
10336.4
1004.82
4924.91
6072.39
4200.69
14544.1
7562.02
9616.35
1823.66
7778.34
9063.96
1246.37
6686.32
5904.79
4212.87
2635.38
9837.6
7097.74
10109.6
3247.19
2332.12
532.953
747.588
771.313
1321.6
372.208
383.358
12929.9
493.169
6451.39
2215.85
838.506
1418.34
8808.26
3144.9
1113.36
738.599
2647.6
6439.05
5198.95
1206.25
9713.76
3633.5
10315.6
1518.29
1245.05
1547.87
2056.81
3537.57
1586.01
13650.4
1620.64
1181.62
605.812
16426
5399.69
7760.86
10397.4
1336.03
1345.44
5378.9
1171.01
996.344
2019.79
1163.36
5883.05
1047.2
9256.12
7182.34
4187.96
2915.75
